2247.93 -2.37555 -0.000183643
4495.79 -2.68356 -0.000207454
6743.68 -2.99157 -0.000231265
8991.57 -3.29957 -0.000255075
11239.5 -3.60758 -0.000278886
13487.4 -3.91559 -0.000302696
15722.4 -4.22988 -0.000326993
17877.3 -4.5569 -0.000352274
19909.2 -4.88943 -0.00037798
21810.1 -5.22109 -0.000403619
23589.3 -5.54972 -0.000429024
25264.1 -5.87083 -0.000453847
26847.3 -6.18601 -0.000478213
28353.8 -6.48703 -0.000501929
29793.1 -6.72218 -0.000525574
31171.6 -6.95331 -0.000548814
32497.8 -7.18074 -0.000571681
33779.3 -7.40514 -0.000594245
35020.7 -7.62625 -0.000616477
36226.6 -7.84356 -0.000638328
37401.1 -8.05774 -0.000659864
38548 -8.26908 -0.000681114
39671.2 -8.47711 -0.00070203
40773.3 -8.68166 -0.000722598
41856.9 -8.88459 -0.000743003
42923.1 -9.08497 -0.000763151
43973.3 -9.28258 -0.00078302
45009.1 -9.47787 -0.000802656
46031.6 -9.67113 -0.000822088
47042.3 -9.86256 -0.000841336
48042.3 -10.0521 -0.000860393
49032.7 -10.2403 -0.00087932
50014.5 -10.4271 -0.000898103
50988.2 -10.6128 -0.000916778
51954.6 -10.7974 -0.000935332
52914 -10.9806 -0.000953757
53866.9 -11.1626 -0.000972055
54813.7 -11.3433 -0.000990225
55754.6 -11.5022 -0.00100834
56689.4 -11.6362 -0.00102648
57618.5 -11.7699 -0.00104458
58542 -11.9032 -0.00106262
59460.2 -12.0367 -0.00108068
60373.3 -12.1696 -0.00109868
61281.8 -12.3019 -0.00111658
62185.2 -12.4344 -0.00113451
63084.1 -12.567 -0.00115247
63978.1 -12.6998 -0.00117044
64867 -12.8334 -0.00118852
65750.5 -12.968 -0.00120673
66628 -13.1035 -0.00122508
67498.7 -13.241 -0.00124368
68361.7 -13.3811 -0.00126265
69215.7 -13.524 -0.00128198
70059.8 -13.67 -0.00130175
70892.3 -13.8197 -0.00132201
71711.7 -13.9735 -0.00134282
72516.7 -14.1324 -0.00136432
73305.5 -14.2956 -0.00138642
74077.2 -14.4635 -0.00140914
74830.9 -14.6366 -0.00143256
75565.9 -14.8136 -0.00145652
76281.5 -14.995 -0.00148107
76977.3 -15.1694 -0.00150624
77653 -15.3134 -0.00153223
78308.3 -15.4613 -0.00155893
78942.9 -15.6121 -0.00158616
79557 -15.7671 -0.00161414
80150.3 -15.9261 -0.00164286
80724.2 -16.0886 -0.00167219
81278.1 -16.2542 -0.00170209
81813.1 -16.4242 -0.00173279
82329.1 -16.5986 -0.00176426
82826.6 -16.7767 -0.00179642
83306.8 -16.9593 -0.00182938
83769.7 -17.1455 -0.001863
84216.2 -17.3361 -0.00189741
84646.6 -17.5301 -0.00193244
85060.9 -17.7287 -0.00196829
85460.4 -17.9263 -0.00200495
85845.6 -18.0912 -0.00204209
86216.5 -18.2586 -0.00207979
86575.1 -18.4265 -0.00211761
86921.8 -18.5953 -0.00215561
87255.9 -18.7666 -0.00219419
87578.6 -18.9397 -0.00223319
87890.9 -19.1149 -0.00227264
88192.9 -19.291 -0.0023123
88484.8 -19.4681 -0.00235219
88767.3 -19.645 -0.00239204
89041.1 -19.8216 -0.00243181
89306.5 -19.9984 -0.00247163
89563.7 -20.1711 -0.00251149
89812.5 -20.3343 -0.00255163
90053.3 -20.5006 -0.00259252
90286.8 -20.6692 -0.00263398
90513.4 -20.8394 -0.00267584
90732.7 -21.0114 -0.00271813
90945.1 -21.1853 -0.00276091
91151.5 -21.3593 -0.0028037
91352.4 -21.5319 -0.00284615
91548.4 -21.703 -0.00288822
91739.9 -21.8718 -0.00292974
91926.6 -22.0381 -0.00297063
92108.7 -22.2046 -0.00301088
92286.7 -22.3758 -0.00305049
92461 -22.5447 -0.00308954
92631.3 -22.7115 -0.00312811
92797.8 -22.8783 -0.00316668
92960.8 -23.0447 -0.00320516
93120 -23.2108 -0.00324358
93275.5 -23.3772 -0.00328207
93427.4 -23.5434 -0.0033205
93575.9 -23.7109 -0.00335924
93721.1 -23.8798 -0.00339831
93863.1 -24.0491 -0.00343747
94000.8 -24.2241 -0.00347793
94134.7 -24.2241 -0.00352018
94265.1 -24.2241 -0.00356293
94392.1 -24.2241 -0.00360672
94515.3 -24.2241 -0.00365362
94636.7 -24.2241 -0.00369932
94756 -24.2241 -0.00374433
94765.4 0 -0.00383089
55738.6 0 -0.0117581
55665.2 0 -0.0120469
55828.5 0 -0.0122288
55990.2 0 -0.0123848
56149.9 0 -0.0125345
56272.6 0 -0.0126983
