2247.93 -28.5191 -0.000142595
4495.79 -24.273 -0.000121365
6743.68 -20.0269 -0.000100134
8991.57 -15.7808 -7.89038e-005
11239.5 -11.5346 -5.76732e-005
13487.4 -7.28854 -3.64427e-005
15722.4 -2.83541 -1.4177e-005
17877.3 2.17071 1.08536e-005
19909.2 7.6647 3.83235e-005
21810.1 13.5444 6.77222e-005
23589.3 19.771 9.88551e-005
25264.1 26.1533 0.000130767
26847.3 32.7358 0.000163679
28353.8 39.337 0.000196685
29793.1 46.1599 0.000230799
31171.6 53.017 0.000265085
32497.8 59.8828 0.000299414
33779.3 66.701 0.000333505
35020.7 73.6175 0.000368088
36226.6 80.5121 0.00040256
37401.1 87.4045 0.000437023
38548 94.2235 0.000471117
39671.2 100.98 0.000504902
40773.3 107.68 0.000538399
41856.9 114.336 0.000571682
42923.1 121.027 0.000605135
43973.3 127.722 0.000638612
45009.1 134.397 0.000671984
46031.6 141.03 0.000705148
47042.3 147.614 0.000738069
48042.3 154.133 0.000770668
49032.7 160.6 0.000803005
50014.5 167.028 0.000835143
50988.2 173.424 0.00086713
51954.6 179.803 0.000899027
52914 186.169 0.000930871
53866.9 192.524 0.000962662
54813.7 198.863 0.00099439
55754.6 205.21 0.00102618
56689.4 211.591 0.00105817
57618.5 217.965 0.00109018
58542 224.299 0.00112208
59460.2 230.599 0.00115393
60373.3 236.844 0.0011857
61281.8 243.035 0.0012175
62185.2 249.151 0.00124935
63084.1 255.152 0.00128124
63978.1 260.996 0.00131323
64867 266.654 0.00134553
65750.5 272.053 0.00137822
66628 277.123 0.00141152
67498.7 281.775 0.00144562
68361.7 285.922 0.00148074
69215.7 289.49 0.0015171
70059.8 292.445 0.00155494
70892.3 294.801 0.00159458
71711.7 296.609 0.00163626
72516.7 297.954 0.00168031
73305.5 298.928 0.00172684
74077.2 299.623 0.00177574
74830.9 300.121 0.00182695
75565.9 300.486 0.00188047
76281.5 300.767 0.00193653
76977.3 300.994 0.00199472
77653 301.191 0.00205533
78308.3 301.371 0.00211848
78942.9 301.545 0.00218488
79557 301.716 0.00225383
80150.3 301.888 0.00232554
80724.2 302.062 0.00239929
81278.1 302.239 0.00247512
81813.1 302.421 0.00255348
82329.1 302.607 0.0026342
82826.6 302.8 0.00271754
83306.8 302.996 0.0028028
83769.7 303.196 0.00288982
84216.2 303.402 0.00297922
84646.6 303.614 0.00307123
85060.9 303.833 0.00316635
85460.4 304.057 0.00326386
85845.6 304.286 0.0033634
86216.5 304.52 0.00346543
86575.1 304.757 0.00356808
86921.8 304.995 0.00367174
87255.9 305.237 0.00377706
87578.6 305.484 0.00388435
87890.9 305.736 0.00399379
88192.9 305.992 0.00410502
88484.8 306.249 0.00421706
88767.3 306.509 0.00432991
89041.1 306.773 0.00444477
89306.5 307.04 0.00456075
89563.7 307.309 0.00467772
89812.5 307.583 0.00479715
90053.3 307.864 0.00491912
90286.8 308.149 0.00504313
90513.4 308.439 0.00516929
90732.7 308.736 0.00529807
90945.1 309.037 0.00542916
91151.5 309.339 0.00556058
91352.4 309.64 0.00569121
91548.4 309.938 0.00582068
91739.9 310.232 0.00594856
91926.6 310.522 0.00607459
92108.7 310.807 0.00619866
92286.7 311.088 0.00632095
92461 311.367 0.00644206
92631.3 311.645 0.00656303
92797.8 311.925 0.0066848
92960.8 312.206 0.00680717
93120 312.49 0.00693041
93275.5 312.776 0.00705485
93427.4 313.066 0.00718092
93575.9 313.361 0.00730926
93721.1 313.66 0.00743928
93863.1 313.962 0.00757022
94000.8 314.274 0.0077063
94134.7 314.598 0.00784705
94265.1 314.929 0.00799083
94392.1 315.266 0.00813728
94515.3 315.615 0.00828924
94636.7 315.958 0.00843834
94756 316.298 0.0085861
94765.4 317.356 0.00904614
55738.6 320.646 0.0104765
55665.2 320.727 0.0105116
55828.5 321.034 0.0106454
55990.2 321.346 0.0107807
56149.9 321.653 0.0109142
56272.6 321.941 0.0110394
