2247.93 -22479.3 4.56313e-008 4.533e+006 4.61315e-006 -1.51545e+008 0
4495.79 -44957.9 -2.59301e-009 4.533e+006 8.90523e-008 -3.03387e+008 0
6743.68 -67436.8 3.80611e-009 4.533e+006 -2.27963e-007 -4.55228e+008 0
8991.57 -89915.7 -5.59843e-010 4.533e+006 6.32604e-009 -6.07069e+008 0
11239.5 -112395 -1.30354e-009 4.533e+006 4.20844e-008 -7.58911e+008 0
13487.4 -134874 -1.97609e-009 4.533e+006 -1.45944e-009 -9.10752e+008 0
15722.4 -156064 -3.87493e-009 4.53304e+006 -7.88247e-007 -1.06165e+009 0
17877.3 -179740 -2.24281e-008 4.53304e+006 -2.59126e-006 -1.20742e+009 0
19909.2 -198246 -3.3068e-008 4.53303e+006 -3.20945e-006 -1.34481e+009 0
21810.1 -217270 -3.19473e-008 4.53304e+006 -3.23098e-006 -1.47355e+009 0
23589.3 -235888 -2.94357e-008 4.53299e+006 -3.20148e-006 -1.59427e+009 0
25264.1 -252634 -2.46719e-008 4.53299e+006 -2.47548e-006 -1.70798e+009 0
26847.3 -268473 -2.16415e-008 4.533e+006 -2.20747e-006 -1.8156e+009 0
28353.8 -283559 -1.7007e-008 4.533e+006 -1.73036e-006 -1.9181e+009 0
29793.1 -297934 -1.81027e-008 4.533e+006 -1.5925e-006 -2.01614e+009 0
31171.6 -311717 -1.54941e-008 4.533e+006 -1.26586e-006 -2.11014e+009 0
32497.8 -324978 -9.64079e-009 4.533e+006 -1.2754e-006 -2.20065e+009 0
33779.3 -337793 -1.25599e-008 4.533e+006 -1.03293e-006 -2.28818e+009 0
35020.7 -350207 -1.02603e-008 4.533e+006 -9.3548e-007 -2.37305e+009 0
36226.6 -362266 -7.34579e-009 4.533e+006 -8.81419e-007 -2.45556e+009 0
37401.1 -374011 -6.92678e-009 4.533e+006 -7.78672e-007 -2.53597e+009 0
38548 -385481 -9.04338e-009 4.533e+006 -5.36169e-007 -2.61456e+009 0
39671.2 -396712 -6.31001e-009 4.533e+006 -4.68532e-007 -2.69156e+009 0
40773.3 -407733 -9.18698e-010 4.533e+006 -7.23892e-007 -2.76716e+009 0
41856.9 -418569 -4.15688e-009 4.533e+006 -5.28885e-007 -2.84153e+009 0
42923.1 -429231 -4.52433e-009 4.533e+006 -3.66749e-007 -2.91474e+009 0
43973.3 -439737 -3.07863e-009 4.533e+006 -3.23258e-007 -2.98689e+009 0
45009.1 -450091 -2.82037e-009 4.533e+006 -3.10892e-007 -3.05808e+009 0
46031.6 -460316 -4.98443e-009 4.533e+006 -2.733e-007 -3.12838e+009 0
47042.3 -470423 -3.66814e-009 4.533e+006 -2.3522e-007 -3.1979e+009 0
48042.3 -480423 -2.57754e-009 4.533e+006 -3.05866e-007 -3.26671e+009 0
49032.7 -490327 -4.32408e-009 4.533e+006 -4.48453e-009 -3.33487e+009 0
50014.5 -500145 -4.94025e-010 4.533e+006 -3.27747e-007 -3.40247e+009 0
50988.2 -509882 -5.01958e-010 4.533e+006 -2.67509e-007 -3.46953e+009 0
51954.6 -519546 -2.23936e-009 4.533e+006 -1.93173e-007 -3.53609e+009 0
52914 -529140 -2.2258e-009 4.533e+006 -1.28406e-007 -3.6022e+009 0
53866.9 -538669 -3.65412e-009 4.533e+006 -1.48206e-007 -3.66787e+009 0
54813.7 -548137 2.78555e-010 4.533e+006 -2.12697e-007 -3.73314e+009 0
55754.6 -557546 -1.98485e-009 4.533e+006 2.56525e-008 -3.79801e+009 0
56689.4 -566895 -2.57885e-009 4.533e+006 -1.39689e-007 -3.86248e+009 0
57618.5 -576185 -1.67035e-009 4.533e+006 -1.67463e-007 -3.92657e+009 0
58542 -585419 -1.40191e-009 4.533e+006 -1.60823e-007 -3.99028e+009 0
59460.2 -594602 -3.54738e-009 4.533e+006 3.20048e-008 -4.05365e+009 0
60373.3 -603733 -1.81353e-009 4.533e+006 -1.16864e-007 -4.11668e+009 0
61281.8 -612817 -1.75129e-009 4.533e+006 -6.50962e-008 -4.17939e+009 0
62185.2 -621852 -1.59563e-009 4.533e+006 -9.95005e-008 -4.24177e+009 0
63084.1 -630841 -2.12041e-009 4.533e+006 -1.24169e-007 -4.30385e+009 0
63978.1 -639781 -2.31591e-009 4.533e+006 4.81998e-008 -4.3656e+009 0
64867 -648670 -2.07214e-009 4.533e+006 -1.35118e-007 -4.42702e+009 0
65750.5 -657505 -1.5011e-009 4.533e+006 1.72441e-008 -4.48807e+009 0
66628 -666279 2.41719e-011 4.533e+006 -3.69615e-007 -4.54873e+009 0
67498.7 -674988 -3.02173e-009 4.533e+006 -9.97807e-008 -4.60893e+009 0
68361.7 -683617 -4.17542e-009 4.533e+006 -6.65674e-008 -4.66862e+009 0
69215.7 -692155 -1.23109e-009 4.533e+006 -3.25908e-007 -4.72771e+009 0
70059.8 -700596 -2.0441e-010 4.533e+006 -3.90225e-007 -4.78614e+009 0
70892.3 -708916 -6.65632e-009 4.533e+006 -1.65252e-007 -4.8438e+009 0
71711.7 -717115 -3.59507e-009 4.533e+006 -2.26124e-007 -4.90059e+009 0
72516.7 -725164 -1.04833e-009 4.53301e+006 -5.60519e-007 -4.95642e+009 0
73305.5 -733056 -1.12206e-009 4.533e+006 -5.51801e-007 -5.01118e+009 0
74077.2 -740773 -7.39368e-009 4.533e+006 -2.26435e-007 -5.06479e+009 0
74830.9 -748309 -3.07716e-009 4.533e+006 -4.32586e-007 -5.11721e+009 0
75565.9 -755653 -2.66823e-009 4.533e+006 -5.57973e-007 -5.16838e+009 0
76281.5 -762815 -7.44499e-009 4.533e+006 -3.14762e-007 -5.21827e+009 0
76977.3 -769772 6.19671e-010 4.533e+006 -8.01029e-007 -5.26683e+009 0
77653 -776604 -5.91942e-009 4.533e+006 -6.02299e-007 -5.31406e+009 0
78308.3 -783081 -8.21665e-010 4.533e+006 -7.39209e-007 -5.35993e+009 0
78942.9 -789429 -7.04278e-009 4.533e+006 -4.11696e-007 -5.40442e+009 0
79557 -795571 -4.02738e-009 4.533e+006 -5.94074e-007 -5.44755e+009 0
80150.3 -801487 -2.40209e-009 4.533e+006 -5.92676e-007 -5.4893e+009 0
80724.2 -807244 -2.14137e-009 4.533e+006 -6.80379e-007 -5.52975e+009 0
81278.1 -812781 -1.47576e-009 4.533e+006 -7.94594e-007 -5.56887e+009 0
81813.1 -818131 -3.92054e-009 4.533e+006 -5.0017e-007 -5.60673e+009 0
82329.1 -823289 -2.87562e-009 4.533e+006 -7.23698e-007 -5.64334e+009 0
82826.6 -828267 -9.06536e-010 4.533e+006 -5.04226e-007 -5.67871e+009 0
83306.8 -833070 -3.09477e-009 4.533e+006 -4.90029e-007 -5.71293e+009 0
83769.7 -837696 -5.72115e-009 4.533e+006 -4.68079e-007 -5.746e+009 0
84216.2 -842163 -4.01019e-009 4.533e+006 -5.08993e-007 -5.77797e+009 0
84646.6 -846455 -5.84468e-009 4.533e+006 -3.91106e-007 -5.80888e+009 0
85060.9 -850609 -6.13394e-009 4.533e+006 -3.05662e-007 -5.83871e+009 0
85460.4 -854599 -2.75321e-009 4.533e+006 -4.04533e-007 -5.86756e+009 0
85845.6 -858456 -4.86175e-009 4.533e+006 -2.69157e-007 -5.89546e+009 0
86216.5 -862167 -5.70878e-010 4.533e+006 -3.77739e-007 -5.92241e+009 0
86575.1 -865753 -1.96355e-009 4.533e+006 -3.23528e-007 -5.94853e+009 0
86921.8 -869220 -1.79048e-009 4.533e+006 -4.16692e-007 -5.97387e+009 0
87255.9 -872559 -1.18691e-009 4.533e+006 -5.40942e-007 -5.99837e+009 0
87578.6 -875805 -3.48318e-009 4.533e+006 -2.67771e-007 -6.02211e+009 0
87890.9 -878910 4.85337e-009 4.533e+006 -6.69004e-007 -6.04515e+009 0
88192.9 -881929 -3.48258e-009 4.533e+006 -1.85326e-007 -6.06751e+009 0
88484.8 -884848 -2.92291e-009 4.533e+006 -1.66092e-007 -6.0892e+009 0
88767.3 -887674 2.64697e-012 4.533e+006 -4.38628e-007 -6.11027e+009 0
89041.1 -890411 3.14717e-009 4.533e+006 -4.12912e-007 -6.13075e+009 0
89306.5 -893061 -2.05524e-009 4.533e+006 -2.87433e-007 -6.15068e+009 0
89563.7 -895637 -6.21238e-010 4.533e+006 -3.65043e-007 -6.17006e+009 0
89812.5 -898125 9.10194e-010 4.533e+006 -3.28438e-007 -6.18888e+009 0
90053.3 -900534 5.02708e-009 4.533e+006 -5.53106e-007 -6.20717e+009 0
90286.8 -902868 -1.69003e-010 4.533e+006 -2.77357e-007 -6.22497e+009 0
90513.4 -905134 -1.66198e-009 4.533e+006 -1.16437e-007 -6.24231e+009 0
90732.7 -907327 -4.68502e-009 4.533e+006 -1.86926e-008 -6.25918e+009 0
90945.1 -909451 -1.10805e-009 4.533e+006 -2.27209e-007 -6.27558e+009 0
91151.5 -911515 -1.47746e-009 4.533e+006 -9.98052e-008 -6.29157e+009 0
91352.4 -913524 4.02633e-009 4.533e+006 -4.31859e-007 -6.30721e+009 0
91548.4 -915484 -4.42311e-009 4.533e+006 1.03024e-007 -6.32252e+009 0
91739.9 -917399 3.20874e-009 4.533e+006 -4.4322e-007 -6.33753e+009 0
91926.6 -919266 -1.30352e-009 4.533e+006 -9.53243e-008 -6.35222e+009 0
92108.7 -921087 1.50892e-009 4.533e+006 -2.05307e-007 -6.3666e+009 0
92286.7 -922867 -4.14839e-010 4.533e+006 -2.78465e-007 -6.38071e+009 0
92461 -924610 2.78672e-009 4.533e+006 -3.10634e-007 -6.39457e+009 0
92631.3 -926313 -7.89369e-009 4.533e+006 4.2862e-007 -6.40817e+009 0
92797.8 -927979 -4.25421e-009 4.533e+006 1.36156e-008 -6.42152e+009 0
92960.8 -929609 1.45704e-009 4.533e+006 -2.45946e-007 -6.43463e+009 0
93120 -931200 -4.40072e-009 4.533e+006 1.18703e-007 -6.44749e+009 0
93275.5 -932755 -3.33243e-009 4.533e+006 8.13167e-008 -6.46011e+009 0
93427.4 -934275 2.06481e-009 4.533e+006 -1.719e-007 -6.47248e+009 0
93575.9 -935777 9.75018e-010 4.533e+006 -2.12086e-007 -6.48463e+009 0
93721.1 -937211 1.08879e-009 4.533e+006 -1.39389e-007 -6.49655e+009 0
93863.1 -938568 2.54269e-010 4.533e+006 -8.88805e-008 -6.50826e+009 0
94000.8 -937487 -1.56343e-009 4.53285e+006 -1.03724e-007 -6.51947e+009 0
94134.7 -941031 -4.36007e-009 4.53273e+006 2.17063e-007 -6.53067e+009 0
94265.1 -937588 -5.27741e-009 4.53251e+006 -5.69618e-008 -6.54123e+009 0
94392.1 -960295 -2.80052e-010 4.53135e+006 -3.30933e-007 -6.55223e+009 0
94515.3 -946480 -6.04092e-009 4.53175e+006 -1.10122e-007 -6.56222e+009 0
94636.7 -946062 -4.99583e-009 4.53184e+006 -1.93722e-007 -6.57254e+009 0
94756 -68078.1 -4.16643e-009 4.51099e+006 -1.47636e-007 -6.52415e+009 0
94765.4 1.07362e+006 -9.09171e-008 3.91664e+006 -3.83285e-006 -6.06258e+009 0
55738.6 -1.67849e+006 -3.87241e-007 4.26457e+006 -3.35083e-005 -4.00974e+009 0
55665.2 -1.05223e+006 -2.25248e-007 4.49178e+006 -6.95737e-006 -4.00539e+009 0
55828.5 -715111 -6.48125e-008 4.52499e+006 7.22234e-008 -4.0075e+009 0
55990.2 -598827 -2.64501e-009 4.53096e+006 8.69671e-008 -4.01668e+009 0
56149.9 -567906 -4.74212e-009 4.53252e+006 1.97466e-007 -4.0285e+009 0
56272.6 -596023 -2.39457e-008 4.52778e+006 -1.90288e-007 -4.03972e+009 0
