2247.93 5.15982e-005
4495.79 0.000109108
6743.68 0.000166618
8991.57 0.000224128
11239.5 0.000281638
13487.4 0.000339148
15722.4 0.00039677
17877.3 0.000455194
19909.2 0.000515034
21810.1 0.000576396
23589.3 0.000638887
25264.1 0.00070215
26847.3 0.000765974
28353.8 0.000830141
29793.1 0.000894526
31171.6 0.000959102
32497.8 0.00102376
33779.3 0.00108844
35020.7 0.00115317
36226.6 0.00121787
37401.1 0.00128254
38548 0.00134714
39671.2 0.00141169
40773.3 0.00147618
41856.9 0.00154051
42923.1 0.0016047
43973.3 0.00166875
45009.1 0.00173263
46031.6 0.00179636
47042.3 0.00185994
48042.3 0.00192338
49032.7 0.00198663
50014.5 0.00204971
50988.2 0.00211261
51954.6 0.00217534
52914 0.00223789
53866.9 0.00230028
54813.7 0.00236251
55754.6 0.00242461
56689.4 0.00248657
57618.5 0.00254842
58542 0.00261016
59460.2 0.0026718
60373.3 0.00273332
61281.8 0.00279474
62185.2 0.00285605
63084.1 0.00291728
63978.1 0.00297842
64867 0.00303949
65750.5 0.00310051
66628 0.0031615
67498.7 0.00322248
68361.7 0.00328348
69215.7 0.00334454
70059.8 0.00340569
70892.3 0.00346696
71711.7 0.0035284
72516.7 0.00359004
73305.5 0.00365192
74077.2 0.00371409
74830.9 0.00377655
75565.9 0.00383935
76281.5 0.0039025
76977.3 0.00396603
77653 0.00402994
78308.3 0.00409426
78942.9 0.00415899
79557 0.00422413
80150.3 0.00428969
80724.2 0.00435566
81278.1 0.00442205
81813.1 0.00448884
82329.1 0.00455605
82826.6 0.00462365
83306.8 0.00469163
83769.7 0.00476
84216.2 0.00482873
84646.6 0.00489782
85060.9 0.00496727
85460.4 0.00503705
85845.6 0.00510716
86216.5 0.00517758
86575.1 0.00524829
86921.8 0.00531927
87255.9 0.00539054
87578.6 0.00546207
87890.9 0.00553385
88192.9 0.00560586
88484.8 0.00567811
88767.3 0.00575058
89041.1 0.00582325
89306.5 0.00589611
89563.7 0.00596917
89812.5 0.00604243
90053.3 0.00611586
90286.8 0.00618946
90513.4 0.00626322
90732.7 0.00633714
90945.1 0.0064112
91151.5 0.00648542
91352.4 0.00655976
91548.4 0.00663424
91739.9 0.00670883
91926.6 0.00678354
92108.7 0.00685837
92286.7 0.00693331
92461 0.00700836
92631.3 0.00708351
92797.8 0.00715876
92960.8 0.0072341
93120 0.00730953
93275.5 0.00738506
93427.4 0.00746068
93575.9 0.00753638
93721.1 0.00761216
93863.1 0.00768802
94000.8 0.00776395
94134.7 0.00783995
94265.1 0.00791602
94392.1 0.00799215
94515.3 0.00806834
94636.7 0.0081446
94756 0.00822092
94765.4 0.00829673
55738.6 0.00898957
55665.2 0.00906556
55828.5 0.0091384
55990.2 0.00921125
56149.9 0.00928412
56272.6 0.00935749
