2247.24
4494.41
6741.61
8988.81
11236
13483.2
15717.5
17871.8
19903.1
21803.4
23582.1
25256.5
26839.2
28345.3
29784.1
31162.1
32487.5
33768.2
35008.5
36213.4
37386.7
38532.4
39654.2
40754.9
41837
42901.7
43950.4
44984.6
46005.5
47014.6
48013
49001.7
49981.8
50953.8
51918.4
52876.1
53827.3
54772.3
55711.4
56644.4
57571.6
58493
59409.1
60320.1
61226.2
62127.4
63023.8
63915.2
64801.6
65682.4
66557
67424.8
68284.7
69135.7
69976.5
70805.8
71621.9
72423.5
73208.8
73977.1
74727.3
75458.7
76170.6
76862.5
77534.2
78185.3
78815.4
79424.9
80013.3
80581.9
81130.3
81659.2
82169.3
82660
83133.2
83588.9
84027.5
84449.9
84855.7
85245.8
85621.6
85983.2
86331
86666.2
86989.5
87300.7
87600.3
87889.1
88168.4
88438.7
88699
88949.3
89190.7
89424.2
89649.5
89865.5
90072.9
90273.2
90467.3
90655.8
90838.3
91014.6
91185.1
91350.5
91511.6
91668.4
91820.7
91968.6
92111.9
92249.9
92382.9
92510.7
92633.6
92752.7
92848.1
92554
55064
54986
55118.3
45530.8
45842.5
46165.4
46462.6
46708.4
46960.4
47116.5
47314.1
47385
47498
47490.2
