2247.24 -22472.4 -1.38547e-007 4.533e+006 6.1658e-007 -1.51499e+008 0
4494.41 -44944.1 -2.08518e-009 4.533e+006 1.12017e-007 -3.03295e+008 0
6741.61 -67416.1 1.63204e-010 4.533e+006 -6.031e-008 -4.5509e+008 0
8988.81 -89888.1 7.56904e-010 4.533e+006 -4.11532e-008 -6.06885e+008 0
11236 -112360 -3.32746e-009 4.533e+006 1.2437e-007 -7.58681e+008 0
13483.2 -134832 -1.94037e-009 4.533e+006 5.7951e-008 -9.10476e+008 0
15717.5 -156012 2.11191e-008 4.53304e+006 -2.00922e-007 -1.06133e+009 0
17871.8 -179681 7.6108e-008 4.53304e+006 -3.35659e-007 -1.20705e+009 0
19903.1 -198203 9.25564e-008 4.53302e+006 -1.63367e-007 -1.3444e+009 0
21803.4 -217224 9.66969e-008 4.53304e+006 -3.05696e-007 -1.47311e+009 0
23582.1 -235810 9.0555e-008 4.53304e+006 -3.50376e-007 -1.59378e+009 0
25256.5 -252567 7.12327e-008 4.53299e+006 -5.92168e-008 -1.70747e+009 0
26839.2 -268392 6.27448e-008 4.533e+006 -1.88324e-007 -1.81506e+009 0
28345.3 -283487 5.13703e-008 4.533e+006 -9.62015e-008 -1.91754e+009 0
29784.1 -297845 4.85747e-008 4.533e+006 -1.49557e-007 -2.01554e+009 0
31162.1 -311621 4.12627e-008 4.533e+006 -8.80696e-008 -2.1095e+009 0
32487.5 -324875 3.5429e-008 4.533e+006 -1.96834e-007 -2.19996e+009 0
33768.2 -337682 3.22343e-008 4.533e+006 -1.74653e-007 -2.28744e+009 0
35008.5 -350020 2.76121e-008 4.53301e+006 5.15089e-009 -2.37224e+009 0
36213.4 -362134 2.38136e-008 4.533e+006 -1.07647e-007 -2.45468e+009 0
37386.7 -373867 2.29654e-008 4.533e+006 -1.40876e-007 -2.53502e+009 0
38532.4 -385324 1.94681e-008 4.533e+006 -8.09404e-008 -2.61352e+009 0
39654.2 -396543 1.85102e-008 4.533e+006 -2.30016e-007 -2.69043e+009 0
40754.9 -407549 1.72489e-008 4.533e+006 -1.8734e-007 -2.76593e+009 0
41837 -418370 1.323e-008 4.533e+006 -3.61309e-008 -2.84021e+009 0
42901.7 -429017 1.27488e-008 4.533e+006 1.19882e-008 -2.91332e+009 0
43950.4 -439509 1.06714e-008 4.533e+006 8.78012e-009 -2.98536e+009 0
44984.6 -449846 1.08255e-008 4.533e+006 -9.4087e-008 -3.05645e+009 0
46005.5 -460055 1.16503e-008 4.533e+006 -1.46604e-007 -3.12664e+009 0
47014.6 -470146 7.39913e-009 4.533e+006 -7.99064e-009 -3.19606e+009 0
48013 -480130 6.77705e-009 4.533e+006 8.74748e-009 -3.26476e+009 0
49001.7 -490017 5.74534e-009 4.533e+006 8.61668e-008 -3.33281e+009 0
49981.8 -499818 7.05575e-009 4.533e+006 -1.60545e-007 -3.40029e+009 0
50953.8 -509538 5.61713e-009 4.533e+006 4.47934e-008 -3.46724e+009 0
51918.4 -519185 5.53065e-009 4.533e+006 -5.85568e-008 -3.53369e+009 0
52876.1 -528761 5.39964e-009 4.533e+006 -8.01163e-008 -3.59968e+009 0
53827.3 -538273 5.88832e-009 4.533e+006 -5.0821e-008 -3.66524e+009 0
54772.3 -547723 1.25073e-009 4.533e+006 1.52239e-007 -3.73039e+009 0
55711.4 -557114 2.80439e-009 4.533e+006 8.85157e-008 -3.79514e+009 0
56644.4 -566444 5.52486e-009 4.533e+006 -9.64537e-008 -3.85949e+009 0
57571.6 -575716 6.31716e-009 4.533e+006 -1.10293e-007 -3.92345e+009 0
58493 -584930 3.69138e-009 4.533e+006 4.93478e-009 -3.98702e+009 0
59409.1 -594091 2.33198e-009 4.533e+006 2.00036e-008 -4.05025e+009 0
60320.1 -603201 2.50144e-009 4.533e+006 8.82688e-008 -4.11313e+009 0
61226.2 -612263 2.86859e-009 4.533e+006 4.93135e-008 -4.1757e+009 0
62127.4 -621274 1.31231e-009 4.533e+006 6.91963e-008 -4.23792e+009 0
63023.8 -630238 3.6644e-009 4.533e+006 4.71935e-008 -4.29984e+009 0
63915.2 -639152 3.11852e-009 4.533e+006 -5.73497e-008 -4.36142e+009 0
64801.6 -648015 2.44439e-009 4.533e+006 8.8808e-008 -4.42266e+009 0
65682.4 -656824 4.24245e-009 4.533e+006 -7.71509e-008 -4.48354e+009 0
66557 -665570 1.96593e-009 4.533e+006 1.54895e-007 -4.544e+009 0
67424.8 -674248 3.6544e-009 4.533e+006 2.17796e-007 -4.60401e+009 0
68284.7 -682850 5.42242e-009 4.533e+006 1.00244e-008 -4.6635e+009 0
69135.7 -691351 6.60267e-009 4.533e+006 4.20232e-008 -4.72239e+009 0
69976.5 -699769 6.94398e-009 4.533e+006 -4.71818e-008 -4.7806e+009 0
70805.8 -708054 1.32761e-008 4.533e+006 -2.14236e-007 -4.83805e+009 0
71621.9 -716263 9.75526e-009 4.53301e+006 6.14531e-008 -4.89462e+009 0
72423.5 -724236 1.03794e-008 4.533e+006 -6.35609e-008 -4.95022e+009 0
73208.8 -732089 1.22079e-008 4.533e+006 -2.72023e-008 -5.00475e+009 0
73977.1 -739780 1.19978e-008 4.533e+006 1.10287e-007 -5.05813e+009 0
74727.3 -747273 1.72543e-008 4.533e+006 -2.86907e-007 -5.11032e+009 0
75458.7 -754646 1.62485e-008 4.53301e+006 -1.15114e-007 -5.16126e+009 0
76170.6 -761712 1.30988e-008 4.533e+006 -1.08849e-007 -5.21089e+009 0
76862.5 -768627 1.70521e-008 4.533e+006 -1.33597e-007 -5.2592e+009 0
77534.2 -775338 1.47976e-008 4.533e+006 1.43116e-007 -5.30615e+009 0
78185.3 -781856 1.56793e-008 4.533e+006 -1.98695e-007 -5.35175e+009 0
78815.4 -788141 1.90721e-008 4.533e+006 -2.32378e-007 -5.39594e+009 0
79424.9 -794251 1.60177e-008 4.533e+006 -1.40223e-007 -5.43876e+009 0
80013.3 -800141 1.50885e-008 4.533e+006 -6.14836e-008 -5.48018e+009 0
80581.9 -805819 1.38978e-008 4.533e+006 -5.2717e-008 -5.52028e+009 0
81130.3 -811302 1.41138e-008 4.533e+006 -4.03504e-009 -5.55904e+009 0
81659.2 -816594 1.20968e-008 4.533e+006 -3.87815e-008 -5.5965e+009 0
82169.3 -821689 1.11753e-008 4.533e+006 6.35348e-008 -5.6327e+009 0
82660 -826600 1.41453e-008 4.533e+006 6.76463e-009 -5.66763e+009 0
83133.2 -831333 1.09106e-008 4.533e+006 7.6014e-008 -5.70138e+009 0
83588.9 -835889 1.42766e-008 4.533e+006 6.93109e-008 -5.73396e+009 0
84027.5 -840274 1.07781e-008 4.533e+006 1.04859e-007 -5.76541e+009 0
84449.9 -844503 1.15201e-008 4.533e+006 -5.04408e-008 -5.79579e+009 0
84855.7 -848556 1.33485e-008 4.533e+006 -2.9432e-007 -5.82506e+009 0
85245.8 -852458 1.20327e-008 4.533e+006 -6.66173e-008 -5.85328e+009 0
85621.6 -856217 1.15659e-008 4.533e+006 -5.67728e-008 -5.88056e+009 0
85983.2 -859791 1.34169e-008 4.53299e+006 -2.88817e-007 -5.90688e+009 0
86331 -863309 1.10338e-008 4.533e+006 5.1884e-008 -5.93229e+009 0
86666.2 -866663 7.88847e-009 4.533e+006 9.53353e-008 -5.95686e+009 0
86989.5 -869890 7.22737e-009 4.533e+006 3.59121e-008 -5.98064e+009 0
87300.7 -873007 1.26484e-008 4.533e+006 -2.80432e-007 -6.00361e+009 0
87600.3 -876003 1.1013e-008 4.533e+006 -1.86561e-008 -6.02581e+009 0
87889.1 -878892 7.3504e-009 4.533e+006 -1.03344e-008 -6.0473e+009 0
88168.4 -881684 9.38675e-009 4.533e+006 -1.5221e-007 -6.06815e+009 0
88438.7 -884388 3.11777e-009 4.533e+006 1.80581e-007 -6.0884e+009 0
88699 -887089 9.99273e-009 4.53299e+006 -2.22164e-007 -6.10799e+009 0
88949.3 -889494 6.85027e-009 4.533e+006 -9.95923e-008 -6.12691e+009 0
89190.7 -891905 2.23535e-009 4.533e+006 6.60961e-008 -6.14524e+009 0
89424.2 -894243 1.36362e-009 4.533e+006 1.23849e-007 -6.16305e+009 0
89649.5 -896495 7.3755e-009 4.533e+006 -1.32591e-007 -6.1803e+009 0
89865.5 -898656 6.84885e-009 4.533e+006 3.18392e-008 -6.19694e+009 0
90072.9 -900731 6.11147e-009 4.533e+006 -4.60807e-009 -6.21301e+009 0
90273.2 -902732 -1.21956e-009 4.533e+006 1.85789e-007 -6.2286e+009 0
90467.3 -904673 4.26221e-009 4.533e+006 -8.35898e-008 -6.24378e+009 0
90655.8 -906558 5.81115e-009 4.533e+006 -6.29054e-008 -6.25859e+009 0
90838.3 -908382 9.93747e-009 4.533e+006 -3.00109e-007 -6.273e+009 0
91014.6 -910146 5.79249e-009 4.533e+006 -7.27737e-008 -6.287e+009 0
91185.1 -911853 -9.72723e-011 4.533e+006 2.65706e-007 -6.30061e+009 0
91350.5 -913505 1.93248e-009 4.533e+006 -2.80988e-008 -6.31389e+009 0
91511.6 -915116 -3.68772e-009 4.533e+006 1.92696e-007 -6.32687e+009 0
91668.4 -916683 7.773e-010 4.533e+006 1.25153e-007 -6.33957e+009 0
91820.7 -918207 3.50745e-009 4.533e+006 1.45894e-008 -6.35197e+009 0
91968.6 -919684 9.24225e-009 4.533e+006 -2.15681e-007 -6.36408e+009 0
92111.9 -921119 4.19604e-010 4.533e+006 -1.7592e-009 -6.37588e+009 0
92249.9 -922235 8.81749e-009 4.53299e+006 -2.48354e-007 -6.38731e+009 0
92382.9 -923445 4.40918e-009 4.53298e+006 -9.98472e-008 -6.39841e+009 0
92510.7 -924305 8.79977e-009 4.53291e+006 -3.18598e-007 -6.40911e+009 0
92633.6 -925893 2.27794e-009 4.53284e+006 1.69014e-008 -6.41953e+009 0
92752.7 -927702 7.08546e-009 4.53282e+006 4.75768e-008 -6.42974e+009 0
92848.1 1.7183e+006 4.44545e-008 4.43531e+006 -5.25311e-007 -6.23789e+009 0
92554 1.01472e+006 5.94182e-007 3.71e+006 -3.57617e-006 -5.78144e+009 0
55064 -4.8621e+006 3.44712e-007 4.1979e+006 -6.11747e-007 -4.05495e+009 0
54986 -6.81751e+006 3.4691e-007 4.27802e+006 -1.44882e-006 -4.13352e+009 0
55118.3 4.73719e+006 -2.16279e-007 4.55905e+006 3.4461e-005 -3.25628e+009 0
45530.8 -460374 3.32567e-007 4.51384e+006 -1.06451e-006 -3.30192e+009 0
45842.5 -455501 1.03624e-007 4.53187e+006 -1.39143e-006 -3.32428e+009 0
46165.4 -461203 4.65678e-008 4.53272e+006 -8.61698e-007 -3.34805e+009 0
46462.6 -464630 2.87342e-008 4.53296e+006 5.06964e-007 -3.37011e+009 0
46708.4 -460474 7.84611e-008 4.52675e+006 -1.0627e-006 -3.38852e+009 0
46960.4 -468897 4.44558e-008 4.53275e+006 -5.01936e-007 -3.40774e+009 0
47116.5 -465681 1.58862e-007 4.52331e+006 -5.53165e-007 -3.42035e+009 0
47314.1 -457959 9.03382e-008 4.51646e+006 2.51129e-007 -3.43559e+009 0
47385 -462177 2.60916e-007 4.51415e+006 -6.52791e-007 -3.44295e+009 0
47498 -473416 1.69968e-007 4.46984e+006 -5.79937e-008 -3.45418e+009 0
47490.2 -352504 2.63548e-007 4.44306e+006 9.81152e-007 -3.4523e+009 0
