2248.22 -28.5123 -0.000142562
4496.38 -24.2658 -0.000121329
6744.57 -20.0193 -0.000100097
8992.76 -15.7729 -7.88643e-005
11240.9 -11.5264 -5.76318e-005
13489.1 -7.27988 -3.63994e-005
15724.4 -2.82623 -1.41312e-005
17879.6 2.18051 1.09026e-005
19911.7 7.67507 3.83754e-005
21812.8 13.5555 6.77777e-005
23592.1 19.7828 9.89139e-005
25267.1 26.1659 0.000130829
26850.4 32.7491 0.000163745
28356.9 39.3506 0.000196753
29796.4 46.1735 0.000230867
31175.1 53.0304 0.000265152
32501.5 59.8957 0.000299478
33783.3 66.7132 0.000333566
35025 73.6294 0.000368147
36231.3 80.5236 0.000402618
37406.1 87.4157 0.000437078
38553.5 94.2344 0.000471172
39677.1 100.991 0.000504955
40779.7 107.691 0.000538453
41863.7 114.347 0.000571737
42930.5 121.039 0.000605193
43981.2 127.735 0.000638675
45017.5 134.41 0.00067205
46040.5 141.043 0.000705217
47051.7 147.628 0.00073814
48052.3 154.148 0.000770743
49043.2 160.616 0.000803082
50025.5 167.044 0.000835227
50999.8 173.442 0.000867217
51966.8 179.821 0.00089912
52926.8 186.189 0.000930972
53880.3 192.546 0.000962773
54827.6 198.887 0.000994512
55769.1 205.235 0.0010263
56704.6 211.617 0.0010583
57634.3 217.992 0.00109032
58558.4 224.324 0.0011222
59477.3 230.624 0.00115406
60391.2 236.868 0.00118583
61300.4 243.061 0.00121763
62204.6 249.175 0.00124947
63104.3 255.176 0.00128137
63999.1 261.019 0.00131335
64888.9 266.676 0.00134565
65773.4 272.073 0.00137834
66651.8 277.142 0.00141165
67523.4 281.791 0.00144575
68387.4 285.935 0.00148087
69242.5 289.501 0.00151722
70087.6 292.454 0.00155507
70921.2 294.808 0.00159471
71741.7 296.614 0.0016364
72547.8 297.958 0.00168046
73337.7 298.931 0.001727
74110.5 299.625 0.0017759
74865.3 300.122 0.00182709
75601.4 300.487 0.00188063
76318.1 300.768 0.00193668
77015.1 300.995 0.00199482
77692.1 301.191 0.00205537
78348.7 301.371 0.00211847
78984.5 301.545 0.00218484
79600 301.716 0.00225365
80194.8 301.888 0.00232524
80770.1 302.061 0.00239879
81325.5 302.238 0.00247444
81862.2 302.419 0.00255251
82379.8 302.605 0.00263299
82879.3 302.796 0.00271602
83361.3 302.991 0.00280081
83826.1 303.191 0.00288738
84274.8 303.395 0.00297632
84707.2 303.606 0.00306785
85123.7 303.823 0.00316241
85525.7 304.046 0.00325913
85913.2 304.274 0.00335807
86286.5 304.506 0.00345926
86647.8 304.74 0.00356105
86997.2 304.976 0.00366366
87334 305.216 0.00376771
87659.6 305.46 0.00387391
87974.8 305.709 0.00398223
88279.8 305.962 0.00409225
88574.6 306.216 0.00420277
88860.1 306.474 0.00431465
89136.7 306.736 0.00442877
89405.3 307 0.00454351
89665.7 307.266 0.00465916
89917.7 307.537 0.00477705
90161.8 307.812 0.00489661
90398.8 308.092 0.00501826
90628.9 308.377 0.00514197
90851.9 308.667 0.00526823
91068 308.962 0.00539662
91277.9 309.258 0.00552528
91482.5 309.553 0.00565332
91682.2 309.845 0.0057803
91877.3 310.134 0.00590587
92067.7 310.418 0.00602962
92253.5 310.698 0.0061515
92435.2 310.975 0.00627162
92612.9 311.249 0.00639069
92786.8 311.523 0.00650999
92957 311.798 0.0066296
93123.7 312.074 0.00674967
93286.6 312.352 0.00687061
93445.8 312.633 0.00699263
93601.5 312.918 0.00711638
93753.7 313.206 0.00724194
93902.7 313.497 0.00736846
94048.6 313.79 0.00749568
94191.6 314.086 0.00762419
94330.9 314.389 0.00775594
94465.8 314.706 0.00789377
94597.9 315.024 0.00803211
94726.3 315.35 0.00817394
94851.5 315.684 0.00831906
94974.3 316.018 0.00846437
95094.9 316.351 0.00860931
95198.1 316.771 0.00879167
95103.5 318.824 0.00968441
55632 321.765 0.0109632
55576.5 321.901 0.0110221
55743 322.231 0.0111658
55905.6 322.548 0.0113033
