2248.22 -2.37572 -0.000183613
4496.38 -2.6838 -0.000207424
6744.57 -2.99188 -0.000231234
8992.76 -3.29996 -0.000255045
11240.9 -3.60803 -0.000278855
13489.1 -3.91611 -0.000302666
15724.4 -4.23049 -0.000326963
17879.6 -4.55759 -0.000352244
19911.7 -4.8902 -0.00037795
21812.8 -5.22193 -0.000403589
23592.1 -5.55063 -0.000428994
25267.1 -5.87181 -0.000453817
26850.4 -6.18707 -0.000478182
28356.9 -6.48829 -0.000501897
29796.4 -6.72417 -0.000525536
31175.1 -6.956 -0.00054877
32501.5 -7.18408 -0.000571629
33783.3 -7.40911 -0.000594181
35025 -7.63084 -0.000616402
36231.3 -7.84876 -0.000638242
37406.1 -8.06351 -0.000659765
38553.5 -8.27542 -0.000681003
39677.1 -8.484 -0.000701907
40779.7 -8.68911 -0.000722462
41863.7 -8.89257 -0.000742853
42930.5 -9.09348 -0.000762989
43981.2 -9.29163 -0.000782847
45017.5 -9.48743 -0.00080247
46040.5 -9.6812 -0.000821889
47051.7 -9.87313 -0.000841125
48052.3 -10.0632 -0.00086017
49043.2 -10.2519 -0.000879084
50025.5 -10.4392 -0.000897855
50999.8 -10.6254 -0.000916516
51966.8 -10.8104 -0.000935058
52926.8 -10.9941 -0.00095347
53880.3 -11.1766 -0.000971756
54827.6 -11.3578 -0.000989914
55769.1 -11.5186 -0.00100802
56704.6 -11.6545 -0.00102613
57634.3 -11.7902 -0.00104421
58558.4 -11.9254 -0.00106222
59477.3 -12.0608 -0.00108026
60391.2 -12.1956 -0.00109823
61300.4 -12.3298 -0.00111611
62204.6 -12.4641 -0.00113401
63104.3 -12.5987 -0.00115194
63999.1 -12.7333 -0.00116988
64888.9 -12.8688 -0.00118792
65773.4 -13.0052 -0.0012061
66651.8 -13.1426 -0.00122441
67523.4 -13.2819 -0.00124297
68387.4 -13.424 -0.0012619
69242.5 -13.5687 -0.00128119
70087.6 -13.7168 -0.00130092
70921.2 -13.8685 -0.00132114
71741.7 -14.0244 -0.0013419
72547.8 -14.1853 -0.00136335
73337.7 -14.3508 -0.00138539
74110.5 -14.5209 -0.00140806
74865.3 -14.6962 -0.00143142
75601.4 -14.8755 -0.00145531
76318.1 -15.0592 -0.00147979
77015.1 -15.2389 -0.00150486
77692.1 -15.3882 -0.00153074
78348.7 -15.5415 -0.0015573
78984.5 -15.6978 -0.00158441
79600 -15.8582 -0.0016122
80194.8 -16.0228 -0.00164074
80770.1 -16.1909 -0.00166987
81325.5 -16.3622 -0.00169957
81862.2 -16.5379 -0.00173001
82379.8 -16.7179 -0.00176123
82879.3 -16.9019 -0.00179311
83361.3 -17.0898 -0.00182569
83826.1 -17.2817 -0.00185895
84274.8 -17.478 -0.00189297
84707.2 -17.6777 -0.0019276
85123.7 -17.882 -0.00196299
85525.7 -18.0904 -0.00199912
85913.2 -18.2665 -0.00203571
86286.5 -18.4442 -0.00207282
86647.8 -18.6227 -0.00211007
86997.2 -18.8017 -0.00214744
87334 -18.9827 -0.00218523
87659.6 -19.1661 -0.00222352
87974.8 -19.3515 -0.00226222
88279.8 -19.538 -0.00230116
88574.6 -19.7246 -0.00234012
88860.1 -19.9114 -0.00237911
89136.7 -20.0985 -0.00241817
89405.3 -20.2852 -0.00245717
89665.7 -20.4713 -0.00249601
89917.7 -20.6497 -0.00253518
90161.8 -20.8287 -0.00257471
90398.8 -21.0107 -0.00261489
90628.9 -21.1944 -0.00265545
90851.9 -21.3795 -0.00269633
91068 -21.5668 -0.00273769
91277.9 -21.7541 -0.00277904
91482.5 -21.9401 -0.00282013
91682.2 -22.1244 -0.00286083
91877.3 -22.3067 -0.00290108
92067.7 -22.4862 -0.00294073
92253.5 -22.663 -0.00297976
92435.2 -22.843 -0.00301818
92612.9 -23.0262 -0.0030559
92786.8 -23.2078 -0.00309329
92957 -23.389 -0.00313058
93123.7 -23.5693 -0.0031677
93286.6 -23.7496 -0.00320483
93445.8 -23.9298 -0.00324192
93601.5 -24.1101 -0.00327904
93753.7 -24.2915 -0.00331639
93902.7 -24.4734 -0.00335382
94048.6 -24.6552 -0.00339125
94191.6 -24.8363 -0.00342854
94330.9 -25.0193 -0.0034662
94465.8 -25.0193 -0.00350653
94597.9 -25.0193 -0.00354712
94726.3 -25.0193 -0.00358882
94851.5 -25.0193 -0.00363208
94974.3 -25.0193 -0.00367535
95094.9 -25.0193 -0.00371852
95198.1 -25.0193 -0.0037601
95103.5 0 -0.00402235
55632 0 -0.0122144
55576.5 0 -0.0125089
55743 0 -0.0127009
55905.6 0 -0.012862
