2248.22 5.16029e-005
4496.38 0.000109115
6744.57 0.000166627
8992.76 0.00022414
11240.9 0.000281652
13489.1 0.000339164
15724.4 0.000396789
17879.6 0.000455216
19911.7 0.000515059
21812.8 0.000576424
23592.1 0.000638917
25267.1 0.000702183
26850.4 0.000766009
28356.9 0.000830179
29796.4 0.000894565
31175.1 0.000959144
32501.5 0.0010238
33783.3 0.00108848
35025 0.00115321
36231.3 0.00121792
37406.1 0.00128258
38553.5 0.00134718
39677.1 0.00141172
40779.7 0.00147621
41863.7 0.00154054
42930.5 0.00160472
43981.2 0.00166876
45017.5 0.00173263
46040.5 0.00179636
47051.7 0.00185994
48052.3 0.00192337
49043.2 0.00198661
50025.5 0.00204968
50999.8 0.00211258
51966.8 0.0021753
52926.8 0.00223785
53880.3 0.00230024
54827.6 0.00236246
55769.1 0.00242455
56704.6 0.00248651
57634.3 0.00254836
58558.4 0.0026101
59477.3 0.00267172
60391.2 0.00273324
61300.4 0.00279466
62204.6 0.00285597
63104.3 0.00291719
63999.1 0.00297832
64888.9 0.00303938
65773.4 0.0031004
66651.8 0.00316138
67523.4 0.00322235
68387.4 0.00328335
69242.5 0.0033444
70087.6 0.00340554
70921.2 0.0034668
71741.7 0.00352823
72547.8 0.00358986
73337.7 0.00365173
74110.5 0.00371389
74865.3 0.00377634
75601.4 0.00383913
76318.1 0.00390227
77015.1 0.00396579
77692.1 0.00402969
78348.7 0.00409398
78984.5 0.0041587
79600 0.00422383
80194.8 0.00428937
80770.1 0.00435532
81325.5 0.00442169
81862.2 0.00448846
82379.8 0.00455565
82879.3 0.00462323
83361.3 0.00469119
83826.1 0.00475952
84274.8 0.00482823
84707.2 0.0048973
85123.7 0.00496671
85525.7 0.00503646
85913.2 0.00510654
86286.5 0.00517693
86647.8 0.0052476
86997.2 0.00531855
87334 0.00538979
87659.6 0.00546128
87974.8 0.00553302
88279.8 0.005605
88574.6 0.00567721
88860.1 0.00574964
89136.7 0.00582228
89405.3 0.00589511
89665.7 0.00596813
89917.7 0.00604136
90161.8 0.00611476
90398.8 0.00618832
90628.9 0.00626204
90851.9 0.00633592
91068 0.00640996
91277.9 0.00648414
91482.5 0.00655846
91682.2 0.0066329
91877.3 0.00670746
92067.7 0.00678214
92253.5 0.00685694
92435.2 0.00693186
92612.9 0.00700688
92786.8 0.00708201
92957 0.00715723
93123.7 0.00723254
93286.6 0.00730796
93445.8 0.00738346
93601.5 0.00745906
93753.7 0.00753474
93902.7 0.00761051
94048.6 0.00768635
94191.6 0.00776227
94330.9 0.00783826
94465.8 0.00791432
94597.9 0.00799045
94726.3 0.00806664
94851.5 0.00814289
94974.3 0.0082192
95094.9 0.00829558
95198.1 0.00837192
95103.5 0.00844721
55632 0.00914878
55576.5 0.00922459
55743 0.00929739
55905.6 0.00937023
