2248.22 -22482.2 -1.64834e-007 4.533e+006 6.55679e-006 -1.51565e+008 0
4496.38 -44963.8 -1.86584e-010 4.533e+006 5.75317e-009 -3.03426e+008 0
6744.57 -67445.7 -1.7533e-009 4.533e+006 1.32276e-007 -4.55287e+008 0
8992.76 -89927.6 -2.65748e-009 4.533e+006 6.29056e-008 -6.07148e+008 0
11240.9 -112409 2.56585e-010 4.533e+006 -1.168e-007 -7.59009e+008 0
13489.1 -134891 -2.08453e-009 4.533e+006 7.53193e-008 -9.10871e+008 0
15724.4 -156068 2.16182e-008 4.53304e+006 -8.09307e-007 -1.06179e+009 0
17879.6 -179779 9.09537e-008 4.53304e+006 -3.70344e-006 -1.20757e+009 0
19911.7 -198240 1.16679e-007 4.53303e+006 -4.6559e-006 -1.34497e+009 0
21812.8 -217274 1.15989e-007 4.53304e+006 -4.63741e-006 -1.47373e+009 0
23592.1 -235924 1.10584e-007 4.53299e+006 -4.48874e-006 -1.59446e+009 0
25267.1 -252664 8.90281e-008 4.53299e+006 -3.59538e-006 -1.70818e+009 0
26850.4 -268503 7.99103e-008 4.533e+006 -3.20238e-006 -1.8158e+009 0
28356.9 -283584 6.2406e-008 4.533e+006 -2.44573e-006 -1.91831e+009 0
29796.4 -297967 6.36416e-008 4.533e+006 -2.55981e-006 -2.01636e+009 0
31175.1 -311752 5.22415e-008 4.533e+006 -2.17079e-006 -2.11037e+009 0
32501.5 -325015 4.36601e-008 4.533e+006 -1.75557e-006 -2.20089e+009 0
33783.3 -337833 3.87192e-008 4.533e+006 -1.63963e-006 -2.28845e+009 0
35025 -350250 3.23341e-008 4.533e+006 -1.29918e-006 -2.37334e+009 0
36231.3 -362313 3.20546e-008 4.533e+006 -1.23705e-006 -2.45587e+009 0
37406.1 -374061 2.98885e-008 4.533e+006 -1.26371e-006 -2.53631e+009 0
38553.5 -385536 2.25085e-008 4.533e+006 -8.64807e-007 -2.61492e+009 0
39677.1 -396771 1.88617e-008 4.533e+006 -7.20576e-007 -2.69195e+009 0
40779.7 -407799 1.80074e-008 4.533e+006 -6.34731e-007 -2.76758e+009 0
41863.7 -418637 1.70589e-008 4.533e+006 -7.06037e-007 -2.84199e+009 0
42930.5 -429305 1.52879e-008 4.533e+006 -6.18947e-007 -2.91523e+009 0
43981.2 -439809 1.13968e-008 4.533e+006 -4.51169e-007 -2.98741e+009 0
45017.5 -450175 1.23437e-008 4.533e+006 -4.28949e-007 -3.05863e+009 0
46040.5 -460405 1.36448e-008 4.533e+006 -5.98576e-007 -3.12897e+009 0
47051.7 -470517 1.03452e-008 4.533e+006 -5.02979e-007 -3.19852e+009 0
48052.3 -480523 9.80966e-009 4.533e+006 -2.95861e-007 -3.26737e+009 0
49043.2 -490432 5.94235e-009 4.533e+006 -2.31304e-007 -3.33557e+009 0
50025.5 -500255 6.14217e-009 4.533e+006 -1.83852e-007 -3.4032e+009 0
50999.8 -509998 3.70699e-009 4.533e+006 -1.6277e-007 -3.4703e+009 0
51966.8 -519668 7.74352e-009 4.533e+006 -3.42828e-007 -3.53691e+009 0
52926.8 -529268 6.86282e-009 4.533e+006 -2.76944e-007 -3.60305e+009 0
53880.3 -538803 6.84903e-009 4.533e+006 -3.24755e-007 -3.66876e+009 0
54827.6 -548276 3.72152e-009 4.533e+006 -1.37254e-007 -3.73407e+009 0
55769.1 -557692 3.97173e-009 4.533e+006 -1.43288e-007 -3.79898e+009 0
56704.6 -567047 1.97771e-009 4.533e+006 -4.69309e-008 -3.86349e+009 0
57634.3 -576343 1.4068e-009 4.533e+006 -5.37278e-008 -3.92762e+009 0
58558.4 -585584 8.0023e-010 4.533e+006 -4.15528e-008 -3.99138e+009 0
59477.3 -594773 4.34455e-009 4.533e+006 -1.815e-007 -4.05479e+009 0
60391.2 -603912 4.91462e-009 4.533e+006 -2.85508e-007 -4.11787e+009 0
61300.4 -613004 2.25633e-009 4.533e+006 -7.56009e-008 -4.18063e+009 0
62204.6 -622046 2.51074e-009 4.533e+006 -2.5008e-008 -4.24307e+009 0
63104.3 -631043 -6.80248e-010 4.533e+006 6.05364e-008 -4.3052e+009 0
63999.1 -639991 6.37741e-010 4.533e+006 3.02072e-008 -4.367e+009 0
64888.9 -648890 4.04797e-009 4.533e+006 -1.24848e-007 -4.42848e+009 0
65773.4 -657734 2.79643e-009 4.533e+006 -5.6447e-008 -4.48959e+009 0
66651.8 -666517 5.35765e-009 4.533e+006 -1.30336e-007 -4.55031e+009 0
67523.4 -675235 5.37885e-009 4.533e+006 -1.40186e-007 -4.61058e+009 0
68387.4 -683876 5.18977e-010 4.533e+006 3.17284e-008 -4.67033e+009 0
69242.5 -692422 8.80627e-009 4.533e+006 -3.84938e-007 -4.7295e+009 0
70087.6 -700877 7.73572e-009 4.533e+006 -2.88462e-007 -4.788e+009 0
70921.2 -709213 8.98786e-009 4.533e+006 -4.12826e-007 -4.84573e+009 0
71741.7 -717436 1.1381e-008 4.533e+006 -4.95584e-007 -4.90259e+009 0
72547.8 -725481 1.11145e-008 4.533e+006 -4.616e-007 -4.95849e+009 0
73337.7 -733378 1.14806e-008 4.533e+006 -4.25969e-007 -5.01332e+009 0
74110.5 -741103 1.49919e-008 4.533e+006 -6.6504e-007 -5.06701e+009 0
74865.3 -748653 2.02091e-008 4.533e+006 -8.30484e-007 -5.1195e+009 0
75601.4 -756005 1.80051e-008 4.533e+006 -7.71663e-007 -5.17075e+009 0
76318.1 -763178 1.35722e-008 4.533e+006 -6.6792e-007 -5.22071e+009 0
77015.1 -770150 1.46392e-008 4.533e+006 -5.25421e-007 -5.26935e+009 0
77692.1 -776921 1.66419e-008 4.533e+006 -5.89059e-007 -5.31666e+009 0
78348.7 -783503 1.66725e-008 4.53302e+006 -5.20836e-007 -5.36262e+009 0
78984.5 -789846 1.85372e-008 4.533e+006 -8.16577e-007 -5.40719e+009 0
79600 -796004 1.75386e-008 4.533e+006 -5.95578e-007 -5.45041e+009 0
80194.8 -801935 1.8402e-008 4.533e+006 -7.60829e-007 -5.49225e+009 0
80770.1 -807701 1.51313e-008 4.533e+006 -5.81123e-007 -5.5328e+009 0
81325.5 -813255 1.71446e-008 4.533e+006 -5.41171e-007 -5.57203e+009 0
81862.2 -818619 1.14486e-008 4.533e+006 -3.49614e-007 -5.61e+009 0
82379.8 -823806 1.34702e-008 4.533e+006 -3.62648e-007 -5.64672e+009 0
82879.3 -828793 1.59153e-008 4.533e+006 -4.66345e-007 -5.68221e+009 0
83361.3 -833615 1.53041e-008 4.533e+006 -6.49645e-007 -5.71656e+009 0
83826.1 -838261 1.19988e-008 4.533e+006 -4.33002e-007 -5.74975e+009 0
84274.8 -842736 1.60783e-008 4.533e+006 -7.04534e-007 -5.78187e+009 0
84707.2 -847066 1.43255e-008 4.533e+006 -5.64883e-007 -5.81291e+009 0
85123.7 -851229 1.89247e-008 4.533e+006 -8.99429e-007 -5.84289e+009 0
85525.7 -855252 1.14772e-008 4.533e+006 -3.62882e-007 -5.8719e+009 0
85913.2 -859142 1.3979e-008 4.533e+006 -6.34893e-007 -5.89995e+009 0
86286.5 -862866 8.12359e-009 4.533e+006 -5.38986e-007 -5.92707e+009 0
86647.8 -866480 1.56593e-008 4.533e+006 -7.9199e-007 -5.95337e+009 0
86997.2 -869972 8.814e-009 4.533e+006 -3.51387e-007 -5.97888e+009 0
87334 -873329 9.63244e-009 4.533e+006 -2.34509e-007 -6.00356e+009 0
87659.6 -876568 7.44568e-009 4.533e+006 -2.20547e-007 -6.02749e+009 0
87974.8 -879748 9.36598e-009 4.533e+006 -3.52915e-007 -6.05074e+009 0
88279.8 -882798 9.36399e-009 4.533e+006 -3.74226e-007 -6.0733e+009 0
88574.6 -885746 9.78037e-009 4.533e+006 -4.94521e-007 -6.09518e+009 0
88860.1 -888546 7.7922e-009 4.53301e+006 -2.62358e-007 -6.11644e+009 0
89136.7 -891309 7.20243e-009 4.533e+006 -2.80545e-007 -6.13711e+009 0
89405.3 -894055 1.00847e-008 4.533e+006 -4.73825e-007 -6.15725e+009 0
89665.7 -896657 8.54872e-009 4.533e+006 -3.27104e-007 -6.17684e+009 0
89917.7 -899187 4.92275e-009 4.533e+006 -1.20568e-007 -6.19588e+009 0
90161.8 -901619 7.49674e-009 4.533e+006 -3.4889e-007 -6.21439e+009 0
90398.8 -903988 6.02002e-009 4.533e+006 -3.95973e-007 -6.23242e+009 0
90628.9 -906289 9.06514e-009 4.533e+006 -1.88479e-007 -6.25e+009 0
90851.9 -908519 1.99893e-009 4.533e+006 -9.09004e-009 -6.26711e+009 0
91068 -910680 4.95116e-009 4.533e+006 -2.16918e-007 -6.28375e+009 0
91277.9 -912779 4.93368e-009 4.533e+006 -1.28097e-007 -6.29999e+009 0
91482.5 -914825 4.13559e-009 4.533e+006 -1.303e-007 -6.31586e+009 0
91682.2 -916822 -8.83646e-010 4.533e+006 1.03722e-007 -6.33142e+009 0
91877.3 -918773 1.65936e-009 4.533e+006 -1.45611e-007 -6.34667e+009 0
92067.7 -920677 -3.27156e-010 4.533e+006 -3.48921e-008 -6.36161e+009 0
92253.5 -922535 1.88633e-009 4.533e+006 -7.33706e-008 -6.37624e+009 0
92435.2 -924352 1.22235e-009 4.533e+006 2.07044e-008 -6.3906e+009 0
92612.9 -926130 -1.8554e-009 4.533e+006 1.86603e-007 -6.40469e+009 0
92786.8 -927875 5.92831e-009 4.533e+006 -4.239e-007 -6.41852e+009 0
92957 -929565 -6.95094e-010 4.533e+006 1.36448e-007 -6.43212e+009 0
93123.7 -931238 3.13252e-009 4.533e+006 -3.67584e-007 -6.44547e+009 0
93286.6 -932866 8.67116e-009 4.533e+006 -3.90461e-007 -6.45858e+009 0
93445.8 -934458 2.65342e-009 4.533e+006 -2.99736e-007 -6.47144e+009 0
93601.5 -936014 5.43404e-009 4.533e+006 -1.03378e-007 -6.48406e+009 0
93753.7 -937506 2.08722e-009 4.533e+006 -6.01432e-008 -6.49646e+009 0
93902.7 -939027 2.64925e-010 4.533e+006 -1.27201e-007 -6.50864e+009 0
94048.6 -940487 -7.55349e-010 4.533e+006 6.69942e-008 -6.52062e+009 0
94191.6 -941916 2.76141e-009 4.533e+006 1.16047e-007 -6.5324e+009 0
94330.9 -941903 -8.21285e-010 4.53295e+006 -1.62029e-007 -6.54382e+009 0
94465.8 -943828 -1.27922e-009 4.53275e+006 1.20822e-007 -6.55496e+009 0
94597.9 -944987 1.10114e-008 4.53269e+006 -8.57769e-007 -6.56596e+009 0
94726.3 -940879 4.74243e-009 4.53221e+006 -2.027e-007 -6.57617e+009 0
94851.5 -947366 1.16284e-008 4.53185e+006 -5.9399e-007 -6.58678e+009 0
94974.3 -949621 1.10601e-008 4.53177e+006 -5.6327e-007 -6.59722e+009 0
95094.9 -951787 7.32333e-009 4.53171e+006 -2.51787e-007 -6.60753e+009 0
95198.1 2.45328e+006 4.12427e-008 4.40576e+006 -1.69092e-006 -6.35866e+009 0
95103.5 353144 3.50037e-007 3.75685e+006 -1.39636e-005 -6.02007e+009 0
55632 -1.77141e+006 2.4377e-007 4.28318e+006 -1.0022e-005 -4.01166e+009 0
55576.5 -1.17814e+006 3.63278e-007 4.48701e+006 -1.50548e-005 -4.00858e+009 0
55743 -785970 5.09203e-008 4.51993e+006 -1.59496e-006 -4.00874e+009 0
55905.6 -639031 6.07162e-009 4.52934e+006 -1.28973e-007 -4.01694e+009 0
