3501.19 -16.0182 -8.00911e-005
7002.27 -11.7637 -5.88183e-005
10503.4 -7.50911 -3.75455e-005
14004.5 -3.25462 -1.62731e-005
17400.5 1.64317 8.21584e-006
20468.1 7.46822 3.73411e-005
23178.9 13.9958 6.99792e-005
25590.7 21.0718 0.000105359
27769 28.4038 0.000142019
29764.1 35.9673 0.000179837
31619.1 43.5565 0.000217782
33360 51.3003 0.000256502
35008.9 58.9998 0.000294999
36585.1 66.5755 0.000332878
38099.9 74.2746 0.000371373
39560.3 81.9954 0.000409977
40975.7 89.5617 0.000447808
42353.9 97.0182 0.000485091
43698.6 104.493 0.000522464
45012.1 112.012 0.000560062
46297.2 119.579 0.000597896
47556.7 127.063 0.000635317
48793.8 134.486 0.00067243
50010.7 141.86 0.000709298
51209 149.197 0.000745983
52390.8 156.45 0.000782249
53558.1 163.661 0.000818306
54711.7 170.866 0.000854336
55852.7 178.016 0.000890089
56982.5 185.134 0.000925682
58101.7 192.227 0.000961162
59211.3 199.265 0.000996377
60311.8 206.277 0.00103149
61403.7 213.307 0.00106672
62487.6 220.315 0.0011019
63563.5 227.285 0.00113699
64632.6 234.21 0.00117202
65694.8 241.055 0.00120692
66750.7 247.807 0.00124175
67800.3 254.439 0.00127662
68843.8 260.895 0.00131156
69880.9 267.125 0.00134677
70911.2 273.058 0.00138251
71933.8 278.566 0.0014189
72947.9 283.53 0.00145621
73951.9 287.843 0.00149481
74944.2 291.434 0.00153516
75922.5 294.277 0.00157766
76883.8 296.428 0.00162299
77825.7 297.978 0.00167149
78745.9 299.048 0.00172302
79642.1 299.776 0.00177792
80513.1 300.279 0.00183643
81357.6 300.635 0.00189778
82175.6 300.905 0.00196171
82967.2 301.127 0.00202822
83731.9 301.326 0.00209756
84470.6 301.513 0.00216931
85183.3 301.696 0.0022438
85869.9 301.883 0.00232203
86531 302.073 0.0024034
87167.3 302.27 0.00248794
87780.3 302.469 0.00257404
88370.5 302.672 0.00266211
88939.5 302.88 0.00275217
89487.6 303.091 0.00284385
90016.8 303.305 0.00293686
90527.7 303.52 0.00303066
91021.1 303.739 0.00312559
91497.5 303.963 0.00322322
91957.4 304.194 0.00332328
92400.6 304.432 0.00342694
92828.8 304.675 0.00353276
93241.8 304.926 0.00364172
93640.3 305.18 0.00375211
94025.7 305.437 0.003864
94398.6 305.697 0.00397684
94759.7 305.957 0.00408997
95108.9 306.219 0.00420396
95447.1 306.485 0.00431977
95773.3 306.763 0.00444042
96087.9 307.053 0.00456646
96392 307.349 0.00469512
96686.8 307.649 0.00482573
96972.5 307.951 0.00495708
97249 308.253 0.00508824
97516.5 308.559 0.00522116
97775.6 308.869 0.00535589
98027.1 309.181 0.00549185
98270.6 309.501 0.00563105
98504.9 309.835 0.00577617
98730.9 310.184 0.00592763
98949.4 310.538 0.00608173
99161.2 310.899 0.00623889
99367.1 311.264 0.00639755
99566.7 311.632 0.00655755
99760.2 312 0.00671718
99948.2 312.361 0.00687451
100132 312.718 0.00702968
100310 313.07 0.00718272
100484 313.423 0.0073361
100652 313.788 0.00749489
100816 314.156 0.00765474
100974 314.534 0.00781912
101126 314.923 0.00798805
101274 315.317 0.00815937
101419 315.716 0.00833283
101560 316.119 0.00850819
101676 316.662 0.00874419
101371 320.729 0.0105125
53940.3 353.724 0.0248583
47997.4 355.567 0.0256597
48299.2 356.125 0.025902
48708.9 356.757 0.0261771
49093.2 357.346 0.0264331
