3501.19 -2.79257 -0.000123675
7002.27 -3.33029 -0.000147489
10503.4 -3.86801 -0.000171303
14004.5 -4.40564 -0.000195113
17400.5 -4.97449 -0.000220306
20468.1 -5.56604 -0.000246503
23178.9 -6.155 -0.000272587
25590.7 -6.7316 -0.000298122
27769 -7.28676 -0.000322709
29764.1 -7.8223 -0.000346426
31619.1 -8.33564 -0.000369161
33360 -8.8325 -0.000391165
35008.9 -9.31104 -0.000412358
36585.1 -9.77259 -0.000432799
38099.9 -10.2226 -0.000452728
39560.3 -10.6605 -0.000472122
40975.7 -11.0861 -0.000490969
42353.9 -11.4596 -0.000509457
43698.6 -11.7887 -0.000527807
45012.1 -12.1138 -0.000545937
46297.2 -12.433 -0.000563733
47556.7 -12.7479 -0.000581294
48793.8 -13.0591 -0.000598649
50010.7 -13.3674 -0.000615839
51209 -13.6736 -0.000632912
52390.8 -13.9765 -0.000649803
53558.1 -14.2754 -0.00066647
54711.7 -14.5713 -0.000682969
55852.7 -14.8644 -0.000699315
56982.5 -15.1551 -0.000715525
58101.7 -15.4435 -0.000731606
59211.3 -15.7302 -0.00074759
60311.8 -16.0154 -0.000763495
61403.7 -16.2983 -0.000779268
62487.6 -16.5789 -0.000794916
63563.5 -16.8576 -0.000810456
64632.6 -17.135 -0.000825922
65694.8 -17.411 -0.000841314
66750.7 -17.6858 -0.000856639
67800.3 -17.9599 -0.000871919
68843.8 -18.2338 -0.000887191
69880.9 -18.5088 -0.000902528
70911.2 -18.7856 -0.00091796
71933.8 -19.065 -0.000933542
72947.9 -19.3483 -0.000949338
73951.9 -19.6369 -0.000965434
74944.2 -19.9326 -0.00098192
75922.5 -20.237 -0.000998895
76883.8 -20.4776 -0.00101662
77825.7 -20.7238 -0.00103517
78745.9 -20.9803 -0.00105449
79642.1 -21.2448 -0.0010744
80513.1 -21.5214 -0.00109524
81357.6 -21.8063 -0.00111669
82175.6 -22.0982 -0.00113867
82967.2 -22.3959 -0.00116109
83731.9 -22.7012 -0.00118408
84470.6 -23.0124 -0.00120751
85183.3 -23.326 -0.00123113
85869.9 -23.6454 -0.00125518
86531 -23.9692 -0.00127958
87167.3 -24.2995 -0.00130445
87780.3 -24.6322 -0.0013295
88370.5 -24.9674 -0.00135474
88939.5 -25.3065 -0.00138029
89487.6 -25.6495 -0.00140612
90016.8 -25.9943 -0.00143208
90527.7 -26.3392 -0.00145806
91021.1 -26.6825 -0.00148391
91497.5 -26.9903 -0.00151006
91957.4 -27.2381 -0.00153657
92400.6 -27.4914 -0.00156367
92828.8 -27.7484 -0.00159116
93241.8 -28.0084 -0.00161897
93640.3 -28.2707 -0.00164702
94025.7 -28.5359 -0.00167539
94398.6 -28.8019 -0.00170384
94759.7 -29.0681 -0.00173232
95108.9 -29.3358 -0.00176095
95447.1 -29.6071 -0.00178997
95773.3 -29.8819 -0.00181937
96087.9 -30.1669 -0.00184985
96392 -30.4551 -0.00188067
96686.8 -30.7461 -0.0019118
96972.5 -31.0359 -0.0019428
97249 -31.3249 -0.00197371
97516.5 -31.6028 -0.00200482
97775.6 -31.8149 -0.00203664
98027.1 -32.0282 -0.00206863
98270.6 -32.2464 -0.00210136
98504.9 -32.4672 -0.00213447
98730.9 -32.6941 -0.00216851
98949.4 -32.924 -0.00220298
99161.2 -33.1589 -0.00223822
99367.1 -33.3968 -0.0022739
99566.7 -33.6333 -0.00230937
99760.2 -33.8697 -0.00234484
99948.2 -34.1033 -0.00237988
100132 -34.3338 -0.00241445
100310 -34.5612 -0.00244855
100484 -34.7874 -0.00248249
100652 -34.7874 -0.00251846
100816 -34.7874 -0.00255477
100974 -34.7874 -0.00259213
101126 -34.7874 -0.002631
101274 -34.7874 -0.00267034
101419 -34.7874 -0.00270996
101560 -34.7874 -0.00274982
101676 -34.7874 -0.00279236
101371 0 -0.00327041
53940.3 0 -0.0278977
47997.4 0 -0.0341554
48299.2 0 -0.0347194
48708.9 0 -0.0351765
49093.2 0 -0.0356069
