3501.19 5.53072e-005
7002.27 0.00011284
10503.4 0.000170373
14004.5 0.000227906
17400.5 0.000286093
20468.1 0.000346672
23178.9 0.000409674
25590.7 0.000474218
27769 0.000539714
29764.1 0.000605765
31619.1 0.000672122
33360 0.000738616
35008.9 0.000805145
36585.1 0.000871575
38099.9 0.000937887
39560.3 0.00100405
40975.7 0.00107001
42353.9 0.00113572
43698.6 0.00120123
45012.1 0.00126654
46297.2 0.00133162
47556.7 0.00139647
48793.8 0.00146111
50010.7 0.00152555
51209 0.00158984
52390.8 0.00165396
53558.1 0.0017179
54711.7 0.00178166
55852.7 0.00184521
56982.5 0.0019086
58101.7 0.00197186
59211.3 0.00203498
60311.8 0.00209796
61403.7 0.00216082
62487.6 0.00222354
63563.5 0.0022861
64632.6 0.00234853
65694.8 0.00241079
66750.7 0.00247293
67800.3 0.00253493
68843.8 0.00259683
69880.9 0.00265861
70911.2 0.0027203
71933.8 0.00278192
72947.9 0.0028435
73951.9 0.00290506
74944.2 0.00296666
75922.5 0.00302835
76883.8 0.00309016
77825.7 0.00315216
78745.9 0.00321441
79642.1 0.00327695
80513.1 0.00333984
81357.6 0.0034031
82175.6 0.00346674
82967.2 0.00353081
83731.9 0.00359531
84470.6 0.00366023
85183.3 0.0037256
85869.9 0.00379141
86531 0.00385767
87167.3 0.00392437
87780.3 0.0039915
88370.5 0.00405904
88939.5 0.004127
89487.6 0.00419535
90016.8 0.00426407
90527.7 0.00433314
91021.1 0.00440256
91497.5 0.00447233
91957.4 0.00454242
92400.6 0.00461284
92828.8 0.00468357
93241.8 0.0047546
93640.3 0.00482591
94025.7 0.00489749
94398.6 0.00496932
94759.7 0.0050414
95108.9 0.00511372
95447.1 0.00518627
95773.3 0.00525904
96087.9 0.00533204
96392 0.00540524
96686.8 0.00547862
96972.5 0.00555219
97249 0.00562594
97516.5 0.00569986
97775.6 0.00577395
98027.1 0.00584818
98270.6 0.00592256
98504.9 0.00599709
98730.9 0.00607176
98949.4 0.00614656
99161.2 0.00622148
99367.1 0.00629651
99566.7 0.00637166
99760.2 0.00644692
99948.2 0.00652228
100132 0.00659774
100310 0.00667329
100484 0.00674894
100652 0.00682466
100816 0.00690048
100974 0.00697637
101126 0.00705234
101274 0.00712838
101419 0.00720449
101560 0.00728066
101676 0.00735681
101371 0.00743152
53940.3 0.00814417
47997.4 0.00828429
48299.2 0.00835698
48708.9 0.00842867
49093.2 0.00850054
