3501.19 -35011.9 1.55801e-007 4.533e+006 -2.39722e-006 -2.35121e+008 0
7002.27 -70022.7 1.27773e-009 4.533e+006 -1.1443e-007 -4.70353e+008 0
10503.4 -105034 6.60922e-011 4.533e+006 2.69376e-008 -7.05585e+008 0
14004.5 -140045 -4.54796e-010 4.533e+006 -8.01077e-008 -9.40814e+008 0
17400.5 -171275 -1.23843e-007 4.53316e+006 1.93193e-006 -1.16882e+009 0
20468.1 -202329 -2.19723e-007 4.53314e+006 3.49037e-006 -1.37523e+009 0
23178.9 -231050 -2.04569e-007 4.53344e+006 3.1107e-006 -1.55789e+009 0
25590.7 -256087 -1.64881e-007 4.533e+006 2.39093e-006 -1.72084e+009 0
27769 -277692 -1.22646e-007 4.533e+006 1.82551e-006 -1.86805e+009 0
29764.1 -297644 -1.03114e-007 4.533e+006 1.6599e-006 -2.00307e+009 0
31619.1 -316192 -7.55186e-008 4.533e+006 1.26317e-006 -2.12877e+009 0
33360 -333601 -6.22791e-008 4.533e+006 1.0412e-006 -2.24687e+009 0
35008.9 -350089 -5.12007e-008 4.533e+006 7.24994e-007 -2.35886e+009 0
36585.1 -365856 -4.25968e-008 4.533e+006 7.43422e-007 -2.466e+009 0
38099.9 -380997 -3.39443e-008 4.533e+006 4.84067e-007 -2.56907e+009 0
39560.3 -395606 -3.00207e-008 4.533e+006 4.61997e-007 -2.66851e+009 0
40975.7 -409757 -2.40398e-008 4.533e+006 4.31585e-007 -2.76495e+009 0
42353.9 -423539 -2.24481e-008 4.533e+006 3.80557e-007 -2.85892e+009 0
43698.6 -437027 -1.92518e-008 4.533e+006 3.66399e-007 -2.95067e+009 0
45012.1 -450121 -1.88688e-008 4.533e+006 3.13094e-007 -3.04034e+009 0
46297.2 -462972 -1.71473e-008 4.533e+006 2.29595e-007 -3.12811e+009 0
47556.7 -475567 -1.43232e-008 4.533e+006 2.12311e-007 -3.21418e+009 0
48793.8 -487938 -1.28272e-008 4.533e+006 2.42398e-007 -3.29877e+009 0
50010.7 -500106 -8.37498e-009 4.533e+006 9.82324e-008 -3.382e+009 0
51209 -512090 -1.43515e-008 4.533e+006 3.1426e-007 -3.46401e+009 0
52390.8 -523908 -8.83138e-009 4.533e+006 1.37005e-007 -3.54491e+009 0
53558.1 -535584 -9.82755e-009 4.533e+006 1.93503e-007 -3.62485e+009 0
54711.7 -547116 -7.96131e-009 4.533e+006 1.37052e-007 -3.70387e+009 0
55852.7 -558527 -4.64819e-009 4.533e+006 3.51478e-008 -3.78207e+009 0
56982.5 -569827 -6.07064e-009 4.533e+006 1.56412e-007 -3.85951e+009 0
58101.7 -581017 -6.85605e-009 4.533e+006 8.59861e-008 -3.93625e+009 0
59211.3 -592113 -6.15602e-009 4.533e+006 1.26402e-007 -4.01234e+009 0
60311.8 -603118 -3.91868e-009 4.533e+006 -7.28908e-009 -4.08784e+009 0
61403.7 -614037 -5.87385e-009 4.533e+006 1.63057e-007 -4.16276e+009 0
62487.6 -624876 -6.62399e-009 4.533e+006 1.92621e-007 -4.23714e+009 0
63563.5 -635638 -3.1778e-009 4.533e+006 1.81303e-008 -4.31101e+009 0
64632.6 -646326 -4.75167e-009 4.533e+006 -3.76916e-009 -4.38441e+009 0
65694.8 -656948 7.48538e-010 4.533e+006 -1.48292e-007 -4.45735e+009 0
66750.7 -667507 -1.44031e-009 4.533e+006 -3.48471e-008 -4.52988e+009 0
67800.3 -678003 -4.89625e-009 4.533e+006 1.12966e-007 -4.60198e+009 0
68843.8 -688438 -4.67234e-009 4.533e+006 6.87985e-008 -4.67369e+009 0
69880.9 -698809 -1.01215e-008 4.533e+006 3.7643e-007 -4.74496e+009 0
70911.2 -709112 -4.55284e-009 4.533e+006 9.07303e-008 -4.81578e+009 0
71933.8 -719340 -4.2854e-009 4.533e+006 5.99343e-008 -4.88609e+009 0
72947.9 -729478 -5.68292e-009 4.533e+006 1.60777e-007 -4.95584e+009 0
73951.9 -739519 -8.44023e-009 4.533e+006 3.29658e-007 -5.02492e+009 0
74944.2 -749443 -6.82373e-009 4.533e+006 1.09039e-007 -5.09321e+009 0
75922.5 -759212 -1.22631e-008 4.533e+006 3.34118e-007 -5.16057e+009 0
76883.8 -768840 -1.19207e-008 4.533e+006 3.79099e-007 -5.2268e+009 0
77825.7 -778258 -1.13402e-008 4.533e+006 2.78435e-007 -5.29174e+009 0
78745.9 -787411 -1.19732e-008 4.533e+006 2.42017e-007 -5.35523e+009 0
79642.1 -796468 -1.12087e-008 4.533e+006 8.05831e-008 -5.41714e+009 0
80513.1 -805135 -1.96004e-008 4.533e+006 5.28627e-007 -5.47736e+009 0
81357.6 -813580 -1.64126e-008 4.533e+006 3.31897e-007 -5.53582e+009 0
82175.6 -821757 -2.02629e-008 4.533e+006 4.66763e-007 -5.59252e+009 0
82967.2 -829672 -1.84658e-008 4.533e+006 3.04925e-007 -5.64746e+009 0
83731.9 -837320 -1.53959e-008 4.533e+006 2.98347e-007 -5.70061e+009 0
84470.6 -844707 -1.44239e-008 4.533e+006 2.3748e-007 -5.75203e+009 0
85183.3 -851833 -1.62634e-008 4.533e+006 2.54406e-007 -5.80171e+009 0
85869.9 -858679 -1.51406e-008 4.53302e+006 3.21696e-007 -5.84967e+009 0
86531 -865341 -1.41149e-008 4.533e+006 1.78259e-007 -5.89592e+009 0
87167.3 -871665 -1.24097e-008 4.533e+006 -4.36902e-008 -5.94053e+009 0
87780.3 -877803 -1.26501e-008 4.533e+006 1.22092e-007 -5.98358e+009 0
88370.5 -883712 -1.34567e-008 4.533e+006 2.83093e-007 -6.02512e+009 0
88939.5 -889395 -1.55154e-008 4.533e+006 3.3895e-007 -6.06525e+009 0
89487.6 -894876 -1.3162e-008 4.533e+006 2.81578e-007 -6.10399e+009 0
90016.8 -900168 -6.15578e-009 4.533e+006 -1.5904e-007 -6.14146e+009 0
90527.7 -905277 -1.08906e-008 4.533e+006 1.39192e-007 -6.17772e+009 0
91021.1 -910211 -1.1808e-008 4.533e+006 -2.40774e-008 -6.21282e+009 0
91497.5 -914975 -9.28676e-009 4.533e+006 3.17195e-007 -6.24679e+009 0
91957.4 -919574 -1.44297e-008 4.53301e+006 3.76063e-007 -6.27966e+009 0
92400.6 -924007 -8.62144e-009 4.533e+006 8.79637e-008 -6.31141e+009 0
92828.8 -928288 -1.05679e-008 4.533e+006 9.3357e-008 -6.34217e+009 0
93241.8 -932393 -1.10012e-008 4.533e+006 2.87523e-007 -6.37192e+009 0
93640.3 -936403 -1.08986e-008 4.533e+006 3.55445e-007 -6.40071e+009 0
94025.7 -940258 -4.36335e-009 4.533e+006 6.12406e-008 -6.42862e+009 0
94398.6 -943986 -3.99784e-009 4.533e+006 -5.76298e-008 -6.4557e+009 0
94759.7 -947597 -2.53969e-009 4.533e+006 1.43498e-008 -6.48199e+009 0
95108.9 -951089 -4.51576e-009 4.533e+006 7.99775e-008 -6.50749e+009 0
95447.1 -954470 -1.33239e-008 4.533e+006 2.90712e-007 -6.53226e+009 0
95773.3 -957709 -1.10114e-008 4.533e+006 2.89701e-007 -6.55623e+009 0
96087.9 -960881 -7.01739e-009 4.533e+006 4.15298e-008 -6.57943e+009 0
96392 -963920 -2.85303e-009 4.533e+006 -2.07431e-008 -6.60193e+009 0
96686.8 -966868 -5.38699e-009 4.533e+006 -4.75292e-009 -6.62382e+009 0
96972.5 -969725 -3.6553e-009 4.533e+006 -1.58908e-007 -6.64509e+009 0
97249 -972490 -4.23978e-009 4.533e+006 1.64209e-007 -6.66576e+009 0
97516.5 -975165 -3.81127e-009 4.533e+006 9.19729e-008 -6.68583e+009 0
97775.6 -977756 9.41565e-010 4.533e+006 -6.13401e-008 -6.70533e+009 0
98027.1 -980270 -4.23725e-009 4.533e+006 3.01945e-008 -6.72433e+009 0
98270.6 -982706 -2.19081e-009 4.533e+006 5.01892e-008 -6.7428e+009 0
98504.9 -985051 2.89864e-009 4.533e+006 -4.16403e-007 -6.76066e+009 0
98730.9 -987310 -6.97734e-009 4.533e+006 3.96982e-007 -6.77796e+009 0
98949.4 -989494 -5.9314e-009 4.533e+006 2.90402e-008 -6.79477e+009 0
99161.2 -991612 -1.42094e-008 4.533e+006 6.03579e-007 -6.81113e+009 0
99367.1 -993671 -3.67886e-009 4.533e+006 2.22452e-007 -6.82709e+009 0
99566.7 -995668 -2.67041e-009 4.533e+006 1.20817e-007 -6.84265e+009 0
99760.2 -997602 -2.70258e-009 4.533e+006 -7.07439e-008 -6.85778e+009 0
99948.2 -999482 -5.96825e-009 4.533e+006 3.22235e-007 -6.87256e+009 0
100132 -1.00132e+006 -2.9776e-009 4.533e+006 1.20972e-007 -6.88703e+009 0
100310 -1.0031e+006 -3.66657e-009 4.533e+006 2.3995e-007 -6.9012e+009 0
100484 -1.00346e+006 -4.02271e-009 4.53295e+006 3.15072e-007 -6.91493e+009 0
100652 -1.00621e+006 -9.7004e-009 4.5327e+006 5.78872e-007 -6.92826e+009 0
100816 -1.00736e+006 -4.54084e-009 4.53266e+006 2.91858e-008 -6.94135e+009 0
100974 -1.00314e+006 -4.41698e-009 4.53215e+006 2.16139e-007 -6.95346e+009 0
101126 -1.01073e+006 -8.16528e-009 4.53175e+006 -2.36881e-008 -6.96589e+009 0
101274 -1.01267e+006 -6.8099e-009 4.53167e+006 -7.58454e-008 -6.97799e+009 0
101419 -1.01485e+006 -1.11609e-009 4.53158e+006 -7.23762e-008 -6.98987e+009 0
101560 -1.01498e+006 -1.11231e-008 4.53147e+006 5.80155e-008 -7.00142e+009 0
101676 3.63058e+006 -3.53793e-008 4.14348e+006 5.36727e-007 -6.50722e+009 0
101371 -3.57578e+006 -4.7007e-007 3.14859e+006 7.0477e-006 -6.18801e+009 0
53940.3 -1.01118e+006 -2.4702e-006 3.48679e+006 3.44619e-005 -3.84528e+009 0
47997.4 -476623 -3.8055e-007 4.38918e+006 1.86458e-006 -3.44886e+009 0
48299.2 -482485 -2.59653e-007 4.52438e+006 6.56277e-006 -3.47007e+009 0
48708.9 -485324 -5.73949e-008 4.53191e+006 1.09677e-006 -3.49931e+009 0
49093.2 -491120 -2.38369e-008 4.53275e+006 6.52706e-008 -3.52721e+009 0
