3501.54 -16.0132 -8.00661e-005
7002.97 -11.7585 -5.87924e-005
10504.5 -7.50373 -3.75186e-005
14005.9 -3.24904 -1.62452e-005
17402.1 1.64891 8.24456e-006
20470.1 7.47444 3.73722e-005
23181.1 14.0025 7.00123e-005
25593 21.079 0.000105395
27771.5 28.4116 0.000142058
29766.7 35.9755 0.000179877
31621.8 43.5651 0.000217825
33362.8 51.3095 0.000256547
35011.8 59.0092 0.000295046
36588.1 66.5854 0.000332927
38103 74.2851 0.000371425
39563.4 82.0061 0.000410031
40978.9 89.5723 0.000447862
42357.1 97.0288 0.000485144
43701.9 104.503 0.000522516
45015.6 112.023 0.000560113
46300.8 119.589 0.000597944
47560.4 127.073 0.000635364
48797.7 134.494 0.000672472
50014.7 141.867 0.000709337
51213.2 149.203 0.000746017
52395.3 156.456 0.00078228
53562.8 163.667 0.000818336
54716.7 170.872 0.000854364
55857.9 178.022 0.000890115
56988 185.139 0.000925708
58107.5 192.231 0.000961186
59217.4 199.269 0.0009964
60318.2 206.282 0.00103151
61410.4 213.313 0.00106675
62494.6 220.32 0.00110193
63570.9 227.29 0.00113702
64640.3 234.216 0.00117205
65702.8 241.061 0.00120694
66759.1 247.813 0.00124179
67809 254.445 0.00127666
68853 260.901 0.00131159
69890.4 267.131 0.0013468
70921 273.065 0.00138255
71944 278.572 0.00141894
72958.5 283.536 0.00145626
73962.9 287.848 0.00149485
74955.6 291.438 0.00153521
75934.2 294.28 0.00157772
76896 296.43 0.00162304
77838.2 297.98 0.00167154
78758.9 299.048 0.00172306
79655.6 299.777 0.00177796
80527 300.279 0.00183644
81372 300.635 0.00189775
82190.5 300.905 0.00196165
82982.7 301.127 0.00202812
83747.9 301.326 0.00209742
84487.2 301.512 0.00216911
85200.4 301.696 0.0022436
85887.7 301.882 0.0023218
86549.4 302.073 0.00240314
87186.3 302.269 0.00248759
87799.9 302.468 0.00257359
88390.8 302.671 0.00266159
88960.5 302.878 0.00275152
89509.3 303.089 0.00284306
90039.2 303.303 0.00293594
90550.9 303.518 0.0030296
91045 303.736 0.00312448
91522.3 303.96 0.0032219
91983 304.19 0.00332174
92427.1 304.428 0.00342505
92856.3 304.67 0.00353049
93270.3 304.92 0.00363913
93669.9 305.173 0.00374895
94056.5 305.429 0.00386041
94430.5 305.687 0.00397267
94792.8 305.946 0.00408521
95143.3 306.207 0.00419855
95482.9 306.471 0.00431368
95810.3 306.748 0.00443383
96126.5 307.035 0.00455888
96432 307.33 0.00468685
96728.4 307.628 0.00481662
97015.5 307.929 0.00494719
97293.6 308.228 0.00507744
97563 308.531 0.00520898
97823.8 308.837 0.00534227
98077.5 309.146 0.00547635
98322.9 309.461 0.00561332
98559.2 309.791 0.00575686
98787.4 310.134 0.00590627
99008.4 310.483 0.00605771
99222.8 310.836 0.00621144
99431.3 311.195 0.00636732
99633.4 311.557 0.00652479
99829.2 311.917 0.0066812
100020 312.272 0.00683577
100206 312.623 0.00698834
100387 312.97 0.00713892
100565 313.313 0.00728812
100737 313.664 0.00744093
100903 314.023 0.00759686
101064 314.388 0.0077555
101219 314.767 0.00792052
101370 315.156 0.00808957
101517 315.549 0.00826054
101661 315.947 0.00843341
101802 316.348 0.00860773
101799 317.729 0.0092081
56594.6 321.449 0.0108257
56530.8 321.669 0.0109213
56690.6 321.987 0.0110596
56851.9 322.34 0.0112131
57013.8 322.695 0.0113672
