3501.54 -2.79275 -0.00012365
7002.97 -3.33058 -0.000147462
10504.5 -3.8684 -0.000171275
14005.9 -4.40614 -0.000195083
17402.1 -4.9751 -0.000220274
20470.1 -5.56679 -0.000246471
23181.1 -6.15587 -0.000272553
25593 -6.73259 -0.000298087
27771.5 -7.28786 -0.000322672
29766.7 -7.82351 -0.000346388
31621.8 -8.33695 -0.000369121
33362.8 -8.83391 -0.000391124
35011.8 -9.31255 -0.000412316
36588.1 -9.77419 -0.000432755
38103 -10.2243 -0.000452682
39563.4 -10.6623 -0.000472074
40978.9 -11.0879 -0.00049092
42357.1 -11.4621 -0.000509405
43701.9 -11.7919 -0.00052775
45015.6 -12.1177 -0.000545874
46300.8 -12.4376 -0.000563664
47560.4 -12.7532 -0.00058122
48797.7 -13.0651 -0.000598566
50014.7 -13.374 -0.000615749
51213.2 -13.6808 -0.000632813
52395.3 -13.9843 -0.000649695
53562.8 -14.2839 -0.000666355
54716.7 -14.5803 -0.000682844
55857.9 -14.8741 -0.000699183
56988 -15.1653 -0.000715383
58107.5 -15.4543 -0.000731456
59217.4 -15.7415 -0.000747431
60318.2 -16.0273 -0.000763325
61410.4 -16.3107 -0.000779089
62494.6 -16.5919 -0.000794728
63570.9 -16.8711 -0.000810258
64640.3 -17.149 -0.000825715
65702.8 -17.4256 -0.000841098
66759.1 -17.7009 -0.000856414
67809 -17.9755 -0.000871686
68853 -18.2499 -0.000886949
69890.4 -18.5255 -0.000902275
70921 -18.8027 -0.000917696
71944 -19.0827 -0.00093327
72958.5 -19.3665 -0.000949056
73962.9 -19.6557 -0.000965142
74955.6 -19.952 -0.000981619
75934.2 -20.257 -0.000998584
76896 -20.5016 -0.00101629
77838.2 -20.7507 -0.00103481
78758.9 -21.0101 -0.00105411
79655.6 -21.2776 -0.001074
80527 -21.5573 -0.00109479
81372 -21.8453 -0.00111621
82190.5 -22.1404 -0.00113815
82982.7 -22.4414 -0.00116053
83747.9 -22.7499 -0.00118347
84487.2 -23.0644 -0.00120685
85200.4 -23.3813 -0.00123042
85887.7 -23.704 -0.00125441
86549.4 -24.0312 -0.00127874
87186.3 -24.3648 -0.00130354
87799.9 -24.7009 -0.00132854
88390.8 -25.0392 -0.00135369
88960.5 -25.3816 -0.00137915
89509.3 -25.7278 -0.00140489
90039.2 -26.0758 -0.00143077
90550.9 -26.424 -0.00145666
91045 -26.7706 -0.00148243
91522.3 -27.0895 -0.00150845
91983 -27.3471 -0.00153481
92427.1 -27.6102 -0.00156174
92856.3 -27.8768 -0.00158902
93270.3 -28.1469 -0.00161665
93669.9 -28.4186 -0.00164446
94056.5 -28.6935 -0.00167259
94430.5 -28.9691 -0.00170079
94792.8 -29.2448 -0.00172901
95143.3 -29.5218 -0.00175735
95482.9 -29.8022 -0.00178604
95810.3 -30.0867 -0.00181515
96126.5 -30.3805 -0.00184522
96432 -30.6783 -0.00187569
96728.4 -30.9788 -0.00190644
97015.5 -31.2783 -0.00193709
97293.6 -31.5765 -0.0019676
97563 -31.8748 -0.00199812
97823.8 -32.1126 -0.00202936
98077.5 -32.347 -0.00206071
98322.9 -32.5849 -0.00209252
98559.2 -32.8269 -0.00212489
98787.4 -33.0757 -0.00215816
99008.4 -33.3267 -0.00219173
99222.8 -33.5808 -0.00222572
99431.3 -33.8393 -0.00226029
99633.4 -34.0972 -0.00229479
99829.2 -34.3535 -0.00232906
100020 -34.6078 -0.00236307
100206 -34.859 -0.00239667
100387 -35.107 -0.00242984
100565 -35.3521 -0.00246262
100737 -35.6036 -0.00249625
100903 -35.6036 -0.00253119
101064 -35.6036 -0.00256664
101219 -35.6036 -0.00260412
101370 -35.6036 -0.00264277
101517 -35.6036 -0.00268159
101661 -35.6036 -0.00272063
101802 -35.6036 -0.00275982
101799 0 -0.00285171
56594.6 0 -0.0106882
56530.8 0 -0.0109553
56690.6 0 -0.0111114
56851.9 0 -0.0112633
57013.8 0 -0.0114149
