3501.54 -35015.4 4.79469e-008 4.533e+006 1.18681e-005 -2.35144e+008 0
7002.97 -70029.7 7.07873e-010 4.533e+006 1.05031e-008 -4.70399e+008 0
10504.5 -105045 -2.73974e-009 4.533e+006 1.57794e-007 -7.05654e+008 0
14005.9 -140059 -2.50435e-009 4.533e+006 2.03199e-007 -9.40907e+008 0
17402.1 -171285 -3.84121e-008 4.53316e+006 -9.29249e-006 -1.16893e+009 0
20470.1 -202346 -6.95146e-008 4.53314e+006 -1.64222e-005 -1.37536e+009 0
23181.1 -231082 -6.36337e-008 4.53345e+006 -1.53839e-005 -1.55804e+009 0
25593 -256113 -5.16628e-008 4.533e+006 -1.2728e-005 -1.721e+009 0
27771.5 -277717 -4.04602e-008 4.533e+006 -9.44213e-006 -1.86821e+009 0
29766.7 -297670 -3.14519e-008 4.533e+006 -7.69253e-006 -2.00324e+009 0
31621.8 -316219 -2.48988e-008 4.533e+006 -5.54944e-006 -2.12895e+009 0
33362.8 -333629 -1.84811e-008 4.533e+006 -4.69378e-006 -2.24706e+009 0
35011.8 -350118 -1.39915e-008 4.533e+006 -4.04299e-006 -2.35905e+009 0
36588.1 -365886 -1.49502e-008 4.533e+006 -3.02236e-006 -2.4662e+009 0
38103 -381028 -1.06932e-008 4.533e+006 -2.49678e-006 -2.56927e+009 0
39563.4 -395637 -9.52722e-009 4.533e+006 -2.39185e-006 -2.66871e+009 0
40978.9 -409789 -6.24251e-009 4.533e+006 -1.82048e-006 -2.76516e+009 0
42357.1 -423571 -7.75314e-009 4.533e+006 -1.50329e-006 -2.85914e+009 0
43701.9 -437092 -4.0875e-009 4.533e+006 -1.48126e-006 -2.95089e+009 0
45015.6 -450156 -5.75847e-009 4.533e+006 -1.335e-006 -3.04056e+009 0
46300.8 -463008 -4.60291e-009 4.533e+006 -1.22605e-006 -3.12835e+009 0
47560.4 -475604 -3.03208e-009 4.533e+006 -1.12688e-006 -3.21443e+009 0
48797.7 -487976 -6.3054e-009 4.533e+006 -9.49566e-007 -3.29902e+009 0
50014.7 -500147 -2.22753e-009 4.533e+006 -8.5049e-007 -3.38227e+009 0
51213.2 -512133 -2.84877e-009 4.533e+006 -8.73199e-007 -3.46429e+009 0
52395.3 -523953 -2.75081e-009 4.533e+006 -6.63614e-007 -3.54521e+009 0
53562.8 -535631 -3.56619e-009 4.533e+006 -6.06269e-007 -3.62516e+009 0
54716.7 -547166 -5.00278e-009 4.533e+006 -4.85363e-007 -3.7042e+009 0
55857.9 -558579 -4.21755e-009 4.533e+006 -4.3508e-007 -3.78241e+009 0
56988 -569882 -2.93722e-009 4.533e+006 -4.45881e-007 -3.85987e+009 0
58107.5 -581075 -1.65757e-009 4.533e+006 -3.62494e-007 -3.93663e+009 0
59217.4 -592174 -4.49239e-009 4.533e+006 -3.79181e-007 -4.01275e+009 0
60318.2 -603182 -7.03461e-010 4.533e+006 -4.08667e-007 -4.08827e+009 0
61410.4 -614105 -2.29767e-009 4.533e+006 -2.897e-007 -4.16321e+009 0
62494.6 -624946 -1.24572e-009 4.533e+006 -4.641e-007 -4.23761e+009 0
63570.9 -635709 -1.62257e-010 4.533e+006 -4.60023e-007 -4.3115e+009 0
64640.3 -646403 -2.0856e-009 4.533e+006 -3.75962e-007 -4.38492e+009 0
65702.8 -657028 -1.27808e-009 4.533e+006 -3.07592e-007 -4.45789e+009 0
66759.1 -667591 -4.504e-010 4.533e+006 -3.52353e-007 -4.53044e+009 0
67809 -678090 -1.26643e-009 4.533e+006 -1.58838e-007 -4.60257e+009 0
68853 -688530 -1.44119e-009 4.533e+006 -2.41435e-007 -4.6743e+009 0
69890.4 -698904 -2.62893e-009 4.533e+006 -2.30645e-007 -4.74559e+009 0
70921 -709210 -2.77316e-009 4.533e+006 -3.49214e-007 -4.81644e+009 0
71944 -719440 -2.20551e-009 4.533e+006 -3.72597e-007 -4.88678e+009 0
72958.5 -729585 4.19919e-009 4.533e+006 -7.08587e-007 -4.95655e+009 0
73962.9 -739629 -1.61991e-009 4.533e+006 -6.16417e-007 -5.02565e+009 0
74955.6 -749557 -4.08766e-009 4.533e+006 -4.19219e-007 -5.09397e+009 0
75934.2 -759342 -4.94306e-009 4.533e+006 -6.70078e-007 -5.16135e+009 0
76896 -768960 -4.92299e-009 4.533e+006 -6.58685e-007 -5.22761e+009 0
77838.2 -778382 8.61116e-010 4.533e+006 -1.26564e-006 -5.29257e+009 0
78758.9 -787580 -3.2002e-009 4.533e+006 -9.6146e-007 -5.3561e+009 0
79655.6 -796607 -3.75158e-009 4.533e+006 -1.1934e-006 -5.41803e+009 0
80527 -805273 -1.84616e-009 4.533e+006 -1.27078e-006 -5.47828e+009 0
81372 -813726 -4.53411e-009 4.533e+006 -1.17403e-006 -5.53678e+009 0
82190.5 -821906 -2.64511e-009 4.533e+006 -1.40727e-006 -5.59351e+009 0
82982.7 -829826 -5.67381e-009 4.533e+006 -1.18578e-006 -5.64848e+009 0
83747.9 -837480 -3.87354e-009 4.533e+006 -1.34669e-006 -5.70167e+009 0
84487.2 -844873 -4.98935e-009 4.533e+006 -1.05447e-006 -5.75313e+009 0
85200.4 -852004 -4.39447e-010 4.53301e+006 -1.42157e-006 -5.80285e+009 0
85887.7 -858873 1.60594e-009 4.533e+006 -1.4611e-006 -5.85085e+009 0
86549.4 -865534 2.49422e-009 4.533e+006 -1.72664e-006 -5.89714e+009 0
87186.3 -871864 -1.55092e-009 4.533e+006 -1.2892e-006 -5.94179e+009 0
87799.9 -878000 -6.08493e-009 4.533e+006 -9.54747e-007 -5.98489e+009 0
88390.8 -883922 7.67055e-010 4.533e+006 -1.22291e-006 -6.02647e+009 0
88960.5 -889601 -2.29657e-010 4.533e+006 -1.14758e-006 -6.06664e+009 0
89509.3 -895094 -1.3973e-009 4.533e+006 -1.1123e-006 -6.10543e+009 0
90039.2 -900393 -5.90666e-009 4.533e+006 -7.8921e-007 -6.14296e+009 0
90550.9 -905509 -2.39509e-009 4.533e+006 -7.76691e-007 -6.17927e+009 0
91045 -910451 -5.77615e-009 4.533e+006 -7.72967e-007 -6.21442e+009 0
91522.3 -915222 -5.96698e-009 4.533e+006 -7.57034e-007 -6.24844e+009 0
91983 -919830 -2.15262e-009 4.533e+006 -4.94584e-007 -6.28136e+009 0
92427.1 -924272 -1.82347e-012 4.533e+006 -7.0625e-007 -6.31318e+009 0
92856.3 -928560 -2.89143e-009 4.533e+006 -7.89363e-007 -6.344e+009 0
93270.3 -932703 -6.77473e-009 4.533e+006 -4.79838e-007 -6.37382e+009 0
93669.9 -936703 -2.69572e-009 4.533e+006 -6.89963e-007 -6.40267e+009 0
94056.5 -940602 3.64898e-009 4.533e+006 -1.07669e-006 -6.43066e+009 0
94430.5 -944305 -6.69203e-009 4.533e+006 -3.66989e-007 -6.45782e+009 0
94792.8 -947928 -2.32147e-009 4.533e+006 -5.64702e-007 -6.48419e+009 0
95143.3 -951433 -7.85702e-009 4.533e+006 -2.16064e-007 -6.50978e+009 0
95482.9 -954829 -4.06822e-009 4.533e+006 -7.15477e-007 -6.53464e+009 0
95810.3 -958104 -4.97839e-009 4.533e+006 -4.23393e-007 -6.5587e+009 0
96126.5 -961265 -1.27158e-009 4.533e+006 -6.58195e-007 -6.582e+009 0
96432 -964321 -7.44155e-009 4.533e+006 -4.40099e-007 -6.6046e+009 0
96728.4 -967284 2.38504e-010 4.533e+006 -3.4778e-007 -6.62658e+009 0
97015.5 -970155 5.29005e-009 4.533e+006 -9.15764e-007 -6.64795e+009 0
97293.6 -972936 -5.20624e-009 4.533e+006 -2.98592e-007 -6.66872e+009 0
97563 -975630 -2.15432e-010 4.533e+006 -4.69632e-007 -6.68892e+009 0
97823.8 -978239 -1.41837e-009 4.533e+006 -3.22237e-007 -6.70854e+009 0
98077.5 -980775 -3.02398e-009 4.533e+006 -1.11854e-007 -6.72768e+009 0
98322.9 -983229 -5.944e-010 4.533e+006 -1.17536e-007 -6.74628e+009 0
98559.2 -985593 -2.76347e-009 4.533e+006 -2.20269e-007 -6.76427e+009 0
98787.4 -987875 -2.01958e-009 4.533e+006 -4.35519e-007 -6.78172e+009 0
99008.4 -990084 -7.63992e-010 4.533e+006 -2.29915e-007 -6.79869e+009 0
99222.8 -992227 -4.50371e-009 4.533e+006 -3.41478e-007 -6.81523e+009 0
99431.3 -994314 -1.0498e-009 4.533e+006 -5.85257e-007 -6.83137e+009 0
99633.4 -996390 2.55101e-009 4.533e+006 -6.53631e-007 -6.84708e+009 0
99829.2 -998292 -8.84358e-010 4.533e+006 -3.57924e-007 -6.86238e+009 0
100020 -1.0002e+006 3.28266e-009 4.533e+006 -5.04693e-007 -6.87732e+009 0
100206 -1.00206e+006 -2.80086e-010 4.533e+006 -9.05063e-008 -6.89196e+009 0
100387 -1.00387e+006 4.56788e-010 4.533e+006 -2.21968e-007 -6.90631e+009 0
100565 -1.00561e+006 -2.93405e-009 4.533e+006 7.10367e-008 -6.92038e+009 0
100737 -1.00405e+006 5.65799e-009 4.53281e+006 -7.36991e-007 -6.93379e+009 0
100903 -1.009e+006 4.82671e-009 4.53264e+006 -8.33897e-007 -6.94717e+009 0
101064 -1.00454e+006 -8.08387e-010 4.53234e+006 -6.0197e-007 -6.95963e+009 0
101219 -1.0197e+006 4.34996e-010 4.53136e+006 -8.53482e-007 -6.97223e+009 0
101370 -1.0143e+006 -3.56357e-009 4.5313e+006 -8.42977e-007 -6.98415e+009 0
101517 -1.01513e+006 -9.27094e-010 4.53127e+006 -1.05849e-006 -6.99617e+009 0
101661 -1.01652e+006 -1.5224e-008 4.53126e+006 2.50071e-008 -7.008e+009 0
101802 -1.01701e+006 4.92425e-009 4.53122e+006 -1.1304e-006 -7.01956e+009 0
101799 678475 -7.64323e-008 3.67071e+006 -1.18756e-005 -6.34103e+009 0
56594.6 -2.17706e+006 -3.26575e-007 4.23557e+006 -2.94456e-005 -4.0485e+009 0
56530.8 -616078 -1.4188e-007 4.4994e+006 -2.25192e-005 -4.01616e+009 0
56690.6 -568454 -1.19304e-008 4.53057e+006 -1.87314e-006 -4.02812e+009 0
56851.9 -569379 -2.91843e-008 4.53264e+006 1.79593e-006 -4.0412e+009 0
57013.8 -570449 -3.30112e-008 4.53284e+006 2.39591e-006 -4.05423e+009 0
