3501.54 5.53076e-005
7002.97 0.00011284
10504.5 0.000170372
14005.9 0.000227904
17402.1 0.000286091
20470.1 0.000346669
23181.1 0.000409671
25593 0.000474215
27771.5 0.000539711
29766.7 0.000605762
31621.8 0.000672119
33362.8 0.000738613
35011.8 0.000805142
36588.1 0.000871571
38103 0.000937884
39563.4 0.00100405
40978.9 0.00107
42357.1 0.00113572
43701.9 0.00120122
45015.6 0.00126653
46300.8 0.00133161
47560.4 0.00139646
48797.7 0.0014611
50014.7 0.00152554
51213.2 0.00158982
52395.3 0.00165395
53562.8 0.00171788
54716.7 0.00178163
55857.9 0.00184518
56988 0.00190857
58107.5 0.00197182
59217.4 0.00203493
60318.2 0.00209791
61410.4 0.00216076
62494.6 0.00222347
63570.9 0.00228603
64640.3 0.00234845
65702.8 0.00241071
66759.1 0.00247284
67809 0.00253484
68853 0.00259672
69890.4 0.0026585
70921 0.00272019
71944 0.0027818
72958.5 0.00284337
73962.9 0.00290493
74955.6 0.00296653
75934.2 0.00302821
76896 0.00309001
77838.2 0.003152
78758.9 0.00321425
79655.6 0.00327679
80527 0.00333967
81372 0.00340292
82190.5 0.00346656
82982.7 0.00353061
83747.9 0.0035951
84487.2 0.00366001
85200.4 0.00372538
85887.7 0.00379118
86549.4 0.00385744
87186.3 0.00392413
87799.9 0.00399125
88390.8 0.00405878
88960.5 0.00412673
89509.3 0.00419507
90039.2 0.00426377
90550.9 0.00433284
91045 0.00440225
91522.3 0.004472
91983 0.00454209
92427.1 0.00461249
92856.3 0.00468321
93270.3 0.00475422
93669.9 0.00482553
94056.5 0.00489709
94430.5 0.0049689
94792.8 0.00504097
95143.3 0.00511328
95482.9 0.00518581
95810.3 0.00525857
96126.5 0.00533155
96432 0.00540473
96728.4 0.0054781
97015.5 0.00555166
97293.6 0.00562539
97563 0.0056993
97823.8 0.00577337
98077.5 0.00584758
98322.9 0.00592195
98559.2 0.00599647
98787.4 0.00607112
99008.4 0.0061459
99222.8 0.00622081
99431.3 0.00629583
99633.4 0.00637097
99829.2 0.00644622
100020 0.00652157
100206 0.00659701
100387 0.00667256
100565 0.00674819
100737 0.00682391
100903 0.00689972
101064 0.00697561
101219 0.00705158
101370 0.00712762
101517 0.00720372
101661 0.00727989
101802 0.00735612
101799 0.00743186
56594.6 0.00811811
56530.8 0.00819395
56690.6 0.00826739
56851.9 0.00834081
57013.8 0.00841423
