2248.02 -28.519 -0.000142595
4495.97 -24.2727 -0.000121364
6743.95 -20.0264 -0.000100132
8991.94 -15.7802 -7.89008e-005
11239.9 -11.5339 -5.76694e-005
13487.9 -7.28759 -3.64379e-005
15723 -2.83417 -1.41708e-005
17878 2.17231 1.08615e-005
19910 7.66663 3.83332e-005
21810.8 13.5467 6.77335e-005
23590.1 19.7736 9.88679e-005
25264.9 26.1562 0.000130781
26848 32.739 0.000163695
28354.5 39.3404 0.000196702
29793.8 46.1635 0.000230818
31172.4 53.0209 0.000265105
32498.6 59.8869 0.000299434
33780.1 66.7053 0.000333527
35021.5 73.6221 0.000368111
36227.4 80.5169 0.000402585
37401.9 87.4096 0.000437048
38548.9 94.2288 0.000471144
39672.1 100.986 0.000504929
40774.2 107.686 0.000538428
41857.8 114.342 0.000571711
42924.1 121.033 0.000605166
43974.3 127.729 0.000638644
45010.1 134.403 0.000672018
46032.6 141.036 0.000705183
47043.3 147.621 0.000738104
48043.4 154.141 0.000770705
49033.8 160.608 0.000803042
50015.6 167.035 0.000835182
50989.3 173.432 0.000867169
51955.7 179.811 0.000899067
52915.2 186.177 0.000930913
53868.1 192.532 0.000962705
54814.9 198.872 0.000994434
55755.8 205.219 0.00102623
56690.7 211.6 0.00105822
57619.8 217.975 0.00109023
58543.3 224.309 0.00112213
59461.5 230.609 0.00115398
60374.7 236.854 0.00118575
61283.2 243.046 0.00121755
62186.7 249.162 0.0012494
63085.6 255.163 0.0012813
63979.6 261.007 0.00131329
64868.6 266.665 0.00134559
65752.2 272.064 0.00137829
66629.7 277.133 0.00141159
67500.4 281.784 0.00144569
68363.4 285.931 0.00148082
69217.6 289.498 0.00151719
70061.6 292.452 0.00155504
70894.2 294.806 0.00159469
71713.6 296.613 0.00163638
72518.6 297.957 0.00168044
73307.5 298.931 0.00172698
74079.2 299.625 0.0017759
74832.9 300.122 0.00182712
75567.9 300.487 0.00188065
76283.5 300.768 0.00193672
76979.3 300.995 0.00199493
77655 301.192 0.00205555
78310.3 301.372 0.00211872
78944.9 301.546 0.00218514
79559 301.717 0.00225411
80152.3 301.889 0.00232584
80726.1 302.063 0.0023996
81279.9 302.24 0.00247546
81814.8 302.422 0.00255384
82330.8 302.608 0.00263458
82828.3 302.801 0.00271795
83308.4 302.997 0.00280323
83771.3 303.197 0.00289027
84217.7 303.403 0.0029797
84648 303.615 0.00307174
85062.2 303.834 0.00316689
85461.6 304.058 0.00326443
85846.8 304.287 0.003364
86217.7 304.522 0.00346606
86576.2 304.758 0.00356873
86922.8 304.997 0.00367242
87256.8 305.239 0.00377778
87579.5 305.486 0.00388511
87891.7 305.738 0.00399458
88193.6 305.993 0.00410585
88485.4 306.251 0.00421792
88767.9 306.511 0.0043308
89041.6 306.775 0.00444569
89306.9 307.042 0.0045617
89564 307.311 0.00467871
89812.7 307.586 0.00479818
90053.5 307.866 0.00492022
90286.9 308.152 0.00504428
90513.4 308.442 0.0051705
90732.6 308.738 0.00529934
90945 309.04 0.00543049
91151.2 309.342 0.00556195
91352.1 309.643 0.00569263
91548.1 309.941 0.00582213
91739.4 310.235 0.00595004
91926.1 310.525 0.0060761
92108.1 310.81 0.00620019
92286.1 311.092 0.00632251
92460.2 311.37 0.00644366
92630.5 311.649 0.00656467
92797 311.929 0.00668649
92959.9 312.21 0.00680891
93119 312.494 0.0069322
93274.4 312.78 0.00705669
93426.3 313.07 0.00718282
93574.6 313.366 0.00731123
93719.8 313.665 0.00744133
93861.7 313.966 0.00757234
93999.3 314.28 0.00770848
94133.2 314.603 0.00784928
94263.5 314.934 0.0079931
94390.4 315.271 0.00813959
94513.6 315.621 0.00829158
94634.9 315.964 0.00844073
94754.1 316.304 0.00858852
94763.5 317.362 0.00904878
55737.8 320.649 0.0104777
55664.5 320.73 0.0105129
55827.7 321.037 0.0106467
55989.4 321.348 0.0107819
56149.1 321.655 0.0109154
56271.9 321.943 0.0110405
