2248.02 -2.37556 -0.000183645
4495.97 -2.68358 -0.000207456
6743.95 -2.9916 -0.000231268
8991.94 -3.29962 -0.00025508
11239.9 -3.60764 -0.000278891
13487.9 -3.91566 -0.000302703
15723 -4.22997 -0.000327001
17878 -4.557 -0.000352283
19910 -4.88955 -0.00037799
21810.8 -5.22121 -0.00040363
23590.1 -5.54985 -0.000429036
25264.9 -5.87096 -0.00045386
26848 -6.18615 -0.000478225
28354.5 -6.48714 -0.000501942
29793.8 -6.72228 -0.000525587
31172.4 -6.95341 -0.000548828
32498.6 -7.18083 -0.000571696
33780.1 -7.40523 -0.000594261
35021.5 -7.62634 -0.000616493
36227.4 -7.84365 -0.000638345
37401.9 -8.05783 -0.000659881
38548.9 -8.26916 -0.000681132
39672.1 -8.47719 -0.000702049
40774.2 -8.68174 -0.000722618
41857.8 -8.88467 -0.000743023
42924.1 -9.08505 -0.000763172
43974.3 -9.28266 -0.000783043
45010.1 -9.47794 -0.000802679
46032.6 -9.6712 -0.000822112
47043.3 -9.86263 -0.00084136
48043.4 -10.0522 -0.000860418
49033.8 -10.2404 -0.000879346
50015.6 -10.4272 -0.000898129
50989.3 -10.6129 -0.000916805
51955.7 -10.7974 -0.00093536
52915.2 -10.9807 -0.000953786
53868.1 -11.1627 -0.000972085
54814.9 -11.3434 -0.000990255
55755.8 -11.5021 -0.00100837
56690.7 -11.6361 -0.00102651
57619.8 -11.7698 -0.00104461
58543.3 -11.9031 -0.00106265
59461.5 -12.0366 -0.00108072
60374.7 -12.1695 -0.00109871
61283.2 -12.3018 -0.00111662
62186.7 -12.4342 -0.00113455
63085.6 -12.5669 -0.00115251
63979.6 -12.6996 -0.00117048
64868.6 -12.8332 -0.00118856
65752.2 -12.9678 -0.00120678
66629.7 -13.1033 -0.00122512
67500.4 -13.2408 -0.00124373
68363.4 -13.3809 -0.0012627
69217.6 -13.5237 -0.00128204
70061.6 -13.6698 -0.00130181
70894.2 -13.8195 -0.00132208
71713.6 -13.9733 -0.0013429
72518.6 -14.1321 -0.0013644
73307.5 -14.2954 -0.0013865
74079.2 -14.4633 -0.00140922
74832.9 -14.6363 -0.00143265
75567.9 -14.8133 -0.00145661
76283.5 -14.9947 -0.00148117
76979.3 -15.169 -0.00150634
77655 -15.3129 -0.00153235
78310.3 -15.4608 -0.00155906
78944.9 -15.6115 -0.00158629
79559 -15.7665 -0.00161428
80152.3 -15.9255 -0.00164301
80726.1 -16.0879 -0.00167234
81279.9 -16.2534 -0.00170225
81814.8 -16.4235 -0.00173296
82330.8 -16.5978 -0.00176445
82828.3 -16.7758 -0.00179661
83308.4 -16.9583 -0.00182958
83771.3 -17.1445 -0.00186322
84217.7 -17.3351 -0.00189764
84648 -17.5291 -0.00193268
85062.2 -17.7276 -0.00196855
85461.6 -17.9249 -0.00200522
85846.8 -18.0897 -0.00204238
86217.7 -18.2569 -0.00208009
86576.2 -18.4247 -0.00211792
86922.8 -18.5933 -0.00215593
87256.8 -18.7645 -0.00219453
87579.5 -18.9376 -0.00223355
87891.7 -19.1126 -0.00227301
88193.6 -19.2885 -0.00231268
88485.4 -19.4656 -0.0023526
88767.9 -19.6424 -0.00239246
89041.6 -19.8188 -0.00243224
89306.9 -19.9955 -0.00247207
89564 -20.1679 -0.00251196
89812.7 -20.3309 -0.00255212
90053.5 -20.497 -0.00259303
90286.9 -20.6654 -0.00263451
90513.4 -20.8354 -0.0026764
90732.6 -21.0072 -0.00271872
90945 -21.181 -0.00276152
91151.2 -21.3548 -0.00280433
91352.1 -21.5272 -0.00284681
91548.1 -21.6981 -0.0028889
91739.4 -21.8667 -0.00293043
91926.1 -22.0328 -0.00297134
92108.1 -22.1992 -0.00301161
92286.1 -22.3702 -0.00305123
92460.2 -22.5388 -0.0030903
92630.5 -22.7053 -0.00312889
92797 -22.8719 -0.00316748
92959.9 -23.0381 -0.00320599
93119 -23.204 -0.00324442
93274.4 -23.3702 -0.00328294
93426.3 -23.5362 -0.00332139
93574.6 -23.7035 -0.00336016
93719.8 -23.8722 -0.00339927
93861.7 -24.0414 -0.00343845
93999.3 -24.2161 -0.00347895
94133.2 -24.2161 -0.00352122
94263.5 -24.2161 -0.003564
94390.4 -24.2161 -0.00360781
94513.6 -24.2161 -0.00365473
94634.9 -24.2161 -0.00370046
94754.1 -24.2161 -0.00374549
94763.5 0 -0.00383214
55737.8 0 -0.0117594
55664.5 0 -0.0120484
55827.7 0 -0.0122303
55989.4 0 -0.0123863
56149.1 0 -0.012536
56271.9 0 -0.0126998
