2248.02 -22480.2 -1.28522e-007 4.533e+006 6.69608e-006 -1.51552e+008 0
4495.97 -44959.7 1.65008e-009 4.533e+006 -1.91171e-007 -3.03399e+008 0
6743.95 -67439.5 2.77993e-009 4.533e+006 -2.04938e-007 -4.55246e+008 0
8991.94 -89919.4 2.50398e-009 4.533e+006 -1.08386e-007 -6.07094e+008 0
11239.9 -112399 -3.18537e-009 4.533e+006 1.74663e-007 -7.58941e+008 0
13487.9 -134879 2.76685e-009 4.533e+006 -7.93837e-008 -9.10788e+008 0
15723 -156056 1.64511e-008 4.53304e+006 -8.13078e-007 -1.06169e+009 0
17878 -179758 6.97141e-008 4.53304e+006 -3.50391e-006 -1.20747e+009 0
19910 -198232 8.9813e-008 4.53303e+006 -4.60999e-006 -1.34485e+009 0
21810.8 -217263 9.10514e-008 4.53304e+006 -4.64375e-006 -1.4736e+009 0
23590.1 -235900 8.50522e-008 4.53299e+006 -4.42861e-006 -1.59432e+009 0
25264.9 -252642 6.98128e-008 4.53299e+006 -3.63817e-006 -1.70803e+009 0
26848 -268480 6.05515e-008 4.533e+006 -3.1447e-006 -1.81564e+009 0
28354.5 -283564 4.69749e-008 4.533e+006 -2.40327e-006 -1.91815e+009 0
29793.8 -297942 4.68762e-008 4.533e+006 -2.41159e-006 -2.01619e+009 0
31172.4 -311724 3.90622e-008 4.533e+006 -1.97089e-006 -2.11019e+009 0
32498.6 -324986 3.26306e-008 4.533e+006 -1.74006e-006 -2.2007e+009 0
33780.1 -337801 2.75968e-008 4.533e+006 -1.50009e-006 -2.28824e+009 0
35021.5 -350215 2.52119e-008 4.533e+006 -1.35262e-006 -2.3731e+009 0
36227.4 -362274 2.5592e-008 4.533e+006 -1.36221e-006 -2.45561e+009 0
37401.9 -374019 2.39e-008 4.533e+006 -1.23678e-006 -2.53603e+009 0
38548.9 -385490 1.69585e-008 4.533e+006 -9.21776e-007 -2.61462e+009 0
39672.1 -396722 1.63737e-008 4.533e+006 -7.78176e-007 -2.69162e+009 0
40774.2 -407742 1.47101e-008 4.533e+006 -7.36327e-007 -2.76722e+009 0
41857.8 -418578 1.60676e-008 4.533e+006 -7.34149e-007 -2.84159e+009 0
42924.1 -429240 1.36265e-008 4.533e+006 -6.59025e-007 -2.91481e+009 0
43974.3 -439740 1.16789e-008 4.533e+006 -5.85321e-007 -2.98695e+009 0
45010.1 -450101 9.20188e-009 4.533e+006 -4.86627e-007 -3.05814e+009 0
46032.6 -460326 8.9581e-009 4.533e+006 -3.75175e-007 -3.12845e+009 0
47043.3 -470433 9.35508e-009 4.533e+006 -5.0283e-007 -3.19797e+009 0
48043.4 -480434 7.26405e-009 4.533e+006 -4.14073e-007 -3.26678e+009 0
49033.8 -490338 5.67558e-009 4.533e+006 -2.59539e-007 -3.33495e+009 0
50015.6 -500156 5.6186e-009 4.533e+006 -3.48941e-007 -3.40254e+009 0
50989.3 -509893 4.65309e-009 4.533e+006 -2.42096e-007 -3.4696e+009 0
51955.7 -519557 4.0425e-009 4.533e+006 -2.20004e-007 -3.53617e+009 0
52915.2 -529152 4.42888e-009 4.533e+006 -2.65872e-007 -3.60228e+009 0
53868.1 -538681 3.09213e-009 4.533e+006 -1.279e-007 -3.66795e+009 0
54814.9 -548149 2.81279e-009 4.533e+006 -2.05039e-007 -3.73322e+009 0
55755.8 -557558 3.1394e-009 4.533e+006 -2.0679e-007 -3.7981e+009 0
56690.7 -566908 5.06418e-009 4.533e+006 -2.69782e-007 -3.86257e+009 0
57619.8 -576198 4.7773e-009 4.533e+006 -1.07577e-007 -3.92666e+009 0
58543.3 -585432 1.83798e-010 4.533e+006 8.65494e-008 -3.99037e+009 0
59461.5 -594615 1.67217e-009 4.533e+006 -6.73564e-008 -4.05374e+009 0
60374.7 -603747 -5.00351e-010 4.533e+006 1.2199e-007 -4.11677e+009 0
61283.2 -612831 3.09515e-009 4.533e+006 -1.75811e-007 -4.17948e+009 0
62186.7 -621867 4.51658e-009 4.533e+006 -2.63756e-007 -4.24187e+009 0
63085.6 -630856 2.72931e-009 4.533e+006 -2.21027e-007 -4.30395e+009 0
63979.6 -639796 5.25159e-009 4.533e+006 -3.5591e-007 -4.3657e+009 0
64868.6 -648686 1.14814e-009 4.533e+006 -1.35569e-008 -4.42712e+009 0
65752.2 -657522 9.65798e-010 4.533e+006 1.40719e-008 -4.48818e+009 0
66629.7 -666296 1.30468e-009 4.533e+006 -5.12271e-008 -4.54884e+009 0
67500.4 -675005 7.1368e-009 4.533e+006 -2.96933e-007 -4.60904e+009 0
68363.4 -683635 3.97354e-009 4.533e+006 -2.34364e-007 -4.66874e+009 0
69217.6 -692173 6.49522e-009 4.533e+006 -2.81072e-007 -4.72784e+009 0
70061.6 -700615 5.70892e-009 4.533e+006 -2.41316e-007 -4.78627e+009 0
70894.2 -708937 8.6365e-009 4.533e+006 -4.63019e-007 -4.84393e+009 0
71713.6 -717135 8.22813e-009 4.533e+006 -4.21512e-007 -4.90072e+009 0
72518.6 -725184 1.24072e-008 4.53301e+006 -6.11127e-007 -4.95655e+009 0
73307.5 -733076 1.05041e-008 4.533e+006 -5.26558e-007 -5.01131e+009 0
74079.2 -740793 8.40478e-009 4.533e+006 -5.61001e-007 -5.06492e+009 0
74832.9 -748329 1.03425e-008 4.533e+006 -5.65946e-007 -5.11735e+009 0
75567.9 -755673 1.13072e-008 4.533e+006 -5.90904e-007 -5.16852e+009 0
76283.5 -762835 1.27191e-008 4.533e+006 -4.99674e-007 -5.2184e+009 0
76979.3 -769793 6.65019e-009 4.533e+006 -3.19039e-007 -5.26696e+009 0
77655 -776553 9.95963e-009 4.533e+006 -5.24259e-007 -5.31419e+009 0
78310.3 -783101 1.35051e-008 4.533e+006 -6.2596e-007 -5.36007e+009 0
78944.9 -789449 1.49176e-008 4.533e+006 -8.53106e-007 -5.40455e+009 0
79559 -795590 1.18027e-008 4.533e+006 -6.20934e-007 -5.44768e+009 0
80152.3 -801507 1.29695e-008 4.533e+006 -6.70084e-007 -5.48943e+009 0
80726.1 -807262 9.80822e-009 4.533e+006 -5.23793e-007 -5.52988e+009 0
81279.9 -812799 1.12078e-008 4.533e+006 -5.15617e-007 -5.569e+009 0
81814.8 -818149 1.34042e-008 4.533e+006 -7.26069e-007 -5.60685e+009 0
82330.8 -823307 8.58256e-009 4.533e+006 -4.56384e-007 -5.64345e+009 0
82828.3 -828296 8.53303e-009 4.533e+006 -4.46631e-007 -5.67883e+009 0
83308.4 -833085 1.44082e-008 4.533e+006 -8.79979e-007 -5.71304e+009 0
83771.3 -837712 1.14551e-008 4.533e+006 -5.94044e-007 -5.7461e+009 0
84217.7 -842178 1.04982e-008 4.533e+006 -5.61664e-007 -5.77807e+009 0
84648 -846469 1.22029e-008 4.533e+006 -4.78554e-007 -5.80897e+009 0
85062.2 -850623 1.09622e-008 4.533e+006 -6.96129e-007 -5.8388e+009 0
85461.6 -854617 3.28824e-009 4.533e+006 -1.51989e-007 -5.86764e+009 0
85846.8 -858468 1.36142e-008 4.533e+006 -6.80537e-007 -5.89554e+009 0
86217.7 -862179 8.94204e-009 4.533e+006 -5.43107e-007 -5.92248e+009 0
86576.2 -865764 1.31535e-008 4.533e+006 -8.07308e-007 -5.94861e+009 0
86922.8 -869230 5.57003e-009 4.533e+006 -1.1799e-007 -5.97393e+009 0
87256.8 -872569 8.63464e-009 4.533e+006 -3.61733e-007 -5.99843e+009 0
87579.5 -875813 6.11342e-009 4.533e+006 -3.5218e-007 -6.02216e+009 0
87891.7 -878917 3.10333e-009 4.533e+006 -1.04558e-007 -6.04521e+009 0
88193.6 -881936 1.11281e-008 4.533e+006 -4.24929e-007 -6.06756e+009 0
88485.4 -884854 4.79095e-009 4.533e+006 -1.61869e-007 -6.08924e+009 0
88767.9 -887680 7.69966e-009 4.533e+006 -2.55224e-007 -6.11031e+009 0
89041.6 -890416 8.82866e-009 4.533e+006 -4.03804e-007 -6.13078e+009 0
89306.9 -893065 2.96177e-009 4.533e+006 -1.85019e-007 -6.15071e+009 0
89564 -895640 -2.24568e-010 4.533e+006 -6.12272e-008 -6.17008e+009 0
89812.7 -898127 5.91165e-009 4.533e+006 -6.05685e-007 -6.1889e+009 0
90053.5 -900536 8.48598e-010 4.533e+006 -9.20821e-008 -6.20718e+009 0
90286.9 -902869 7.58839e-009 4.533e+006 -3.53418e-007 -6.22498e+009 0
90513.4 -905134 8.23712e-011 4.533e+006 1.39261e-007 -6.24232e+009 0
90732.6 -907327 2.08799e-009 4.533e+006 -1.99162e-007 -6.25917e+009 0
90945 -909450 4.08717e-009 4.533e+006 -1.27913e-007 -6.27557e+009 0
91151.2 -911513 2.00235e-009 4.533e+006 -1.88424e-007 -6.29156e+009 0
91352.1 -913521 5.52086e-009 4.533e+006 -2.347e-007 -6.30719e+009 0
91548.1 -915481 5.37943e-009 4.533e+006 -2.49637e-007 -6.3225e+009 0
91739.4 -917394 9.12359e-009 4.533e+006 -4.97313e-007 -6.3375e+009 0
91926.1 -919261 8.22636e-009 4.533e+006 -4.35202e-007 -6.35218e+009 0
92108.1 -921081 3.4997e-009 4.533e+006 -2.43563e-007 -6.36656e+009 0
92286.1 -922861 1.28768e-009 4.533e+006 -2.11992e-007 -6.38067e+009 0
92460.2 -924602 5.41201e-009 4.533e+006 -1.56932e-007 -6.39452e+009 0
92630.5 -926305 4.73056e-009 4.533e+006 -4.4774e-007 -6.40812e+009 0
92797 -927970 3.59539e-009 4.533e+006 -4.61732e-007 -6.42146e+009 0
92959.9 -929599 8.35244e-009 4.533e+006 -4.28995e-007 -6.43457e+009 0
93119 -931190 5.9963e-010 4.533e+006 -2.37091e-007 -6.44742e+009 0
93274.4 -932744 1.2507e-009 4.533e+006 1.41065e-008 -6.46003e+009 0
93426.3 -934263 9.91481e-009 4.533e+006 -4.64913e-007 -6.4724e+009 0
93574.6 -935763 6.83135e-009 4.533e+006 -4.1595e-007 -6.48454e+009 0
93719.8 -937198 -2.95839e-009 4.533e+006 1.22059e-007 -6.49647e+009 0
93861.7 -938551 7.53197e-010 4.533e+006 -1.67367e-007 -6.50817e+009 0
93999.3 -937476 4.25482e-009 4.53285e+006 -1.85584e-007 -6.51937e+009 0
94133.2 -940974 6.11971e-009 4.53273e+006 -1.00088e-007 -6.53057e+009 0
94263.5 -937558 8.16717e-009 4.53251e+006 -5.20657e-007 -6.54112e+009 0
94390.4 -960255 1.50783e-008 4.53136e+006 -6.07939e-007 -6.55212e+009 0
94513.6 -946637 5.78727e-009 4.53175e+006 -1.4681e-007 -6.56212e+009 0
94634.9 -946083 6.20735e-009 4.53184e+006 -4.83752e-007 -6.57242e+009 0
94754.1 -68335.7 4.40279e-009 4.511e+006 -2.1646e-007 -6.52405e+009 0
94763.5 1.07301e+006 1.7247e-007 3.91684e+006 -8.33949e-006 -6.06263e+009 0
55737.8 -1.6796e+006 9.94473e-007 4.2646e+006 -5.07138e-005 -4.00973e+009 0
55664.5 -1.05274e+006 4.67887e-007 4.49173e+006 -2.11142e-005 -4.00535e+009 0
55827.7 -715758 7.39531e-008 4.52496e+006 -3.31567e-006 -4.00747e+009 0
55989.4 -599064 1.39441e-008 4.53097e+006 -2.19719e-007 -4.01663e+009 0
56149.1 -567819 2.34588e-009 4.53252e+006 1.26118e-008 -4.02845e+009 0
56271.9 -595934 1.929e-008 4.52779e+006 -8.2644e-007 -4.03968e+009 0
