2248.02 5.16006e-005
4495.97 0.000109113
6743.95 0.000166625
8991.94 0.000224137
11239.9 0.00028165
13487.9 0.000339162
15723 0.000396786
17878 0.000455214
19910 0.000515057
21810.8 0.000576421
23590.1 0.000638914
25264.9 0.000702179
26848 0.000766006
28354.5 0.000830174
29793.8 0.000894561
31172.4 0.00095914
32498.6 0.0010238
33780.1 0.00108848
35021.5 0.00115321
36227.4 0.00121792
37401.9 0.00128259
38548.9 0.0013472
39672.1 0.00141174
40774.2 0.00147623
41857.8 0.00154057
42924.1 0.00160476
43974.3 0.00166881
45010.1 0.00173269
46032.6 0.00179643
47043.3 0.00186001
48043.4 0.00192345
49033.8 0.00198671
50015.6 0.00204978
50989.3 0.00211269
51955.7 0.00217542
52915.2 0.00223797
53868.1 0.00230037
54814.9 0.0023626
55755.8 0.0024247
56690.7 0.00248666
57619.8 0.00254852
58543.3 0.00261026
59461.5 0.0026719
60374.7 0.00273343
61283.2 0.00279485
62186.7 0.00285617
63085.6 0.0029174
63979.6 0.00297854
64868.6 0.00303962
65752.2 0.00310064
66629.7 0.00316163
67500.4 0.00322262
68363.4 0.00328363
69217.6 0.00334469
70061.6 0.00340585
70894.2 0.00346713
71713.6 0.00352857
72518.6 0.00359022
73307.5 0.00365211
74079.2 0.00371428
74832.9 0.00377675
75567.9 0.00383956
76283.5 0.00390272
76979.3 0.00396626
77655 0.00403018
78310.3 0.0040945
78944.9 0.00415924
79559 0.00422439
80152.3 0.00428996
80726.1 0.00435594
81279.9 0.00442233
81814.8 0.00448914
82330.8 0.00455635
82828.3 0.00462397
83308.4 0.00469195
83771.3 0.00476033
84217.7 0.00482907
84648 0.00489817
85062.2 0.00496762
85461.6 0.00503741
85846.8 0.00510753
86217.7 0.00517796
86576.2 0.00524867
86922.8 0.00531966
87256.8 0.00539094
87579.5 0.00546248
87891.7 0.00553426
88193.6 0.00560628
88485.4 0.00567854
88767.9 0.00575101
89041.6 0.00582369
89306.9 0.00589656
89564 0.00596963
89812.7 0.00604289
90053.5 0.00611633
90286.9 0.00618993
90513.4 0.0062637
90732.6 0.00633762
90945 0.00641169
91151.2 0.00648591
91352.1 0.00656026
91548.1 0.00663474
91739.4 0.00670933
91926.1 0.00678405
92108.1 0.00685889
92286.1 0.00693383
92460.2 0.00700888
92630.5 0.00708404
92797 0.00715929
92959.9 0.00723464
93119 0.00731008
93274.4 0.00738561
93426.3 0.00746123
93574.6 0.00753693
93719.8 0.00761272
93861.7 0.00768858
93999.3 0.00776451
94133.2 0.00784052
94263.5 0.00791659
94390.4 0.00799273
94513.6 0.00806892
94634.9 0.00814519
94754.1 0.00822151
94763.5 0.00829732
55737.8 0.00899
55664.5 0.00906599
55827.7 0.00913883
55989.4 0.00921168
56149.1 0.00928455
56271.9 0.00935792
