2247.29 -28.5425 -0.000142713
4494.51 -24.297 -0.000121485
6741.77 -20.0514 -0.000100257
8989.02 -15.8059 -7.90294e-005
11236.3 -11.5603 -5.78017e-005
13483.5 -7.31481 -3.6574e-005
15717.9 -2.8622 -1.4311e-005
17872.2 2.14331 1.07165e-005
19903.6 7.63655 3.81828e-005
21803.9 13.5154 6.75771e-005
23582.7 19.7396 9.86979e-005
25257 26.1221 0.00013061
26839.8 32.7035 0.000163517
28345.9 39.3041 0.00019652
29784.8 46.1278 0.000230639
31162.8 52.9863 0.000264931
32488.3 59.8542 0.000299271
33769 66.6751 0.000333376
35009.4 73.5931 0.000367965
36214.4 80.4894 0.000402447
37387.7 87.384 0.00043692
38533.5 94.2041 0.000471021
39655.4 100.962 0.000504811
40756.2 107.662 0.000538312
41838.4 114.319 0.000571593
42903.3 121.009 0.000605043
43952 127.701 0.000638506
44986.4 134.375 0.000671874
46007.4 141.007 0.000705033
47016.6 147.59 0.000737948
48015.1 154.108 0.000770542
49003.9 160.574 0.000802873
49984.1 166.999 0.000834997
50956.2 173.394 0.000866979
51921 179.769 0.000898861
52878.8 186.131 0.000930683
53830.1 192.481 0.00096245
54775.2 198.815 0.000994149
55714.5 205.162 0.00102594
56647.5 211.539 0.00105791
57574.9 217.915 0.00108993
58496.4 224.252 0.00112184
59412.7 230.555 0.00115371
60323.8 236.802 0.00118549
61230.1 242.991 0.00121727
62131.4 249.111 0.00124914
63028 255.116 0.00128105
63919.6 260.963 0.00131305
64806.1 266.624 0.00134536
65687.1 272.028 0.00137806
66562 277.098 0.00141135
67429.9 281.757 0.00144548
68290.1 285.91 0.00148064
69141.3 289.483 0.00151703
69982.3 292.442 0.00155491
70811.8 294.799 0.00159456
71628.1 296.607 0.00163624
72429.9 297.954 0.00168033
73215.5 298.928 0.00172685
73984 299.624 0.00177582
74734.5 300.122 0.00182712
75466.1 300.486 0.00188062
76178.3 300.768 0.00193676
76870.4 300.996 0.00199524
77542.4 301.194 0.00205613
78193.8 301.374 0.00211955
78824.2 301.548 0.00218612
79434 301.721 0.00225565
80022.7 301.894 0.00232787
80591.7 302.07 0.00240236
81140.6 302.248 0.00247896
81669.9 302.432 0.00255842
82180.4 302.621 0.0026402
82671.6 302.816 0.00272476
83145.3 303.016 0.00281168
83601.5 303.221 0.00290052
84040.7 303.431 0.00299167
84463.8 303.647 0.00308572
84870.2 303.871 0.00318316
85261 304.103 0.00328388
85637.6 304.339 0.00338661
85999.9 304.581 0.00349171
86348.5 304.826 0.00359819
86684.6 305.076 0.0037068
87008.8 305.33 0.00381735
87321 305.588 0.0039297
87621.6 305.852 0.00404434
87911.5 306.122 0.00416156
88191.8 306.394 0.00428014
88463.2 306.666 0.00439841
88724.8 306.942 0.00451815
88976.5 307.225 0.00464152
89219.3 307.516 0.00476796
89454.2 307.814 0.00489758
89681.1 308.122 0.00503128
89898.9 308.441 0.00516981
90108.1 308.767 0.0053119
90310.2 309.099 0.00545597
90506.1 309.433 0.00560141
90696.4 309.769 0.00574751
90881 310.104 0.00589307
91059.5 310.437 0.00603796
91232.2 310.767 0.00618152
91400 311.095 0.00632393
91563.4 311.42 0.00646516
91722.8 311.743 0.00660586
91877.9 312.068 0.00674697
92028.7 312.396 0.00688949
92174.9 312.726 0.00703325
92316.5 313.062 0.00717891
92453 313.407 0.00732897
92584.4 313.768 0.00748614
92710.9 314.146 0.00765034
92833.2 314.537 0.00782038
92952.1 314.935 0.00799334
93047.8 315.447 0.00821598
92765.2 318.737 0.00964644
55188.1 321.039 0.0106476
55159.9 321.271 0.0107482
55324.5 321.844 0.0109974
55479.4 322.475 0.0112719
55504.8 323.399 0.0116736
55303.1 326.1 0.0128477
45909.1 334.031 0.016296
46212.2 334.963 0.0167015
46500.6 335.944 0.017128
46763.7 336.94 0.0175608
47036.8 337.947 0.0179985
47198 338.913 0.0184189
47394.5 339.9 0.0188479
