3500.98 -16.0213 -8.01065e-005
7001.84 -11.7669 -5.88343e-005
10502.8 -7.51243 -3.75621e-005
14003.6 -3.25806 -1.62903e-005
17399.4 1.63955 8.19777e-006
20466.8 7.46439 3.73219e-005
23177.5 13.9918 6.99588e-005
25589.2 21.0673 0.000105336
27767.4 28.3991 0.000141995
29762.5 35.9623 0.000179811
31617.4 43.5511 0.000217756
33358.3 51.2946 0.000256473
35007.1 58.9941 0.00029497
36583.3 66.5694 0.000332847
38098.1 74.2681 0.000371341
39558.4 81.9888 0.000409944
40973.8 89.5551 0.000447775
42351.9 97.0117 0.000485059
43696.5 104.486 0.000522432
45010 112.006 0.00056003
46295 119.573 0.000597866
47554.4 127.058 0.000635289
48791.4 134.481 0.000672404
50008.2 141.855 0.000709273
51206.4 149.192 0.000745962
52388.1 156.446 0.00078223
53555.2 163.657 0.000818287
54708.6 170.863 0.000854318
55849.5 178.013 0.000890073
56979.1 185.13 0.000925666
58098.2 192.224 0.000961147
59207.6 199.262 0.000996362
60307.9 206.275 0.00103147
61399.6 213.304 0.0010667
62483.2 220.312 0.00110188
63559 227.281 0.00113697
64627.9 234.206 0.001172
65689.8 241.051 0.0012069
66745.6 247.803 0.00124173
67794.9 254.435 0.0012766
68838.3 260.891 0.00131154
69875.1 267.12 0.00134674
70905.1 273.054 0.00138249
71927.5 278.562 0.00141887
72941.4 283.527 0.00145618
73945.2 287.84 0.00149478
74937.3 291.431 0.00153512
75915.3 294.275 0.00157762
76876.4 296.426 0.00162295
77818 297.977 0.00167146
78738 299.047 0.001723
79634 299.776 0.0017779
80504.6 300.279 0.00183643
81348.9 300.635 0.0018978
82166.6 300.905 0.00196175
82957.9 301.128 0.00202828
83722.2 301.326 0.00209764
84460.6 301.513 0.00216943
85172.9 301.696 0.00224391
85859.1 301.883 0.00232218
86519.9 302.074 0.00240356
87155.8 302.27 0.00248815
87768.4 302.47 0.00257431
88358.1 302.673 0.00266243
88926.7 302.881 0.00275257
89474.4 303.092 0.00284433
90003.1 303.306 0.00293742
90513.6 303.522 0.00303131
91006.6 303.74 0.00312627
91482.5 303.965 0.00322404
91941.8 304.196 0.00332426
92384.5 304.435 0.00342812
92812.1 304.679 0.00353419
93224.5 304.93 0.00364336
93622.3 305.184 0.00375411
94007 305.442 0.00386629
94379.2 305.703 0.0039795
94739.4 305.964 0.00409301
95087.8 306.227 0.00420742
95425.1 306.494 0.00432367
95750.5 306.773 0.00444471
96064.1 307.064 0.00457136
96367.3 307.361 0.00470049
96661.1 307.663 0.00483165
96945.9 307.966 0.0049635
97221.4 308.269 0.00509528
97487.7 308.577 0.00522922
97745.6 308.889 0.0053649
97995.7 309.205 0.00550236
98237.8 309.529 0.00564309
98470.9 309.866 0.00578937
98695.3 310.217 0.0059423
98912.2 310.577 0.00609848
99122 310.944 0.00625813
99326.1 311.313 0.00641875
99524.1 311.685 0.00658064
99716 312.058 0.00674255
99902.3 312.424 0.00690186
100084 312.785 0.00705888
100261 313.142 0.00721396
100432 313.505 0.00737192
100598 313.876 0.00753304
100759 314.253 0.00769675
100914 314.643 0.00786633
101064 315.037 0.00803798
101211 315.436 0.00821135
101354 315.839 0.00838671
101493 316.248 0.00856435
101324 319.004 0.00976273
56564 322.26 0.0111782
56432.4 322.406 0.0112417
56608.1 322.689 0.0113649
56781 323.008 0.0115036
56946.9 323.353 0.0116535
57107 323.705 0.0118067
