3500.98 -2.79246 -0.00012369
7001.84 -3.33011 -0.000147505
10502.8 -3.86777 -0.00017132
14003.6 -4.40533 -0.000195131
17399.4 -4.97411 -0.000220325
20466.8 -5.56558 -0.000246523
23177.5 -6.15447 -0.000272608
25589.2 -6.73099 -0.000298144
27767.4 -7.28607 -0.000322731
29762.5 -7.82155 -0.00034645
31617.4 -8.33483 -0.000369185
33358.3 -8.83162 -0.00039119
35007.1 -9.31012 -0.000412385
36583.3 -9.77161 -0.000432826
38098.1 -10.2216 -0.000452756
39558.4 -10.6594 -0.000472151
40973.8 -11.0849 -0.000490999
42351.9 -11.4581 -0.000509489
43696.5 -11.7867 -0.000527842
45010 -12.1114 -0.000545975
46295 -12.4301 -0.000563775
47554.4 -12.7447 -0.00058134
48791.4 -13.0555 -0.000598699
50008.2 -13.3634 -0.000615894
51206.4 -13.6692 -0.000632973
52388.1 -13.9718 -0.000649868
53555.2 -14.2703 -0.00066654
54708.6 -14.5658 -0.000683045
55849.5 -14.8586 -0.000699396
56979.1 -15.149 -0.000715611
58098.2 -15.437 -0.000731697
59207.6 -15.7233 -0.000747686
60307.9 -16.0082 -0.000763598
61399.6 -16.2908 -0.000779377
62483.2 -16.5711 -0.00079503
63559 -16.8495 -0.000810577
64627.9 -17.1265 -0.000826048
65689.8 -17.4022 -0.000841445
66745.6 -17.6767 -0.000856775
67794.9 -17.9504 -0.00087206
68838.3 -18.224 -0.000887337
69875.1 -18.4987 -0.000902682
70905.1 -18.7752 -0.00091812
71927.5 -19.0543 -0.000933708
72941.4 -19.3373 -0.000949509
73945.2 -19.6256 -0.000965611
74937.3 -19.9209 -0.000982102
75915.3 -20.225 -0.000999084
76876.4 -20.463 -0.00101683
77818 -20.7076 -0.00103538
78738 -20.9623 -0.00105472
79634 -21.225 -0.00107465
80504.6 -21.4997 -0.00109551
81348.9 -21.7827 -0.00111698
82166.6 -22.0726 -0.00113898
82957.9 -22.3683 -0.00116143
83722.2 -22.6716 -0.00118445
84460.6 -22.9808 -0.00120792
85172.9 -23.2924 -0.00123156
85859.1 -23.6098 -0.00125565
86519.9 -23.9317 -0.00128008
87155.8 -24.2599 -0.00130499
87768.4 -24.5906 -0.00133009
88358.1 -24.9238 -0.00135538
88926.7 -25.261 -0.00138098
89474.4 -25.6021 -0.00140686
90003.1 -25.9449 -0.00143288
90513.6 -26.2878 -0.00145891
91006.6 -26.6291 -0.00148481
91482.5 -26.9296 -0.00151105
91941.8 -27.1711 -0.00153764
92384.5 -27.4181 -0.00156485
92812.1 -27.6689 -0.00159247
93224.5 -27.9225 -0.0016204
93622.3 -28.1787 -0.00164861
94007 -28.4376 -0.00167713
94379.2 -28.6974 -0.00170575
94739.4 -28.9575 -0.00173439
95087.8 -29.2191 -0.0017632
95425.1 -29.4845 -0.00179244
95750.5 -29.7533 -0.00182204
96064.1 -30.0324 -0.00185278
96367.3 -30.3144 -0.00188383
96661.1 -30.5992 -0.0019152
96945.9 -30.8828 -0.00194643
97221.4 -31.1658 -0.0019776
97487.7 -31.4251 -0.00200915
97745.6 -31.6219 -0.00204133
97995.7 -31.8207 -0.00207384
98237.8 -32.0245 -0.00210717
98470.9 -32.2303 -0.00214082
98695.3 -32.4418 -0.00217541
98912.2 -32.6568 -0.00221056
99122 -32.8779 -0.00224672
99326.1 -33.1005 -0.00228313
99524.1 -33.3219 -0.00231933
99716 -33.544 -0.00235564
99902.3 -33.7627 -0.0023914
100084 -33.9783 -0.00242666
100261 -34.1909 -0.00246143
100432 -34.4077 -0.00249688
100598 -34.4077 -0.00253367
100759 -34.4077 -0.00257103
100914 -34.4077 -0.00261039
101064 -34.4077 -0.0026502
101211 -34.4077 -0.0026902
101354 -34.4077 -0.00273045
101493 -34.4077 -0.00277091
101324 0 -0.00303794
56564 0 -0.010806
56432.4 0 -0.011102
56608.1 0 -0.0112568
56781 0 -0.0114027
56946.9 0 -0.0115524
57107 0 -0.0117044
