3500.74 -2.79233 -0.000123708
7001.37 -3.32991 -0.000147524
10502.1 -3.86749 -0.00017134
14002.7 -4.40498 -0.000195153
17398.3 -4.97368 -0.000220348
20465.5 -5.56506 -0.000246548
23176.1 -6.15386 -0.000272633
25587.6 -6.73029 -0.000298171
27765.7 -7.2853 -0.000322759
29760.7 -7.8207 -0.000346479
31615.5 -8.3339 -0.000369215
33356.4 -8.83062 -0.000391221
35005.1 -9.30906 -0.000412417
36581.2 -9.77049 -0.00043286
38096 -10.2204 -0.000452791
39556.3 -10.6582 -0.000472186
40971.6 -11.0836 -0.000491036
42349.7 -11.4563 -0.000509529
43694.2 -11.7844 -0.000527885
45007.6 -12.1086 -0.000546022
46292.6 -12.4269 -0.000563826
47551.9 -12.7409 -0.000581395
48788.8 -13.0513 -0.00059876
50005.4 -13.3588 -0.00061596
51203.4 -13.6642 -0.000633046
52385 -13.9663 -0.000649947
53552 -14.2644 -0.000666624
54705.2 -14.5595 -0.000683135
55845.9 -14.8519 -0.000699491
56975.3 -15.1419 -0.000715713
58094.2 -15.4295 -0.000731806
59203.4 -15.7154 -0.000747801
60303.5 -16 -0.000763721
61395 -16.2822 -0.000779507
62478.4 -16.5621 -0.000795166
63554 -16.8401 -0.000810719
64622.5 -17.1167 -0.000826197
65684.3 -17.3921 -0.0008416
66739.8 -17.6662 -0.000856936
67788.9 -17.9395 -0.000872227
68832 -18.2127 -0.00088751
69868.6 -18.4872 -0.000902863
70898.3 -18.7633 -0.000918309
71920.5 -19.042 -0.000933903
72934.1 -19.3246 -0.00094971
73937.6 -19.6125 -0.000965819
74929.5 -19.9074 -0.000982317
75907.2 -20.2111 -0.000999307
76868.1 -20.4463 -0.00101706
77809.4 -20.6888 -0.00103564
78729 -20.9415 -0.00105499
79624.7 -21.202 -0.00107494
80495.1 -21.4747 -0.00109582
81339 -21.7555 -0.00111733
82156.3 -22.0431 -0.00113935
82947.2 -22.3365 -0.00116182
83711.2 -22.6376 -0.00118489
84449.1 -22.9445 -0.00120839
85161 -23.2537 -0.00123207
85846.8 -23.5688 -0.0012562
86507.2 -23.8883 -0.00128067
87142.6 -24.2143 -0.00130564
87754.8 -24.5426 -0.00133078
88344 -24.8736 -0.00135613
88912.1 -25.2086 -0.00138179
89459.3 -25.5474 -0.00140773
89987.5 -25.8879 -0.00143381
90497.4 -26.2285 -0.0014599
90989.9 -26.5675 -0.00148586
91465.2 -26.859 -0.0015122
91923.9 -27.0927 -0.0015389
92365.9 -27.3321 -0.00156625
92792.8 -27.5753 -0.00159402
93204.5 -27.821 -0.00162209
93601.4 -28.0698 -0.0016505
93985.3 -28.3211 -0.00167921
94356.6 -28.5734 -0.00170802
94715.9 -28.8259 -0.00173687
95063.2 -29.08 -0.0017659
95399.6 -29.3382 -0.00179539
95723.9 -29.5996 -0.00182525
96036.4 -29.8715 -0.0018563
96338.4 -30.1459 -0.00188764
96631.1 -30.423 -0.0019193
96914.8 -30.6991 -0.00195083
97188.9 -30.975 -0.00198234
97453.7 -31.2076 -0.00201445
97710.1 -31.3838 -0.00204709
97958.4 -31.5632 -0.00208033
98198.9 -31.7474 -0.00211444
98430.3 -31.9329 -0.0021488
98652.8 -32.1238 -0.00218416
98867.3 -32.3188 -0.00222029
99074.8 -32.5206 -0.00225766
99276.4 -32.7224 -0.00229505
99472.2 -32.9238 -0.00233234
99662.1 -33.1254 -0.0023697
99846.2 -33.3238 -0.00240644
100025 -33.519 -0.00244261
100199 -33.7128 -0.0024785
100367 -33.7128 -0.00251614
100530 -33.7128 -0.00255423
100688 -33.7128 -0.0025933
100840 -33.7128 -0.00263472
100988 -33.7128 -0.00267552
101133 -33.7128 -0.00271637
101273 -33.7128 -0.00275743
101265 0 -0.00285721
56482.4 0 -0.0106299
56360.1 0 -0.0109193
56520.2 0 -0.0110734
56680.7 0 -0.0112248
56840.9 0 -0.0113773
56957.8 0 -0.0115377
56985.1 0 -0.0117152
