3500.74 -16.0249 -8.01244e-005
7001.37 -11.7706 -5.88528e-005
10502.1 -7.51625 -3.75812e-005
14002.7 -3.262 -1.631e-005
17398.3 1.63546 8.17729e-006
20465.5 7.46008 3.73004e-005
23176.1 13.9872 6.99361e-005
25587.6 21.0624 0.000105312
27765.7 28.3938 0.000141969
29760.7 35.9568 0.000179784
31615.5 43.5452 0.000217726
33356.4 51.2884 0.000256442
35005.1 58.9877 0.000294939
36581.2 66.5628 0.000332814
38096 74.2611 0.000371305
39556.3 81.9816 0.000409908
40971.6 89.5479 0.000447739
42349.7 97.0047 0.000485023
43694.2 104.48 0.000522398
45007.6 111.999 0.000559995
46292.6 119.567 0.000597834
47551.9 127.052 0.000635258
48788.8 134.475 0.000672377
50005.4 141.85 0.000709248
51203.4 149.188 0.00074594
52385 156.442 0.000782211
53552 163.653 0.000818269
54705.2 170.859 0.000854301
55845.9 178.01 0.000890058
56975.3 185.127 0.000925651
58094.2 192.221 0.000961133
59203.4 199.259 0.000996349
60303.5 206.272 0.00103146
61395 213.301 0.00106669
62478.4 220.309 0.00110187
63554 227.278 0.00113695
64622.5 234.203 0.00117199
65684.3 241.048 0.00120688
66739.8 247.8 0.00124172
67788.9 254.432 0.00127658
68832 260.887 0.00131152
69868.6 267.116 0.00134672
70898.3 273.05 0.00138247
71920.5 278.558 0.00141885
72934.1 283.524 0.00145616
73937.6 287.837 0.00149475
74929.5 291.429 0.00153509
75907.2 294.272 0.00157758
76868.1 296.425 0.00162291
77809.4 297.977 0.00167144
78729 299.047 0.00172298
79624.7 299.776 0.00177788
80495.1 300.279 0.00183644
81339 300.635 0.00189783
82156.3 300.905 0.0019618
82947.2 301.128 0.00202835
83711.2 301.327 0.00209776
84449.1 301.513 0.00216958
85161 301.697 0.00224407
85846.8 301.883 0.00232236
86507.2 302.074 0.00240377
87142.6 302.271 0.00248841
87754.8 302.47 0.00257465
88344 302.674 0.00266283
88912.1 302.882 0.00275306
89459.3 303.093 0.00284491
89987.5 303.308 0.0029381
90497.4 303.524 0.00303208
90989.9 303.742 0.00312709
91465.2 303.968 0.00322502
91923.9 304.198 0.00332544
92365.9 304.438 0.00342956
92792.8 304.683 0.00353592
93204.5 304.934 0.00364534
93601.4 305.19 0.00375655
93985.3 305.449 0.00386908
94356.6 305.71 0.00398274
94715.9 305.972 0.00409673
95063.2 306.237 0.00421165
95399.6 306.505 0.00432847
95723.9 306.785 0.00445
96036.4 307.078 0.00457738
96338.4 307.376 0.0047071
96631.1 307.68 0.00483896
96914.8 307.984 0.00497143
97188.9 308.289 0.00510413
97453.7 308.6 0.00523933
97710.1 308.916 0.00537633
97958.4 309.236 0.00551581
98198.9 309.565 0.00565857
98430.3 309.905 0.00580648
98652.8 310.261 0.00596148
98867.3 310.628 0.00612072
99074.8 311.002 0.00628364
99276.4 311.378 0.00644697
99472.2 311.757 0.00661167
99662.1 312.136 0.00677651
99846.2 312.509 0.00693854
100025 312.875 0.00709803
100199 313.241 0.00725715
100367 313.618 0.00742073
100530 313.997 0.00758549
100688 314.385 0.00775428
100840 314.787 0.00792934
100988 315.189 0.00810406
101133 315.594 0.00828013
101273 316.004 0.00845825
101265 317.418 0.0090729
56482.4 321.052 0.0106529
56360.1 321.186 0.0107114
56520.2 321.486 0.0108416
56680.7 321.831 0.0109916
56840.9 322.182 0.0111441
56957.8 322.464 0.011267
56985.1 322.606 0.0113285
