3500.74 -35007.4 -1.70696e-007 4.533e+006 1.12676e-005 -2.35091e+008 0
7001.37 -70013.7 -3.07604e-010 4.533e+006 -9.60313e-008 -4.70293e+008 0
10502.1 -105021 4.85001e-010 4.533e+006 -4.18951e-008 -7.05495e+008 0
14002.7 -140027 3.49322e-010 4.533e+006 3.12399e-009 -9.40695e+008 0
17398.3 -171261 1.30591e-007 4.53316e+006 -8.66197e-006 -1.16868e+009 0
20465.5 -202307 2.36256e-007 4.53314e+006 -1.56076e-005 -1.37506e+009 0
23176.1 -231009 2.18926e-007 4.53344e+006 -1.461e-005 -1.5577e+009 0
25587.6 -256052 1.79972e-007 4.533e+006 -1.1937e-005 -1.72063e+009 0
27765.7 -277659 1.35415e-007 4.533e+006 -8.97041e-006 -1.86783e+009 0
29760.7 -297609 1.10073e-007 4.533e+006 -7.30398e-006 -2.00284e+009 0
31615.5 -316156 8.08879e-008 4.533e+006 -5.26912e-006 -2.12853e+009 0
33356.4 -333569 6.48463e-008 4.533e+006 -4.34795e-006 -2.24663e+009 0
35005.1 -350051 5.4223e-008 4.533e+006 -3.60086e-006 -2.3586e+009 0
36581.2 -365819 4.64186e-008 4.533e+006 -3.0683e-006 -2.46574e+009 0
38096 -380958 3.94594e-008 4.533e+006 -2.59127e-006 -2.5688e+009 0
39556.3 -395565 3.45517e-008 4.533e+006 -2.29634e-006 -2.66824e+009 0
40971.6 -409716 2.57534e-008 4.533e+006 -1.68968e-006 -2.76468e+009 0
42349.7 -423497 2.38444e-008 4.533e+006 -1.6094e-006 -2.85864e+009 0
43694.2 -436942 1.87128e-008 4.533e+006 -1.14133e-006 -2.95038e+009 0
45007.6 -450076 1.95107e-008 4.533e+006 -1.24749e-006 -3.04004e+009 0
46292.6 -462927 1.70333e-008 4.533e+006 -1.1359e-006 -3.1278e+009 0
47551.9 -475524 1.36231e-008 4.533e+006 -8.94609e-007 -3.21386e+009 0
48788.8 -487887 1.41041e-008 4.533e+006 -1.00462e-006 -3.29843e+009 0
50005.4 -500054 1.25043e-008 4.533e+006 -7.27998e-007 -3.38165e+009 0
51203.4 -512034 1.43375e-008 4.533e+006 -9.54619e-007 -3.46364e+009 0
52385 -523850 1.10407e-008 4.533e+006 -7.02698e-007 -3.54452e+009 0
53552 -535522 9.23658e-009 4.533e+006 -6.08853e-007 -3.62444e+009 0
54705.2 -547052 7.79581e-009 4.533e+006 -5.09804e-007 -3.70344e+009 0
55845.9 -558459 7.59751e-009 4.533e+006 -4.7354e-007 -3.78161e+009 0
56975.3 -569755 5.64137e-009 4.533e+006 -4.10206e-007 -3.85903e+009 0
58094.2 -580942 4.15001e-009 4.533e+006 -2.44324e-007 -3.93575e+009 0
59203.4 -592034 4.38982e-009 4.533e+006 -2.73388e-007 -4.01182e+009 0
60303.5 -603035 4.761e-009 4.533e+006 -3.46532e-007 -4.08728e+009 0
61395 -613948 5.67195e-009 4.533e+006 -4.14021e-007 -4.16218e+009 0
62478.4 -624784 5.65527e-009 4.533e+006 -3.34113e-007 -4.23654e+009 0
63554 -635541 5.02218e-009 4.533e+006 -3.13871e-007 -4.31037e+009 0
64622.5 -646225 4.11531e-009 4.533e+006 -2.64759e-007 -4.38374e+009 0
65684.3 -656843 4.54584e-009 4.533e+006 -3.04044e-007 -4.45666e+009 0
66739.8 -667398 5.49088e-009 4.533e+006 -3.07371e-007 -4.52915e+009 0
67788.9 -677889 5.09268e-010 4.533e+006 1.19289e-008 -4.60123e+009 0
68832 -688320 4.61259e-009 4.533e+006 -1.60675e-007 -4.6729e+009 0
69868.6 -698686 1.97436e-009 4.533e+006 -9.86456e-008 -4.74414e+009 0
70898.3 -708984 2.64198e-009 4.533e+006 -1.99134e-007 -4.81493e+009 0
71920.5 -719207 1.10752e-009 4.533e+006 2.3168e-008 -4.88521e+009 0
72934.1 -729340 5.83925e-009 4.533e+006 -4.08442e-007 -4.95492e+009 0
73937.6 -739376 5.6102e-009 4.533e+006 -3.64578e-007 -5.02397e+009 0
74929.5 -749295 7.27665e-009 4.533e+006 -5.0343e-007 -5.09223e+009 0
75907.2 -759062 1.06738e-008 4.533e+006 -7.08596e-007 -5.15955e+009 0
76868.1 -768684 6.61641e-009 4.533e+006 -3.87479e-007 -5.22575e+009 0
77809.4 -778096 1.21307e-008 4.533e+006 -8.51814e-007 -5.29065e+009 0
78729 -787285 1.31322e-008 4.533e+006 -8.56814e-007 -5.35412e+009 0
79624.7 -796314 1.55216e-008 4.533e+006 -9.15664e-007 -5.41598e+009 0
80495.1 -804955 1.70313e-008 4.533e+006 -1.09832e-006 -5.47616e+009 0
81339 -813391 2.1296e-008 4.533e+006 -1.245e-006 -5.53458e+009 0
82156.3 -821560 2.10377e-008 4.533e+006 -1.17215e-006 -5.59123e+009 0
82947.2 -829472 2.01489e-008 4.533e+006 -1.14008e-006 -5.64612e+009 0
83711.2 -837113 1.64936e-008 4.533e+006 -1.17146e-006 -5.69922e+009 0
84449.1 -844464 1.63298e-008 4.533e+006 -9.86693e-007 -5.75059e+009 0
85161 -851610 1.82654e-008 4.533e+006 -9.90853e-007 -5.80023e+009 0
85846.8 -858453 1.46504e-008 4.533e+006 -1.04825e-006 -5.84813e+009 0
86507.2 -865092 1.26209e-008 4.533e+006 -8.82591e-007 -5.89434e+009 0
87142.6 -871390 1.30058e-008 4.533e+006 -9.73854e-007 -5.93888e+009 0
87754.8 -877548 1.49488e-008 4.533e+006 -1.26682e-006 -5.98189e+009 0
88344 -883441 1.80201e-008 4.533e+006 -1.17735e-006 -6.02336e+009 0
88912.1 -889132 1.42102e-008 4.533e+006 -9.06605e-007 -6.06343e+009 0
89459.3 -894593 9.66737e-009 4.533e+006 -6.47143e-007 -6.1021e+009 0
89987.5 -899875 1.11592e-008 4.533e+006 -6.15342e-007 -6.13952e+009 0
90497.4 -904974 6.73155e-009 4.533e+006 -6.08348e-007 -6.17571e+009 0
90989.9 -909899 7.95049e-009 4.533e+006 -6.63299e-007 -6.21075e+009 0
91465.2 -914652 1.28752e-008 4.533e+006 -9.50847e-007 -6.24464e+009 0
91923.9 -919211 1.27735e-008 4.533e+006 -8.14353e-007 -6.27743e+009 0
92365.9 -923631 1.21751e-008 4.533e+006 -8.31883e-007 -6.30911e+009 0
92792.8 -927933 9.27119e-009 4.533e+006 -5.38606e-007 -6.33978e+009 0
93204.5 -931962 1.46764e-008 4.533e+006 -8.73833e-007 -6.36943e+009 0
93601.4 -936014 7.0812e-009 4.533e+006 -5.60223e-007 -6.39812e+009 0
93985.3 -939853 9.67186e-009 4.533e+006 -8.09294e-007 -6.42592e+009 0
94356.6 -943566 1.51282e-008 4.533e+006 -9.62936e-007 -6.4529e+009 0
94715.9 -947159 6.77515e-009 4.533e+006 -4.56507e-007 -6.47908e+009 0
95063.2 -950632 7.47136e-009 4.533e+006 -5.94801e-007 -6.50445e+009 0
95399.6 -953996 5.85546e-010 4.533e+006 -1.51739e-007 -6.5291e+009 0
95723.9 -957197 9.97514e-009 4.533e+006 -4.7126e-007 -6.55294e+009 0
96036.4 -960366 4.2519e-009 4.533e+006 -1.1161e-007 -6.57601e+009 0
96338.4 -963385 9.81842e-009 4.533e+006 -6.02928e-007 -6.59837e+009 0
96631.1 -966311 1.38202e-008 4.533e+006 -8.69252e-007 -6.62011e+009 0
96914.8 -969148 1.11436e-008 4.533e+006 -5.91296e-007 -6.64125e+009 0
97188.9 -971889 1.10099e-008 4.533e+006 -8.07607e-007 -6.66176e+009 0
97453.7 -974538 5.66297e-009 4.533e+006 -3.64902e-007 -6.68165e+009 0
97710.1 -977101 7.94327e-009 4.533e+006 -6.72623e-007 -6.70097e+009 0
97958.4 -979583 2.00825e-009 4.533e+006 -1.92084e-007 -6.71976e+009 0
98198.9 -981989 1.15393e-008 4.533e+006 -5.86968e-007 -6.73803e+009 0
98430.3 -984304 3.87187e-009 4.533e+006 -1.02335e-007 -6.7557e+009 0
98652.8 -986528 5.64236e-010 4.533e+006 -2.9966e-007 -6.77276e+009 0
98867.3 -988672 5.20923e-009 4.533e+006 -4.3481e-007 -6.7893e+009 0
99074.8 -990749 8.3581e-009 4.533e+006 -4.11853e-007 -6.80538e+009 0
99276.4 -992764 7.11869e-009 4.533e+006 -4.39756e-007 -6.82106e+009 0
99472.2 -994722 3.43516e-009 4.533e+006 -3.81236e-007 -6.83635e+009 0
99662.1 -996621 3.09454e-009 4.533e+006 -5.48883e-008 -6.85125e+009 0
99846.2 -998462 4.58743e-009 4.533e+006 -3.4845e-007 -6.86577e+009 0
100025 -1.00025e+006 6.43668e-009 4.533e+006 -5.21433e-007 -6.87996e+009 0
100199 -1.00106e+006 -5.39196e-009 4.53297e+006 8.42287e-008 -6.89372e+009 0
100367 -1.00334e+006 6.43439e-009 4.53278e+006 -3.88308e-007 -6.90704e+009 0
100530 -1.00483e+006 4.51494e-009 4.53274e+006 -4.79255e-007 -6.92013e+009 0
100688 -1.0277e+006 4.14839e-009 4.53144e+006 -2.6681e-007 -6.93306e+009 0
100840 -1.00968e+006 8.52255e-009 4.53198e+006 -6.94955e-007 -6.94484e+009 0
100988 -1.0099e+006 3.98855e-009 4.53203e+006 -3.62282e-007 -6.95696e+009 0
101133 -1.01116e+006 2.64821e-009 4.53201e+006 -2.56078e-007 -6.96881e+009 0
101273 -1.00557e+006 3.36839e-009 4.53178e+006 -1.59686e-007 -6.97992e+009 0
101265 470116 1.91736e-007 3.72799e+006 -1.24485e-005 -6.3494e+009 0
56482.4 -2.30071e+006 4.55797e-007 4.16147e+006 -2.93134e-005 -4.03563e+009 0
56360.1 -581299 4.13074e-007 4.50273e+006 -2.60624e-005 -3.99885e+009 0
56520.2 -531342 8.24285e-008 4.531e+006 -4.45561e-006 -4.01115e+009 0
56680.7 -566902 -7.59481e-009 4.53281e+006 4.62608e-007 -4.02526e+009 0
56840.9 -568454 -1.3072e-008 4.53295e+006 1.15472e-006 -4.0382e+009 0
56957.8 -286755 -5.16611e-009 4.37414e+006 8.06769e-007 -4.02676e+009 0
56985.1 -1.12296e+006 1.63979e-007 4.44854e+006 -1.07659e-005 -4.06555e+009 0
