3500.74 5.53071e-005
7001.37 0.000112841
10502.1 0.000170376
14002.7 0.00022791
17398.3 0.000286098
20465.5 0.000346678
23176.1 0.00040968
25587.6 0.000474225
27765.7 0.000539722
29760.7 0.000605772
31615.5 0.000672129
33356.4 0.000738623
35005.1 0.000805153
36581.2 0.000871583
38096 0.000937895
39556.3 0.00100406
40971.6 0.00107002
42349.7 0.00113573
43694.2 0.00120124
45007.6 0.00126655
46292.6 0.00133163
47551.9 0.00139648
48788.8 0.00146112
50005.4 0.00152558
51203.4 0.00158986
52385 0.00165399
53552 0.00171794
54705.2 0.0017817
55845.9 0.00184526
56975.3 0.00190866
58094.2 0.00197192
59203.4 0.00203505
60303.5 0.00209804
61395 0.0021609
62478.4 0.00222363
63554 0.0022862
64622.5 0.00234864
65684.3 0.00241091
66739.8 0.00247306
67788.9 0.00253507
68832 0.00259697
69868.6 0.00265876
70898.3 0.00272046
71920.5 0.00278209
72934.1 0.00284368
73937.6 0.00290525
74929.5 0.00296686
75907.2 0.00302855
76868.1 0.00309037
77809.4 0.00315238
78729 0.00321464
79624.7 0.00327719
80495.1 0.00334008
81339 0.00340335
82156.3 0.003467
82947.2 0.00353108
83711.2 0.00359558
84449.1 0.00366052
85161 0.0037259
85846.8 0.00379172
86507.2 0.00385799
87142.6 0.00392471
87754.8 0.00399185
88344 0.00405941
88912.1 0.00412737
89459.3 0.00419574
89987.5 0.00426447
90497.4 0.00433356
90989.9 0.00440299
91465.2 0.00447277
91923.9 0.00454288
92365.9 0.00461332
92792.8 0.00468407
93204.5 0.00475511
93601.4 0.00482644
93985.3 0.00489804
94356.6 0.00496989
94715.9 0.00504199
95063.2 0.00511433
95399.6 0.0051869
95723.9 0.00525969
96036.4 0.00533271
96338.4 0.00540593
96631.1 0.00547934
96914.8 0.00555293
97188.9 0.0056267
97453.7 0.00570064
97710.1 0.00577475
97958.4 0.00584901
98198.9 0.00592341
98430.3 0.00599796
98652.8 0.00607265
98867.3 0.00614747
99074.8 0.00622241
99276.4 0.00629746
99472.2 0.00637263
99662.1 0.0064479
99846.2 0.00652328
100025 0.00659875
100199 0.00667432
100367 0.00674997
100530 0.00682571
100688 0.00690153
100840 0.00697742
100988 0.00705339
101133 0.00712944
101273 0.00720555
101265 0.00728125
56482.4 0.00796032
56360.1 0.00803677
56520.2 0.0081102
56680.7 0.00818365
56840.9 0.00825709
56957.8 0.00833098
56985.1 0.00840581
