2247.35 -28.5403 -0.000142702
4494.63 -24.2947 -0.000121474
6741.95 -20.0491 -0.000100246
8989.26 -15.8035 -7.90176e-005
11236.6 -11.5579 -5.77897e-005
13483.9 -7.31234 -3.65617e-005
15718.3 -2.85968 -1.42984e-005
17872.7 2.14589 1.07294e-005
19904.1 7.6392 3.8196e-005
21804.5 13.5182 6.75908e-005
23583.3 19.7424 9.87119e-005
25257.7 26.125 0.000130625
26840.5 32.7065 0.000163533
28346.6 39.3072 0.000196536
29785.6 46.1309 0.000230654
31163.6 52.9892 0.000264946
32489.2 59.8569 0.000299285
33770 66.6777 0.000333388
35010.5 73.5955 0.000367977
36215.5 80.4917 0.000402459
37389 87.3861 0.00043693
38534.9 94.2061 0.000471031
39656.9 100.964 0.00050482
40757.7 107.664 0.000538321
41840.1 114.32 0.000571602
42905 121.011 0.000605053
43953.9 127.703 0.000638517
44988.4 134.377 0.000671886
46009.5 141.009 0.000705045
47018.9 147.592 0.000737961
48017.5 154.111 0.000770555
49006.5 160.577 0.000802887
49986.8 167.002 0.000835012
50959.1 173.397 0.000866995
51924 179.773 0.000898877
52881.9 186.135 0.000930701
53833.3 192.485 0.000962471
54778.6 198.819 0.000994172
55718 205.167 0.00102596
56651.2 211.544 0.00105793
57578.7 217.92 0.00108996
58500.4 224.256 0.00112186
59416.8 230.559 0.00115373
60328.1 236.806 0.00118551
61234.6 242.996 0.00121729
62136.1 249.115 0.00124916
63032.9 255.12 0.00128107
63924.7 260.966 0.00131306
64811.4 266.627 0.00134537
65692.6 272.03 0.00137808
66567.7 277.101 0.00141137
67435.9 281.759 0.0014455
68296.3 285.911 0.00148065
69147.7 289.484 0.00151704
69989 292.442 0.00155491
70818.8 294.8 0.00159457
71635.3 296.608 0.00163625
72437.4 297.954 0.00168033
73223.3 298.928 0.00172686
73992.1 299.624 0.00177582
74742.8 300.122 0.00182711
75474.7 300.486 0.00188061
76187.2 300.768 0.00193675
76879.7 300.996 0.0019952
77551.9 301.193 0.00205606
78203.7 301.374 0.00211945
78834.5 301.548 0.00218601
79444.6 301.72 0.00225548
80033.8 301.893 0.00232766
80603.2 302.069 0.00240208
81152.5 302.247 0.0024786
81682.3 302.431 0.00255797
82193.3 302.62 0.00263964
82685.1 302.815 0.00272408
83159.4 303.015 0.00281084
83616.2 303.219 0.00289951
84056.1 303.428 0.00299047
84479.8 303.644 0.00308433
84887 303.867 0.00318152
85278.6 304.098 0.00328192
85656 304.334 0.00338427
86019.1 304.575 0.00348907
86368.8 304.819 0.00359511
86706 305.067 0.00370318
87031.1 305.32 0.00381317
87344.3 305.577 0.00392495
87646.1 305.84 0.00403899
87937.3 306.108 0.00415547
88218.8 306.379 0.0042734
88491.4 306.649 0.00439099
88754.3 306.923 0.00450995
89007.5 307.204 0.00463233
89251.9 307.492 0.00475733
89488.3 307.787 0.00488567
89716.8 308.091 0.0050178
89936.6 308.405 0.00515415
90147.8 308.726 0.0052941
90351.9 309.053 0.00543616
90549.7 309.383 0.00557968
90741.8 309.715 0.00572383
90928.5 310.045 0.00586722
91109.3 310.372 0.00600951
91284.4 310.696 0.00615039
91454.7 311.017 0.00628993
91620.5 311.335 0.00642834
91782.3 311.651 0.0065658
91940.2 311.967 0.00670301
92093.9 312.284 0.006841
92243 312.605 0.00698041
92387.6 312.93 0.00712164
92527.8 313.261 0.00726574
92662.8 313.607 0.00741593
92793.1 313.968 0.007573
92919.1 314.342 0.00773582
93041.2 314.729 0.00790383
93160.1 315.12 0.00807404
93150.5 316.311 0.00859173
55265.4 319.22 0.00985666
55283.4 319.48 0.00996966
55439.8 319.829 0.0101212
55595.8 320.143 0.0102577
55752.2 320.447 0.01039
55852.3 320.775 0.0105326
55868.4 321.131 0.0106872
55844.8 321.389 0.0107996
55907.2 322.247 0.0111726
55864.4 324.205 0.0120237
46237.4 334.032 0.0162967
46463.5 334.979 0.0167082
46721.6 335.95 0.0171304
