2247.35 -2.37506 -0.000183746
4494.63 -2.68289 -0.000207561
6741.95 -2.99071 -0.000231375
8989.26 -3.29854 -0.00025519
11236.6 -3.60636 -0.000279005
13483.9 -3.91418 -0.00030282
15718.3 -4.2283 -0.000327121
17872.7 -4.55512 -0.000352406
19904.1 -4.88745 -0.000378116
21804.5 -5.2189 -0.000403758
23583.3 -5.54729 -0.000429165
25257.7 -5.86822 -0.000453993
26840.5 -6.18321 -0.000478362
28346.6 -6.48344 -0.000502084
29785.6 -6.71664 -0.000525746
31163.6 -6.94589 -0.000549006
32489.2 -7.17152 -0.000571899
33770 -7.39423 -0.000594496
35010.5 -7.61366 -0.00061676
36215.5 -7.82934 -0.000638643
37389 -8.04196 -0.000660217
38534.9 -8.25175 -0.000681503
39656.9 -8.45826 -0.000702456
40757.7 -8.66133 -0.000723059
41840.1 -8.86284 -0.000743505
42905 -9.06177 -0.00076369
43953.9 -9.25794 -0.000783593
44988.4 -9.45182 -0.000803265
46009.5 -9.6437 -0.000822734
47018.9 -9.83376 -0.000842018
48017.5 -10.0219 -0.000861109
49006.5 -10.2088 -0.000880075
49986.8 -10.3943 -0.000898892
50959.1 -10.5788 -0.000917607
51924 -10.762 -0.000936197
52881.9 -10.9439 -0.00095466
53833.3 -11.1246 -0.000972993
54778.6 -11.304 -0.000991196
55718 -11.457 -0.00100936
56651.2 -11.5856 -0.00102757
57578.7 -11.714 -0.00104573
58500.4 -11.842 -0.00106385
59416.8 -11.9702 -0.00108199
60328.1 -12.0978 -0.00110005
61234.6 -12.2249 -0.00111803
62136.1 -12.3522 -0.00113604
63032.9 -12.4797 -0.00115409
63924.7 -12.6073 -0.00117214
64811.4 -12.7358 -0.00119032
65692.6 -12.8653 -0.00120865
66567.7 -12.9956 -0.00122709
67435.9 -13.128 -0.00124582
68296.3 -13.2629 -0.00126492
69147.7 -13.4004 -0.00128437
69989 -13.541 -0.00130427
70818.8 -13.6851 -0.00132465
71635.3 -13.8333 -0.00134563
72437.4 -13.9863 -0.00136728
73223.3 -14.1435 -0.00138953
73992.1 -14.3054 -0.00141244
74742.8 -14.4722 -0.00143605
75474.7 -14.6429 -0.0014602
76187.2 -14.8179 -0.00148496
76879.7 -14.9748 -0.00151047
77551.9 -15.1023 -0.00153684
78203.7 -15.2335 -0.00156397
78834.5 -15.3672 -0.00159161
79444.6 -15.5053 -0.00162018
80033.8 -15.6469 -0.00164946
80603.2 -15.7917 -0.0016794
81152.5 -15.9394 -0.00170995
81682.3 -16.0919 -0.00174148
82193.3 -16.2483 -0.00177382
82685.1 -16.4084 -0.00180693
83159.4 -16.5733 -0.00184104
83616.2 -16.742 -0.00187594
84056.1 -16.9142 -0.00191154
84479.8 -17.0905 -0.001948
84887 -17.2713 -0.00198539
85278.6 -17.4194 -0.00202393
85656 -17.5464 -0.00206317
86019.1 -17.6748 -0.00210283
86368.8 -17.8038 -0.00214268
86706 -17.9354 -0.00218336
87031.1 -18.0693 -0.00222472
87344.3 -18.2043 -0.00226643
87646.1 -18.3407 -0.00230857
87937.3 -18.4793 -0.0023514
88218.8 -18.6197 -0.00239478
88491.4 -18.7591 -0.00243784
88754.3 -18.8977 -0.00248067
89007.5 -19.0153 -0.00252438
89251.9 -19.1159 -0.00256902
89488.3 -19.2187 -0.00261463
89716.8 -19.323 -0.00266089
89936.6 -19.4299 -0.0027083
90147.8 -19.5396 -0.00275694
90351.9 -19.6504 -0.00280612
90549.7 -19.7614 -0.00285536
90741.8 -19.8724 -0.00290458
90928.5 -19.9825 -0.0029534
91109.3 -20.0911 -0.00300193
91284.4 -20.1796 -0.00305014
91454.7 -20.2676 -0.00309803
91620.5 -20.3549 -0.00314559
91782.3 -20.4417 -0.00319283
91940.2 -20.5281 -0.00323989
92093.9 -20.6151 -0.00328725
92243 -20.7027 -0.00333498
92387.6 -20.7908 -0.00338294
92527.8 -20.88 -0.00343151
92662.8 -20.9723 -0.00348176
92793.1 -20.9723 -0.00353426
92919.1 -20.9723 -0.00358864
93041.2 -20.9723 -0.00364484
93160.1 -20.9723 -0.00370168
93150.5 -20.9723 -0.00381904
55265.4 0 -0.0117212
55283.4 0 -0.0120036
55439.8 0 -0.0122004
55595.8 0 -0.0123722
55752.2 0 -0.0125309
55852.3 0 -0.0127606
55868.4 0 -0.0131093
55844.8 0 -0.01345
55907.2 0 -0.0140685
55864.4 0 -0.0155184
46237.4 0 -0.0260093
46463.5 0 -0.0267323
46721.6 0 -0.0274253
