2247.35 -22473.5 3.79085e-007 4.533e+006 -2.80527e-005 -1.51507e+008 0
4494.63 -44946.3 -4.18022e-009 4.533e+006 2.28493e-007 -3.0331e+008 0
6741.95 -67419.5 5.80045e-010 4.533e+006 4.46453e-009 -4.55113e+008 0
8989.26 -89892.6 -3.04007e-010 4.533e+006 -8.5729e-008 -6.06915e+008 0
11236.6 -112366 -1.21559e-009 4.533e+006 4.788e-008 -7.58718e+008 0
13483.9 -134839 -5.60346e-010 4.533e+006 -9.69371e-008 -9.10521e+008 0
15718.3 -156020 -5.2274e-008 4.53304e+006 3.89613e-006 -1.06138e+009 0
17872.7 -179691 -2.07534e-007 4.53304e+006 1.53691e-005 -1.20711e+009 0
19904.1 -198210 -2.60815e-007 4.53302e+006 1.92603e-005 -1.34447e+009 0
21804.5 -217232 -2.66117e-007 4.53304e+006 1.96091e-005 -1.47318e+009 0
23583.3 -235822 -2.5042e-007 4.53304e+006 1.84799e-005 -1.59386e+009 0
25257.7 -252579 -2.03664e-007 4.53299e+006 1.49661e-005 -1.70756e+009 0
26840.5 -268405 -1.79941e-007 4.533e+006 1.31801e-005 -1.81514e+009 0
28346.6 -283499 -1.40411e-007 4.533e+006 1.03823e-005 -1.91763e+009 0
29785.6 -297859 -1.36294e-007 4.533e+006 1.01087e-005 -2.01564e+009 0
31163.6 -311636 -1.17834e-007 4.533e+006 8.6329e-006 -2.1096e+009 0
32489.2 -324892 -1.00186e-007 4.533e+006 7.41776e-006 -2.20007e+009 0
33770 -337700 -8.76035e-008 4.533e+006 6.52164e-006 -2.28756e+009 0
35010.5 -350037 -7.9554e-008 4.53301e+006 5.82021e-006 -2.37237e+009 0
36215.5 -362155 -6.76015e-008 4.533e+006 4.95069e-006 -2.45482e+009 0
37389 -373890 -6.28929e-008 4.533e+006 4.68691e-006 -2.53517e+009 0
38534.9 -385349 -5.17172e-008 4.533e+006 3.8402e-006 -2.61368e+009 0
39656.9 -396574 -4.53632e-008 4.533e+006 3.40127e-006 -2.69061e+009 0
40757.7 -407583 -4.175e-008 4.533e+006 3.12695e-006 -2.76613e+009 0
41840.1 -418401 -3.78813e-008 4.533e+006 2.8307e-006 -2.84041e+009 0
42905 -429050 -3.16549e-008 4.533e+006 2.45169e-006 -2.91354e+009 0
43953.9 -439545 -2.91281e-008 4.533e+006 2.18979e-006 -2.9856e+009 0
44988.4 -449884 -2.73788e-008 4.533e+006 2.07437e-006 -3.0567e+009 0
46009.5 -460095 -2.4264e-008 4.533e+006 1.87315e-006 -3.12691e+009 0
47018.9 -470189 -2.44395e-008 4.533e+006 1.79323e-006 -3.19634e+009 0
48017.5 -480175 -2.13671e-008 4.533e+006 1.72076e-006 -3.26506e+009 0
49006.5 -490065 -1.63131e-008 4.533e+006 1.29683e-006 -3.33313e+009 0
49986.8 -499868 -1.45223e-008 4.533e+006 1.16078e-006 -3.40062e+009 0
50959.1 -509591 -1.94171e-008 4.533e+006 1.331e-006 -3.46759e+009 0
51924 -519240 -1.55237e-008 4.533e+006 1.11138e-006 -3.53406e+009 0
52881.9 -528819 -1.63824e-008 4.533e+006 1.16231e-006 -3.60007e+009 0
53833.3 -538333 -1.36978e-008 4.533e+006 1.02873e-006 -3.66564e+009 0
54778.6 -547786 -1.20647e-008 4.533e+006 8.97699e-007 -3.73081e+009 0
55718 -557180 -1.05794e-008 4.533e+006 6.95759e-007 -3.79558e+009 0
56651.2 -566512 -1.09908e-008 4.533e+006 8.35024e-007 -3.85994e+009 0
57578.7 -575787 -1.14496e-008 4.533e+006 8.1342e-007 -3.92392e+009 0
58500.4 -585004 -1.50752e-008 4.533e+006 1.01989e-006 -3.98752e+009 0
59416.8 -594168 -9.63645e-009 4.533e+006 7.14431e-007 -4.05076e+009 0
60328.1 -603281 -8.87081e-009 4.533e+006 6.65642e-007 -4.11367e+009 0
61234.6 -612347 -8.81269e-009 4.533e+006 7.56537e-007 -4.17625e+009 0
62136.1 -621361 -7.43422e-009 4.533e+006 5.51077e-007 -4.2385e+009 0
63032.9 -630329 -1.15304e-008 4.533e+006 8.41045e-007 -4.30045e+009 0
63924.7 -639247 -1.1181e-008 4.533e+006 8.7755e-007 -4.36205e+009 0
64811.4 -648114 -6.38194e-009 4.533e+006 6.38805e-007 -4.42332e+009 0
65692.6 -656927 -8.43312e-009 4.533e+006 5.65117e-007 -4.48422e+009 0
66567.7 -665677 -1.12518e-008 4.533e+006 1.01962e-006 -4.54472e+009 0
67435.9 -674359 -1.44802e-008 4.533e+006 1.09169e-006 -4.60475e+009 0
68296.3 -682966 -1.62773e-008 4.533e+006 1.30714e-006 -4.66427e+009 0
69147.7 -691470 -2.13608e-008 4.533e+006 1.47064e-006 -4.72319e+009 0
69989 -699894 -2.01242e-008 4.533e+006 1.54737e-006 -4.78143e+009 0
70818.8 -708184 -2.58172e-008 4.533e+006 1.85124e-006 -4.83891e+009 0
71635.3 -716358 -3.22976e-008 4.533e+006 2.33881e-006 -4.89551e+009 0
72437.4 -724376 -2.4784e-008 4.533e+006 1.91001e-006 -4.95115e+009 0
73223.3 -732234 -3.36015e-008 4.533e+006 2.56373e-006 -5.00571e+009 0
73992.1 -739928 -3.40248e-008 4.533e+006 2.61829e-006 -5.05913e+009 0
74742.8 -747431 -3.47026e-008 4.533e+006 2.51189e-006 -5.11135e+009 0
75474.7 -754746 -3.77253e-008 4.533e+006 2.74909e-006 -5.16232e+009 0
76187.2 -761878 -3.97292e-008 4.533e+006 2.83727e-006 -5.21199e+009 0
76879.7 -768798 -4.07207e-008 4.533e+006 2.91831e-006 -5.26034e+009 0
77551.9 -775517 -4.0331e-008 4.533e+006 3.01465e-006 -5.30733e+009 0
78203.7 -782020 -4.02967e-008 4.53301e+006 2.87604e-006 -5.35297e+009 0
78834.5 -788341 -4.08649e-008 4.533e+006 2.96188e-006 -5.39721e+009 0
79444.6 -794448 -4.08089e-008 4.533e+006 3.0162e-006 -5.44008e+009 0
80033.8 -800353 -4.04143e-008 4.533e+006 2.938e-006 -5.48154e+009 0
80603.2 -806032 -4.42822e-008 4.533e+006 3.14093e-006 -5.5217e+009 0
81152.5 -811542 -4.40392e-008 4.533e+006 3.31998e-006 -5.56052e+009 0
81682.3 -816813 -3.92634e-008 4.533e+006 2.90114e-006 -5.59803e+009 0
82193.3 -821930 -4.22516e-008 4.533e+006 2.98423e-006 -5.6343e+009 0
82685.1 -826848 -3.75014e-008 4.533e+006 2.72889e-006 -5.6693e+009 0
83159.4 -831595 -3.25644e-008 4.533e+006 2.44274e-006 -5.70312e+009 0
83616.2 -836162 -3.31837e-008 4.533e+006 2.55014e-006 -5.73578e+009 0
84056.1 -840560 -3.10828e-008 4.533e+006 2.26018e-006 -5.76732e+009 0
84479.8 -844790 -3.18755e-008 4.533e+006 2.40849e-006 -5.79778e+009 0
84887 -848869 -3.62447e-008 4.533e+006 2.62642e-006 -5.82714e+009 0
85278.6 -852786 -3.10492e-008 4.533e+006 2.14808e-006 -5.85546e+009 0
85656 -856555 -2.69102e-008 4.533e+006 2.08849e-006 -5.88284e+009 0
86019.1 -860208 -2.94145e-008 4.533e+006 2.31689e-006 -5.90927e+009 0
86368.8 -863671 -2.87448e-008 4.533e+006 2.06837e-006 -5.9348e+009 0
86706 -867060 -2.64052e-008 4.533e+006 1.71112e-006 -5.95951e+009 0
87031.1 -870307 -2.1349e-008 4.533e+006 1.72331e-006 -5.98341e+009 0
87344.3 -873443 -2.08263e-008 4.533e+006 1.60766e-006 -6.00651e+009 0
87646.1 -876463 -1.92696e-008 4.533e+006 1.37979e-006 -6.02887e+009 0
87937.3 -879394 -1.89233e-008 4.533e+006 1.37736e-006 -6.05051e+009 0
88218.8 -882188 -1.37389e-008 4.533e+006 1.10066e-006 -6.0715e+009 0
88491.4 -884918 -1.71394e-008 4.533e+006 1.29222e-006 -6.09191e+009 0
88754.3 -887543 -2.07335e-008 4.533e+006 1.41444e-006 -6.11167e+009 0
89007.5 -890044 -2.05696e-008 4.533e+006 1.50138e-006 -6.13078e+009 0
89251.9 -892519 -1.71832e-008 4.533e+006 1.22459e-006 -6.14931e+009 0
89488.3 -894884 -1.39336e-008 4.533e+006 1.07624e-006 -6.16731e+009 0
89716.8 -897172 -1.45121e-008 4.533e+006 1.22101e-006 -6.18478e+009 0
89936.6 -899366 -1.29921e-008 4.533e+006 1.10731e-006 -6.20167e+009 0
90147.8 -901478 -1.51984e-008 4.533e+006 1.03338e-006 -6.21799e+009 0
90351.9 -903515 -1.6255e-008 4.533e+006 1.166e-006 -6.23384e+009 0
90549.7 -905497 -1.89187e-008 4.533e+006 1.23386e-006 -6.24926e+009 0
90741.8 -907416 -8.7146e-009 4.533e+006 6.70602e-007 -6.26432e+009 0
90928.5 -909285 -1.52738e-008 4.533e+006 9.48099e-007 -6.27901e+009 0
91109.3 -911093 -1.51242e-008 4.533e+006 1.15906e-006 -6.2933e+009 0
91284.4 -912844 -8.87876e-009 4.533e+006 6.35776e-007 -6.30722e+009 0
91454.7 -914546 -9.27225e-009 4.533e+006 8.02174e-007 -6.32081e+009 0
91620.5 -916205 -7.19096e-009 4.533e+006 4.56906e-007 -6.33412e+009 0
91782.3 -917823 -1.39723e-008 4.533e+006 8.29553e-007 -6.34715e+009 0
91940.2 -919402 -3.49474e-009 4.533e+006 2.72945e-007 -6.35992e+009 0
92093.9 -920939 -4.67565e-009 4.533e+006 7.01779e-007 -6.37241e+009 0
92243 -922431 -1.2873e-008 4.533e+006 9.23466e-007 -6.3846e+009 0
92387.6 -923877 -1.39892e-008 4.533e+006 9.89035e-007 -6.39649e+009 0
92527.8 -925254 -1.16975e-008 4.533e+006 7.79154e-007 -6.40809e+009 0
92662.8 -925799 -1.57295e-008 4.53295e+006 1.15668e-006 -6.41926e+009 0
92793.1 -926319 -2.04409e-008 4.53285e+006 1.28682e-006 -6.43008e+009 0
92919.1 -927094 -1.9586e-008 4.53274e+006 1.51552e-006 -6.44064e+009 0
93041.2 -930230 -1.6271e-008 4.53266e+006 1.36626e-006 -6.45106e+009 0
93160.1 -931764 -2.46368e-008 4.53264e+006 1.78677e-006 -6.46125e+009 0
93150.5 3.41884e+006 -5.07994e-007 4.11437e+006 3.66889e-005 -5.95786e+009 0
55265.4 -1.6603e+006 -9.4316e-007 4.37948e+006 6.90072e-005 -3.97093e+009 0
55283.4 -1.15618e+006 -6.39918e-007 4.50353e+006 4.61686e-005 -3.96806e+009 0
55439.8 -793069 -3.20188e-008 4.52032e+006 1.27699e-006 -3.96857e+009 0
55595.8 -652893 2.50818e-008 4.52969e+006 -1.98161e-006 -3.97651e+009 0
55752.2 -597135 3.57006e-008 4.53167e+006 -2.47302e-006 -3.98728e+009 0
55852.3 -760994 -1.64244e-007 4.46508e+006 1.24745e-005 -3.99704e+009 0
55868.4 -714743 -4.52274e-007 4.35896e+006 3.36714e-005 -3.99124e+009 0
55844.8 -2.16395e+006 -6.59678e-007 4.48333e+006 5.10874e-005 -4.05211e+009 0
55907.2 -4.95302e+006 -1.91601e-007 4.38711e+006 1.45227e-005 -4.14896e+009 0
55864.4 -3.54656e+006 -1.80173e-006 4.0921e+006 0.000142515 -3.85419e+009 0
46237.4 -448700 -2.22399e-006 4.48768e+006 0.000161505 -3.36688e+009 0
46463.5 -449572 -4.70665e-007 4.51432e+006 3.24013e-005 -3.38352e+009 0
46721.6 -462987 -1.86518e-007 4.53147e+006 1.35489e-005 -3.40309e+009 0
