2247.35 5.15928e-005
4494.63 0.000109105
6741.95 0.000166616
8989.26 0.000224128
11236.6 0.00028164
13483.9 0.000339152
15718.3 0.000396776
17872.7 0.000455203
19904.1 0.000515045
21804.5 0.000576408
23583.3 0.0006389
25257.7 0.000702163
26840.5 0.000765988
28346.6 0.000830156
29785.6 0.000894542
31163.6 0.000959121
32489.2 0.00102378
33770 0.00108847
35010.5 0.0011532
36215.5 0.00121792
37389 0.00128261
38534.9 0.00134722
39656.9 0.00141179
40757.7 0.0014763
41840.1 0.00154065
42905 0.00160487
43953.9 0.00166893
44988.4 0.00173284
46009.5 0.0017966
47018.9 0.0018602
48017.5 0.00192366
49006.5 0.00198693
49986.8 0.00205003
50959.1 0.00211296
51924 0.00217571
52881.9 0.00223829
53833.3 0.0023007
54778.6 0.00236295
55718 0.00242507
56651.2 0.00248705
57578.7 0.00254893
58500.4 0.00261069
59416.8 0.00267235
60328.1 0.00273389
61234.6 0.00279534
62136.1 0.00285668
63032.9 0.00291794
63924.7 0.00297911
64811.4 0.00304021
65692.6 0.00310127
66567.7 0.00316229
67435.9 0.00322331
68296.3 0.00328436
69147.7 0.00334546
69989 0.00340666
70818.8 0.00346798
71635.3 0.00352946
72437.4 0.00359116
73223.3 0.00365309
73992.1 0.00371531
74742.8 0.00377783
75474.7 0.00384069
76187.2 0.0039039
76879.7 0.00396749
77551.9 0.00403148
78203.7 0.00409586
78834.5 0.00416066
79444.6 0.00422588
80033.8 0.00429152
80603.2 0.00435758
81152.5 0.00442406
81682.3 0.00449094
82193.3 0.00455824
82685.1 0.00462596
83159.4 0.00469404
83616.2 0.00476251
84056.1 0.00483136
84479.8 0.00490057
84887 0.00497014
85278.6 0.00504005
85656 0.00511029
86019.1 0.00518084
86368.8 0.00525169
86706 0.00532282
87031.1 0.00539423
87344.3 0.0054659
87646.1 0.00553783
87937.3 0.00561
88218.8 0.00568239
88491.4 0.00575499
88754.3 0.00582781
89007.5 0.00590084
89251.9 0.00597406
89488.3 0.00604745
89716.8 0.00612103
89936.6 0.00619478
90147.8 0.0062687
90351.9 0.00634278
90549.7 0.00641699
90741.8 0.00649133
90928.5 0.0065658
91109.3 0.00664041
91284.4 0.00671514
91454.7 0.00678999
91620.5 0.00686495
91782.3 0.00694
91940.2 0.00701516
92093.9 0.00709041
92243 0.00716575
92387.6 0.00724119
92527.8 0.00731673
92662.8 0.00739235
92793.1 0.00746804
92919.1 0.00754381
93041.2 0.00761964
93160.1 0.00769553
93150.5 0.00777118
55265.4 0.00844211
55283.4 0.00851694
55439.8 0.0085899
55595.8 0.00866285
55752.2 0.00873578
55852.3 0.00880949
55868.4 0.00888437
55844.8 0.00895978
55907.2 0.00903417
55864.4 0.00911036
46237.4 0.00931187
46463.5 0.00938453
46721.6 0.00945681
