2248.02 -28.5189 -0.000142595
4495.97 -24.2726 -0.000121363
6743.96 -20.0263 -0.000100132
8991.95 -15.7801 -7.89003e-005
11239.9 -11.5338 -5.76688e-005
13487.9 -7.28748 -3.64374e-005
15723 -2.83406 -1.41703e-005
17878 2.17242 1.08621e-005
19910 7.66675 3.83338e-005
21810.8 13.5468 6.77341e-005
23590.1 19.7737 9.88686e-005
25264.9 26.1564 0.000130782
26848.1 32.7392 0.000163696
28354.6 39.3405 0.000196702
29793.9 46.1637 0.000230818
31172.4 53.0211 0.000265105
32498.6 59.887 0.000299435
33780.2 66.7054 0.000333527
35021.5 73.6223 0.000368111
36227.5 80.517 0.000402585
37402 87.4097 0.000437049
38549 94.2289 0.000471144
39672.2 100.986 0.000504929
40774.3 107.686 0.000538428
41857.9 114.342 0.000571712
42924.1 121.033 0.000605166
43974.4 127.729 0.000638644
45010.2 134.404 0.000672018
46032.7 141.037 0.000705183
47043.4 147.621 0.000738105
48043.5 154.141 0.000770705
49033.9 160.608 0.000803043
50015.7 167.036 0.000835182
50989.5 173.432 0.00086717
51955.9 179.811 0.000899068
52915.3 186.178 0.000930913
53868.2 192.532 0.000962706
54815.1 198.872 0.000994435
55756 205.22 0.00102623
56690.9 211.6 0.00105822
57620 217.975 0.00109023
58543.5 224.309 0.00112213
59461.7 230.609 0.00115398
60375 236.854 0.00118575
61283.4 243.046 0.00121755
62186.9 249.162 0.0012494
63085.9 255.164 0.0012813
63979.9 261.007 0.00131329
64868.9 266.665 0.00134559
65752.4 272.064 0.00137829
66630 277.133 0.00141159
67500.7 281.785 0.00144569
68363.8 285.931 0.00148082
69217.9 289.498 0.00151719
70062 292.452 0.00155504
70894.6 294.806 0.00159469
71714 296.613 0.00163638
72519 297.957 0.00168044
73307.9 298.931 0.00172698
74079.6 299.625 0.0017759
74833.4 300.122 0.00182712
75568.3 300.487 0.00188065
76284 300.768 0.00193672
76979.8 300.995 0.00199493
77655.5 301.192 0.00205555
78310.9 301.372 0.00211872
78945.4 301.546 0.00218513
79559.5 301.717 0.0022541
80152.8 301.889 0.00232583
80726.7 302.063 0.00239959
81280.5 302.24 0.00247545
81815.5 302.422 0.00255383
82331.5 302.608 0.00263456
82829 302.801 0.00271792
83309.1 302.997 0.00280319
83772 303.197 0.00289023
84218.5 303.403 0.00297965
84648.8 303.615 0.00307168
85063 303.834 0.00316683
85462.5 304.058 0.00326435
85847.7 304.287 0.00336392
86218.6 304.522 0.00346596
86577.2 304.758 0.00356862
86923.8 304.996 0.0036723
87257.9 305.239 0.00377764
87580.6 305.485 0.00388495
87892.8 305.737 0.00399441
88194.8 305.993 0.00410566
88486.6 306.251 0.00421771
88769.1 306.51 0.00433057
89042.8 306.775 0.00444544
89308.2 307.041 0.00456144
89565.4 307.31 0.00467843
89814.1 307.585 0.00479788
90055 307.866 0.00491987
90288.5 308.151 0.0050439
90514.9 308.441 0.00517008
90734.3 308.737 0.00529888
90946.7 309.039 0.00542999
91153 309.341 0.00556141
91353.9 309.642 0.00569205
91549.9 309.939 0.00582151
91741.3 310.234 0.00594939
91928 310.523 0.00607541
92110.1 310.809 0.00619947
92288.1 311.09 0.00632176
92462.3 311.369 0.00644287
92632.6 311.647 0.00656385
92799.2 311.927 0.00668563
92962.2 312.208 0.00680801
93121.3 312.492 0.00693127
93276.8 312.778 0.00705572
93428.7 313.068 0.00718181
93577.2 313.363 0.00731017
93722.4 313.662 0.0074402
93864.3 313.964 0.00757115
94002 314.277 0.00770725
94135.9 314.6 0.00784801
94266.3 314.931 0.0079918
94393.3 315.268 0.00813824
94516.5 315.617 0.00829019
94637.9 315.96 0.00843929
94757.1 316.3 0.00858704
94766.5 317.358 0.0090471
55738.6 320.647 0.010477
55665.2 320.728 0.0105122
55828.4 321.036 0.010646
55990.1 321.347 0.0107812
56149.9 321.654 0.0109148
56272.6 321.942 0.0110399
