2248.02 -2.37556 -0.000183644
4495.97 -2.68358 -0.000207456
6743.96 -2.9916 -0.000231268
8991.95 -3.29962 -0.000255079
11239.9 -3.60764 -0.000278891
13487.9 -3.91566 -0.000302702
15723 -4.22997 -0.000327001
17878 -4.55701 -0.000352282
19910 -4.88956 -0.00037799
21810.8 -5.22122 -0.000403629
23590.1 -5.54986 -0.000429035
25264.9 -5.87098 -0.000453859
26848.1 -6.18616 -0.000478225
28354.6 -6.48715 -0.000501942
29793.9 -6.72231 -0.000525587
31172.4 -6.95345 -0.000548827
32498.6 -7.18087 -0.000571695
33780.2 -7.40529 -0.00059426
35021.5 -7.6264 -0.000616492
36227.5 -7.84372 -0.000638343
37402 -8.0579 -0.00065988
38549 -8.26925 -0.00068113
39672.2 -8.47728 -0.000702047
40774.3 -8.68184 -0.000722616
41857.9 -8.88477 -0.000743021
42924.1 -9.08516 -0.00076317
43974.4 -9.28278 -0.00078304
45010.2 -9.47807 -0.000802676
46032.7 -9.67133 -0.000822109
47043.4 -9.86276 -0.000841357
48043.5 -10.0523 -0.000860415
49033.9 -10.2405 -0.000879342
50015.7 -10.4273 -0.000898126
50989.5 -10.6131 -0.000916801
51955.9 -10.7976 -0.000935356
52915.3 -10.9809 -0.000953782
53868.2 -11.1629 -0.00097208
54815.1 -11.3436 -0.00099025
55756 -11.5024 -0.00100837
56690.9 -11.6364 -0.0010265
57620 -11.7701 -0.00104461
58543.5 -11.9034 -0.00106265
59461.7 -12.0369 -0.00108071
60375 -12.1698 -0.00109871
61283.4 -12.3021 -0.00111661
62186.9 -12.4346 -0.00113454
63085.9 -12.5673 -0.0011525
63979.9 -12.7001 -0.00117047
64868.9 -12.8337 -0.00118855
65752.4 -12.9683 -0.00120677
66630 -13.1038 -0.00122512
67500.7 -13.2413 -0.00124372
68363.8 -13.3815 -0.00126269
69217.9 -13.5243 -0.00128203
70062 -13.6704 -0.0013018
70894.6 -13.8201 -0.00132206
71714 -13.974 -0.00134288
72519 -14.1328 -0.00136438
73307.9 -14.2961 -0.00138648
74079.6 -14.464 -0.00140921
74833.4 -14.6371 -0.00143264
75568.3 -14.8142 -0.0014566
76284 -14.9956 -0.00148115
76979.8 -15.1699 -0.00150633
77655.5 -15.3139 -0.00153232
78310.9 -15.4618 -0.00155903
78945.4 -15.6127 -0.00158627
79559.5 -15.7677 -0.00161425
80152.8 -15.9268 -0.00164298
80726.7 -16.0893 -0.00167231
81280.5 -16.2549 -0.00170221
81815.5 -16.425 -0.00173292
82331.5 -16.5994 -0.0017644
82829 -16.7775 -0.00179657
83309.1 -16.9601 -0.00182953
83772 -17.1464 -0.00186316
84218.5 -17.337 -0.00189758
84648.8 -17.5311 -0.00193261
85063 -17.7297 -0.00196847
85462.5 -17.9272 -0.00200514
85847.7 -18.0921 -0.00204229
86218.6 -18.2595 -0.00207999
86577.2 -18.4274 -0.00211781
86923.8 -18.5962 -0.00215581
87257.9 -18.7675 -0.0021944
87580.6 -18.9407 -0.00223341
87892.8 -19.1159 -0.00227286
88194.8 -19.292 -0.00231252
88486.6 -19.4691 -0.00235242
88769.1 -19.6461 -0.00239227
89042.8 -19.8227 -0.00243205
89308.2 -19.9995 -0.00247186
89565.4 -20.1721 -0.00251173
89814.1 -20.3353 -0.00255188
90055 -20.5016 -0.00259277
90288.5 -20.6702 -0.00263423
90514.9 -20.8405 -0.0026761
90734.3 -21.0125 -0.0027184
90946.7 -21.1864 -0.00276118
91153 -21.3604 -0.00280397
91353.9 -21.5331 -0.00284642
91549.9 -21.7041 -0.00288849
91741.3 -21.8729 -0.00293001
91928 -22.0392 -0.0029709
92110.1 -22.2057 -0.00301115
92288.1 -22.377 -0.00305075
92462.3 -22.5458 -0.0030898
92632.6 -22.7126 -0.00312837
92799.2 -22.8794 -0.00316694
92962.2 -23.0458 -0.00320543
93121.3 -23.2119 -0.00324384
93276.8 -23.3784 -0.00328234
93428.7 -23.5445 -0.00332077
93577.2 -23.7121 -0.00335951
93722.4 -23.881 -0.00339859
93864.3 -24.0503 -0.00343775
94002 -24.2253 -0.00347821
94135.9 -24.2253 -0.00352046
94266.3 -24.2253 -0.00356321
94393.3 -24.2253 -0.003607
94516.5 -24.2253 -0.0036539
94637.9 -24.2253 -0.0036996
94757.1 -24.2253 -0.00374461
94766.5 0 -0.00383117
55738.6 0 -0.0117584
55665.2 0 -0.0120473
55828.4 0 -0.0122292
55990.1 0 -0.0123851
56149.9 0 -0.0125348
56272.6 0 -0.0126986
