2248.02 5.16006e-005
4495.97 0.000109113
6743.96 0.000166625
8991.95 0.000224137
11239.9 0.00028165
13487.9 0.000339162
15723 0.000396786
17878 0.000455214
19910 0.000515057
21810.8 0.000576421
23590.1 0.000638914
25264.9 0.000702179
26848.1 0.000766006
28354.6 0.000830175
29793.9 0.000894561
31172.4 0.00095914
32498.6 0.0010238
33780.2 0.00108848
35021.5 0.00115321
36227.5 0.00121792
37402 0.00128259
38549 0.00134719
39672.2 0.00141174
40774.3 0.00147623
41857.9 0.00154057
42924.1 0.00160476
43974.4 0.00166881
45010.2 0.00173269
46032.7 0.00179643
47043.4 0.00186001
48043.5 0.00192345
49033.9 0.0019867
50015.7 0.00204978
50989.5 0.00211269
51955.9 0.00217542
52915.3 0.00223797
53868.2 0.00230037
54815.1 0.0023626
55756 0.0024247
56690.9 0.00248666
57620 0.00254852
58543.5 0.00261026
59461.7 0.0026719
60375 0.00273342
61283.4 0.00279485
62186.9 0.00285616
63085.9 0.0029174
63979.9 0.00297854
64868.9 0.00303961
65752.4 0.00310064
66630 0.00316163
67500.7 0.00322261
68363.8 0.00328363
69217.9 0.00334469
70062 0.00340585
70894.6 0.00346713
71714 0.00352856
72519 0.00359022
73307.9 0.0036521
74079.6 0.00371427
74833.4 0.00377675
75568.3 0.00383956
76284 0.00390271
76979.8 0.00396625
77655.5 0.00403017
78310.9 0.00409449
78945.4 0.00415924
79559.5 0.00422438
80152.8 0.00428995
80726.7 0.00435593
81280.5 0.00442233
81815.5 0.00448913
82331.5 0.00455634
82829 0.00462396
83309.1 0.00469194
83772 0.00476031
84218.5 0.00482906
84648.8 0.00489816
85063 0.00496761
85462.5 0.0050374
85847.7 0.00510751
86218.6 0.00517795
86577.2 0.00524866
86923.8 0.00531965
87257.9 0.00539092
87580.6 0.00546246
87892.8 0.00553424
88194.8 0.00560627
88486.6 0.00567852
88769.1 0.00575099
89042.8 0.00582367
89308.2 0.00589654
89565.4 0.00596961
89814.1 0.00604287
90055 0.00611631
90288.5 0.00618991
90514.9 0.00626367
90734.3 0.00633759
90946.7 0.00641167
91153 0.00648588
91353.9 0.00656024
91549.9 0.00663471
91741.3 0.00670931
91928 0.00678403
92110.1 0.00685886
92288.1 0.00693381
92462.3 0.00700886
92632.6 0.00708401
92799.2 0.00715926
92962.2 0.00723461
93121.3 0.00731005
93276.8 0.00738558
93428.7 0.0074612
93577.2 0.0075369
93722.4 0.00761269
93864.3 0.00768855
94002 0.00776448
94135.9 0.00784049
94266.3 0.00791656
94393.3 0.00799269
94516.5 0.00806889
94637.9 0.00814515
94757.1 0.00822148
94766.5 0.00829729
55738.6 0.00899001
55665.2 0.009066
55828.4 0.00913884
55990.1 0.0092117
56149.9 0.00928457
56272.6 0.00935793
