2248.02 -22480.2 -9.28883e-008 4.533e+006 -9.94514e-008 -1.51552e+008 0
4495.97 -44959.7 7.95257e-010 4.533e+006 -1.30681e-007 -3.03399e+008 0
6743.96 -67439.6 -3.15938e-009 4.533e+006 2.00912e-007 -4.55247e+008 0
8991.95 -89919.5 -1.14031e-009 4.533e+006 3.68218e-008 -6.07095e+008 0
11239.9 -112399 1.25007e-009 4.533e+006 -7.82952e-008 -7.58942e+008 0
13487.9 -134879 -2.23681e-009 4.533e+006 1.62746e-008 -9.1079e+008 0
15723 -156056 1.14098e-008 4.53304e+006 8.5175e-008 -1.06169e+009 0
17878 -179759 5.0596e-008 4.53304e+006 2.8736e-007 -1.20747e+009 0
19910 -198232 6.38656e-008 4.53303e+006 1.50421e-007 -1.34485e+009 0
21810.8 -217264 6.81758e-008 4.53304e+006 3.10362e-008 -1.4736e+009 0
23590.1 -235900 5.88563e-008 4.53299e+006 2.09421e-007 -1.59433e+009 0
25264.9 -252642 5.07272e-008 4.53299e+006 1.23654e-007 -1.70804e+009 0
26848.1 -268480 4.26029e-008 4.533e+006 2.33778e-007 -1.81565e+009 0
28354.6 -283564 3.4606e-008 4.533e+006 4.94411e-008 -1.91816e+009 0
29793.9 -297942 3.40607e-008 4.533e+006 1.72313e-007 -2.01619e+009 0
31172.4 -311725 2.77189e-008 4.533e+006 2.51026e-008 -2.11019e+009 0
32498.6 -324986 2.4283e-008 4.533e+006 7.66398e-008 -2.2007e+009 0
33780.2 -337802 2.08129e-008 4.533e+006 1.49729e-007 -2.28824e+009 0
35021.5 -350215 1.87598e-008 4.533e+006 4.73681e-008 -2.37311e+009 0
36227.5 -362275 1.7026e-008 4.533e+006 5.13699e-008 -2.45562e+009 0
37402 -374020 1.54616e-008 4.533e+006 1.19058e-008 -2.53603e+009 0
38549 -385490 1.56431e-008 4.533e+006 -9.39837e-008 -2.61462e+009 0
39672.2 -396722 1.08184e-008 4.533e+006 5.04814e-008 -2.69163e+009 0
40774.3 -407743 1.11305e-008 4.533e+006 -3.96849e-008 -2.76723e+009 0
41857.9 -418579 1.17479e-008 4.533e+006 -4.6975e-008 -2.8416e+009 0
42924.1 -429241 9.02096e-009 4.533e+006 3.63657e-008 -2.91481e+009 0
43974.4 -439741 6.95534e-009 4.533e+006 4.07848e-008 -2.98696e+009 0
45010.2 -450102 6.95483e-009 4.533e+006 4.55164e-008 -3.05815e+009 0
46032.7 -460327 6.2475e-009 4.533e+006 1.65738e-008 -3.12845e+009 0
47043.4 -470434 4.96834e-009 4.533e+006 4.17271e-008 -3.19797e+009 0
48043.5 -480435 6.66848e-009 4.533e+006 -9.46827e-008 -3.26678e+009 0
49033.9 -490339 2.58122e-009 4.533e+006 8.98683e-008 -3.33495e+009 0
50015.7 -500157 1.58863e-009 4.533e+006 9.21364e-008 -3.40255e+009 0
50989.5 -509895 4.94542e-009 4.533e+006 -1.1155e-007 -3.46961e+009 0
51955.9 -519559 1.5782e-009 4.533e+006 1.5081e-007 -3.53618e+009 0
52915.3 -529153 3.51767e-010 4.533e+006 7.55627e-008 -3.60229e+009 0
53868.2 -538682 3.07239e-009 4.533e+006 -5.73525e-008 -3.66796e+009 0
54815.1 -548151 -9.1799e-010 4.533e+006 2.17872e-007 -3.73323e+009 0
55756 -557560 3.69306e-009 4.533e+006 -3.16298e-008 -3.79811e+009 0
56690.9 -566910 3.00638e-009 4.533e+006 -1.77343e-008 -3.86258e+009 0
57620 -576200 8.67816e-010 4.533e+006 8.34794e-008 -3.92667e+009 0
58543.5 -585434 3.27018e-009 4.533e+006 -4.27347e-009 -3.99039e+009 0
59461.7 -594617 5.38821e-010 4.533e+006 5.64504e-008 -4.05375e+009 0
60375 -603750 3.22732e-009 4.533e+006 -6.48692e-008 -4.11678e+009 0
61283.4 -612833 2.6747e-010 4.533e+006 3.56612e-008 -4.1795e+009 0
62186.9 -621869 1.7071e-009 4.533e+006 5.22086e-009 -4.24189e+009 0
63085.9 -630859 -4.85084e-010 4.533e+006 3.83732e-008 -4.30397e+009 0
63979.9 -639799 3.66546e-009 4.533e+006 -2.76912e-008 -4.36572e+009 0
64868.9 -648689 -8.26503e-011 4.533e+006 7.95448e-008 -4.42714e+009 0
65752.4 -657525 2.33764e-009 4.533e+006 4.04759e-008 -4.4882e+009 0
66630 -666299 -7.99133e-010 4.533e+006 1.03645e-007 -4.54886e+009 0
67500.7 -675008 5.9314e-009 4.533e+006 -2.3274e-007 -4.60906e+009 0
68363.8 -683638 2.29889e-009 4.533e+006 8.5926e-008 -4.66876e+009 0
69217.9 -692176 3.27051e-009 4.533e+006 7.48745e-008 -4.72786e+009 0
70062 -700618 6.63385e-009 4.533e+006 -1.27406e-007 -4.78629e+009 0
70894.6 -708939 5.812e-009 4.533e+006 1.69098e-008 -4.84396e+009 0
71714 -717139 8.66366e-009 4.533e+006 -1.36353e-007 -4.90075e+009 0
72519 -725187 7.45953e-009 4.53301e+006 -2.54377e-009 -4.95658e+009 0
73307.9 -733080 6.25444e-009 4.533e+006 7.57188e-008 -5.01134e+009 0
74079.6 -740797 9.29728e-009 4.533e+006 -8.50758e-008 -5.06495e+009 0
74833.4 -748334 1.00572e-008 4.533e+006 -4.40024e-008 -5.11738e+009 0
75568.3 -755678 1.27937e-008 4.533e+006 -2.41972e-007 -5.16855e+009 0
76284 -762840 1.12216e-008 4.533e+006 -8.27316e-008 -5.21843e+009 0
76979.8 -769797 9.40855e-009 4.533e+006 5.91324e-009 -5.267e+009 0
77655.5 -776558 9.70071e-009 4.533e+006 6.91893e-009 -5.31423e+009 0
78310.9 -783106 1.1731e-008 4.533e+006 -1.54065e-007 -5.3601e+009 0
78945.4 -789454 7.35139e-009 4.533e+006 2.6358e-007 -5.40459e+009 0
79559.5 -795596 8.91731e-009 4.533e+006 1.48475e-008 -5.44772e+009 0
80152.8 -801512 1.32794e-008 4.533e+006 -6.59911e-009 -5.48946e+009 0
80726.7 -807268 9.29396e-009 4.533e+006 -1.35213e-007 -5.52991e+009 0
81280.5 -812805 1.03966e-008 4.533e+006 1.2118e-007 -5.56904e+009 0
81815.5 -818155 1.39531e-008 4.533e+006 -2.17378e-007 -5.6069e+009 0
82331.5 -823313 1.11205e-008 4.533e+006 -1.2014e-007 -5.6435e+009 0
82829 -828300 7.9205e-009 4.533e+006 2.03806e-007 -5.67887e+009 0
83309.1 -833092 1.62427e-008 4.533e+006 -3.36515e-007 -5.71308e+009 0
83772 -837719 6.94094e-009 4.533e+006 1.85601e-007 -5.74615e+009 0
84218.5 -842186 1.23986e-009 4.533e+006 2.3045e-007 -5.77812e+009 0
84648.8 -846477 3.22303e-009 4.533e+006 1.73057e-007 -5.80903e+009 0
85063 -850631 6.04677e-009 4.533e+006 1.10612e-007 -5.83885e+009 0
85462.5 -854626 6.77414e-009 4.533e+006 -1.02971e-007 -5.8677e+009 0
85847.7 -858477 8.0575e-009 4.533e+006 4.60535e-008 -5.8956e+009 0
86218.6 -862188 7.10894e-009 4.533e+006 -1.3449e-007 -5.92254e+009 0
86577.2 -865773 5.19643e-009 4.533e+006 -2.05525e-008 -5.94867e+009 0
86923.8 -869240 7.76239e-009 4.533e+006 -9.41168e-008 -5.974e+009 0
87257.9 -872579 8.68373e-009 4.533e+006 7.62488e-008 -5.9985e+009 0
87580.6 -875824 7.24428e-009 4.533e+006 1.38517e-008 -6.02223e+009 0
87892.8 -878929 8.33616e-009 4.533e+006 -1.57622e-007 -6.04528e+009 0
88194.8 -881948 6.68607e-009 4.533e+006 -9.21615e-008 -6.06764e+009 0
88486.6 -884866 4.91825e-009 4.533e+006 1.54834e-007 -6.08932e+009 0
88769.1 -887692 1.68488e-009 4.533e+006 1.03736e-007 -6.11039e+009 0
89042.8 -890429 2.13452e-009 4.533e+006 9.03896e-008 -6.13087e+009 0
89308.2 -893078 5.92867e-009 4.533e+006 -8.40356e-008 -6.15079e+009 0
89565.4 -895654 5.44322e-009 4.533e+006 -5.35046e-008 -6.17017e+009 0
89814.1 -898142 4.93285e-009 4.533e+006 -1.41369e-007 -6.18899e+009 0
90055 -900550 4.50072e-009 4.533e+006 -5.21195e-008 -6.20728e+009 0
90288.5 -902885 4.98103e-009 4.533e+006 5.98888e-008 -6.22508e+009 0
90514.9 -905150 1.49948e-009 4.533e+006 1.11641e-007 -6.24242e+009 0
90734.3 -907343 2.34315e-009 4.533e+006 1.23649e-007 -6.25928e+009 0
90946.7 -909467 5.78918e-009 4.533e+006 -2.31368e-007 -6.27568e+009 0
91153 -911530 -5.73929e-009 4.533e+006 4.46994e-007 -6.29168e+009 0
91353.9 -913549 3.59406e-009 4.533e+006 4.96876e-008 -6.30731e+009 0
91549.9 -915499 7.9401e-009 4.533e+006 -3.26719e-007 -6.32262e+009 0
91741.3 -917413 5.96995e-009 4.533e+006 -2.64936e-007 -6.33762e+009 0
91928 -919280 -2.59214e-009 4.533e+006 1.93767e-007 -6.35231e+009 0
92110.1 -921101 7.50394e-010 4.533e+006 6.5432e-008 -6.3667e+009 0
92288.1 -922881 -1.69539e-009 4.533e+006 1.70699e-007 -6.38081e+009 0
92462.3 -924624 8.28407e-009 4.533e+006 -9.00534e-008 -6.39467e+009 0
92632.6 -926327 5.82577e-009 4.533e+006 -4.7845e-007 -6.40826e+009 0
92799.2 -927992 2.64341e-009 4.533e+006 -2.47567e-008 -6.42161e+009 0
92962.2 -929622 3.76105e-009 4.533e+006 6.73464e-008 -6.43472e+009 0
93121.3 -931214 -2.4337e-009 4.533e+006 1.80626e-007 -6.44758e+009 0
93276.8 -932768 -3.98003e-009 4.533e+006 7.84712e-008 -6.46019e+009 0
93428.7 -934288 1.36074e-009 4.533e+006 5.68359e-008 -6.47257e+009 0
93577.2 -935789 3.11914e-009 4.533e+006 2.23611e-008 -6.48471e+009 0
93722.4 -937224 3.32774e-009 4.533e+006 -5.10178e-008 -6.49664e+009 0
93864.3 -938581 7.10271e-009 4.533e+006 -1.54181e-007 -6.50835e+009 0
94002 -937498 2.61967e-009 4.53285e+006 1.33353e-007 -6.51955e+009 0
94135.9 -941044 1.08298e-008 4.53273e+006 -5.43008e-007 -6.53076e+009 0
94266.3 -937606 5.08089e-009 4.53251e+006 -2.12031e-007 -6.54131e+009 0
94393.3 -960308 6.85711e-009 4.53135e+006 -5.59524e-008 -6.55231e+009 0
94516.5 -946507 8.67944e-009 4.53175e+006 -3.56359e-007 -6.5623e+009 0
94637.9 -946076 2.83205e-009 4.53184e+006 2.03893e-007 -6.57262e+009 0
94757.1 -68040.2 1.98913e-009 4.51099e+006 1.23959e-007 -6.52422e+009 0
94766.5 1.07368e+006 1.3964e-007 3.91661e+006 -9.73462e-007 -6.06263e+009 0
55738.6 -1.67863e+006 7.38762e-007 4.26457e+006 7.56751e-007 -4.00974e+009 0
55665.2 -1.05223e+006 3.66363e-007 4.49177e+006 -4.11219e-006 -4.00538e+009 0
55828.4 -715184 6.90288e-008 4.52499e+006 -9.80212e-007 -4.0075e+009 0
55990.1 -598847 1.84109e-008 4.53096e+006 -8.505e-007 -4.01667e+009 0
56149.9 -567862 1.46177e-009 4.53252e+006 1.32597e-007 -4.02849e+009 0
56272.6 -595977 2.65183e-008 4.52779e+006 -2.60076e-007 -4.03972e+009 0
