3501.27 -16.0181 -8.00906e-005
7002.44 -11.7635 -5.88173e-005
10503.7 -7.50881 -3.7544e-005
14004.8 -3.25422 -1.62711e-005
17400.8 1.64367 8.21833e-006
20468.5 7.46905 3.73452e-005
23179.3 13.9969 6.99843e-005
25591.1 21.073 0.000105365
27769.4 28.4052 0.000142026
29764.5 35.9688 0.000179844
31619.5 43.5581 0.000217791
33360.4 51.3021 0.000256511
35009.3 59.0017 0.000295009
36585.5 66.5776 0.000332888
38100.4 74.2768 0.000371384
39560.8 81.9977 0.000409989
40976.2 89.564 0.00044782
42354.4 97.0207 0.000485104
43699 104.495 0.000522477
45012.6 112.015 0.000560076
46297.7 119.582 0.000597911
47557.2 127.067 0.000635333
48794.3 134.489 0.000672446
50011.2 141.863 0.000709314
51209.6 149.2 0.000746
52391.4 156.453 0.000782267
53558.7 163.665 0.000818324
54712.3 170.87 0.000854355
55853.3 178.02 0.000890109
56983.2 185.138 0.000925703
58102.4 192.231 0.000961183
59212 199.269 0.000996398
60312.5 206.282 0.00103151
61404.4 213.312 0.00106674
62488.3 220.32 0.00110192
63564.3 227.289 0.00113701
64633.3 234.215 0.00117205
65695.6 241.06 0.00120694
66751.5 247.812 0.00124178
67801.1 254.444 0.00127665
68844.7 260.9 0.00131159
69881.7 267.129 0.00134679
70912 273.063 0.00138254
71934.6 278.57 0.00141893
72948.8 283.534 0.00145624
73952.8 287.847 0.00149484
74945.2 291.437 0.00153519
75923.4 294.279 0.0015777
76884.7 296.43 0.00162303
77826.6 297.98 0.00167154
78746.8 299.048 0.00172307
79643 299.777 0.00177798
80514 300.279 0.00183649
81358.5 300.635 0.00189784
82176.5 300.905 0.00196178
82968.1 301.128 0.00202829
83732.8 301.326 0.00209763
84471.4 301.513 0.00216939
85184.1 301.696 0.00224388
85870.7 301.883 0.00232212
86531.8 302.074 0.00240349
87168.1 302.27 0.00248803
87781 302.469 0.00257414
88371.2 302.672 0.00266222
88940.1 302.88 0.00275228
89488.3 303.091 0.00284395
90017.4 303.305 0.00293697
90528.3 303.521 0.00303078
91021.7 303.739 0.00312571
91498.1 303.964 0.00322334
91958 304.194 0.00332341
92401.2 304.432 0.00342708
92829.4 304.676 0.0035329
93242.4 304.926 0.00364186
93640.9 305.18 0.00375225
94026.3 305.438 0.00386415
94399.2 305.697 0.00397699
94760.2 305.957 0.00409012
95109.4 306.219 0.00420411
95447.6 306.486 0.00431992
95773.7 306.763 0.00444058
96088.3 307.053 0.00456663
96392.4 307.349 0.0046953
96687.2 307.65 0.00482591
96972.9 307.952 0.00495727
97249.4 308.253 0.00508843
97517 308.559 0.00522135
97776 308.869 0.00535608
98027.5 309.182 0.00549205
98271 309.502 0.00563125
98505.3 309.836 0.00577639
98731.3 310.184 0.00592786
98949.8 310.539 0.00608196
99161.5 310.9 0.00623913
99367.4 311.265 0.00639779
99567.1 311.633 0.00655779
99760.5 312 0.00671742
99948.5 312.362 0.00687475
100132 312.719 0.00702991
100311 313.071 0.00718295
100485 313.424 0.00733634
100653 313.789 0.00749513
100816 314.156 0.00765497
100974 314.535 0.00781936
101126 314.923 0.00798829
101274 315.317 0.00815961
101419 315.716 0.00833308
101561 316.119 0.00850844
101676 316.662 0.00874445
101371 320.729 0.0105128
53940.3 353.725 0.0248585
47997.4 355.568 0.0256598
48299.2 356.125 0.0259022
48708.9 356.758 0.0261772
49093.1 357.346 0.0264332
