3501.27 -2.79259 -0.000123675
7002.44 -3.33032 -0.00014749
10503.7 -3.86805 -0.000171304
14004.8 -4.40569 -0.000195115
17400.8 -4.97455 -0.000220308
20468.5 -5.56612 -0.000246507
23179.3 -6.15509 -0.000272591
25591.1 -6.73169 -0.000298127
27769.4 -7.28686 -0.000322713
29764.5 -7.8224 -0.000346431
31619.5 -8.33575 -0.000369166
33360.4 -8.83261 -0.00039117
35009.3 -9.31116 -0.000412364
36585.5 -9.77271 -0.000432804
38100.4 -10.2227 -0.000452734
39560.8 -10.6606 -0.000472127
40976.2 -11.0862 -0.000490975
42354.4 -11.4597 -0.000509463
43699 -11.7888 -0.000527814
45012.6 -12.1139 -0.000545943
46297.7 -12.4331 -0.00056374
47557.2 -12.748 -0.000581301
48794.3 -13.0593 -0.000598656
50011.2 -13.3675 -0.000615847
51209.6 -13.6737 -0.00063292
52391.4 -13.9767 -0.000649811
53558.7 -14.2756 -0.000666478
54712.3 -14.5714 -0.000682977
55853.3 -14.8646 -0.000699324
56983.2 -15.1553 -0.000715534
58102.4 -15.4437 -0.000731615
59212 -15.7304 -0.000747599
60312.5 -16.0156 -0.000763505
61404.4 -16.2985 -0.000779278
62488.3 -16.5791 -0.000794926
63564.3 -16.8578 -0.000810467
64633.3 -17.1352 -0.000825933
65695.6 -17.4112 -0.000841325
66751.5 -17.686 -0.00085665
67801.1 -17.9601 -0.00087193
68844.7 -18.234 -0.000887203
69881.7 -18.509 -0.00090254
70912 -18.7858 -0.000917973
71934.6 -19.0652 -0.000933555
72948.8 -19.3485 -0.000949352
73952.8 -19.6372 -0.000965448
74945.2 -19.9329 -0.000981935
75923.4 -20.2373 -0.000998911
76884.7 -20.4778 -0.00101664
77826.6 -20.7241 -0.00103519
78746.8 -20.9806 -0.0010545
79643 -21.2451 -0.00107442
80514 -21.5217 -0.00109526
81358.5 -21.8066 -0.00111671
82176.5 -22.0985 -0.00113869
82968.1 -22.3962 -0.00116111
83732.8 -22.7015 -0.0011841
84471.4 -23.0127 -0.00120754
85184.1 -23.3263 -0.00123116
85870.7 -23.6457 -0.00125521
86531.8 -23.9696 -0.0012796
87168.1 -24.2999 -0.00130447
87781 -24.6326 -0.00132953
88371.2 -24.9678 -0.00135477
88940.1 -25.3069 -0.00138032
89488.3 -25.6499 -0.00140615
90017.4 -25.9947 -0.00143211
90528.3 -26.3396 -0.00145809
91021.7 -26.6829 -0.00148394
91498.1 -26.9906 -0.0015101
91958 -27.2384 -0.0015366
92401.2 -27.4917 -0.0015637
92829.4 -27.7487 -0.00159119
93242.4 -28.0087 -0.001619
93640.9 -28.271 -0.00164706
94026.3 -28.5362 -0.00167543
94399.2 -28.8022 -0.00170388
94760.2 -29.0685 -0.00173236
95109.4 -29.3361 -0.00176098
95447.6 -29.6074 -0.00179001
95773.7 -29.8823 -0.00181941
96088.3 -30.1673 -0.00184989
96392.4 -30.4555 -0.00188072
96687.2 -30.7465 -0.00191185
96972.9 -31.0364 -0.00194285
97249.4 -31.3253 -0.00197375
97517 -31.6031 -0.00200487
97776 -31.8152 -0.00203668
98027.5 -32.0285 -0.00206868
98271 -32.2468 -0.00210141
98505.3 -32.4675 -0.00213452
98731.3 -32.6945 -0.00216856
98949.8 -32.9243 -0.00220303
99161.5 -33.1592 -0.00223827
99367.4 -33.3971 -0.00227396
99567.1 -33.6336 -0.00230943
99760.5 -33.8701 -0.00234489
99948.5 -34.1037 -0.00237993
100132 -34.3342 -0.0024145
100311 -34.5615 -0.0024486
100485 -34.7878 -0.00248254
100653 -34.7878 -0.00251852
100816 -34.7878 -0.00255482
100974 -34.7878 -0.00259218
101126 -34.7878 -0.00263105
101274 -34.7878 -0.00267039
101419 -34.7878 -0.00271001
101561 -34.7878 -0.00274987
101676 -34.7878 -0.00279242
101371 0 -0.00327047
53940.3 0 -0.0278979
47997.4 0 -0.0341555
48299.2 0 -0.0347195
48708.9 0 -0.0351767
49093.1 0 -0.0356071
