3501.27 -35012.7 4.25041e-008 4.533e+006 -5.92049e-007 -2.35126e+008 0
7002.44 -70024.4 -1.30953e-009 4.533e+006 8.03948e-009 -4.70364e+008 0
10503.7 -105037 1.3003e-009 4.533e+006 -9.185e-008 -7.05601e+008 0
14004.8 -140048 3.86127e-010 4.533e+006 3.53565e-008 -9.40836e+008 0
17400.8 -171272 -3.61581e-008 4.53316e+006 5.68371e-007 -1.16884e+009 0
20468.5 -202331 -6.58751e-008 4.53314e+006 1.11924e-006 -1.37525e+009 0
23179.3 -231058 -5.88804e-008 4.53345e+006 9.67616e-007 -1.55792e+009 0
25591.1 -256092 -4.93335e-008 4.533e+006 7.33978e-007 -1.72087e+009 0
27769.4 -277696 -3.82331e-008 4.533e+006 6.93686e-007 -1.86807e+009 0
29764.5 -297647 -3.12089e-008 4.533e+006 5.73628e-007 -2.0031e+009 0
31619.5 -316196 -2.25632e-008 4.533e+006 4.05518e-007 -2.12879e+009 0
33360.4 -333605 -1.61861e-008 4.533e+006 1.95902e-007 -2.2469e+009 0
35009.3 -350093 -1.54113e-008 4.533e+006 2.72391e-007 -2.35888e+009 0
36585.5 -365860 -1.18207e-008 4.533e+006 2.6145e-007 -2.46603e+009 0
38100.4 -381001 -1.13812e-008 4.533e+006 2.28184e-007 -2.5691e+009 0
39560.8 -395610 -9.75489e-009 4.533e+006 1.45879e-007 -2.66854e+009 0
40976.2 -409762 -6.08291e-009 4.533e+006 7.57486e-008 -2.76498e+009 0
42354.4 -423544 -4.14078e-009 4.533e+006 1.55865e-008 -2.85896e+009 0
43699 -437028 -4.7203e-009 4.533e+006 8.88296e-008 -2.9507e+009 0
45012.6 -450126 -3.62021e-009 4.533e+006 1.82853e-008 -3.04037e+009 0
46297.7 -462977 -5.79569e-009 4.533e+006 1.28696e-007 -3.12815e+009 0
47557.2 -475572 -5.48618e-009 4.533e+006 1.80573e-007 -3.21422e+009 0
48794.3 -487943 -4.37135e-009 4.533e+006 1.22573e-007 -3.2988e+009 0
50011.2 -500112 -2.07628e-009 4.533e+006 1.89797e-008 -3.38204e+009 0
51209.6 -512096 -4.15813e-009 4.533e+006 1.88319e-007 -3.46404e+009 0
52391.4 -523914 -2.59624e-010 4.533e+006 5.55892e-008 -3.54495e+009 0
53558.7 -535590 -2.8923e-009 4.533e+006 8.80157e-008 -3.62489e+009 0
54712.3 -547122 -3.16554e-009 4.533e+006 1.63544e-007 -3.70392e+009 0
55853.3 -558533 -2.25709e-009 4.533e+006 7.64841e-008 -3.78211e+009 0
56983.2 -569833 -3.36274e-009 4.533e+006 1.4477e-007 -3.85955e+009 0
58102.4 -581024 -7.4025e-010 4.533e+006 -2.58711e-008 -3.93629e+009 0
59212 -592120 -1.75046e-010 4.533e+006 1.35772e-008 -4.01239e+009 0
60312.5 -603125 -3.03782e-010 4.533e+006 3.30732e-008 -4.08789e+009 0
61404.4 -614045 -1.71581e-010 4.533e+006 2.13783e-008 -4.16281e+009 0
62488.3 -624883 -2.66552e-009 4.533e+006 7.8217e-008 -4.23719e+009 0
63564.3 -635645 -1.73936e-009 4.533e+006 1.06469e-007 -4.31106e+009 0
64633.3 -646333 1.57678e-009 4.533e+006 -1.73342e-007 -4.38446e+009 0
65695.6 -656956 -2.19466e-009 4.533e+006 1.60349e-007 -4.45741e+009 0
66751.5 -667515 -2.57313e-009 4.533e+006 5.03958e-008 -4.52993e+009 0
67801.1 -678011 -1.13187e-009 4.533e+006 2.83726e-008 -4.60204e+009 0
68844.7 -688447 -3.02386e-009 4.533e+006 1.53693e-007 -4.67375e+009 0
69881.7 -698817 -2.26541e-009 4.533e+006 4.34873e-008 -4.74502e+009 0
70912 -709120 -8.26456e-010 4.533e+006 -4.24683e-009 -4.81584e+009 0
71934.6 -719349 -2.88324e-009 4.533e+006 1.13444e-007 -4.88615e+009 0
72948.8 -729487 -1.58685e-009 4.533e+006 4.177e-008 -4.9559e+009 0
73952.8 -739528 -2.56986e-009 4.533e+006 1.03588e-007 -5.02498e+009 0
74945.2 -749452 -1.17161e-009 4.533e+006 -1.07433e-007 -5.09327e+009 0
75923.4 -759221 -2.63154e-009 4.533e+006 9.64435e-008 -5.16063e+009 0
76884.7 -768849 -4.19184e-009 4.533e+006 1.71665e-007 -5.22686e+009 0
77826.6 -778267 -8.54607e-010 4.533e+006 -8.62364e-009 -5.2918e+009 0
78746.8 -787418 -6.15234e-009 4.53301e+006 2.52504e-007 -5.35529e+009 0
79643 -796477 -3.65049e-009 4.533e+006 4.80505e-008 -5.4172e+009 0
80514 -805143 -3.07343e-009 4.533e+006 9.10567e-008 -5.47742e+009 0
81358.5 -813589 -3.7064e-009 4.533e+006 6.82356e-008 -5.53588e+009 0
82176.5 -821765 -8.44989e-009 4.533e+006 2.40705e-007 -5.59257e+009 0
82968.1 -829681 -4.85799e-009 4.533e+006 1.32261e-007 -5.64751e+009 0
83732.8 -837329 -7.44466e-009 4.533e+006 2.77653e-007 -5.70066e+009 0
84471.4 -844715 -6.21514e-009 4.533e+006 1.23513e-007 -5.75208e+009 0
85184.1 -851841 -6.96023e-009 4.533e+006 1.88517e-007 -5.80176e+009 0
85870.7 -858687 -1.05545e-009 4.53302e+006 -1.48321e-007 -5.84972e+009 0
86531.8 -865348 -9.01829e-009 4.533e+006 3.09535e-007 -5.89597e+009 0
87168.1 -871672 -1.01032e-008 4.533e+006 3.57974e-007 -5.94058e+009 0
87781 -877810 -7.79584e-009 4.533e+006 8.5017e-008 -5.98363e+009 0
88371.2 -883719 -2.34716e-009 4.533e+006 -5.24353e-008 -6.02517e+009 0
88940.1 -889401 -5.4556e-009 4.533e+006 1.6332e-007 -6.06529e+009 0
89488.3 -894883 -4.92343e-009 4.533e+006 4.8156e-008 -6.10403e+009 0
90017.4 -900175 -5.0634e-009 4.533e+006 1.61108e-007 -6.14151e+009 0
90528.3 -905283 -2.53621e-009 4.533e+006 1.41999e-007 -6.17777e+009 0
91021.7 -910218 -2.96505e-009 4.533e+006 1.46917e-007 -6.21287e+009 0
91498.1 -914981 -3.53451e-009 4.533e+006 5.17896e-008 -6.24683e+009 0
91958 -919580 -8.41693e-009 4.53301e+006 3.17775e-007 -6.2797e+009 0
92401.2 -924013 -4.17674e-009 4.533e+006 1.22859e-007 -6.31145e+009 0
92829.4 -928294 -5.02458e-010 4.533e+006 -1.0862e-007 -6.34221e+009 0
93242.4 -932399 -8.36591e-010 4.533e+006 1.02816e-007 -6.37196e+009 0
93640.9 -936408 -2.2133e-009 4.533e+006 1.92506e-007 -6.40074e+009 0
94026.3 -940264 3.23779e-010 4.533e+006 1.00032e-007 -6.42865e+009 0
94399.2 -943992 -1.1812e-009 4.533e+006 9.78859e-008 -6.45573e+009 0
94760.2 -947602 -4.17916e-009 4.533e+006 1.4142e-007 -6.48202e+009 0
95109.4 -951094 8.68263e-010 4.533e+006 -1.85414e-007 -6.50752e+009 0
95447.6 -954475 -3.1104e-009 4.533e+006 2.53951e-009 -6.53229e+009 0
95773.7 -957713 -3.44104e-009 4.533e+006 4.48191e-008 -6.55626e+009 0
96088.3 -960886 -5.59666e-009 4.533e+006 4.19309e-007 -6.57946e+009 0
96392.4 -963925 -8.99358e-009 4.533e+006 4.74082e-007 -6.60196e+009 0
96687.2 -966872 -1.69111e-010 4.533e+006 -2.03475e-007 -6.62385e+009 0
96972.9 -969730 1.37396e-009 4.533e+006 3.48431e-008 -6.64512e+009 0
97249.4 -972494 5.88379e-009 4.533e+006 -4.29081e-007 -6.66579e+009 0
97517 -975169 -1.40265e-009 4.533e+006 1.53399e-007 -6.68585e+009 0
97776 -977760 -1.31433e-009 4.533e+006 4.14322e-009 -6.70536e+009 0
98027.5 -980275 -2.71017e-009 4.533e+006 4.20696e-008 -6.72436e+009 0
98271 -982710 1.00673e-009 4.533e+006 -1.50707e-007 -6.74283e+009 0
98505.3 -985054 -6.05002e-009 4.533e+006 2.28742e-007 -6.76069e+009 0
98731.3 -987313 -2.43636e-009 4.533e+006 8.29594e-009 -6.77799e+009 0
98949.8 -989498 -4.30356e-009 4.533e+006 1.26175e-007 -6.79479e+009 0
99161.5 -991616 -3.83967e-009 4.533e+006 8.21095e-008 -6.81115e+009 0
99367.4 -993674 1.1968e-009 4.533e+006 -3.0603e-008 -6.82711e+009 0
99567.1 -995671 1.42459e-009 4.533e+006 -3.45409e-007 -6.84267e+009 0
99760.5 -997605 -8.4038e-009 4.533e+006 3.67158e-007 -6.85781e+009 0
99948.5 -999485 -3.54383e-009 4.533e+006 1.70687e-008 -6.87258e+009 0
100132 -1.00132e+006 -7.51116e-009 4.533e+006 2.84072e-007 -6.88705e+009 0
100311 -1.00311e+006 -8.97316e-010 4.533e+006 6.39676e-008 -6.90122e+009 0
100485 -1.00346e+006 -6.35586e-009 4.53295e+006 3.7548e-007 -6.91495e+009 0
100653 -1.00622e+006 2.07205e-009 4.5327e+006 -6.75987e-008 -6.92828e+009 0
100816 -1.00737e+006 3.12321e-009 4.53266e+006 -1.34429e-007 -6.94137e+009 0
100974 -1.00314e+006 -6.02867e-009 4.53215e+006 1.21097e-007 -6.95348e+009 0
101126 -1.01073e+006 1.17567e-009 4.53175e+006 -1.81163e-007 -6.96591e+009 0
101274 -1.01267e+006 -3.02376e-009 4.53167e+006 3.1587e-007 -6.97801e+009 0
101419 -1.01485e+006 -1.31751e-009 4.53158e+006 1.06678e-007 -6.98989e+009 0
101561 -1.01498e+006 -2.1417e-009 4.53147e+006 4.08561e-008 -7.00144e+009 0
101676 3.63064e+006 -1.43442e-008 4.14347e+006 1.85396e-007 -6.50723e+009 0
101371 -3.57581e+006 -1.38139e-007 3.14857e+006 1.98652e-006 -6.18802e+009 0
53940.3 -1.01119e+006 -7.21923e-007 3.48681e+006 9.88672e-006 -3.84528e+009 0
47997.4 -476625 -1.09664e-007 4.38918e+006 7.63192e-007 -3.44886e+009 0
48299.2 -482488 -7.49875e-008 4.52438e+006 1.42497e-006 -3.47007e+009 0
48708.9 -485323 -9.79124e-009 4.53191e+006 1.26484e-007 -3.49931e+009 0
49093.1 -491120 -6.11022e-009 4.53275e+006 -3.83457e-007 -3.52721e+009 0
