3501.27 5.53086e-005
7002.44 0.000112843
10503.7 0.000170377
14004.8 0.000227911
17400.8 0.0002861
20468.5 0.000346681
23179.3 0.000409684
25591.1 0.000474229
27769.4 0.000539727
29764.5 0.000605778
31619.5 0.000672136
33360.4 0.000738631
35009.3 0.000805162
36585.5 0.000871592
38100.4 0.000937906
39560.8 0.00100407
40976.2 0.00107003
42354.4 0.00113574
43699 0.00120125
45012.6 0.00126656
46297.7 0.00133164
47557.2 0.0013965
48794.3 0.00146113
50011.2 0.00152558
51209.6 0.00158987
52391.4 0.00165399
53558.7 0.00171794
54712.3 0.00178169
55853.3 0.00184525
56983.2 0.00190864
58102.4 0.00197189
59212 0.00203502
60312.5 0.002098
61404.4 0.00216086
62488.3 0.00222358
63564.3 0.00228615
64633.3 0.00234857
65695.6 0.00241084
66751.5 0.00247298
67801.1 0.00253498
68844.7 0.00259687
69881.7 0.00265866
70912 0.00272035
71934.6 0.00278197
72948.8 0.00284355
73952.8 0.00290512
74945.2 0.00296672
75923.4 0.00302841
76884.7 0.00309022
77826.6 0.00315222
78746.8 0.00321447
79643 0.00327701
80514 0.0033399
81358.5 0.00340316
82176.5 0.00346681
82968.1 0.00353087
83732.8 0.00359537
84471.4 0.00366029
85184.1 0.00372567
85870.7 0.00379148
86531.8 0.00385774
87168.1 0.00392444
87781 0.00399158
88371.2 0.00405912
88940.1 0.00412708
89488.3 0.00419543
90017.4 0.00426415
90528.3 0.00433322
91021.7 0.00440265
91498.1 0.00447241
91958 0.00454251
92401.2 0.00461293
92829.4 0.00468366
93242.4 0.00475469
93640.9 0.004826
94026.3 0.00489758
94399.2 0.00496941
94760.2 0.00504149
95109.4 0.00511382
95447.6 0.00518637
95773.7 0.00525914
96088.3 0.00533214
96392.4 0.00540534
96687.2 0.00547872
96972.9 0.00555229
97249.4 0.00562604
97517 0.00569996
97776 0.00577405
98027.5 0.00584829
98271 0.00592267
98505.3 0.0059972
98731.3 0.00607187
98949.8 0.00614667
99161.5 0.00622159
99367.4 0.00629663
99567.1 0.00637177
99760.5 0.00644703
99948.5 0.0065224
100132 0.00659785
100311 0.00667341
100485 0.00674905
100653 0.00682478
100816 0.00690059
100974 0.00697649
101126 0.00705246
101274 0.0071285
101419 0.00720461
101561 0.00728078
101676 0.00735693
101371 0.00743164
53940.3 0.00814428
47997.4 0.00828439
48299.2 0.00835708
48708.9 0.00842877
49093.1 0.00850064
