3501.39 -2.79264 -0.000123668
7002.67 -3.33041 -0.000147482
10504 -3.86817 -0.000171296
14005.3 -4.40585 -0.000195107
17401.3 -4.97474 -0.000220299
20469.1 -5.56635 -0.000246498
23180 -6.15536 -0.000272581
25591.8 -6.732 -0.000298117
27770.2 -7.2872 -0.000322703
29765.3 -7.82278 -0.000346421
31620.3 -8.33615 -0.000369155
33361.3 -8.83304 -0.000391159
35010.2 -9.31162 -0.000412352
36586.5 -9.7732 -0.000432792
38101.3 -10.2232 -0.000452721
39561.7 -10.6612 -0.000472114
40977.2 -11.0868 -0.000490961
42355.4 -11.4604 -0.000509449
43700.1 -11.7898 -0.000527798
45013.7 -12.1151 -0.000545926
46298.8 -12.4345 -0.000563721
47558.4 -12.7496 -0.000581281
48795.6 -13.061 -0.000598633
50012.5 -13.3695 -0.000615821
51210.9 -13.6759 -0.000632893
52392.8 -13.979 -0.000649781
53560.2 -14.278 -0.000666446
54713.9 -14.5741 -0.000682942
55855 -14.8674 -0.000699287
56984.9 -15.1583 -0.000715494
58104.2 -15.4469 -0.000731573
59213.9 -15.7337 -0.000747554
60314.5 -16.0191 -0.000763457
61406.5 -16.3021 -0.000779228
62490.5 -16.5829 -0.000794873
63566.6 -16.8618 -0.00081041
64635.7 -17.1393 -0.000825874
65698.1 -17.4155 -0.000841264
66754.1 -17.6905 -0.000856586
67803.8 -17.9647 -0.000871864
68847.5 -18.2387 -0.000887134
69884.7 -18.5139 -0.000902468
70915 -18.7908 -0.000917898
71937.8 -19.0704 -0.000933478
72952 -19.3539 -0.000949272
73956.2 -19.6427 -0.000965365
74948.6 -19.9386 -0.00098185
75927 -20.2432 -0.000998823
76888.4 -20.4848 -0.00101655
77830.4 -20.7319 -0.00103509
78750.7 -20.9893 -0.0010544
79647.1 -21.2547 -0.00107431
80518.2 -21.5322 -0.00109513
81362.8 -21.818 -0.00111658
82181 -22.1108 -0.00113854
82972.7 -22.4095 -0.00116095
83737.6 -22.7157 -0.00118393
84476.4 -23.0279 -0.00120735
85189.2 -23.3425 -0.00123095
85876 -23.6629 -0.00125499
86537.3 -23.9877 -0.00127936
87173.7 -24.3189 -0.00130422
87786.9 -24.6527 -0.00132925
88377.2 -24.9888 -0.00135447
88946.4 -25.3289 -0.00137999
89494.7 -25.6728 -0.00140579
90024.1 -26.0185 -0.00143173
90535.2 -26.3644 -0.00145768
91028.8 -26.7087 -0.00148351
91505.4 -27.0196 -0.00150963
91965.6 -27.2704 -0.00153609
92409 -27.5266 -0.00156314
92837.5 -27.7865 -0.00159057
93250.8 -28.0496 -0.00161833
93649.6 -28.3147 -0.00164631
94035.3 -28.5828 -0.00167461
94408.6 -28.8517 -0.00170298
94770 -29.1208 -0.00173139
95119.5 -29.3912 -0.00175993
95458.1 -29.6652 -0.00178885
95784.7 -29.943 -0.00181816
96099.7 -30.2306 -0.00184852
96404.3 -30.5217 -0.00187924
96699.5 -30.8156 -0.00191026
96985.6 -31.1083 -0.00194115
97262.6 -31.4 -0.00197194
97530.7 -31.6857 -0.00200287
97790.2 -31.9045 -0.00203451
98042.5 -32.1243 -0.0020663
98286.5 -32.3487 -0.00209875
98521.4 -32.5761 -0.00213163
98748.1 -32.8098 -0.00216544
98967.3 -33.0462 -0.00219962
99179.9 -33.287 -0.00223445
99386.6 -33.5315 -0.00226981
99587 -33.7746 -0.00230497
99781.2 -34.0172 -0.00234006
99969.9 -34.2574 -0.00237479
100154 -34.4943 -0.00240906
100334 -34.7281 -0.00244287
100509 -34.9608 -0.00247652
100678 -34.9608 -0.00251219
100842 -34.9608 -0.00254813
101000 -34.9608 -0.0025852
101153 -34.9608 -0.00262379
101302 -34.9608 -0.00266287
101448 -34.9608 -0.00270224
101590 -34.9608 -0.00274186
101728 -34.9608 -0.00278187
101562 0 -0.00304409
56398.3 0 -0.0109334
56398.6 0 -0.0112014
56573.1 0 -0.0113617
56747.8 0 -0.0115097
56917.7 0 -0.011658
