3501.39 -16.0166 -8.00832e-005
7002.67 -11.7619 -5.88095e-005
10504 -7.50718 -3.75359e-005
14005.3 -3.25251 -1.62626e-005
17401.3 1.64549 8.22746e-006
20469.1 7.47102 3.73551e-005
23180 13.999 6.99949e-005
25591.8 21.0754 0.000105377
27770.2 28.4078 0.000142039
29765.3 35.9715 0.000179858
31620.3 43.561 0.000217805
33361.3 51.3051 0.000256526
35010.2 59.0048 0.000295024
36586.5 66.5808 0.000332904
38101.3 74.2802 0.000371401
39561.7 82.0012 0.000410006
40977.2 89.5676 0.000447838
42355.4 97.0243 0.000485121
43700.1 104.499 0.000522495
45013.7 112.019 0.000560094
46298.8 119.585 0.000597927
47558.4 127.07 0.000635349
48795.6 134.492 0.000672461
50012.5 141.866 0.000709329
51210.9 149.203 0.000746013
52392.8 156.456 0.000782279
53560.2 163.667 0.000818336
54713.9 170.873 0.000854366
55855 178.022 0.00089012
56984.9 185.14 0.000925714
58104.2 192.233 0.000961194
59213.9 199.271 0.000996409
60314.5 206.284 0.00103152
61406.5 213.314 0.00106675
62490.5 220.322 0.00110193
63566.6 227.292 0.00113703
64635.7 234.217 0.00117206
65698.1 241.062 0.00120695
66754.1 247.815 0.00124179
67803.8 254.447 0.00127666
68847.5 260.902 0.0013116
69884.7 267.132 0.00134681
70915 273.066 0.00138256
71937.8 278.573 0.00141895
72952 283.537 0.00145626
73956.2 287.849 0.00149486
74948.6 291.439 0.00153522
75927 294.281 0.00157772
76888.4 296.431 0.00162305
77830.4 297.98 0.00167156
78750.7 299.049 0.00172309
79647.1 299.777 0.001778
80518.2 300.279 0.0018365
81362.8 300.635 0.00189785
82181 300.905 0.00196177
82972.7 301.128 0.00202827
83737.6 301.326 0.0020976
84476.4 301.513 0.00216934
85189.2 301.696 0.00224383
85876 301.883 0.00232207
86537.3 302.074 0.00240343
87173.7 302.27 0.00248795
87786.9 302.469 0.00257403
88377.2 302.672 0.00266208
88946.4 302.879 0.00275211
89494.7 303.09 0.00284374
90024.1 303.304 0.00293672
90535.2 303.52 0.00303048
91028.8 303.738 0.00312541
91505.4 303.963 0.00322298
91965.6 304.193 0.00332298
92409 304.431 0.00342654
92837.5 304.674 0.00353225
93250.8 304.925 0.00364112
93649.6 305.178 0.00375134
94035.3 305.435 0.0038631
94408.6 305.694 0.00397577
94770 305.954 0.00408873
95119.5 306.216 0.00420252
95458.1 306.482 0.00431813
95784.7 306.759 0.00443863
96099.7 307.048 0.00456439
96404.3 307.344 0.00469285
96699.5 307.643 0.00482321
96985.6 307.945 0.00495433
97262.6 308.246 0.00508522
97530.7 308.551 0.0052177
97790.2 308.86 0.005352
98042.5 309.171 0.00548735
98286.5 309.489 0.00562586
98521.4 309.822 0.00577051
98748.1 310.169 0.00592135
98967.3 310.522 0.0060746
99179.9 310.88 0.00623065
99386.6 311.244 0.00638849
99587 311.61 0.00654766
99781.2 311.974 0.00670629
99969.9 312.334 0.00686277
100154 312.689 0.00701712
100334 313.04 0.0071694
100509 313.391 0.00732206
100678 313.754 0.00747995
100842 314.119 0.00763859
101000 314.495 0.00780213
101153 314.882 0.00797026
101302 315.274 0.00814082
101448 315.671 0.00831357
101590 316.073 0.00848819
101728 316.482 0.00866623
101562 319.225 0.00985868
56398.3 322.235 0.0111675
56398.6 322.533 0.0112971
56573.1 322.867 0.0114421
56747.8 323.198 0.0115863
56917.7 323.538 0.0117338
