3501.39 -35013.9 -7.55382e-008 4.533e+006 2.34644e-006 -2.35134e+008 0
7002.67 -70026.7 2.13514e-009 4.533e+006 -1.74378e-007 -4.70379e+008 0
10504 -105040 9.62615e-010 4.533e+006 -1.26171e-007 -7.05625e+008 0
14005.3 -140053 -2.59539e-010 4.533e+006 -5.25982e-009 -9.40867e+008 0
17401.3 -171274 5.8582e-008 4.53316e+006 -1.82672e-006 -1.16888e+009 0
20469.1 -202336 1.0429e-007 4.53314e+006 -3.24888e-006 -1.3753e+009 0
23180 -231069 9.865e-008 4.53345e+006 -3.05118e-006 -1.55796e+009 0
25591.8 -256100 7.89493e-008 4.533e+006 -2.45272e-006 -1.72092e+009 0
27770.2 -277704 5.90632e-008 4.533e+006 -1.76865e-006 -1.86813e+009 0
29765.3 -297656 4.86799e-008 4.533e+006 -1.44672e-006 -2.00315e+009 0
31620.3 -316205 3.59089e-008 4.533e+006 -1.15791e-006 -2.12885e+009 0
33361.3 -333614 2.69168e-008 4.533e+006 -7.79602e-007 -2.24696e+009 0
35010.2 -350102 2.35514e-008 4.533e+006 -7.19984e-007 -2.35894e+009 0
36586.5 -365870 2.01068e-008 4.533e+006 -5.14599e-007 -2.46609e+009 0
38101.3 -381011 1.71348e-008 4.533e+006 -5.96133e-007 -2.56916e+009 0
39561.7 -395620 1.42511e-008 4.533e+006 -4.50205e-007 -2.6686e+009 0
40977.2 -409772 1.13358e-008 4.533e+006 -3.98434e-007 -2.76505e+009 0
42355.4 -423554 9.72773e-009 4.533e+006 -3.18084e-007 -2.85902e+009 0
43700.1 -437048 7.73367e-009 4.533e+006 -2.51709e-007 -2.95077e+009 0
45013.7 -450137 7.58582e-009 4.533e+006 -1.8191e-007 -3.04044e+009 0
46298.8 -462988 5.6035e-009 4.533e+006 -1.91477e-007 -3.12822e+009 0
47558.4 -475584 4.19414e-009 4.533e+006 -2.4259e-008 -3.2143e+009 0
48795.6 -487955 5.26097e-009 4.533e+006 -2.04025e-007 -3.29889e+009 0
50012.5 -500125 7.2677e-009 4.533e+006 -2.84493e-007 -3.38213e+009 0
51210.9 -512109 5.46555e-009 4.533e+006 -1.64933e-007 -3.46413e+009 0
52392.8 -523928 4.84202e-009 4.533e+006 -1.23673e-007 -3.54505e+009 0
53560.2 -535605 1.92225e-009 4.533e+006 -9.3351e-008 -3.62499e+009 0
54713.9 -547138 2.94933e-009 4.533e+006 -8.0458e-008 -3.70402e+009 0
55855 -558550 2.46097e-009 4.533e+006 -2.3901e-008 -3.78222e+009 0
56984.9 -569851 1.92946e-009 4.533e+006 -1.07454e-007 -3.85967e+009 0
58104.2 -581042 1.26173e-009 4.533e+006 -3.73501e-008 -3.93641e+009 0
59213.9 -592139 1.22956e-009 4.533e+006 -1.27677e-008 -4.01252e+009 0
60314.5 -603145 1.21273e-009 4.533e+006 -9.50523e-008 -4.08802e+009 0
61406.5 -614065 -5.48983e-010 4.533e+006 7.04022e-008 -4.16295e+009 0
62490.5 -624905 2.55363e-009 4.533e+006 -1.06114e-007 -4.23734e+009 0
63566.6 -635666 -5.28302e-010 4.533e+006 1.13281e-007 -4.31121e+009 0
64635.7 -646357 3.92521e-009 4.533e+006 -1.6009e-007 -4.38462e+009 0
65698.1 -656981 3.89339e-010 4.533e+006 1.46539e-008 -4.45757e+009 0
66754.1 -667541 2.02404e-009 4.533e+006 -4.7609e-008 -4.53011e+009 0
67803.8 -678038 8.36556e-010 4.533e+006 4.43788e-008 -4.60222e+009 0
68847.5 -688475 9.31383e-010 4.533e+006 -4.22082e-008 -4.67393e+009 0
69884.7 -698847 -2.322e-009 4.533e+006 1.26026e-007 -4.74521e+009 0
70915 -709151 1.88865e-009 4.533e+006 -5.94234e-008 -4.81604e+009 0
71937.8 -719381 3.79371e-009 4.533e+006 -1.62983e-007 -4.88636e+009 0
72952 -729519 4.39756e-010 4.533e+006 -9.23859e-008 -4.95612e+009 0
73956.2 -739562 1.701e-009 4.533e+006 9.15094e-008 -5.0252e+009 0
74948.6 -749487 1.89708e-009 4.533e+006 -2.93107e-008 -5.0935e+009 0
75927 -759258 3.77312e-009 4.533e+006 -3.87787e-008 -5.16086e+009 0
76888.4 -768885 3.93746e-009 4.533e+006 -6.90676e-008 -5.22711e+009 0
77830.4 -778304 7.04092e-009 4.533e+006 -1.98138e-007 -5.29205e+009 0
78750.7 -787444 4.48018e-009 4.53301e+006 -2.50667e-007 -5.35556e+009 0
79647.1 -796519 7.13023e-009 4.533e+006 -2.32432e-007 -5.41747e+009 0
80518.2 -805185 9.28099e-009 4.533e+006 -2.18409e-007 -5.47769e+009 0
81362.8 -813633 5.70953e-009 4.533e+006 -7.97357e-008 -5.53617e+009 0
82181 -821810 7.87007e-009 4.533e+006 -3.02594e-007 -5.59287e+009 0
82972.7 -829727 4.03845e-010 4.533e+006 1.4484e-008 -5.64782e+009 0
83737.6 -837377 6.58947e-009 4.533e+006 -8.50143e-008 -5.70098e+009 0
84476.4 -844764 6.94102e-009 4.533e+006 -2.21405e-007 -5.75241e+009 0
85189.2 -851892 9.11784e-009 4.533e+006 -1.8811e-007 -5.80211e+009 0
85876 -858739 7.97889e-009 4.533e+006 -1.79167e-007 -5.85007e+009 0
86537.3 -865405 7.85412e-009 4.533e+006 -3.05823e-007 -5.89634e+009 0
87173.7 -871729 5.51063e-009 4.533e+006 -1.23342e-007 -5.94095e+009 0
87786.9 -877869 3.58833e-009 4.533e+006 -1.17607e-007 -5.98402e+009 0
88377.2 -883781 9.04765e-009 4.533e+006 -4.15779e-007 -6.02557e+009 0
88946.4 -889464 6.05513e-009 4.533e+006 -2.05874e-007 -6.06571e+009 0
89494.7 -894948 3.60555e-009 4.533e+006 -9.72578e-008 -6.10446e+009 0
90024.1 -900241 7.48974e-009 4.533e+006 -3.35571e-007 -6.14195e+009 0
90535.2 -905352 2.0792e-010 4.533e+006 3.09021e-008 -6.17823e+009 0
91028.8 -910289 2.57888e-009 4.533e+006 -3.2601e-008 -6.21334e+009 0
91505.4 -915055 3.60937e-009 4.533e+006 -3.66321e-008 -6.24732e+009 0
91965.6 -919656 4.39806e-009 4.533e+006 -3.32318e-007 -6.2802e+009 0
92409 -924091 5.64537e-009 4.533e+006 -3.46464e-007 -6.31198e+009 0
92837.5 -928375 5.69374e-009 4.533e+006 -1.35316e-007 -6.34275e+009 0
93250.8 -932480 6.74308e-009 4.533e+006 -5.28252e-008 -6.37252e+009 0
93649.6 -936495 1.14225e-008 4.533e+006 -5.12164e-007 -6.40132e+009 0
94035.3 -940358 -1.3409e-009 4.533e+006 1.9524e-007 -6.42926e+009 0
94408.6 -944086 -2.18937e-009 4.533e+006 1.12068e-007 -6.45636e+009 0
94770 -947700 6.1588e-009 4.533e+006 -3.04394e-007 -6.48267e+009 0
95119.5 -951184 -2.28173e-009 4.533e+006 3.27678e-007 -6.5082e+009 0
95458.1 -954570 3.81855e-009 4.533e+006 -2.02498e-007 -6.53299e+009 0
95784.7 -957817 -5.59341e-010 4.533e+006 2.69243e-007 -6.55699e+009 0
96099.7 -961000 5.18606e-009 4.533e+006 -2.19981e-007 -6.58022e+009 0
96404.3 -964058 4.51346e-009 4.533e+006 -2.55831e-007 -6.60275e+009 0
96699.5 -966995 2.18046e-009 4.533e+006 -1.86659e-007 -6.62466e+009 0
96985.6 -969857 9.11818e-009 4.533e+006 -2.97858e-007 -6.64597e+009 0
97262.6 -972626 7.7746e-009 4.533e+006 -5.30287e-007 -6.66666e+009 0
97530.7 -975307 6.89344e-009 4.533e+006 -2.82063e-007 -6.68677e+009 0
97790.2 -977902 3.13147e-009 4.533e+006 1.75794e-008 -6.70631e+009 0
98042.5 -980424 -9.28197e-010 4.533e+006 9.42955e-009 -6.72535e+009 0
98286.5 -982865 5.64612e-010 4.533e+006 2.05703e-007 -6.74386e+009 0
98521.4 -985215 1.37416e-009 4.533e+006 1.40975e-008 -6.76176e+009 0
98748.1 -987481 3.61625e-009 4.533e+006 -1.06517e-007 -6.7791e+009 0
98967.3 -989673 2.93963e-009 4.533e+006 -2.15125e-007 -6.79596e+009 0
99179.9 -991799 5.44774e-009 4.533e+006 -1.30327e-007 -6.81237e+009 0
99386.6 -993866 -9.14572e-010 4.533e+006 1.52494e-007 -6.82839e+009 0
99587 -995872 8.02776e-009 4.533e+006 -2.8441e-007 -6.84399e+009 0
99781.2 -997812 -8.03135e-010 4.533e+006 1.27631e-007 -6.85918e+009 0
99969.9 -999699 -6.0751e-009 4.533e+006 4.19365e-007 -6.87401e+009 0
100154 -1.00154e+006 5.47954e-009 4.533e+006 -3.70309e-007 -6.88853e+009 0
100334 -1.00334e+006 -1.05241e-009 4.533e+006 2.4327e-007 -6.90275e+009 0
100509 -1.00366e+006 3.82815e-009 4.53295e+006 -1.03836e-007 -6.91654e+009 0
100678 -1.00646e+006 3.88311e-009 4.53269e+006 -8.9605e-008 -6.92992e+009 0
100842 -1.0085e+006 1.81985e-009 4.53267e+006 4.36977e-008 -6.94313e+009 0
101000 -1.00316e+006 1.93679e-009 4.53211e+006 5.57404e-008 -6.95521e+009 0
101153 -1.01097e+006 2.10485e-010 4.53169e+006 -2.98785e-008 -6.96768e+009 0
101302 -1.01294e+006 1.25944e-008 4.5316e+006 -7.42596e-007 -6.97982e+009 0
101448 -1.01439e+006 2.87552e-009 4.53143e+006 -2.17465e-007 -6.99168e+009 0
101590 -1.01548e+006 2.7076e-009 4.53141e+006 -1.59306e-007 -7.00337e+009 0
101728 266218 4.66344e-009 4.50071e+006 -1.39887e-007 -6.92914e+009 0
101562 -298191 1.5985e-007 3.42615e+006 -5.12998e-006 -6.21199e+009 0
56398.3 -2.42208e+006 2.41308e-007 4.28791e+006 -7.28036e-006 -4.04947e+009 0
56398.6 -866857 1.36494e-007 4.50752e+006 -4.11136e-006 -4.01627e+009 0
56573.1 -605003 1.24919e-008 4.53064e+006 -2.49283e-007 -4.02162e+009 0
56747.8 -567637 -3.01602e-009 4.5328e+006 3.63511e-007 -4.03426e+009 0
56917.7 -569296 -1.71114e-009 4.53295e+006 4.65147e-008 -4.04784e+009 0
