3501.39 5.53089e-005
7002.67 0.000112843
10504 0.000170377
14005.3 0.000227912
17401.3 0.0002861
20469.1 0.000346681
23180 0.000409684
25591.8 0.00047423
27770.2 0.000539728
29765.3 0.000605779
31620.3 0.000672138
33361.3 0.000738633
35010.2 0.000805163
36586.5 0.000871594
38101.3 0.000937908
39561.7 0.00100407
40977.2 0.00107003
42355.4 0.00113574
43700.1 0.00120125
45013.7 0.00126656
46298.8 0.00133164
47558.4 0.0013965
48795.6 0.00146114
50012.5 0.00152558
51210.9 0.00158987
52392.8 0.00165399
53560.2 0.00171794
54713.9 0.00178169
55855 0.00184524
56984.9 0.00190864
58104.2 0.00197189
59213.9 0.00203501
60314.5 0.00209799
61406.5 0.00216085
62490.5 0.00222357
63566.6 0.00228613
64635.7 0.00234855
65698.1 0.00241082
66754.1 0.00247296
67803.8 0.00253496
68847.5 0.00259685
69884.7 0.00265863
70915 0.00272033
71937.8 0.00278194
72952 0.00284352
73956.2 0.00290509
74948.6 0.00296669
75927 0.00302837
76888.4 0.00309018
77830.4 0.00315218
78750.7 0.00321444
79647.1 0.00327698
80518.2 0.00333986
81362.8 0.00340312
82181 0.00346677
82972.7 0.00353083
83737.6 0.00359532
84476.4 0.00366024
85189.2 0.00372561
85876 0.00379143
86537.3 0.00385769
87173.7 0.00392439
87786.9 0.00399151
88377.2 0.00405906
88946.4 0.00412701
89494.7 0.00419536
90024.1 0.00426408
90535.2 0.00433315
91028.8 0.00440257
91505.4 0.00447233
91965.6 0.00454243
92409 0.00461285
92837.5 0.00468357
93250.8 0.00475459
93649.6 0.00482591
94035.3 0.00489748
94408.6 0.00496931
94770 0.00504138
95119.5 0.0051137
95458.1 0.00518625
95784.7 0.00525902
96099.7 0.00533201
96404.3 0.00540521
96699.5 0.00547859
96985.6 0.00555215
97262.6 0.0056259
97530.7 0.00569982
97790.2 0.0057739
98042.5 0.00584813
98286.5 0.00592251
98521.4 0.00599704
98748.1 0.0060717
98967.3 0.00614649
99179.9 0.00622141
99386.6 0.00629644
99587 0.00637159
99781.2 0.00644685
99969.9 0.00652221
100154 0.00659766
100334 0.00667321
100509 0.00674885
100678 0.00682458
100842 0.00690039
101000 0.00697628
101153 0.00705225
101302 0.0071283
101448 0.0072044
101590 0.00728057
101728 0.0073568
101562 0.00743197
56398.3 0.00811923
56398.6 0.00819439
56573.1 0.00826769
56747.8 0.00834097
56917.7 0.00841431
