2247.55 -28.5332 -0.000142666
4495.02 -24.2874 -0.000121437
6742.53 -20.0416 -0.000100208
8990.04 -15.7959 -7.89793e-005
11237.5 -11.5501 -5.77504e-005
13485.1 -7.30432 -3.65216e-005
15719.7 -2.8515 -1.42575e-005
17874.3 2.15425 1.07712e-005
19905.8 7.64779 3.82389e-005
21806.4 13.527 6.7635e-005
23585.3 19.7515 9.87576e-005
25259.9 26.1345 0.000130673
26842.8 32.7164 0.000163582
28349 39.3172 0.000196586
29788.1 46.1407 0.000230703
31166.3 52.9987 0.000264993
32492.1 59.8658 0.000299329
33773.1 66.6857 0.000333429
35013.9 73.6031 0.000368015
36219.2 80.4989 0.000402495
37393 87.3927 0.000436964
38539.2 94.2125 0.000471062
39661.6 100.97 0.00050485
40762.8 107.67 0.000538351
41845.6 114.326 0.000571632
42910.9 121.017 0.000605083
43960.3 127.71 0.000638552
44995.1 134.384 0.000671922
46016.7 141.017 0.000705083
47026.4 147.6 0.000738
48025.5 154.119 0.000770596
49015 160.585 0.000802929
49995.7 167.011 0.000835059
50968.5 173.407 0.000867042
51933.8 179.783 0.00089893
52892.2 186.147 0.00093076
53844.1 192.499 0.000962537
54789.9 198.834 0.000994246
55729.7 205.182 0.00102604
56663.5 211.56 0.00105801
57591.4 217.935 0.00109003
58513.7 224.271 0.00112193
59430.7 230.573 0.0011538
60342.6 236.819 0.00118557
61249.7 243.009 0.00121736
62151.8 249.128 0.00124922
63049.3 255.131 0.00128113
63941.7 260.977 0.00131312
64829.1 266.637 0.00134543
65711.1 272.038 0.00137813
66586.9 277.108 0.00141142
67455.9 281.765 0.00144554
68317.1 285.915 0.00148069
69169.4 289.486 0.00151706
70011.5 292.444 0.00155493
70842.1 294.8 0.00159458
71659.6 296.608 0.00163626
72462.6 297.954 0.00168033
73249.4 298.928 0.00172686
74019.1 299.624 0.00177581
74770.8 300.121 0.00182707
75503.6 300.486 0.00188058
76217.1 300.768 0.00193669
76910.6 300.996 0.00199505
77583.9 301.193 0.00205583
78236.9 301.373 0.00211913
78868.9 301.547 0.00218563
79480.3 301.719 0.00225493
80070.8 301.892 0.00232695
80641.6 302.067 0.00240115
81192.4 302.245 0.00247744
81723.9 302.428 0.00255647
82236.6 302.616 0.00263779
82730.3 302.81 0.00272187
83206.5 303.008 0.00280812
83665.3 303.211 0.00289622
84107.3 303.419 0.00298666
84533.3 303.634 0.00307986
84942.9 303.855 0.00317629
85337.1 304.084 0.00327568
85717.2 304.317 0.00337696
86083 304.556 0.00348079
86435.7 304.797 0.00358554
86776.2 305.041 0.00369195
87104.4 305.291 0.00380027
87420.9 305.544 0.00391038
87726.5 305.802 0.00402262
88021.5 306.065 0.00413703
88306.6 306.332 0.00425288
88582.8 306.598 0.00436857
88849.7 306.867 0.00448563
89107.4 307.142 0.00460528
89356.6 307.421 0.0047267
89597.6 307.708 0.00485126
89830.7 308.003 0.00497943
90055.8 308.304 0.00511028
90273 308.612 0.00524431
90482.9 308.926 0.00538091
90686.2 309.244 0.00551929
90883.7 309.564 0.00565835
91076 309.882 0.00579634
91262.9 310.195 0.00593273
91444.5 310.505 0.00606747
91621.4 310.811 0.00620053
91793.8 311.114 0.00633202
91962.2 311.413 0.00646225
92126.8 311.711 0.00659161
92287.7 312.008 0.00672068
92444.4 312.306 0.00685037
92596.8 312.608 0.00698175
92745.1 312.915 0.00711509
92889.6 313.226 0.00725053
93029.8 313.547 0.00738985
93165.7 313.878 0.0075341
93297.7 314.223 0.00768406
93425.4 314.583 0.00784037
93549.5 314.952 0.00800067
93670.6 315.321 0.00816111
93788.8 315.689 0.00832124
93787.5 316.818 0.00881234
55360.2 319.771 0.010096
55376.7 320.01 0.0101999
55534.9 320.351 0.0103481
55691.6 320.659 0.010482
55849.4 320.961 0.0106137
56003.8 321.269 0.0107473
56039.2 321.561 0.0108745
55977.1 321.739 0.0109519
56084.6 322.123 0.0111186
56161.5 322.737 0.0113857
