2247.55 5.15946e-005
4495.02 0.000109106
6742.53 0.000166617
8990.04 0.000224128
11237.5 0.000281639
13485.1 0.00033915
15719.7 0.000396774
17874.3 0.0004552
19905.8 0.000515041
21806.4 0.000576404
23585.3 0.000638895
25259.9 0.000702159
26842.8 0.000765984
28349 0.000830151
29788.1 0.000894536
31166.3 0.000959115
32492.1 0.00102377
33773.1 0.00108846
35013.9 0.00115319
36219.2 0.00121791
37393 0.00128259
38539.2 0.0013472
39661.6 0.00141176
40762.8 0.00147626
41845.6 0.00154061
42910.9 0.00160481
43960.3 0.00166887
44995.1 0.00173277
46016.7 0.00179652
47026.4 0.00186012
48025.5 0.00192357
49015 0.00198684
49995.7 0.00204993
50968.5 0.00211285
51933.8 0.00217559
52892.2 0.00223816
53844.1 0.00230057
54789.9 0.00236281
55729.7 0.00242492
56663.5 0.0024869
57591.4 0.00254877
58513.7 0.00261052
59430.7 0.00267217
60342.6 0.00273371
61249.7 0.00279515
62151.8 0.00285648
63049.3 0.00291773
63941.7 0.00297889
64829.1 0.00303999
65711.1 0.00310103
66586.9 0.00316204
67455.9 0.00322305
68317.1 0.00328408
69169.4 0.00334517
70011.5 0.00340635
70842.1 0.00346766
71659.6 0.00352912
72462.6 0.00359081
73249.4 0.00365272
74019.1 0.00371492
74770.8 0.00377743
75503.6 0.00384027
76217.1 0.00390346
76910.6 0.00396703
77583.9 0.00403099
78236.9 0.00409535
78868.9 0.00416014
79480.3 0.00422533
80070.8 0.00429094
80641.6 0.00435697
81192.4 0.00442342
81723.9 0.00449028
82236.6 0.00455755
82730.3 0.00462522
83206.5 0.00469328
83665.3 0.00476171
84107.3 0.00483052
84533.3 0.00489969
84942.9 0.00496922
85337.1 0.00503909
85717.2 0.00510928
86083 0.00517979
86435.7 0.00525059
86776.2 0.00532167
87104.4 0.00539303
87420.9 0.00546465
87726.5 0.00553653
88021.5 0.00560865
88306.6 0.00568099
88582.8 0.00575354
88849.7 0.00582631
89107.4 0.00589928
89356.6 0.00597244
89597.6 0.00604578
89830.7 0.00611931
90055.8 0.00619301
90273 0.00626687
90482.9 0.00634089
90686.2 0.00641505
90883.7 0.00648934
91076 0.00656377
91262.9 0.00663832
91444.5 0.006713
91621.4 0.0067878
91793.8 0.00686271
91962.2 0.00693773
92126.8 0.00701284
92287.7 0.00708806
92444.4 0.00716336
92596.8 0.00723877
92745.1 0.00731428
92889.6 0.00738987
93029.8 0.00746553
93165.7 0.00754128
93297.7 0.0076171
93425.4 0.00769298
93549.5 0.00776893
93670.6 0.00784495
93788.8 0.00792104
93787.5 0.00799675
55360.2 0.00867752
55376.7 0.00875237
55534.9 0.00882529
55691.6 0.00889822
55849.4 0.00897113
56003.8 0.00904407
56039.2 0.00911867
55977.1 0.00919459
56084.6 0.0092682
56161.5 0.00934231
