2247.71 -28.529 -0.000142645
4495.35 -24.2831 -0.000121415
6743.03 -20.0371 -0.000100186
8990.7 -15.7911 -7.89557e-005
11238.4 -11.5452 -5.77258e-005
13486.1 -7.2992 -3.6496e-005
15720.8 -2.84611 -1.42306e-005
17875.6 2.15996 1.07998e-005
19907.2 7.65383 3.82692e-005
21807.9 13.5334 6.7667e-005
23586.9 19.7598 9.87988e-005
25261.6 26.1417 0.000130709
26844.5 32.7239 0.00016362
28350.9 39.325 0.000196625
29790 46.1484 0.000230742
31168.3 53.0064 0.000265032
32494.2 59.8732 0.000299366
33775.4 66.6928 0.000333464
35016.3 73.6101 0.00036805
36221.8 80.5058 0.000402529
37395.8 87.3994 0.000436997
38542.2 94.2191 0.000471095
39664.8 100.977 0.000504883
40766.3 107.677 0.000538383
41849.3 114.333 0.000571666
42914.9 121.024 0.000605118
43964.5 127.718 0.00063859
44999.6 134.392 0.000671961
46021.5 141.025 0.000705124
47031.5 147.608 0.000738043
48030.8 154.128 0.00077064
49020.6 160.594 0.000802975
50001.6 167.021 0.000835107
50974.6 173.417 0.000867093
51940.3 179.794 0.000898983
52899 186.159 0.000930818
53851.1 192.511 0.0009626
54797.2 198.848 0.000994315
55737.4 205.195 0.00102611
56671.4 211.574 0.00105809
57599.7 217.95 0.00109011
58522.3 224.285 0.00112201
59439.7 230.587 0.00115387
60351.9 236.832 0.00118564
61259.4 243.023 0.00121744
62161.9 249.141 0.00124929
63059.8 255.144 0.0012812
63952.7 260.989 0.00131319
64840.6 266.648 0.0013455
65723 272.049 0.0013782
66599.3 277.119 0.00141149
67468.7 281.774 0.00144561
68330.5 285.923 0.00148075
69183.2 289.492 0.00151713
70025.9 292.448 0.00155499
70857.1 294.804 0.00159465
71675.1 296.611 0.00163633
72478.7 297.956 0.00168041
73266 298.93 0.00172694
74036.3 299.625 0.00177588
74788.5 300.122 0.00182714
75521.9 300.487 0.00188066
76236 300.768 0.00193676
76930.1 300.996 0.00199509
77604.1 301.193 0.00205582
78257.7 301.373 0.00211909
78890.4 301.547 0.00218557
79502.6 301.718 0.00225478
80093.8 301.891 0.00232673
80665.5 302.066 0.00240081
81217.2 302.244 0.00247698
81749.6 302.426 0.00255583
82263.1 302.614 0.00263699
82757.9 302.807 0.00272086
83235.2 303.005 0.00280685
83695.1 303.207 0.00289464
84138.4 303.415 0.00298479
84565.6 303.629 0.00307766
84976.4 303.85 0.00317372
85372.2 304.077 0.00327256
85753.7 304.309 0.00337331
86120.9 304.546 0.00347664
86475.3 304.786 0.00358076
86817.6 305.029 0.00368633
87147.5 305.276 0.00379377
87465.8 305.527 0.00390302
87773.3 305.783 0.00401443
88070.3 306.044 0.00412782
88357.4 306.308 0.00424254
88635.4 306.572 0.00435732
88904.3 306.839 0.00447364
89164.4 307.112 0.00459208
89416 307.387 0.00471195
89659.3 307.67 0.00483477
89894.7 307.96 0.00496108
90122.4 308.256 0.00508962
90342.5 308.558 0.00522094
90555.3 308.866 0.00535497
90761.3 309.179 0.00549105
90961.5 309.494 0.00562765
91156.4 309.806 0.00576331
91346.2 310.114 0.00589735
91530.9 310.418 0.00602968
91710.9 310.719 0.00616025
91886.5 311.015 0.00628903
92057.9 311.308 0.00641635
92225.5 311.598 0.00654267
92389.5 311.888 0.0066687
92549.5 312.179 0.00679528
92705.3 312.473 0.00692318
92857.3 312.771 0.00705243
93005.4 313.072 0.00718363
93149.9 313.379 0.00731703
93290.2 313.695 0.00745429
93426.6 314.022 0.00759664
93559.1 314.361 0.0077441
93687.4 314.712 0.00789635
93812 315.071 0.00805244
93933.7 315.431 0.00820932
94052.7 315.792 0.00836626
94056.4 316.886 0.00884195
55501.3 319.991 0.0101917
55418.4 320.117 0.0102465
55577.5 320.461 0.0103962
55735.5 320.774 0.0105321
55894 321.077 0.0106641
56046.3 321.387 0.0107987
56099 321.701 0.0109354
56123.6 321.964 0.0110494
56133 322.2 0.0111521
