2247.71 -22477.1 1.08614e-007 4.533e+006 -3.13847e-006 -1.51531e+008 0
4495.35 -44953.5 3.40255e-009 4.533e+006 -2.38724e-007 -3.03358e+008 0
6743.03 -67430.3 -1.1947e-009 4.533e+006 2.64685e-008 -4.55185e+008 0
8990.7 -89907 2.66894e-009 4.533e+006 -1.46396e-007 -6.07011e+008 0
11238.4 -112384 -1.65319e-009 4.533e+006 1.26437e-007 -7.58838e+008 0
13486.1 -134861 8.88022e-011 4.533e+006 2.04697e-008 -9.10665e+008 0
15720.8 -156039 -1.65134e-008 4.53304e+006 5.16949e-007 -1.06155e+009 0
17875.6 -179728 -5.76906e-008 4.53304e+006 1.57918e-006 -1.2073e+009 0
19907.2 -198220 -7.41618e-008 4.53303e+006 2.16748e-006 -1.34467e+009 0
21807.9 -217248 -7.87161e-008 4.53304e+006 2.2499e-006 -1.47341e+009 0
23586.9 -235862 -7.16956e-008 4.53299e+006 2.06353e-006 -1.59411e+009 0
25261.6 -252608 -5.672e-008 4.53299e+006 1.63784e-006 -1.70781e+009 0
26844.5 -268445 -5.20774e-008 4.533e+006 1.535e-006 -1.81541e+009 0
28350.9 -283534 -4.03852e-008 4.533e+006 1.12827e-006 -1.91791e+009 0
29790 -297903 -4.00487e-008 4.533e+006 1.22186e-006 -2.01593e+009 0
31168.3 -311683 -3.4782e-008 4.533e+006 1.07026e-006 -2.10991e+009 0
32494.2 -324942 -3.01854e-008 4.533e+006 8.08923e-007 -2.20041e+009 0
33775.4 -337754 -2.3755e-008 4.533e+006 6.97233e-007 -2.28792e+009 0
35016.3 -350085 -2.25825e-008 4.53301e+006 6.87914e-007 -2.37275e+009 0
36221.8 -362218 -1.83321e-008 4.533e+006 5.08551e-007 -2.45524e+009 0
37395.8 -373961 -1.60365e-008 4.533e+006 5.23562e-007 -2.53562e+009 0
38542.2 -385423 -1.21291e-008 4.533e+006 2.27084e-007 -2.61417e+009 0
39664.8 -396649 -1.34245e-008 4.533e+006 4.46741e-007 -2.69114e+009 0
40766.3 -407663 -8.71819e-009 4.533e+006 2.42351e-007 -2.7667e+009 0
41849.3 -418493 -1.10623e-008 4.533e+006 2.69345e-007 -2.84103e+009 0
42914.9 -429149 -1.00573e-008 4.533e+006 3.09798e-007 -2.9142e+009 0
43964.5 -439649 -9.20157e-009 4.533e+006 3.25759e-007 -2.9863e+009 0
44999.6 -449996 -8.78498e-009 4.533e+006 3.0828e-007 -3.05745e+009 0
46021.5 -460215 -7.0715e-009 4.533e+006 2.15678e-007 -3.12771e+009 0
47031.5 -470315 -4.16519e-009 4.533e+006 5.53064e-008 -3.19718e+009 0
48030.8 -480308 -8.29856e-009 4.533e+006 2.60461e-007 -3.26594e+009 0
49020.6 -490206 -3.56954e-009 4.533e+006 1.05154e-007 -3.33407e+009 0
50001.6 -500016 -7.07822e-009 4.533e+006 3.07484e-007 -3.40161e+009 0
50974.6 -509746 -4.20729e-009 4.533e+006 1.227e-007 -3.46862e+009 0
51940.3 -519403 -4.54552e-009 4.533e+006 1.69556e-007 -3.53514e+009 0
52899 -528990 -5.27432e-009 4.533e+006 1.24986e-007 -3.6012e+009 0
53851.1 -538511 -6.31763e-009 4.533e+006 2.82166e-007 -3.66682e+009 0
54797.2 -547972 -5.72075e-009 4.533e+006 2.47468e-007 -3.73204e+009 0
55737.4 -557374 -2.1634e-009 4.533e+006 1.0916e-007 -3.79687e+009 0
56671.4 -566715 -1.74621e-009 4.533e+006 -8.69203e-009 -3.86129e+009 0
57599.7 -575997 -4.57012e-009 4.533e+006 1.19287e-007 -3.92532e+009 0
58522.3 -585223 -2.83375e-009 4.533e+006 1.16989e-007 -3.98898e+009 0
59439.7 -594397 -1.34078e-009 4.533e+006 6.16574e-008 -4.05228e+009 0
60351.9 -603519 -9.97248e-010 4.533e+006 3.79267e-008 -4.11525e+009 0
61259.4 -612594 -1.24806e-009 4.533e+006 8.29854e-008 -4.1779e+009 0
62161.9 -621619 -1.17622e-009 4.533e+006 5.51842e-008 -4.24022e+009 0
63059.8 -630598 -1.38579e-009 4.533e+006 6.52957e-008 -4.30223e+009 0
63952.7 -639527 -7.40581e-009 4.533e+006 2.96226e-007 -4.36391e+009 0
64840.6 -648405 -4.71403e-009 4.533e+006 1.31439e-007 -4.42526e+009 0
65723 -657231 -3.91961e-009 4.533e+006 1.328e-007 -4.48624e+009 0
66599.3 -665991 -4.44646e-009 4.533e+006 9.82258e-008 -4.54681e+009 0
67468.7 -674687 -3.01114e-009 4.533e+006 1.53035e-007 -4.60693e+009 0
68330.5 -683309 -4.05551e-009 4.533e+006 1.74109e-007 -4.66654e+009 0
69183.2 -691829 -5.14746e-009 4.533e+006 1.6048e-007 -4.72555e+009 0
70025.9 -700259 -9.16269e-009 4.533e+006 3.35366e-007 -4.78389e+009 0
70857.1 -708570 -7.88296e-009 4.533e+006 2.62173e-007 -4.84146e+009 0
71675.1 -716756 -7.50174e-009 4.533e+006 1.86187e-007 -4.89816e+009 0
72478.7 -724784 -5.33008e-009 4.533e+006 7.19008e-008 -4.95389e+009 0
73266 -732661 -1.18781e-008 4.533e+006 3.07237e-007 -5.00855e+009 0
74036.3 -740374 -1.12394e-008 4.533e+006 3.37795e-007 -5.06207e+009 0
74788.5 -747886 -1.12323e-008 4.533e+006 1.5659e-007 -5.11439e+009 0
75521.9 -755218 -8.31098e-009 4.533e+006 2.6729e-007 -5.16546e+009 0
76236 -762360 -4.76321e-009 4.533e+006 9.79796e-008 -5.21524e+009 0
76930.1 -769300 -1.15921e-008 4.533e+006 2.99022e-007 -5.26369e+009 0
77604.1 -776041 -6.98363e-009 4.533e+006 2.98234e-008 -5.31081e+009 0
78257.7 -782475 -1.07408e-008 4.53302e+006 2.31064e-007 -5.35656e+009 0
78890.4 -788922 -1.26086e-008 4.533e+006 3.85884e-007 -5.40093e+009 0
79502.6 -795010 -1.12281e-008 4.533e+006 3.76126e-007 -5.44393e+009 0
80093.8 -800945 -1.20367e-008 4.533e+006 3.09905e-007 -5.48554e+009 0
80665.5 -806654 -1.01883e-008 4.533e+006 3.32602e-007 -5.52585e+009 0
81217.2 -812176 -1.04421e-008 4.533e+006 2.25483e-007 -5.56482e+009 0
81749.6 -817497 -8.9345e-009 4.533e+006 3.27831e-007 -5.60251e+009 0
82263.1 -822631 -9.72844e-009 4.533e+006 3.68084e-007 -5.63895e+009 0
82757.9 -827583 -1.2188e-008 4.533e+006 4.00359e-007 -5.67414e+009 0
83235.2 -832349 -7.46852e-009 4.533e+006 2.98544e-007 -5.70817e+009 0
83695.1 -836952 -9.3427e-009 4.533e+006 2.2665e-007 -5.74103e+009 0
84138.4 -841395 -1.10244e-008 4.533e+006 4.09155e-007 -5.7728e+009 0
84565.6 -845656 -1.12131e-008 4.533e+006 3.70598e-007 -5.80349e+009 0
84976.4 -849764 -9.88126e-009 4.533e+006 2.59025e-007 -5.83309e+009 0
85372.2 -853722 -6.87315e-009 4.533e+006 5.47312e-008 -5.86169e+009 0
85753.7 -857537 -1.06363e-008 4.533e+006 4.30085e-007 -5.88935e+009 0
86120.9 -861169 -5.89979e-009 4.533e+006 9.9733e-008 -5.91604e+009 0
86475.3 -864753 -4.69049e-009 4.533e+006 4.97178e-010 -5.94189e+009 0
86817.6 -868176 -6.09212e-009 4.533e+006 4.8409e-009 -5.96693e+009 0
87147.5 -871475 -3.56854e-009 4.533e+006 1.43584e-008 -5.99115e+009 0
87465.8 -874662 -9.09468e-009 4.533e+006 3.70192e-007 -6.0146e+009 0
87773.3 -877750 -6.78235e-009 4.533e+006 8.97414e-008 -6.03733e+009 0
88070.3 -880703 7.91924e-010 4.533e+006 -5.30064e-008 -6.05936e+009 0
88357.4 -883564 -7.61596e-009 4.533e+006 3.53284e-007 -6.08072e+009 0
88635.4 -886354 -6.00406e-009 4.533e+006 -3.05213e-008 -6.10149e+009 0
88904.3 -889044 -6.51244e-009 4.533e+006 2.54561e-007 -6.12165e+009 0
89164.4 -891644 1.21514e-009 4.533e+006 -3.78714e-007 -6.14122e+009 0
89416 -894160 -1.05063e-008 4.533e+006 3.65675e-007 -6.16023e+009 0
89659.3 -896593 -7.90144e-009 4.533e+006 1.89205e-007 -6.17869e+009 0
89894.7 -898947 -7.19447e-009 4.533e+006 2.61755e-007 -6.19662e+009 0
90122.4 -901224 -7.89347e-009 4.533e+006 1.89776e-007 -6.21403e+009 0
90342.5 -903450 -4.00954e-009 4.533e+006 2.74306e-007 -6.23094e+009 0
90555.3 -905553 -8.31408e-009 4.533e+006 4.51732e-007 -6.24737e+009 0
90761.3 -907614 -7.13891e-009 4.533e+006 1.31321e-007 -6.26335e+009 0
90961.5 -909615 -3.29425e-009 4.533e+006 2.71807e-008 -6.27894e+009 0
91156.4 -911564 -5.34067e-009 4.533e+006 -8.35959e-008 -6.29417e+009 0
91346.2 -913462 -6.91107e-009 4.533e+006 2.10339e-007 -6.30906e+009 0
91530.9 -915309 -2.49674e-009 4.533e+006 -1.01603e-008 -6.32362e+009 0
91710.9 -917109 -6.14813e-009 4.533e+006 5.71441e-007 -6.33787e+009 0
91886.5 -918865 -5.64388e-009 4.533e+006 6.52591e-008 -6.35181e+009 0
92057.9 -920579 -7.49392e-009 4.533e+006 4.24751e-007 -6.36548e+009 0
92225.5 -922255 -5.54636e-009 4.533e+006 2.47618e-007 -6.37891e+009 0
92389.5 -923895 -4.05532e-011 4.533e+006 -8.27354e-008 -6.39208e+009 0
92549.5 -925483 -8.65012e-010 4.533e+006 -1.01709e-007 -6.40499e+009 0
92705.3 -927054 -3.01456e-009 4.533e+006 1.2683e-007 -6.41763e+009 0
92857.3 -928573 -4.59186e-009 4.533e+006 3.5368e-007 -6.43001e+009 0
93005.4 -930055 -3.67682e-009 4.533e+006 2.87221e-007 -6.44213e+009 0
93149.9 -931499 -4.60133e-009 4.533e+006 1.35434e-007 -6.45401e+009 0
93290.2 -931887 -8.36807e-009 4.53296e+006 2.01464e-007 -6.46554e+009 0
93426.6 -932429 -7.52637e-009 4.53289e+006 2.20588e-007 -6.47679e+009 0
93559.1 -934907 -6.29766e-009 4.53279e+006 8.82343e-009 -6.48786e+009 0
93687.4 -932556 -8.65717e-009 4.53245e+006 3.38659e-007 -6.49825e+009 0
93812 -937123 -9.44723e-009 4.53222e+006 3.62092e-007 -6.50882e+009 0
93933.7 -938755 -2.96816e-009 4.53219e+006 3.41122e-008 -6.51918e+009 0
94052.7 -940394 -1.00757e-008 4.53219e+006 4.49268e-007 -6.52939e+009 0
94056.4 872550 -1.68183e-007 3.96035e+006 4.62086e-006 -6.04768e+009 0
55501.3 -2.02205e+006 -4.94492e-007 4.26113e+006 1.46411e-005 -3.99903e+009 0
55418.4 -1.31486e+006 -3.24824e-007 4.48496e+006 9.46283e-006 -3.99098e+009 0
55577.5 -796173 -3.55312e-008 4.52079e+006 1.15898e-006 -3.9868e+009 0
55735.5 -653671 -1.07931e-008 4.52893e+006 5.40104e-007 -3.99484e+009 0
55894 -593259 -3.75991e-009 4.53153e+006 3.53819e-007 -4.0056e+009 0
56046.3 -581995 1.43338e-009 4.5321e+006 -6.10417e-007 -4.01758e+009 0
56099 -930468 -1.06394e-007 4.46066e+006 3.03939e-006 -4.03024e+009 0
56123.6 -662423 -1.59203e-007 4.38529e+006 4.62614e-006 -4.01934e+009 0
56133 -615300 -1.5437e-007 4.52328e+006 4.82159e-006 -4.03088e+009 0
