3501.67 -2.79278 -0.000123651
7003.24 -3.33062 -0.000147464
10504.9 -3.86847 -0.000171277
14006.4 -4.40623 -0.000195086
17402.7 -4.97522 -0.000220278
20470.7 -5.56692 -0.000246476
23181.8 -6.15602 -0.000272559
25593.7 -6.73276 -0.000298094
27772.1 -7.28804 -0.000322679
29767.4 -7.82369 -0.000346395
31622.4 -8.33714 -0.000369128
33363.5 -8.83411 -0.000391131
35012.4 -9.31275 -0.000412323
36588.7 -9.77439 -0.000432763
38103.7 -10.2245 -0.00045269
39564.2 -10.6625 -0.000472083
40979.6 -11.0881 -0.000490929
42357.9 -11.4623 -0.000509414
43702.7 -11.7921 -0.000527759
45016.4 -12.118 -0.000545884
46301.6 -12.4379 -0.000563675
47561.3 -12.7535 -0.00058123
48798.6 -13.0654 -0.000598577
50015.7 -13.3743 -0.00061576
51214.2 -13.6811 -0.000632825
52396.3 -13.9847 -0.000649707
53563.9 -14.2842 -0.000666366
54717.7 -14.5807 -0.000682857
55859 -14.8744 -0.000699195
56989.1 -15.1657 -0.000715396
58108.7 -15.4547 -0.000731469
59218.6 -15.7419 -0.000747444
60319.4 -16.0277 -0.000763339
61411.7 -16.3111 -0.000779103
62495.9 -16.5923 -0.000794742
63572.2 -16.8715 -0.000810272
64641.6 -17.1495 -0.00082573
65704.2 -17.4261 -0.000841113
66760.5 -17.7014 -0.000856429
67810.5 -17.976 -0.000871702
68854.4 -18.2504 -0.000886965
69891.8 -18.526 -0.000902291
70922.5 -18.8033 -0.000917713
71945.5 -19.0833 -0.000933287
72960.1 -19.3671 -0.000949075
73964.5 -19.6564 -0.000965161
74957.2 -19.9526 -0.000981639
75935.8 -20.2577 -0.000998605
76897.6 -20.5022 -0.00101632
77839.8 -20.7514 -0.00103484
78760.4 -21.0109 -0.00105413
79657.1 -21.2784 -0.00107402
80528.5 -21.5581 -0.00109482
81373.6 -21.8463 -0.00111624
82192.1 -22.1414 -0.00113818
82984.2 -22.4424 -0.00116056
83749.4 -22.751 -0.0011835
84488.7 -23.0655 -0.00120688
85201.9 -23.3825 -0.00123045
85889.1 -23.7053 -0.00125445
86550.8 -24.0325 -0.00127878
87187.7 -24.3662 -0.00130358
87801.3 -24.7023 -0.00132857
88392.1 -25.0407 -0.00135373
88961.8 -25.3832 -0.00137919
89510.7 -25.7293 -0.00140492
90040.5 -26.0774 -0.0014308
90552.2 -26.4256 -0.00145669
91046.3 -26.7723 -0.00148246
91523.5 -27.0912 -0.00150848
91984.2 -27.3489 -0.00153485
92428.4 -27.6121 -0.00156177
92857.5 -27.8789 -0.00158905
93271.5 -28.1491 -0.00161668
93671.1 -28.4209 -0.00164449
94057.7 -28.6959 -0.00167261
94431.7 -28.9716 -0.00170081
94794 -29.2475 -0.00172903
95144.5 -29.5246 -0.00175737
95484.1 -29.8051 -0.00178605
95811.5 -30.0897 -0.00181517
96127.7 -30.3836 -0.00184523
96433.2 -30.6815 -0.0018757
96729.6 -30.9822 -0.00190645
97016.7 -31.2818 -0.00193709
97294.8 -31.5801 -0.0019676
97564.2 -31.8785 -0.00199812
97825 -32.1166 -0.00202934
98078.7 -32.3512 -0.00206069
98324.2 -32.5893 -0.00209249
98560.4 -32.8316 -0.00212486
98788.7 -33.0806 -0.00215812
99009.6 -33.3318 -0.00219168
99224.1 -33.5862 -0.00222566
99432.7 -33.8449 -0.00226022
99634.7 -34.103 -0.00229471
99830.6 -34.3595 -0.00232897
100021 -34.614 -0.00236297
100207 -34.8655 -0.00239656
100389 -35.1136 -0.00242971
100566 -35.359 -0.00246248
100738 -35.6107 -0.00249611
100904 -35.6107 -0.00253103
101065 -35.6107 -0.00256647
101221 -35.6107 -0.00260394
101371 -35.6107 -0.00264259
101519 -35.6107 -0.00268139
101663 -35.6107 -0.00272042
101803 -35.6107 -0.00275961
101801 0 -0.00285145
56594.9 0 -0.010688
56531.1 0 -0.0109551
56690.9 0 -0.0111113
56852.3 0 -0.0112631
57014.1 0 -0.0114147
