3501.67 -16.013 -8.0065e-005
7003.24 -11.7581 -5.87905e-005
10504.9 -7.50319 -3.7516e-005
14006.4 -3.24834 -1.62417e-005
17402.7 1.64995 8.24976e-006
20470.7 7.47582 3.73791e-005
23181.8 14.0041 7.00207e-005
25593.7 21.0811 0.000105405
27772.1 28.4139 0.000142069
29767.4 35.978 0.00017989
31622.4 43.5678 0.000217839
33363.5 51.3125 0.000256562
35012.4 59.0123 0.000295061
36588.7 66.5887 0.000332944
38103.7 74.2887 0.000371443
39564.2 82.0099 0.000410049
40979.6 89.5762 0.000447881
42357.9 97.0329 0.000485165
43702.7 104.507 0.000522537
45016.4 112.027 0.000560136
46301.6 119.594 0.000597968
47561.3 127.078 0.000635388
48798.6 134.499 0.000672497
50015.7 141.873 0.000709363
51214.2 149.209 0.000746045
52396.3 156.461 0.000782308
53563.9 163.673 0.000818365
54717.7 170.878 0.000854394
55859 178.028 0.000890146
56989.1 185.145 0.00092574
58108.7 192.238 0.000961219
59218.6 199.276 0.000996434
60319.4 206.289 0.00103154
61411.7 213.32 0.00106678
62495.9 220.328 0.00110196
63572.2 227.298 0.00113706
64641.6 234.223 0.00117209
65704.2 241.068 0.00120698
66760.5 247.821 0.00124183
67810.5 254.453 0.0012767
68854.4 260.909 0.00131164
69891.8 267.139 0.00134685
70922.5 273.072 0.0013826
71945.5 278.579 0.00141899
72960.1 283.542 0.00145631
73964.5 287.854 0.00149491
74957.2 291.443 0.00153527
75935.8 294.284 0.00157778
76897.6 296.433 0.00162311
77839.8 297.982 0.00167162
78760.4 299.05 0.00172314
79657.1 299.778 0.00177805
80528.5 300.28 0.00183653
81373.6 300.635 0.00189785
82192.1 300.905 0.00196175
82984.2 301.128 0.00202823
83749.4 301.326 0.00209753
84488.7 301.512 0.00216923
85201.9 301.696 0.00224373
85889.1 301.882 0.00232193
86550.8 302.073 0.00240328
87187.7 302.269 0.00248774
87801.3 302.468 0.00257374
88392.1 302.671 0.00266174
88961.8 302.878 0.00275168
89510.7 303.089 0.00284322
90040.5 303.303 0.0029361
90552.2 303.518 0.00302977
91046.3 303.737 0.00312466
91523.5 303.961 0.00322208
91984.2 304.19 0.00332192
92428.4 304.428 0.00342524
92857.5 304.671 0.00353068
93271.5 304.92 0.00363932
93671.1 305.173 0.00374914
94057.7 305.429 0.0038606
94431.7 305.688 0.00397286
94794 305.946 0.00408539
95144.5 306.207 0.00419873
95484.1 306.472 0.00431386
95811.5 306.748 0.00443402
96127.7 307.036 0.00455907
96433.2 307.33 0.00468704
96729.6 307.629 0.00481681
97016.7 307.929 0.00494737
97294.8 308.229 0.00507761
97564.2 308.531 0.00520915
97825 308.838 0.00534242
98078.7 309.146 0.00547648
98324.2 309.461 0.00561345
98560.4 309.791 0.00575698
98788.7 310.135 0.00590639
99009.6 310.483 0.00605781
99224.1 310.836 0.00621151
99432.7 311.195 0.00636737
99634.7 311.557 0.00652481
99830.6 311.917 0.00668118
100021 312.272 0.00683573
100207 312.623 0.00698826
100389 312.969 0.00713881
100566 313.312 0.00728798
100738 313.664 0.00744077
100904 314.022 0.00759667
101065 314.387 0.00775528
101221 314.767 0.00792027
101371 315.155 0.00808929
101519 315.549 0.00826025
101663 315.946 0.00843311
101803 316.347 0.0086074
101801 317.728 0.00920765
56594.9 321.449 0.0108257
56531.1 321.669 0.0109214
56690.9 321.987 0.0110596
56852.3 322.34 0.0112131
57014.1 322.695 0.0113673
