3501.67 -35016.7 3.88405e-008 4.533e+006 5.37095e-007 -2.35153e+008 0
7003.24 -70032.4 2.70239e-009 4.533e+006 -1.98462e-007 -4.70417e+008 0
10504.9 -105049 -2.18651e-009 4.533e+006 5.78202e-008 -7.05681e+008 0
14006.4 -140064 -5.7722e-010 4.533e+006 3.19252e-008 -9.40943e+008 0
17402.7 -171279 -3.05384e-008 4.53316e+006 -4.21409e-007 -1.16897e+009 0
20470.7 -202349 -5.7699e-008 4.53315e+006 -5.40816e-007 -1.3754e+009 0
23181.8 -231095 -5.06327e-008 4.53345e+006 -7.03213e-007 -1.55808e+009 0
25593.7 -256121 -4.1581e-008 4.533e+006 -6.29854e-007 -1.72104e+009 0
27772.1 -277724 -3.31027e-008 4.533e+006 -3.16277e-007 -1.86826e+009 0
29767.4 -297676 -2.64878e-008 4.533e+006 -3.77441e-007 -2.00329e+009 0
31622.4 -316226 -2.15878e-008 4.533e+006 -1.04274e-007 -2.12899e+009 0
33363.5 -333636 -1.50791e-008 4.533e+006 -1.88351e-007 -2.24711e+009 0
35012.4 -350124 -1.35546e-008 4.533e+006 -1.82603e-007 -2.35909e+009 0
36588.7 -365893 -1.05415e-008 4.533e+006 -1.1961e-007 -2.46625e+009 0
38103.7 -381035 -7.08438e-009 4.533e+006 -2.07475e-007 -2.56932e+009 0
39564.2 -395644 -7.51078e-009 4.533e+006 -1.39741e-007 -2.66876e+009 0
40979.6 -409796 -5.87073e-009 4.533e+006 -9.29797e-008 -2.76521e+009 0
42357.9 -423579 -6.43132e-009 4.533e+006 -1.26081e-008 -2.85919e+009 0
43702.7 -437095 -6.45899e-009 4.533e+006 3.52621e-008 -2.95094e+009 0
45016.4 -450164 -6.05977e-009 4.533e+006 -1.03007e-009 -3.04062e+009 0
46301.6 -463016 -6.74482e-009 4.533e+006 6.49818e-008 -3.1284e+009 0
47561.3 -475613 -4.16521e-009 4.533e+006 -2.54142e-008 -3.21449e+009 0
48798.6 -487985 -4.91791e-009 4.533e+006 1.25134e-008 -3.29908e+009 0
50015.7 -500156 -3.17255e-009 4.533e+006 -4.5955e-009 -3.38233e+009 0
51214.2 -512142 -3.99741e-009 4.533e+006 6.47918e-008 -3.46435e+009 0
52396.3 -523963 -2.46305e-009 4.533e+006 -3.93816e-008 -3.54528e+009 0
53563.9 -535642 -3.90619e-009 4.533e+006 9.32799e-008 -3.62523e+009 0
54717.7 -547176 1.32185e-009 4.533e+006 -7.16e-008 -3.70427e+009 0
55859 -558590 -5.50154e-010 4.533e+006 -1.40917e-007 -3.78249e+009 0
56989.1 -569893 -2.75163e-009 4.533e+006 3.82254e-008 -3.85995e+009 0
58108.7 -581087 -3.49059e-009 4.533e+006 1.68981e-007 -3.93671e+009 0
59218.6 -592186 -2.38848e-009 4.533e+006 3.58528e-008 -4.01283e+009 0
60319.4 -603194 2.49158e-010 4.533e+006 -1.71374e-007 -4.08835e+009 0
61411.7 -614117 -1.86449e-009 4.533e+006 1.02471e-007 -4.16329e+009 0
62495.9 -624959 -1.78844e-009 4.533e+006 -5.07744e-009 -4.2377e+009 0
63572.2 -635722 1.57109e-009 4.533e+006 -4.41775e-008 -4.31159e+009 0
64641.6 -646416 1.19809e-009 4.533e+006 2.13906e-008 -4.38501e+009 0
65704.2 -657042 -1.1918e-009 4.533e+006 5.3505e-008 -4.45798e+009 0
66760.5 -667605 -1.77904e-009 4.533e+006 5.08581e-008 -4.53053e+009 0
67810.5 -678105 1.26026e-009 4.533e+006 4.015e-008 -4.60266e+009 0
68854.4 -688544 7.49538e-010 4.533e+006 -3.01709e-008 -4.67439e+009 0
69891.8 -698919 1.93798e-010 4.533e+006 -3.20744e-008 -4.74569e+009 0
70922.5 -709225 -1.86208e-009 4.533e+006 4.47561e-008 -4.81654e+009 0
71945.5 -719455 -2.16995e-009 4.533e+006 4.96064e-008 -4.88688e+009 0
72960.1 -729601 -2.2302e-009 4.533e+006 5.05515e-009 -4.95665e+009 0
73964.5 -739645 1.22389e-009 4.533e+006 -1.9535e-007 -5.02575e+009 0
74957.2 -749573 1.88952e-009 4.533e+006 -1.7382e-007 -5.09407e+009 0
75935.8 -759359 -1.48969e-009 4.533e+006 4.85233e-008 -5.16145e+009 0
76897.6 -768975 -3.50611e-009 4.533e+006 4.23561e-008 -5.22771e+009 0
77839.8 -778398 -4.15028e-009 4.533e+006 2.50532e-008 -5.29268e+009 0
78760.4 -787596 -3.17402e-009 4.533e+006 4.98322e-009 -5.3562e+009 0
79657.1 -796624 -5.47721e-009 4.533e+006 5.56718e-008 -5.41814e+009 0
80528.5 -805289 -3.24746e-009 4.533e+006 4.92979e-009 -5.47838e+009 0
81373.6 -813741 -8.15451e-010 4.533e+006 -7.76055e-008 -5.53688e+009 0
82192.1 -821921 -7.53269e-009 4.533e+006 1.3199e-007 -5.59361e+009 0
82984.2 -829842 -6.31948e-009 4.533e+006 -4.42295e-008 -5.64858e+009 0
83749.4 -837495 -8.49003e-009 4.533e+006 2.42115e-007 -5.70177e+009 0
84488.7 -844887 -4.95282e-009 4.533e+006 4.49021e-008 -5.75323e+009 0
85201.9 -852019 -4.59201e-009 4.53301e+006 -5.49184e-009 -5.80295e+009 0
85889.1 -858888 -3.18381e-009 4.533e+006 -1.73236e-007 -5.85095e+009 0
86550.8 -865548 -9.81051e-009 4.533e+006 2.10744e-007 -5.89724e+009 0
87187.7 -871878 -1.3519e-009 4.533e+006 -7.5739e-008 -5.94189e+009 0
87801.3 -878013 -6.47278e-009 4.533e+006 5.07985e-008 -5.98498e+009 0
88392.1 -883936 -8.07348e-009 4.533e+006 2.72923e-007 -6.02656e+009 0
88961.8 -889614 9.86502e-010 4.533e+006 -2.48112e-007 -6.06673e+009 0
89510.7 -895107 -1.07493e-009 4.533e+006 -1.08686e-007 -6.10552e+009 0
90040.5 -900407 -3.3371e-009 4.533e+006 1.66015e-007 -6.14305e+009 0
90552.2 -905522 1.42301e-009 4.533e+006 -2.84021e-007 -6.17936e+009 0
91046.3 -910464 -4.94297e-009 4.533e+006 1.97417e-008 -6.2145e+009 0
91523.5 -915235 -3.91589e-009 4.533e+006 2.65683e-007 -6.24852e+009 0
91984.2 -919843 -4.04163e-009 4.533e+006 4.37185e-008 -6.28145e+009 0
92428.4 -924284 -4.2338e-009 4.533e+006 8.81968e-008 -6.31326e+009 0
92857.5 -928572 -1.87109e-009 4.533e+006 -6.91149e-008 -6.34408e+009 0
93271.5 -932716 -3.67683e-009 4.533e+006 5.66853e-008 -6.3739e+009 0
93671.1 -936716 -5.61713e-009 4.533e+006 2.07028e-007 -6.40275e+009 0
94057.7 -940615 -3.78335e-009 4.533e+006 1.08989e-007 -6.43074e+009 0
94431.7 -944317 -4.34634e-009 4.533e+006 1.45408e-007 -6.4579e+009 0
94794 -947940 -1.37079e-009 4.533e+006 1.95226e-007 -6.48427e+009 0
95144.5 -951445 -1.12095e-008 4.533e+006 4.5905e-007 -6.50986e+009 0
95484.1 -954841 1.51652e-009 4.533e+006 -2.97294e-007 -6.53472e+009 0
95811.5 -958116 -4.04089e-009 4.533e+006 6.09894e-009 -6.55878e+009 0
96127.7 -961277 -6.76265e-009 4.533e+006 3.34932e-007 -6.58208e+009 0
96433.2 -964333 -2.19342e-009 4.533e+006 2.08811e-007 -6.60468e+009 0
96729.6 -967296 -1.10102e-009 4.533e+006 1.71968e-007 -6.62666e+009 0
97016.7 -970167 -4.5241e-011 4.533e+006 -1.30063e-008 -6.64803e+009 0
97294.8 -972948 -1.47041e-009 4.533e+006 5.44138e-008 -6.6688e+009 0
97564.2 -975642 -3.97178e-009 4.533e+006 2.38364e-007 -6.689e+009 0
97825 -978251 1.03837e-009 4.533e+006 1.05174e-007 -6.70862e+009 0
98078.7 -980787 -1.19325e-009 4.533e+006 1.75103e-007 -6.72777e+009 0
98324.2 -983242 -3.30416e-010 4.533e+006 -1.28189e-007 -6.74637e+009 0
98560.4 -985605 6.02948e-010 4.533e+006 -1.69892e-007 -6.76435e+009 0
98788.7 -987887 -3.46635e-009 4.533e+006 1.01596e-007 -6.78181e+009 0
99009.6 -990097 4.44327e-009 4.533e+006 -3.7291e-007 -6.79878e+009 0
99224.1 -992240 -2.64526e-009 4.533e+006 -1.18971e-007 -6.81531e+009 0
99432.7 -994327 -4.9584e-009 4.533e+006 3.06478e-007 -6.83146e+009 0
99634.7 -996406 -3.42815e-009 4.533e+006 4.39169e-008 -6.84717e+009 0
99830.6 -998305 2.8271e-009 4.533e+006 -2.77817e-007 -6.86247e+009 0
100021 -1.00021e+006 -2.84518e-009 4.533e+006 2.74319e-007 -6.87741e+009 0
100207 -1.00207e+006 8.61496e-010 4.533e+006 -5.56532e-008 -6.89205e+009 0
100389 -1.00389e+006 -2.84951e-009 4.533e+006 -3.02827e-008 -6.90641e+009 0
100566 -1.00562e+006 -8.05822e-009 4.533e+006 1.50109e-007 -6.92048e+009 0
100738 -1.0041e+006 -1.50523e-009 4.53281e+006 3.92156e-008 -6.93389e+009 0
100904 -1.009e+006 -1.93056e-009 4.53264e+006 -1.71432e-007 -6.94727e+009 0
101065 -1.00454e+006 -8.89672e-010 4.53234e+006 1.1984e-007 -6.95973e+009 0
101221 -1.01972e+006 -2.67358e-009 4.53136e+006 -1.22281e-007 -6.97233e+009 0
101371 -1.01431e+006 1.00912e-009 4.53129e+006 -2.34821e-007 -6.98425e+009 0
101519 -1.01515e+006 -2.90374e-009 4.53127e+006 -1.1148e-008 -6.99627e+009 0
101663 -1.01654e+006 -8.39261e-010 4.53126e+006 -1.0327e-007 -7.0081e+009 0
101803 -1.01707e+006 3.39544e-009 4.53122e+006 -3.13941e-007 -7.01966e+009 0
101801 678759 -5.16235e-008 3.67054e+006 -2.81255e-007 -6.341e+009 0
56594.9 -2.17689e+006 -1.64436e-007 4.23547e+006 1.7463e-007 -4.04852e+009 0
56531.1 -615692 -1.03987e-007 4.49935e+006 -1.08655e-007 -4.01617e+009 0
56690.9 -568456 -1.63466e-008 4.53056e+006 2.60038e-007 -4.02814e+009 0
56852.3 -569389 -7.09652e-009 4.53263e+006 5.33903e-007 -4.04122e+009 0
57014.1 -570453 -8.68673e-009 4.53284e+006 3.39515e-007 -4.05425e+009 0
