3501.67 5.53097e-005
7003.24 0.000112844
10504.9 0.000170378
14006.4 0.000227913
17402.7 0.000286101
20470.7 0.000346683
23181.8 0.000409686
25593.7 0.000474233
27772.1 0.000539731
29767.4 0.000605783
31622.4 0.000672141
33363.5 0.000738637
35012.4 0.000805168
36588.7 0.000871599
38103.7 0.000937913
39564.2 0.00100408
40979.6 0.00107004
42357.9 0.00113575
43702.7 0.00120126
45016.4 0.00126657
46301.6 0.00133165
47561.3 0.0013965
48798.6 0.00146114
50015.7 0.00152559
51214.2 0.00158987
52396.3 0.001654
53563.9 0.00171793
54717.7 0.00178168
55859 0.00184524
56989.1 0.00190863
58108.7 0.00197187
59218.6 0.00203499
60319.4 0.00209797
61411.7 0.00216082
62495.9 0.00222354
63572.2 0.0022861
64641.6 0.00234852
65704.2 0.00241078
66760.5 0.00247292
67810.5 0.00253491
68854.4 0.0025968
69891.8 0.00265857
70922.5 0.00272027
71945.5 0.00278188
72960.1 0.00284345
73964.5 0.00290501
74957.2 0.00296661
75935.8 0.00302829
76897.6 0.0030901
77839.8 0.0031521
78760.4 0.00321434
79657.1 0.00327688
80528.5 0.00333976
81373.6 0.00340301
82192.1 0.00346666
82984.2 0.00353072
83749.4 0.00359521
84488.7 0.00366012
85201.9 0.00372549
85889.1 0.00379129
86550.8 0.00385755
87187.7 0.00392424
87801.3 0.00399136
88392.1 0.0040589
88961.8 0.00412685
89510.7 0.00419519
90040.5 0.0042639
90552.2 0.00433296
91046.3 0.00440238
91523.5 0.00447213
91984.2 0.00454222
92428.4 0.00461263
92857.5 0.00468335
93271.5 0.00475436
93671.1 0.00482567
94057.7 0.00489723
94431.7 0.00496905
94794 0.00504111
95144.5 0.00511342
95484.1 0.00518596
95811.5 0.00525872
96127.7 0.0053317
96433.2 0.00540488
96729.6 0.00547826
97016.7 0.00555181
97294.8 0.00562555
97564.2 0.00569945
97825 0.00577353
98078.7 0.00584775
98324.2 0.00592211
98560.4 0.00599663
98788.7 0.00607128
99009.6 0.00614607
99224.1 0.00622098
99432.7 0.006296
99634.7 0.00637114
99830.6 0.00644639
100021 0.00652174
100207 0.00659719
100389 0.00667273
100566 0.00674837
100738 0.00682409
100904 0.0068999
101065 0.00697579
101221 0.00705176
101371 0.0071278
101519 0.00720391
101663 0.00728007
101803 0.0073563
101801 0.00743204
56594.9 0.00811829
56531.1 0.00819413
56690.9 0.00826757
56852.3 0.008341
57014.1 0.00841441
