3500.66 -2.7923 -0.000123713
7001.21 -3.32985 -0.00014753
10501.8 -3.8674 -0.000171346
14002.4 -4.40487 -0.000195159
17397.8 -4.97354 -0.000220354
20465 -5.5649 -0.000246554
23175.5 -6.15367 -0.00027264
25587 -6.73007 -0.000298177
27765.1 -7.28505 -0.000322766
29760.1 -7.82043 -0.000346486
31614.9 -8.33361 -0.000369223
33355.7 -8.83031 -0.000391229
35004.4 -9.30873 -0.000412426
36580.5 -9.77014 -0.000432868
38095.3 -10.22 -0.0004528
39555.6 -10.6578 -0.000472196
40970.9 -11.0832 -0.000491046
42348.9 -11.4558 -0.000509539
43693.4 -11.7837 -0.000527896
45006.8 -12.1078 -0.000546034
46291.7 -12.4259 -0.00056384
47551 -12.7398 -0.00058141
48787.9 -13.0501 -0.000598776
50004.5 -13.3574 -0.000615978
51202.5 -13.6627 -0.000633065
52384 -13.9647 -0.000649968
53550.9 -14.2626 -0.000666647
54704.1 -14.5577 -0.00068316
55844.7 -14.8499 -0.000699518
56974.1 -15.1398 -0.000715742
58092.9 -15.4273 -0.000731835
59202 -15.7131 -0.000747832
60302.1 -15.9976 -0.000763754
61393.5 -16.2796 -0.000779542
62476.8 -16.5594 -0.000795203
63552.3 -16.8373 -0.000810759
64620.8 -17.1139 -0.000826238
65682.5 -17.3891 -0.000841643
66737.9 -17.6631 -0.000856981
67787 -17.9363 -0.000872273
68830 -18.2094 -0.000887558
69866.5 -18.4838 -0.000902914
70896.2 -18.7597 -0.000918361
71918.2 -19.0384 -0.000933957
72931.8 -19.3208 -0.000949766
73935.3 -19.6086 -0.000965877
74927 -19.9034 -0.000982376
75904.7 -20.207 -0.000999368
76865.5 -20.4413 -0.00101713
77806.7 -20.6833 -0.00103571
78726.3 -20.9354 -0.00105506
79621.9 -21.1953 -0.00107502
80492.1 -21.4674 -0.00109591
81335.9 -21.7475 -0.00111742
82153.1 -22.0344 -0.00113946
82943.9 -22.3272 -0.00116193
83707.8 -22.6277 -0.00118501
84445.6 -22.9338 -0.00120852
85157.4 -23.2424 -0.00123221
85843.1 -23.5568 -0.00125636
86503.3 -23.8757 -0.00128084
87138.6 -24.2009 -0.00130582
87750.7 -24.5286 -0.00133098
88339.8 -24.859 -0.00135634
88907.7 -25.1933 -0.00138202
89454.8 -25.5314 -0.00140798
89982.8 -25.8713 -0.00143408
90492.6 -26.2113 -0.00146018
90984.9 -26.5496 -0.00148616
91460.1 -26.8383 -0.00151253
91918.6 -27.0697 -0.00153926
92360.4 -27.3068 -0.00156665
92787.1 -27.5477 -0.00159447
93198.6 -27.791 -0.00162258
93595.3 -28.0376 -0.00165106
93978.8 -28.2865 -0.00167981
94349.9 -28.5365 -0.00170869
94709 -28.7868 -0.00173759
95056 -29.0387 -0.00176669
95392 -29.2947 -0.00179626
95716 -29.5538 -0.00182619
96028.2 -29.8235 -0.00185734
96329.9 -30.0956 -0.00188877
96622.2 -30.3704 -0.00192051
96905.5 -30.6442 -0.00195214
97179.3 -30.9179 -0.00198376
97443.6 -31.1415 -0.00201604
97699.5 -31.311 -0.00204883
97947.2 -31.4841 -0.00208231
98187.2 -31.6617 -0.00211667
98418.2 -31.8406 -0.00215127
98639.9 -32.0247 -0.00218687
98853.7 -32.2133 -0.00222335
99060.5 -32.4084 -0.00226109
99261.3 -32.6035 -0.00229883
99456.4 -32.7982 -0.00233648
99645.6 -32.993 -0.00237416
99829.1 -33.1847 -0.00241123
100007 -33.3733 -0.0024477
100180 -33.5603 -0.00248388
100346 -33.5603 -0.00252265
100508 -33.5603 -0.00256138
100664 -33.5603 -0.00260174
100816 -33.5603 -0.00264281
100964 -33.5603 -0.00268382
101108 -33.5603 -0.00272495
101247 -33.5603 -0.00276638
101073 0 -0.0030421
56521.3 0 -0.0107614
56398.2 0 -0.0110536
56571.5 0 -0.0112098
56743.9 0 -0.0113562
56910.6 0 -0.0115057
57070.2 0 -0.0116579
57231.2 0 -0.01181
