3500.66 5.53069e-005
7001.21 0.000112841
10501.8 0.000170375
14002.4 0.00022791
17397.8 0.000286097
20465 0.000346678
23175.5 0.00040968
25587 0.000474225
27765.1 0.000539721
29760.1 0.000605771
31614.9 0.000672128
33355.7 0.000738622
35004.4 0.000805152
36580.5 0.000871581
38095.3 0.000937894
39555.6 0.00100406
40970.9 0.00107001
42348.9 0.00113573
43693.4 0.00120124
45006.8 0.00126655
46291.7 0.00133163
47551 0.00139648
48787.9 0.00146112
50004.5 0.00152557
51202.5 0.00158986
52384 0.00165399
53550.9 0.00171794
54704.1 0.0017817
55844.7 0.00184526
56974.1 0.00190866
58092.9 0.00197192
59202 0.00203505
60302.1 0.00209805
61393.5 0.00216091
62476.8 0.00222364
63552.3 0.00228621
64620.8 0.00234865
65682.5 0.00241092
66737.9 0.00247307
67787 0.00253508
68830 0.00259699
69866.5 0.00265878
70896.2 0.00272048
71918.2 0.00278211
72931.8 0.0028437
73935.3 0.00290527
74927 0.00296688
75904.7 0.00302857
76865.5 0.00309039
77806.7 0.0031524
78726.3 0.00321466
79621.9 0.00327721
80492.1 0.00334011
81335.9 0.00340338
82153.1 0.00346703
82943.9 0.00353111
83707.8 0.00359562
84445.6 0.00366055
85157.4 0.00372593
85843.1 0.00379176
86503.3 0.00385803
87138.6 0.00392475
87750.7 0.00399189
88339.8 0.00405945
88907.7 0.00412742
89454.8 0.00419579
89982.8 0.00426452
90492.6 0.00433361
90984.9 0.00440305
91460.1 0.00447283
91918.6 0.00454294
92360.4 0.00461338
92787.1 0.00468413
93198.6 0.00475517
93595.3 0.00482651
93978.8 0.00489811
94349.9 0.00496996
94709 0.00504206
95056 0.00511441
95392 0.00518698
95716 0.00525978
96028.2 0.0053328
96329.9 0.00540602
96622.2 0.00547944
96905.5 0.00555303
97179.3 0.0056268
97443.6 0.00570075
97699.5 0.00577486
97947.2 0.00584912
98187.2 0.00592353
98418.2 0.00599808
98639.9 0.00607277
98853.7 0.00614759
99060.5 0.00622254
99261.3 0.0062976
99456.4 0.00637277
99645.6 0.00644804
99829.1 0.00652342
100007 0.0065989
100180 0.00667447
100346 0.00675012
100508 0.00682586
100664 0.00690168
100816 0.00697757
100964 0.00705354
101108 0.00712958
101247 0.0072057
101073 0.00728091
56521.3 0.00795933
56398.2 0.00803582
56571.5 0.00810911
56743.9 0.00818242
56910.6 0.00825579
57070.2 0.00832923
57231.2 0.00840264
