3501.2 -2.79255 -0.00012368
7002.29 -3.33026 -0.000147495
10503.4 -3.86797 -0.000171309
14004.5 -4.40559 -0.00019512
17400.5 -4.97444 -0.000220314
20468.1 -5.56598 -0.000246513
23178.8 -6.15492 -0.000272597
25590.6 -6.7315 -0.000298133
27768.9 -7.28664 -0.00032272
29764 -7.82217 -0.000346438
31618.9 -8.33549 -0.000369172
33359.9 -8.83233 -0.000391177
35008.7 -9.31087 -0.000412371
36584.9 -9.77241 -0.000432812
38099.8 -10.2224 -0.000452741
39560.1 -10.6603 -0.000472135
40975.5 -11.0858 -0.000490983
42353.7 -11.4592 -0.000509472
43698.4 -11.7882 -0.000527823
45011.9 -12.1132 -0.000545954
46297 -12.4322 -0.000563752
47556.5 -12.747 -0.000581314
48793.6 -13.0582 -0.000598671
50010.4 -13.3663 -0.000615862
51208.7 -13.6724 -0.000632938
52390.5 -13.9752 -0.00064983
53557.8 -14.274 -0.000666499
54711.3 -14.5698 -0.000682999
55852.3 -14.8628 -0.000699347
56982.1 -15.1534 -0.000715559
58101.3 -15.4417 -0.000731642
59210.8 -15.7283 -0.000747627
60311.3 -16.0134 -0.000763535
61403.1 -16.2962 -0.00077931
62486.9 -16.5767 -0.00079496
63562.9 -16.8553 -0.000810502
64631.8 -17.1326 -0.00082597
65694 -17.4085 -0.000841363
66749.9 -17.6833 -0.00085669
67799.4 -17.9572 -0.000871972
68842.9 -18.231 -0.000887246
69879.9 -18.506 -0.000902585
70910.1 -18.7826 -0.00091802
71932.7 -19.062 -0.000933604
72946.7 -19.3452 -0.000949402
73950.7 -19.6337 -0.0009655
74943 -19.9293 -0.000981988
75921.1 -20.2336 -0.000998966
76882.4 -20.4734 -0.0010167
77824.2 -20.7191 -0.00103525
78744.3 -20.9751 -0.00105457
79640.5 -21.2391 -0.0010745
80511.3 -21.5151 -0.00109534
81355.8 -21.7995 -0.0011168
82173.7 -22.0907 -0.00113878
82965.2 -22.3878 -0.00116121
83729.7 -22.6925 -0.00118421
84468.3 -23.0031 -0.00120766
85180.8 -23.3161 -0.00123128
85867.4 -23.6349 -0.00125535
86528.3 -23.9582 -0.00127975
87164.5 -24.2879 -0.00130464
87777.4 -24.62 -0.00132971
88367.4 -24.9546 -0.00135496
88936.2 -25.2932 -0.00138052
89484.2 -25.6356 -0.00140637
90013.3 -25.9798 -0.00143235
90524 -26.3241 -0.00145834
91017.3 -26.6668 -0.00148421
91493.5 -26.9723 -0.00151039
91953.2 -27.2182 -0.00153692
92396.3 -27.4697 -0.00156405
92824.3 -27.7248 -0.00159158
93237.1 -27.983 -0.00161943
93635.4 -28.2434 -0.00164753
94020.6 -28.5068 -0.00167594
94393.2 -28.771 -0.00170445
94754.1 -29.0354 -0.00173297
95103 -29.3012 -0.00176165
95440.9 -29.5708 -0.00179074
95766.8 -29.8438 -0.0018202
96081.2 -30.1271 -0.00185076
96385 -30.4135 -0.00188165
96679.5 -30.7027 -0.00191285
96964.9 -30.9906 -0.00194392
97241.1 -31.2778 -0.00197491
97508.3 -31.5504 -0.00200615
97766.9 -31.7581 -0.00203807
98018.1 -31.9672 -0.00207021
98261.1 -32.1813 -0.00210312
98495.1 -32.3977 -0.00213638
98720.6 -32.6202 -0.00217058
98938.7 -32.8457 -0.00220524
99149.8 -33.0768 -0.00224075
99355.2 -33.3103 -0.00227664
99554.4 -33.5424 -0.00231233
99747.4 -33.7748 -0.00234804
99934.9 -34.0041 -0.00238328
100118 -34.2303 -0.00241805
100296 -34.4534 -0.00245234
100468 -34.6811 -0.00248735
100636 -34.6811 -0.00252359
100799 -34.6811 -0.00256015
100955 -34.6811 -0.00259903
101106 -34.6811 -0.00263842
101254 -34.6811 -0.00267802
101398 -34.6811 -0.00271787
101539 -34.6811 -0.00275792
101534 0 -0.00285327
56519.8 0 -0.010672
56394.8 0 -0.0109634
56555.5 0 -0.0111175
56716.6 0 -0.0112685
56877.6 0 -0.0114206
56994.8 0 -0.0115808
