2247.4 -2.3751 -0.000183737
4494.73 -2.68295 -0.000207551
6742.1 -2.99079 -0.000231366
8989.46 -3.29863 -0.00025518
11236.8 -3.60647 -0.000278995
13484.2 -3.91431 -0.000302809
15718.7 -4.22843 -0.00032711
17873.1 -4.55528 -0.000352394
19904.6 -4.88762 -0.000378104
21805 -5.21909 -0.000403746
23583.8 -5.5475 -0.000429152
25258.3 -5.86845 -0.000453981
26841.1 -6.18346 -0.000478349
28347.3 -6.48375 -0.000502071
29786.2 -6.71711 -0.000525731
31164.3 -6.9465 -0.000548989
32489.9 -7.17228 -0.00057188
33770.8 -7.39513 -0.000594475
35011.4 -7.61468 -0.000616736
36216.4 -7.83049 -0.000638617
37390 -8.04324 -0.000660188
38536 -8.25316 -0.00068147
39658.1 -8.45979 -0.000702421
40759.1 -8.66297 -0.000723021
41841.5 -8.86459 -0.000743464
42906.5 -9.06364 -0.000763645
43955.6 -9.25992 -0.000783546
44990.1 -9.45392 -0.000803215
46011.4 -9.64591 -0.000822681
47020.8 -9.83607 -0.000841962
48019.6 -10.0243 -0.000861051
49008.6 -10.2114 -0.000880013
49989.1 -10.3969 -0.000898828
50961.5 -10.5815 -0.00091754
51926.5 -10.7648 -0.000936126
52884.5 -10.9469 -0.000954586
53836.1 -11.1277 -0.000972917
54781.5 -11.3072 -0.000991118
55721 -11.4606 -0.00100928
56654.3 -11.5897 -0.00102748
57581.9 -11.7184 -0.00104564
58503.8 -11.8469 -0.00106375
59420.3 -11.9755 -0.00108188
60331.8 -12.1036 -0.00109994
61238.5 -12.231 -0.00111791
62140.1 -12.3588 -0.00113592
63037.1 -12.4866 -0.00115395
63929 -12.6147 -0.00117201
64815.9 -12.7435 -0.00119018
65697.3 -12.8734 -0.00120849
66572.6 -13.0042 -0.00122693
67441 -13.137 -0.00124565
68301.6 -13.2723 -0.00126474
69153.2 -13.4102 -0.00128418
69994.7 -13.5512 -0.00130406
70824.7 -13.6958 -0.00132444
71641.5 -13.8444 -0.0013454
72443.8 -13.9979 -0.00136704
73229.9 -14.1556 -0.00138928
73998.9 -14.318 -0.00141218
74749.9 -14.4853 -0.00143577
75482 -14.6565 -0.00145991
76194.8 -14.8319 -0.00148465
76887.5 -14.9904 -0.00151013
77560 -15.1194 -0.00153647
78212.1 -15.252 -0.00156356
78843.2 -15.3871 -0.00159116
79453.7 -15.5267 -0.00161969
80043.2 -15.6698 -0.00164892
80612.9 -15.8161 -0.00167881
81162.6 -15.9654 -0.00170931
81692.8 -16.1194 -0.00174076
82204.3 -16.2773 -0.00177303
82696.6 -16.439 -0.00180605
83171.4 -16.6054 -0.00184006
83628.7 -16.7757 -0.00187485
84069.1 -16.9495 -0.00191035
84493.4 -17.1273 -0.00194668
84901.2 -17.3096 -0.00198392
85293.5 -17.463 -0.0020223
85671.6 -17.5937 -0.00206133
86035.4 -17.7259 -0.00210081
86385.9 -17.8586 -0.00214046
86723.9 -17.9939 -0.00218087
87049.9 -18.1315 -0.00222196
87364 -18.2704 -0.00226342
87666.8 -18.4105 -0.00230528
87959 -18.5528 -0.00234776
88241.4 -18.697 -0.00239082
88514.9 -18.8401 -0.00243356
88778.9 -18.9823 -0.00247604
89033.4 -19.1096 -0.00251928
89279.1 -19.217 -0.0025633
89516.7 -19.3269 -0.00260835
89746.5 -19.4384 -0.00265403
89967.7 -19.5522 -0.00270069
90180.6 -19.6688 -0.00274847
90386.3 -19.7869 -0.00279689
90585.6 -19.9053 -0.0028454
90779.2 -20.0236 -0.00289389
90967.5 -20.1409 -0.00294195
91150 -20.2571 -0.0029896
91327 -20.3605 -0.00303686
91499 -20.4596 -0.00308369
91666.8 -20.5582 -0.00313026
91830.5 -20.6559 -0.00317643
91990.3 -20.7531 -0.00322238
92146.1 -20.8503 -0.00326827
92297.5 -20.9478 -0.00331437
92444.4 -21.0463 -0.00336089
92587 -21.146 -0.003408
92725 -21.247 -0.0034557
92858.2 -21.247 -0.0035061
92987.2 -21.247 -0.00355783
93111.8 -21.247 -0.00361211
93233.1 -21.247 -0.00366739
93351.4 -21.247 -0.00372304
93344.3 0 -0.00383568
55512.9 0 -0.0115668
55416.7 0 -0.0118943
55573.1 0 -0.0120984
55729.8 0 -0.0122666
55780.6 0 -0.0125199
55930.7 0 -0.0127075
55966.1 0 -0.0130196
55875.9 0 -0.0134474
55934.4 0 -0.0140949
55900.3 0 -0.0153658
46249.6 0 -0.0260586
46475.9 0 -0.0267818
