2247.4 -28.5385 -0.000142692
4494.73 -24.2928 -0.000121464
6742.1 -20.0472 -0.000100236
8989.46 -15.8015 -7.90077e-005
11236.8 -11.5559 -5.77795e-005
13484.2 -7.31027 -3.65513e-005
15718.7 -2.85756 -1.42878e-005
17873.1 2.14805 1.07402e-005
19904.6 7.64142 3.82071e-005
21805 13.5204 6.76022e-005
23583.8 19.7448 9.87238e-005
25258.3 26.1275 0.000130637
26841.1 32.7091 0.000163545
28347.3 39.3098 0.000196549
29786.2 46.1334 0.000230667
31164.3 52.9917 0.000264958
32489.9 59.8592 0.000299296
33770.8 66.6798 0.000333399
35011.4 73.5975 0.000367987
36216.4 80.4936 0.000402468
37390 87.3878 0.000436939
38536 94.2078 0.000471039
39658.1 100.966 0.000504828
40759.1 107.666 0.000538329
41841.5 114.322 0.00057161
42906.5 121.012 0.000605061
43955.6 127.705 0.000638527
44990.1 134.379 0.000671895
46011.4 141.011 0.000705055
47020.8 147.594 0.000737971
48019.6 154.113 0.000770566
49008.6 160.579 0.000802898
49989.1 167.004 0.000835024
50961.5 173.4 0.000867007
51926.5 179.775 0.000898891
52884.5 186.138 0.000930716
53836.1 192.489 0.000962488
54781.5 198.823 0.000994191
55721 205.171 0.00102598
56654.3 211.548 0.00105795
57581.9 217.924 0.00108998
58503.8 224.26 0.00112188
59420.3 230.563 0.00115375
60331.8 236.809 0.00118552
61238.5 242.999 0.00121731
62140.1 249.118 0.00124918
63037.1 255.123 0.00128108
63929 260.969 0.00131308
64815.9 266.63 0.00134539
65697.3 272.032 0.00137809
66572.6 277.103 0.00141138
67441 281.76 0.00144551
68301.6 285.912 0.00148066
69153.2 289.484 0.00151704
69994.7 292.443 0.00155492
70824.7 294.8 0.00159457
71641.5 296.608 0.00163625
72443.8 297.954 0.00168033
73229.9 298.928 0.00172686
73998.9 299.624 0.00177582
74749.9 300.122 0.0018271
75482 300.486 0.0018806
76194.8 300.768 0.00193673
76887.5 300.996 0.00199516
77560 301.193 0.002056
78212.1 301.374 0.00211937
78843.2 301.548 0.00218591
79453.7 301.72 0.00225534
80043.2 301.893 0.00232748
80612.9 302.068 0.00240184
81162.6 302.247 0.0024783
81692.8 302.43 0.00255758
82204.3 302.619 0.00263916
82696.6 302.813 0.00272351
83171.4 303.013 0.00281014
83628.7 303.217 0.00289866
84069.1 303.426 0.00298949
84493.4 303.641 0.00308317
84901.2 303.864 0.00318015
85293.5 304.095 0.00328029
85671.6 304.329 0.00338234
86035.4 304.57 0.0034869
86385.9 304.813 0.00359259
86723.9 305.06 0.00370021
87049.9 305.312 0.00380975
87364 305.568 0.00392107
87666.8 305.83 0.00403463
87959 306.096 0.00415053
88241.4 306.366 0.00426791
88514.9 306.635 0.00438497
88778.9 306.908 0.00450337
89033.4 307.187 0.00462494
89279.1 307.472 0.00474888
89516.7 307.765 0.0048762
89746.5 308.067 0.00500718
89967.7 308.376 0.00514192
90180.6 308.694 0.00528016
90386.3 309.018 0.00542069
90585.6 309.344 0.00556274
90779.2 309.673 0.00570545
90967.5 309.999 0.0058472
91150 310.322 0.00598771
91327 310.641 0.0061267
91499 310.958 0.00626417
91666.8 311.271 0.00640052
91830.5 311.582 0.00653574
91990.3 311.892 0.00667047
92146.1 312.202 0.00680539
92297.5 312.516 0.00694164
92444.4 312.834 0.00707982
92587 313.157 0.00722057
92725 313.49 0.00736511
92858.2 313.839 0.00751682
92987.2 314.2 0.00767371
93111.8 314.577 0.00783763
93233.1 314.961 0.00800472
93351.4 315.347 0.00817272
93344.3 316.518 0.00868176
55512.9 319.561 0.0100049
55416.7 319.663 0.010049
55573.1 320 0.0101955
55729.8 320.311 0.0103308
55780.6 320.584 0.0104496
55930.7 320.924 0.0105972
55966.1 321.261 0.0107441
55875.9 321.512 0.0108532
55934.4 322.429 0.0112518
55900.3 324.143 0.0119967
46249.6 334.262 0.0163963
46475.9 335.211 0.0168092
