2247.4 -22474 4.7136e-008 4.533e+006 6.51527e-006 -1.5151e+008 0
4494.73 -44947.3 1.01235e-009 4.533e+006 -3.16372e-008 -3.03316e+008 0
6742.1 -67421 1.38024e-009 4.533e+006 -1.10843e-007 -4.55123e+008 0
8989.46 -89894.6 -2.74074e-009 4.533e+006 1.89437e-007 -6.06929e+008 0
11236.8 -112368 -1.6782e-010 4.533e+006 -2.61776e-008 -7.58735e+008 0
13484.2 -134842 7.4701e-010 4.533e+006 -8.27934e-008 -9.10541e+008 0
15718.7 -156024 -3.6439e-009 4.53304e+006 -9.69272e-007 -1.06141e+009 0
17873.1 -179695 -2.45458e-008 4.53304e+006 -3.58011e-006 -1.20714e+009 0
19904.6 -198213 -3.2264e-008 4.53302e+006 -4.51962e-006 -1.3445e+009 0
21805 -217235 -3.2612e-008 4.53304e+006 -4.54707e-006 -1.47321e+009 0
23583.8 -235827 -3.19174e-008 4.53304e+006 -4.26566e-006 -1.59389e+009 0
25258.3 -252585 -2.66456e-008 4.53299e+006 -3.45566e-006 -1.70759e+009 0
26841.1 -268411 -1.9948e-008 4.533e+006 -3.25731e-006 -1.81518e+009 0
28347.3 -283504 -1.76975e-008 4.533e+006 -2.38332e-006 -1.91767e+009 0
29786.2 -297866 -1.80025e-008 4.533e+006 -2.42245e-006 -2.01568e+009 0
31164.3 -311643 -1.73222e-008 4.533e+006 -1.82143e-006 -2.10965e+009 0
32489.9 -324899 -1.25588e-008 4.533e+006 -1.72598e-006 -2.20012e+009 0
33770.8 -337708 -9.83852e-009 4.533e+006 -1.63838e-006 -2.28762e+009 0
35011.4 -350044 -1.18504e-008 4.53301e+006 -1.21338e-006 -2.37243e+009 0
36216.4 -362165 -9.03179e-009 4.533e+006 -1.16652e-006 -2.45488e+009 0
37390 -373900 -5.51096e-009 4.533e+006 -1.28685e-006 -2.53524e+009 0
38536 -385360 -5.86923e-009 4.533e+006 -9.14879e-007 -2.61376e+009 0
39658.1 -396585 -5.64776e-009 4.533e+006 -7.86518e-007 -2.69069e+009 0
40759.1 -407602 -3.89432e-009 4.533e+006 -6.44506e-007 -2.76621e+009 0
41841.5 -418415 -6.40531e-009 4.533e+006 -5.98353e-007 -2.84051e+009 0
42906.5 -429066 -4.71304e-009 4.533e+006 -4.91466e-007 -2.91364e+009 0
43955.6 -439561 -4.48815e-009 4.533e+006 -4.92442e-007 -2.98571e+009 0
44990.1 -449901 -3.02946e-009 4.533e+006 -5.51791e-007 -3.05681e+009 0
46011.4 -460114 -2.56038e-009 4.533e+006 -4.41346e-007 -3.12703e+009 0
47020.8 -470208 -5.50652e-009 4.533e+006 -3.30215e-007 -3.19647e+009 0
48019.6 -480196 -2.58299e-009 4.533e+006 -4.26403e-007 -3.26519e+009 0
49008.6 -490086 -2.3028e-009 4.533e+006 -2.52672e-007 -3.33327e+009 0
49989.1 -499891 -3.06326e-009 4.533e+006 -2.40941e-007 -3.40078e+009 0
50961.5 -509615 -4.89801e-010 4.533e+006 -4.37963e-007 -3.46775e+009 0
51926.5 -519265 5.38627e-010 4.533e+006 -4.49299e-007 -3.53422e+009 0
52884.5 -528845 -4.98662e-010 4.533e+006 -3.81783e-007 -3.60024e+009 0
53836.1 -538361 -3.63447e-010 4.533e+006 -2.84761e-007 -3.66582e+009 0
54781.5 -547815 -2.17636e-009 4.533e+006 -1.38102e-007 -3.731e+009 0
55721 -557210 -3.98999e-009 4.533e+006 -5.48086e-008 -3.79578e+009 0
56654.3 -566544 -2.07895e-009 4.533e+006 -1.35925e-007 -3.86015e+009 0
57581.9 -575819 4.7675e-010 4.533e+006 -3.53119e-007 -3.92414e+009 0
58503.8 -585038 -2.92275e-009 4.533e+006 -2.0022e-007 -3.98774e+009 0
59420.3 -594203 -2.7788e-009 4.533e+006 -1.59596e-008 -4.051e+009 0
60331.8 -603318 -5.27184e-010 4.533e+006 -2.89249e-007 -4.11391e+009 0
61238.5 -612385 -1.58769e-009 4.533e+006 -2.03302e-007 -4.17651e+009 0
62140.1 -621401 -2.18184e-009 4.533e+006 -1.99024e-007 -4.23877e+009 0
63037.1 -630371 -2.1362e-009 4.533e+006 -1.22561e-007 -4.30072e+009 0
63929 -639290 -1.49636e-009 4.533e+006 -4.36972e-008 -4.36234e+009 0
64815.9 -648159 -3.79001e-010 4.533e+006 -2.29642e-007 -4.42362e+009 0
65697.3 -656973 -1.70303e-009 4.533e+006 -1.4501e-007 -4.48453e+009 0
66572.6 -665725 -5.16934e-009 4.533e+006 -6.24842e-008 -4.54504e+009 0
67441 -674410 -1.92379e-009 4.533e+006 -6.61486e-008 -4.60509e+009 0
68301.6 -683019 -1.4697e-009 4.533e+006 -2.52121e-007 -4.66462e+009 0
69153.2 -691525 -5.49111e-009 4.533e+006 -2.59876e-008 -4.72355e+009 0
69994.7 -699951 -2.51321e-010 4.533e+006 -4.16939e-007 -4.78181e+009 0
70824.7 -708243 -4.07457e-009 4.533e+006 -3.11041e-007 -4.83931e+009 0
71641.5 -716419 -7.63721e-009 4.533e+006 -4.77849e-007 -4.89592e+009 0
72443.8 -724439 -4.30339e-009 4.533e+006 -4.44762e-007 -4.95157e+009 0
73229.9 -732300 -7.74028e-009 4.533e+006 -4.26705e-007 -5.00615e+009 0
73998.9 -739997 -2.06101e-009 4.533e+006 -7.07605e-007 -5.05958e+009 0
74749.9 -747502 -5.499e-009 4.533e+006 -5.7458e-007 -5.11182e+009 0
75482 -754820 -9.1522e-009 4.533e+006 -3.8301e-007 -5.1628e+009 0
76194.8 -761955 -1.28184e-009 4.533e+006 -8.74414e-007 -5.2125e+009 0
76887.5 -768890 -5.51641e-009 4.533e+006 -6.52149e-007 -5.26086e+009 0
77560 -775599 -2.75459e-009 4.533e+006 -8.62708e-007 -5.30787e+009 0
78212.1 -782126 -5.41594e-009 4.533e+006 -5.86579e-007 -5.35353e+009 0
78843.2 -788428 -7.09896e-009 4.533e+006 -6.55143e-007 -5.39779e+009 0
79453.7 -794527 -5.99294e-009 4.533e+006 -7.02089e-007 -5.44068e+009 0
80043.2 -800447 -7.59752e-009 4.533e+006 -5.72503e-007 -5.48217e+009 0
80612.9 -806129 -1.03217e-008 4.533e+006 -3.30165e-007 -5.52235e+009 0
81162.6 -811626 -3.63186e-009 4.533e+006 -8.57937e-007 -5.56119e+009 0
81692.8 -816930 -5.09545e-009 4.533e+006 -6.47928e-007 -5.59874e+009 0
82204.3 -822042 -2.62425e-009 4.533e+006 -7.23831e-007 -5.63503e+009 0
82696.6 -826967 -8.6358e-009 4.533e+006 -3.27962e-007 -5.67006e+009 0
83171.4 -831716 -4.8554e-009 4.533e+006 -6.13526e-007 -5.70392e+009 0
83628.7 -836287 -2.93168e-009 4.533e+006 -7.37585e-007 -5.73661e+009 0
84069.1 -840689 -3.02607e-009 4.533e+006 -7.28302e-007 -5.76818e+009 0
84493.4 -844948 -2.85253e-009 4.533e+006 -5.67375e-007 -5.79869e+009 0
84901.2 -849011 -1.67061e-009 4.533e+006 -5.13936e-007 -5.82809e+009 0
85293.5 -852933 -4.41073e-009 4.533e+006 -4.43132e-007 -5.85645e+009 0
85671.6 -856718 -3.17642e-009 4.533e+006 -6.38544e-007 -5.88388e+009 0
86035.4 -860354 -2.93496e-010 4.533e+006 -5.94917e-007 -5.91036e+009 0
86385.9 -863854 2.39482e-009 4.533e+006 -9.00579e-007 -5.93594e+009 0
86723.9 -867234 -2.47286e-009 4.533e+006 -7.26927e-007 -5.9607e+009 0
87049.9 -870499 -5.76801e-009 4.533e+006 -3.78685e-007 -5.98466e+009 0
87364 -873640 -2.95276e-009 4.533e+006 -4.30485e-007 -6.00782e+009 0
87666.8 -876673 -3.74027e-009 4.533e+006 -2.12035e-007 -6.03024e+009 0
87959 -879590 -1.48155e-009 4.533e+006 -5.3718e-007 -6.05195e+009 0
88241.4 -882414 -6.2245e-009 4.533e+006 -1.68166e-007 -6.07301e+009 0
88514.9 -885160 -5.93426e-010 4.533e+006 -4.7115e-007 -6.09347e+009 0
88778.9 -887790 -2.49625e-010 4.533e+006 -4.54473e-007 -6.11331e+009 0
89033.4 -890309 -1.39411e-009 4.533e+006 -2.85893e-007 -6.1325e+009 0
89279.1 -892789 -7.6946e-009 4.533e+006 -2.73176e-008 -6.15112e+009 0
89516.7 -895168 1.40564e-009 4.533e+006 -5.57115e-007 -6.1692e+009 0
89746.5 -897491 -6.40963e-009 4.533e+006 5.11743e-008 -6.18676e+009 0
89967.7 -899670 -4.7094e-009 4.533e+006 -1.60052e-007 -6.20374e+009 0
90180.6 -901794 -3.35679e-009 4.533e+006 -9.81959e-008 -6.22017e+009 0
90386.3 -903863 -9.24975e-010 4.533e+006 -3.08853e-007 -6.23612e+009 0
90585.6 -905856 3.94207e-009 4.533e+006 -3.22427e-007 -6.25165e+009 0
90779.2 -907792 1.91696e-009 4.533e+006 -2.42869e-007 -6.2668e+009 0
90967.5 -909675 -1.14048e-009 4.533e+006 -1.84837e-007 -6.2816e+009 0
91150 -911500 -4.88106e-009 4.533e+006 3.51301e-008 -6.29601e+009 0
91327 -913270 5.43739e-009 4.533e+006 -5.14248e-007 -6.31005e+009 0
91499 -914986 1.18967e-009 4.533e+006 -3.06507e-007 -6.32377e+009 0
91666.8 -916668 -5.39817e-010 4.533e+006 -2.34489e-007 -6.33719e+009 0
91830.5 -918304 2.66464e-009 4.533e+006 -2.97678e-007 -6.35035e+009 0
91990.3 -919903 -1.1832e-009 4.533e+006 -2.90239e-007 -6.36325e+009 0
92146.1 -921461 3.85774e-010 4.533e+006 -1.64674e-007 -6.37589e+009 0
92297.5 -922976 -6.53164e-009 4.533e+006 1.35903e-007 -6.38823e+009 0
92444.4 -924444 1.3876e-009 4.533e+006 -3.97204e-007 -6.40027e+009 0
92587 -925870 -1.7695e-009 4.533e+006 -3.16433e-007 -6.41202e+009 0
92725 -926626 2.25097e-009 4.53298e+006 -4.08213e-007 -6.42343e+009 0
92858.2 -928238 3.96811e-009 4.53291e+006 -6.09335e-007 -6.43452e+009 0
92987.2 -927810 4.61257e-009 4.53281e+006 -4.68551e-007 -6.44522e+009 0
93111.8 -930216 2.4725e-009 4.53261e+006 -4.59344e-007 -6.45569e+009 0
93233.1 -932253 1.44622e-009 4.53257e+006 -4.50095e-007 -6.46605e+009 0
93351.4 -933625 -2.56895e-009 4.53257e+006 -3.79485e-007 -6.47619e+009 0
93344.3 3.32746e+006 -1.0241e-007 3.9047e+006 -7.4622e-006 -5.83419e+009 0
55512.9 -1.90226e+006 -4.41277e-007 4.26355e+006 -3.73335e-005 -3.98852e+009 0
55416.7 -1.25519e+006 -2.37555e-007 4.4904e+006 -1.20938e-005 -3.98201e+009 0
55573.1 -804038 -4.90988e-008 4.51992e+006 -1.67567e-006 -3.98e+009 0
55729.8 -651356 -1.59954e-008 4.50291e+006 9.06466e-007 -3.98546e+009 0
55780.6 -992768 -7.27425e-008 4.51261e+006 -5.72707e-006 -4.00434e+009 0
55930.7 -738410 -2.6508e-008 4.5268e+006 1.15188e-007 -4.00831e+009 0
55966.1 -965525 -8.02999e-008 4.45228e+006 -6.44242e-006 -4.01528e+009 0
55875.9 -2.28758e+006 -1.33282e-007 4.48385e+006 -1.79592e-005 -4.05979e+009 0
55934.4 -4.90989e+006 -2.04269e-007 4.38653e+006 2.62444e-006 -4.15111e+009 0
55900.3 -5.97236e+006 9.20421e-007 4.04952e+006 -0.000110116 -4.02968e+009 0
46249.6 -451022 -2.86823e-007 4.4861e+006 -4.67245e-005 -3.37022e+009 0
46475.9 -453271 -2.3622e-007 4.52811e+006 -2.28894e-006 -3.38666e+009 0
