2247.4 5.15932e-005
4494.73 0.000109105
6742.1 0.000166617
8989.46 0.000224128
11236.8 0.00028164
13484.2 0.000339152
15718.7 0.000396775
17873.1 0.000455202
19904.6 0.000515044
21805 0.000576407
23583.8 0.000638899
25258.3 0.000702162
26841.1 0.000765987
28347.3 0.000830154
29786.2 0.00089454
31164.3 0.000959119
32489.9 0.00102378
33770.8 0.00108847
35011.4 0.0011532
36216.4 0.00121792
37390 0.0012826
38536 0.00134722
39658.1 0.00141178
40759.1 0.00147629
41841.5 0.00154064
42906.5 0.00160485
43955.6 0.00166892
44990.1 0.00173282
46011.4 0.00179658
47020.8 0.00186018
48019.6 0.00192364
49008.6 0.00198691
49989.1 0.00205001
50961.5 0.00211293
51926.5 0.00217568
52884.5 0.00223826
53836.1 0.00230067
54781.5 0.00236292
55721 0.00242503
56654.3 0.00248701
57581.9 0.00254889
58503.8 0.00261065
59420.3 0.0026723
60331.8 0.00273385
61238.5 0.00279529
62140.1 0.00285663
63037.1 0.00291789
63929 0.00297905
64815.9 0.00304016
65697.3 0.00310121
66572.6 0.00316223
67441 0.00322324
68301.6 0.00328429
69153.2 0.00334539
69994.7 0.00340658
70824.7 0.0034679
71641.5 0.00352937
72443.8 0.00359107
73229.9 0.003653
73998.9 0.00371521
74749.9 0.00377773
75482 0.00384058
76194.8 0.00390379
76887.5 0.00396737
77560 0.00403135
78212.1 0.00409573
78843.2 0.00416053
79453.7 0.00422574
80043.2 0.00429138
80612.9 0.00435742
81162.6 0.00442389
81692.8 0.00449078
82204.3 0.00455807
82696.6 0.00462577
83171.4 0.00469385
83628.7 0.00476231
84069.1 0.00483115
84493.4 0.00490035
84901.2 0.00496991
85293.5 0.00503981
85671.6 0.00511003
86035.4 0.00518057
86385.9 0.00525141
86723.9 0.00532253
87049.9 0.00539392
87364 0.00546558
87666.8 0.0055375
87959 0.00560965
88241.4 0.00568203
88514.9 0.00575462
88778.9 0.00582743
89033.4 0.00590044
89279.1 0.00597364
89516.7 0.00604702
89746.5 0.00612058
89967.7 0.00619432
90180.6 0.00626823
90386.3 0.00634229
90585.6 0.00641649
90779.2 0.00649082
90967.5 0.00656527
91150 0.00663986
91327 0.00671458
91499 0.00678942
91666.8 0.00686436
91830.5 0.00693941
91990.3 0.00701455
92146.1 0.00708979
92297.5 0.00716513
92444.4 0.00724056
92587 0.00731609
92725 0.0073917
92858.2 0.00746739
92987.2 0.00754315
93111.8 0.00761898
93233.1 0.00769487
93351.4 0.00777083
93344.3 0.00784649
55512.9 0.00851747
55416.7 0.00859381
55573.1 0.00866676
55729.8 0.00873969
55780.6 0.00881407
55930.7 0.00888709
55966.1 0.0089617
55875.9 0.00903804
55934.4 0.00911249
55900.3 0.00918848
46249.6 0.00939048
46475.9 0.00946312
