3501.85 -16.0087 -8.00436e-005
7003.6 -11.7538 -5.8769e-005
10505.4 -7.49889 -3.74944e-005
14007.2 -3.24403 -1.62201e-005
17403.7 1.65418 8.27091e-006
20471.8 7.48003 3.74002e-005
23183.1 14.0084 7.0042e-005
25595.2 21.0855 0.000105428
27773.7 28.4185 0.000142093
29769.1 35.9828 0.000179914
31624.2 43.5729 0.000217865
33365.4 51.3178 0.000256589
35014.4 59.0176 0.000295088
36590.7 66.5943 0.000332971
38105.7 74.2945 0.000371472
39566.2 82.0157 0.000410079
40981.7 89.582 0.00044791
42360 97.0383 0.000485192
43704.9 104.513 0.000522563
45018.6 112.032 0.00056016
46304 119.597 0.000597987
47563.7 127.081 0.000635405
48801.1 134.502 0.000672509
50018.4 141.874 0.000709371
51217.1 149.209 0.000746047
52399.4 156.461 0.000782307
53567.1 163.672 0.000818361
54721.2 170.877 0.000854388
55862.7 178.026 0.000890137
56993 185.143 0.00092573
58112.8 192.235 0.000961206
59222.9 199.273 0.000996419
60324.1 206.285 0.00103153
61416.6 213.317 0.00106677
62501 220.325 0.00110195
63577.7 227.295 0.00113704
64647.3 234.22 0.00117208
65710.2 241.065 0.00120697
66766.8 247.818 0.00124181
67817.1 254.45 0.00127668
68861.3 260.906 0.00131162
69899.1 267.137 0.00134684
70930.1 273.07 0.00138259
71953.4 278.577 0.00141898
72968.3 283.541 0.00145629
73973 287.853 0.00149489
74966.1 291.442 0.00153526
75945 294.284 0.00157777
76907.1 296.432 0.0016231
77849.7 297.981 0.00167159
78770.8 299.049 0.00172309
79667.9 299.777 0.00177799
80539.7 300.279 0.00183644
81385.2 300.635 0.00189773
82204.2 300.905 0.00196159
82996.8 301.127 0.00202803
83762.7 301.325 0.00209728
84502.5 301.512 0.00216893
85216.2 301.695 0.00224341
85904 301.882 0.00232158
86566.3 302.072 0.00240289
87203.8 302.268 0.00248727
87818 302.467 0.00257318
88409.5 302.67 0.0026611
88979.8 302.877 0.00275092
89529.3 303.087 0.00284234
90059.9 303.301 0.00293509
90572.2 303.516 0.00302863
91067 303.734 0.00312347
91545 303.958 0.00322072
92006.5 304.187 0.00332037
92451.4 304.424 0.00342337
92881.5 304.666 0.0035285
93296.3 304.915 0.00363685
93696.9 305.166 0.00374621
94084.5 305.422 0.00385728
94459.6 305.679 0.00396905
94822.9 305.936 0.00408108
95174.7 306.196 0.00419387
95515.4 306.459 0.00430843
95844 306.735 0.00442818
96161.4 307.021 0.00455239
96468.3 307.314 0.00467979
96766 307.61 0.00480885
97054.2 307.909 0.00493874
97333.7 308.207 0.00506829
97604.7 308.507 0.00519889
97867.1 308.811 0.00533087
98122.4 309.116 0.00546356
98369.4 309.428 0.00559898
98607.3 309.755 0.00574131
98837.4 310.095 0.00588902
99060.3 310.439 0.00603864
99277 310.787 0.00618989
99487.6 311.14 0.00634353
99691.6 311.498 0.00649904
99889.3 311.852 0.00665309
100082 312.202 0.00680541
100270 312.549 0.00695599
100454 312.891 0.00710465
100634 313.229 0.00725171
100809 313.569 0.00739958
100977 313.922 0.00755295
101141 314.276 0.0077069
101299 314.643 0.00786666
101452 315.024 0.00803223
101602 315.412 0.0082009
101748 315.805 0.00837176
101891 316.202 0.0085442
102030 316.601 0.00871779
101871 319.312 0.00989669
56447.8 322.415 0.0112459
56515.7 322.732 0.0113835
56692 323.068 0.0115295
56867.4 323.4 0.0116741
