3501.85 -2.79292 -0.000123628
7003.6 -3.33084 -0.000147439
10505.4 -3.86876 -0.00017125
14007.2 -4.40659 -0.000195057
17403.7 -4.97566 -0.000220246
20471.8 -5.56746 -0.000246442
23183.1 -6.15665 -0.000272522
25595.2 -6.73348 -0.000298056
27773.7 -7.28886 -0.000322639
29769.1 -7.8246 -0.000346354
31624.2 -8.33814 -0.000369085
33365.4 -8.83518 -0.000391087
35014.4 -9.3139 -0.000412277
36590.7 -9.77562 -0.000432715
38105.7 -10.2258 -0.000452641
39566.2 -10.6638 -0.000472031
40981.7 -11.0896 -0.000490876
42360 -11.4643 -0.000509358
43704.9 -11.7948 -0.000527699
45018.6 -12.1213 -0.000545817
46304 -12.4419 -0.000563602
47563.7 -12.7581 -0.000581152
48801.1 -13.0706 -0.000598492
50018.4 -13.3801 -0.000615666
51217.1 -13.6875 -0.000632723
52399.4 -13.9916 -0.000649597
53567.1 -14.2916 -0.000666249
54721.2 -14.5887 -0.000682731
55862.7 -14.883 -0.000699062
56993 -15.1747 -0.000715253
58112.8 -15.4643 -0.000731319
59222.9 -15.752 -0.000747285
60324.1 -16.0382 -0.00076317
61416.6 -16.3222 -0.000778924
62501 -16.6038 -0.000794555
63577.7 -16.8835 -0.000810075
64647.3 -17.1619 -0.000825525
65710.2 -17.439 -0.0008409
66766.8 -17.7149 -0.000856207
67817.1 -17.99 -0.000871472
68861.3 -18.2649 -0.000886727
69899.1 -18.5409 -0.000902042
70930.1 -18.8186 -0.000917454
71953.4 -19.0991 -0.000933019
72968.3 -19.3834 -0.000948797
73973 -19.6731 -0.000964874
74966.1 -19.9699 -0.000981343
75945 -20.2755 -0.000998297
76907.1 -20.5237 -0.00101599
77849.7 -20.7754 -0.00103449
78770.8 -21.0376 -0.00105376
79667.9 -21.3078 -0.00107362
80539.7 -21.5903 -0.00109438
81385.2 -21.8812 -0.00111576
82204.2 -22.1793 -0.00113767
82996.8 -22.4833 -0.00116001
83762.7 -22.7947 -0.0011829
84502.5 -23.1123 -0.00120624
85216.2 -23.4323 -0.00122976
85904 -23.758 -0.0012537
86566.3 -24.0883 -0.00127798
87203.8 -24.4249 -0.00130272
87818 -24.7641 -0.00132765
88409.5 -25.1053 -0.00135273
88979.8 -25.4507 -0.00137811
89529.3 -25.7998 -0.00140377
90059.9 -26.1508 -0.00142957
90572.2 -26.5019 -0.00145537
91067 -26.8516 -0.00148107
91545 -27.1799 -0.00150698
92006.5 -27.4461 -0.00153323
92451.4 -27.7175 -0.00155999
92881.5 -27.9925 -0.00158709
93296.3 -28.2711 -0.00161457
93696.9 -28.551 -0.00164217
94084.5 -28.8342 -0.00167008
94459.6 -29.1179 -0.00169806
94822.9 -29.4019 -0.00172606
95174.7 -29.687 -0.00175417
95515.4 -29.975 -0.00178257
95844 -30.2678 -0.00181144
96161.4 -30.5691 -0.00184114
96468.3 -30.8751 -0.00187132
96766 -31.1837 -0.00190174
97054.2 -31.4914 -0.00193208
97333.7 -31.7976 -0.00196227
97604.7 -32.1032 -0.0019924
97867.1 -32.3681 -0.00202309
98122.4 -32.6193 -0.00205395
98369.4 -32.8726 -0.00208507
98607.3 -33.1312 -0.00211686
98837.4 -33.3969 -0.0021495
99060.3 -33.6647 -0.00218241
99277 -33.9342 -0.00221554
99487.6 -34.2076 -0.00224913
99691.6 -34.4824 -0.0022829
99889.3 -34.7544 -0.00231633
100082 -35.0241 -0.00234946
100270 -35.2913 -0.00238231
100454 -35.5553 -0.00241474
100634 -35.8163 -0.00244682
100809 -36.0765 -0.0024788
100977 -36.0765 -0.00251289
101141 -36.0765 -0.00254713
101299 -36.0765 -0.00258268
101452 -36.0765 -0.00262002
101602 -36.0765 -0.00265804
101748 -36.0765 -0.00269635
101891 -36.0765 -0.00273488
102030 -36.0765 -0.00277329
101871 0 -0.00302477
56447.8 0 -0.0109672
56515.7 0 -0.0111877
56692 0 -0.011342
56867.4 0 -0.0114885
