3501.85 -35018.5 -4.13882e-007 4.533e+006 1.43709e-005 -2.35165e+008 0
7003.6 -70036 -2.68943e-009 4.533e+006 2.05433e-007 -4.70441e+008 0
10505.4 -105054 -4.07486e-010 4.533e+006 -5.94441e-009 -7.05717e+008 0
14007.2 -140072 2.8018e-010 4.533e+006 -8.04119e-008 -9.40991e+008 0
17403.7 -171293 3.28223e-007 4.53316e+006 -1.14432e-005 -1.16903e+009 0
20471.8 -202361 5.81831e-007 4.53315e+006 -2.01631e-005 -1.37548e+009 0
23183.1 -231110 5.43852e-007 4.53345e+006 -1.89419e-005 -1.55817e+009 0
25595.2 -256137 4.46642e-007 4.533e+006 -1.55404e-005 -1.72114e+009 0
27773.7 -277739 3.33618e-007 4.533e+006 -1.15936e-005 -1.86836e+009 0
29769.1 -297693 2.71078e-007 4.533e+006 -9.37733e-006 -2.0034e+009 0
31624.2 -316244 1.97679e-007 4.533e+006 -6.88445e-006 -2.12911e+009 0
33365.4 -333654 1.65052e-007 4.533e+006 -5.7647e-006 -2.24723e+009 0
35014.4 -350144 1.3669e-007 4.533e+006 -4.69665e-006 -2.35922e+009 0
36590.7 -365913 1.1122e-007 4.533e+006 -3.90958e-006 -2.46638e+009 0
38105.7 -381055 9.0784e-008 4.533e+006 -3.20146e-006 -2.56945e+009 0
39566.2 -395664 8.42343e-008 4.533e+006 -2.9492e-006 -2.6689e+009 0
40981.7 -409817 6.46497e-008 4.533e+006 -2.26775e-006 -2.76535e+009 0
42360 -423600 5.45073e-008 4.533e+006 -1.93412e-006 -2.85933e+009 0
43704.9 -437049 4.96292e-008 4.533e+006 -1.75567e-006 -2.95109e+009 0
45018.6 -450187 4.71092e-008 4.533e+006 -1.70074e-006 -3.04077e+009 0
46304 -463040 4.13267e-008 4.533e+006 -1.44525e-006 -3.12856e+009 0
47563.7 -475638 3.57099e-008 4.533e+006 -1.28404e-006 -3.21465e+009 0
48801.1 -488011 3.78467e-008 4.533e+006 -1.33618e-006 -3.29926e+009 0
50018.4 -500183 2.71107e-008 4.533e+006 -9.48269e-007 -3.38252e+009 0
51217.1 -512171 3.2285e-008 4.533e+006 -1.16084e-006 -3.46455e+009 0
52399.4 -523994 2.52817e-008 4.533e+006 -8.81944e-007 -3.54548e+009 0
53567.1 -535674 2.07749e-008 4.533e+006 -6.59169e-007 -3.62545e+009 0
54721.2 -547211 2.27004e-008 4.533e+006 -7.95327e-007 -3.7045e+009 0
55862.7 -558627 2.07631e-008 4.533e+006 -7.35485e-007 -3.78273e+009 0
56993 -569933 1.95491e-008 4.533e+006 -6.88184e-007 -3.86021e+009 0
58112.8 -581128 1.47878e-008 4.533e+006 -4.17455e-007 -3.93698e+009 0
59222.9 -592229 1.63123e-008 4.533e+006 -5.66006e-007 -4.01312e+009 0
60324.1 -603241 1.34364e-008 4.533e+006 -3.75055e-007 -4.08865e+009 0
61416.6 -614166 1.07504e-008 4.533e+006 -3.67623e-007 -4.16362e+009 0
62501 -625011 1.18411e-008 4.533e+006 -3.86892e-007 -4.23804e+009 0
63577.7 -635777 1.34871e-008 4.533e+006 -5.55752e-007 -4.31195e+009 0
64647.3 -646473 1.13092e-008 4.533e+006 -5.0709e-007 -4.38539e+009 0
65710.2 -657102 1.08634e-008 4.533e+006 -5.04318e-007 -4.45838e+009 0
66766.8 -667668 9.1369e-009 4.533e+006 -3.60502e-007 -4.53095e+009 0
67817.1 -678171 1.03426e-008 4.533e+006 -4.62804e-007 -4.6031e+009 0
68861.3 -688613 8.42997e-009 4.533e+006 -2.23266e-007 -4.67485e+009 0
69899.1 -698991 1.00739e-008 4.533e+006 -3.48234e-007 -4.74617e+009 0
70930.1 -709301 1.30424e-008 4.533e+006 -5.53522e-007 -4.81704e+009 0
71953.4 -719534 1.26754e-008 4.533e+006 -4.85107e-007 -4.8874e+009 0
72968.3 -729683 1.71431e-008 4.533e+006 -8.05798e-007 -4.95719e+009 0
73973 -739730 2.00854e-008 4.53301e+006 -7.48215e-007 -5.02632e+009 0
74966.1 -749662 1.85291e-008 4.533e+006 -6.22802e-007 -5.09466e+009 0
75945 -759433 2.36715e-008 4.533e+006 -9.57653e-007 -5.16207e+009 0
76907.1 -769099 2.57503e-008 4.53301e+006 -8.15143e-007 -5.22835e+009 0
77849.7 -778495 2.6169e-008 4.533e+006 -9.58172e-007 -5.29334e+009 0
78770.8 -787699 3.97085e-008 4.533e+006 -1.43086e-006 -5.35689e+009 0
79667.9 -796733 4.15725e-008 4.533e+006 -1.42069e-006 -5.41885e+009 0
80539.7 -805401 4.23101e-008 4.533e+006 -1.61117e-006 -5.47913e+009 0
81385.2 -813860 4.10661e-008 4.533e+006 -1.4084e-006 -5.53766e+009 0
82204.2 -822043 4.33763e-008 4.533e+006 -1.47752e-006 -5.59442e+009 0
82996.8 -829968 4.51479e-008 4.533e+006 -1.72658e-006 -5.64943e+009 0
83762.7 -837628 4.35217e-008 4.533e+006 -1.60964e-006 -5.70265e+009 0
84502.5 -845025 4.0712e-008 4.533e+006 -1.44596e-006 -5.75415e+009 0
85216.2 -852142 3.87653e-008 4.53304e+006 -1.16186e-006 -5.80391e+009 0
85904 -859036 3.70244e-008 4.533e+006 -1.25966e-006 -5.85194e+009 0
86566.3 -865764 4.37932e-008 4.533e+006 -1.54606e-006 -5.89827e+009 0
87203.8 -872038 3.92631e-008 4.533e+006 -1.27312e-006 -5.94296e+009 0
87818 -878180 3.5375e-008 4.533e+006 -1.40169e-006 -5.98609e+009 0
88409.5 -884118 3.24501e-008 4.533e+006 -1.16623e-006 -6.02771e+009 0
88979.8 -889797 3.35187e-008 4.533e+006 -9.65598e-007 -6.06793e+009 0
89529.3 -895294 2.97078e-008 4.533e+006 -8.37397e-007 -6.10676e+009 0
90059.9 -900599 2.91746e-008 4.533e+006 -1.0061e-006 -6.14433e+009 0
90572.2 -905722 3.01404e-008 4.533e+006 -1.11802e-006 -6.18069e+009 0
91067 -910689 2.51085e-008 4.533e+006 -8.83026e-007 -6.21588e+009 0
91545 -915447 2.41059e-008 4.533e+006 -8.35094e-007 -6.24995e+009 0
92006.5 -920065 2.67318e-008 4.533e+006 -8.68057e-007 -6.28293e+009 0
92451.4 -924515 3.06467e-008 4.533e+006 -1.25833e-006 -6.3148e+009 0
92881.5 -928813 2.15938e-008 4.533e+006 -8.26506e-007 -6.34568e+009 0
93296.3 -932964 2.33402e-008 4.533e+006 -7.05806e-007 -6.37555e+009 0
93696.9 -936969 2.37606e-008 4.533e+006 -8.89527e-007 -6.40447e+009 0
94084.5 -940846 2.39626e-008 4.533e+006 -9.20342e-007 -6.43253e+009 0
94459.6 -944596 1.28178e-008 4.533e+006 -3.06856e-007 -6.45975e+009 0
94822.9 -948229 2.2179e-008 4.533e+006 -6.07755e-007 -6.4862e+009 0
95174.7 -951747 1.87572e-008 4.533e+006 -6.88697e-007 -6.51187e+009 0
95515.4 -955154 2.15974e-008 4.533e+006 -8.65419e-007 -6.53681e+009 0
95844 -958441 1.89042e-008 4.533e+006 -7.06333e-007 -6.56093e+009 0
96161.4 -961614 1.508e-008 4.533e+006 -4.07869e-007 -6.58432e+009 0
96468.3 -964683 2.15934e-008 4.533e+006 -5.77924e-007 -6.60701e+009 0
96766 -967660 1.09072e-008 4.533e+006 -3.81146e-007 -6.62908e+009 0
97054.2 -970542 2.19695e-008 4.533e+006 -8.50789e-007 -6.65053e+009 0
97333.7 -973337 1.30797e-008 4.533e+006 -6.0468e-007 -6.67139e+009 0
97604.7 -976047 2.00661e-008 4.533e+006 -6.91842e-007 -6.69169e+009 0
97867.1 -978671 1.38657e-008 4.533e+006 -5.22582e-007 -6.71142e+009 0
98122.4 -981224 1.44862e-008 4.533e+006 -4.77602e-007 -6.73068e+009 0
98369.4 -983694 1.13457e-008 4.533e+006 -2.25043e-007 -6.74938e+009 0
98607.3 -986074 6.71657e-009 4.533e+006 -3.1357e-008 -6.76747e+009 0
98837.4 -988374 7.44018e-009 4.533e+006 -7.73504e-008 -6.78505e+009 0
99060.3 -990604 1.03167e-008 4.533e+006 -1.9724e-007 -6.80215e+009 0
99277 -992769 1.23042e-008 4.533e+006 -5.34459e-007 -6.81883e+009 0
99487.6 -994876 5.89763e-009 4.533e+006 -2.05676e-007 -6.83511e+009 0
99691.6 -996855 5.88438e-009 4.533e+006 -1.76238e-007 -6.85095e+009 0
99889.3 -998893 3.46319e-009 4.533e+006 1.49713e-008 -6.86637e+009 0
100082 -1.00082e+006 4.80236e-009 4.533e+006 -8.84653e-008 -6.88146e+009 0
100270 -1.0027e+006 2.96036e-009 4.533e+006 -9.40004e-008 -6.89624e+009 0
100454 -1.00454e+006 3.45474e-009 4.533e+006 -5.99958e-008 -6.91074e+009 0
100634 -1.00634e+006 9.95609e-009 4.533e+006 -4.90422e-007 -6.92497e+009 0
100809 -1.00621e+006 5.8312e-009 4.53294e+006 -1.41903e-007 -6.93874e+009 0
100977 -1.00938e+006 1.28644e-008 4.53263e+006 -7.27774e-007 -6.95207e+009 0
101141 -1.01107e+006 1.69222e-008 4.53256e+006 -6.76055e-007 -6.9652e+009 0
101299 -1.00366e+006 1.99849e-008 4.53183e+006 -5.54395e-007 -6.97703e+009 0
101452 -1.013e+006 2.75829e-008 4.53126e+006 -1.1016e-006 -6.98949e+009 0
101602 -1.01527e+006 2.9177e-008 4.53114e+006 -1.22615e-006 -7.00166e+009 0
101748 -1.01805e+006 2.13465e-008 4.53093e+006 -7.12651e-007 -7.0136e+009 0
101891 -1.01874e+006 1.6727e-008 4.53082e+006 -5.32164e-007 -7.02528e+009 0
102030 -982540 1.5721e-008 4.52951e+006 -1.68493e-007 -7.03405e+009 0
101871 -92548.6 8.38556e-007 3.36472e+006 -2.84344e-005 -6.18678e+009 0
56447.8 -1.73216e+006 1.36734e-006 4.37939e+006 -4.64215e-005 -4.03803e+009 0
56515.7 -760524 5.36374e-007 4.5162e+006 -1.80121e-005 -4.02276e+009 0
56692 -580502 4.52715e-008 4.532e+006 -1.72233e-006 -4.03097e+009 0
56867.4 -569248 -2.93665e-009 4.53271e+006 5.18904e-007 -4.04449e+009 0
