3501.85 5.53079e-005
7003.6 0.000112839
10505.4 0.000170371
14007.2 0.000227902
17403.7 0.000286088
20471.8 0.000346667
23183.1 0.000409668
25595.2 0.000474212
27773.7 0.000539708
29769.1 0.000605759
31624.2 0.000672116
33365.4 0.00073861
35014.4 0.000805139
36590.7 0.000871568
38105.7 0.000937881
39566.2 0.00100405
40981.7 0.00107
42360 0.00113571
43704.9 0.00120122
45018.6 0.00126653
46304 0.00133161
47563.7 0.00139646
48801.1 0.00146109
50018.4 0.00152553
51217.1 0.00158981
52399.4 0.00165393
53567.1 0.00171786
54721.2 0.00178161
55862.7 0.00184516
56993 0.00190854
58112.8 0.00197178
59222.9 0.00203489
60324.1 0.00209786
61416.6 0.00216071
62501 0.00222341
63577.7 0.00228597
64647.3 0.00234838
65710.2 0.00241063
66766.8 0.00247276
67817.1 0.00253475
68861.3 0.00259663
69899.1 0.0026584
70930.1 0.00272008
71953.4 0.00278169
72968.3 0.00284325
73973 0.00290481
74966.1 0.0029664
75945 0.00302807
76907.1 0.00308987
77849.7 0.00315186
78770.8 0.0032141
79667.9 0.00327663
80539.7 0.00333951
81385.2 0.00340275
82204.2 0.00346638
82996.8 0.00353043
83762.7 0.00359491
84502.5 0.00365982
85216.2 0.00372518
85904 0.00379097
86566.3 0.00385722
87203.8 0.0039239
87818 0.00399101
88409.5 0.00405854
88979.8 0.00412647
89529.3 0.00419481
90059.9 0.0042635
90572.2 0.00433255
91067 0.00440196
91545 0.0044717
92006.5 0.00454178
92451.4 0.00461217
92881.5 0.00468288
93296.3 0.00475388
93696.9 0.00482517
94084.5 0.00489672
94459.6 0.00496852
94822.9 0.00504057
95174.7 0.00511287
95515.4 0.00518539
95844 0.00525814
96161.4 0.0053311
96468.3 0.00540427
96766 0.00547763
97054.2 0.00555117
97333.7 0.00562489
97604.7 0.00569878
97867.1 0.00577284
98122.4 0.00584704
98369.4 0.0059214
98607.3 0.00599591
98837.4 0.00607054
99060.3 0.00614531
99277 0.00622021
99487.6 0.00629522
99691.6 0.00637035
99889.3 0.00644559
100082 0.00652093
100270 0.00659636
100454 0.0066719
100634 0.00674752
100809 0.00682324
100977 0.00689904
101141 0.00697493
101299 0.0070509
101452 0.00712694
101602 0.00720304
101748 0.0072792
101891 0.00735543
102030 0.00743171
101871 0.00750684
56447.8 0.00819839
56515.7 0.00827282
56692 0.0083461
56867.4 0.00841937
