3500.82 -2.79238 -0.000123701
7001.52 -3.32998 -0.000147517
10502.3 -3.86759 -0.000171333
14003 -4.4051 -0.000195144
17398.6 -4.97383 -0.000220339
20465.9 -5.56524 -0.000246538
23176.6 -6.15408 -0.000272623
25588.1 -6.73053 -0.00029816
27766.3 -7.28557 -0.000322748
29761.3 -7.821 -0.000346467
31616.2 -8.33423 -0.000369203
33357 -8.83098 -0.000391209
35005.8 -9.30943 -0.000412404
36581.9 -9.77089 -0.000432847
38096.7 -10.2208 -0.000452777
39557 -10.6586 -0.000472172
40972.3 -11.0841 -0.000491022
42350.4 -11.4569 -0.000509513
43695 -11.7852 -0.000527868
45008.4 -12.1096 -0.000546004
46293.4 -12.4281 -0.000563806
47552.7 -12.7423 -0.000581374
48789.7 -13.0528 -0.000598736
50006.3 -13.3605 -0.000615935
51204.5 -13.666 -0.000633018
52386.1 -13.9683 -0.000649917
53553.1 -14.2665 -0.000666592
54706.4 -14.5618 -0.0006831
55847.1 -14.8543 -0.000699455
56976.6 -15.1445 -0.000715674
58095.6 -15.4323 -0.000731764
59204.8 -15.7183 -0.000747757
60305 -16.003 -0.000763674
61396.6 -16.2853 -0.000779457
62480.1 -16.5654 -0.000795114
63555.7 -16.8435 -0.000810665
64624.4 -17.1203 -0.00082614
65686.2 -17.3958 -0.000841541
66741.8 -17.6701 -0.000856875
67791 -17.9435 -0.000872164
68834.2 -18.2168 -0.000887445
69870.9 -18.4914 -0.000902795
70900.7 -18.7676 -0.000918237
71922.9 -19.0465 -0.000933829
72936.7 -19.3292 -0.000949634
73940.3 -19.6173 -0.00096574
74932.3 -19.9123 -0.000982235
75910.1 -20.2162 -0.000999222
76871 -20.4524 -0.00101697
77812.4 -20.6957 -0.00103554
78732.2 -20.9491 -0.00105488
79628 -21.2105 -0.00107483
80498.5 -21.4839 -0.0010957
81342.5 -21.7655 -0.0011172
82160 -22.0539 -0.00113921
82951 -22.3482 -0.00116167
83715.1 -22.6501 -0.00118472
84453.2 -22.9578 -0.00120821
85165.3 -23.2679 -0.00123188
85851.3 -23.5839 -0.001256
86511.8 -23.9043 -0.00128045
87147.4 -24.2311 -0.00130539
87759.7 -24.5603 -0.00133052
88349.1 -24.8921 -0.00135585
88917.4 -25.2279 -0.00138148
89464.8 -25.5675 -0.00140741
89993.2 -25.9089 -0.00143346
90503.3 -26.2504 -0.00145953
90995.9 -26.5902 -0.00148547
91471.5 -26.8851 -0.00151177
91930.5 -27.1217 -0.00153843
92372.7 -27.364 -0.00156572
92799.8 -27.61 -0.00159344
93211.8 -27.8587 -0.00162146
93609.1 -28.1103 -0.0016498
93993.2 -28.3645 -0.00167843
94364.9 -28.6196 -0.00170717
94724.6 -28.8749 -0.00173594
95072.3 -29.1319 -0.00176489
95409 -29.3928 -0.00179428
95733.7 -29.657 -0.00182404
96046.6 -29.9316 -0.00185498
96349.1 -30.2089 -0.00188621
96642.2 -30.4889 -0.00191776
96926.3 -30.7678 -0.00194917
97200.9 -31.0463 -0.00198055
97466.3 -31.2896 -0.00201245
97723.2 -31.4738 -0.00204491
97972.2 -31.6608 -0.00207787
98213.3 -31.8526 -0.00211167
98445.4 -32.046 -0.00214575
98668.6 -32.245 -0.00218081
98884 -32.4478 -0.00221656
99092.5 -32.6572 -0.00225346
99295 -32.8671 -0.00229045
99491.7 -33.0763 -0.00232732
99682.3 -33.286 -0.00236428
99867.3 -33.4923 -0.00240063
100047 -33.6956 -0.00243645
100222 -33.8973 -0.002472
100391 -33.8973 -0.00250904
100555 -33.8973 -0.00254691
100714 -33.8973 -0.00258565
100867 -33.8973 -0.0026257
101017 -33.8973 -0.00266606
101162 -33.8973 -0.00270658
101303 -33.8973 -0.00274733
101419 -33.8973 -0.00279125
101106 0 -0.00328132
50044.8 0 -0.0339808
49876.4 0 -0.0348573
49665.4 0 -0.0358316
44164.2 0 -0.0414071
44819 0 -0.0417648
45328.3 0 -0.0421906
