3500.82 -35008.1 -3.57979e-007 4.533e+006 2.38339e-005 -2.35096e+008 0
7001.52 -70015.2 3.95689e-010 4.533e+006 -1.63614e-008 -4.70303e+008 0
10502.3 -105023 -1.8113e-009 4.533e+006 6.77278e-008 -7.0551e+008 0
14003 -140030 1.57815e-009 4.533e+006 -1.53194e-007 -9.40715e+008 0
17398.6 -171265 2.81856e-007 4.53316e+006 -1.87549e-005 -1.1687e+009 0
20465.9 -202311 4.98713e-007 4.53314e+006 -3.31602e-005 -1.37509e+009 0
23176.6 -231016 4.69177e-007 4.53344e+006 -3.12549e-005 -1.55774e+009 0
25588.1 -256058 3.82674e-007 4.533e+006 -2.54869e-005 -1.72067e+009 0
27766.3 -277665 2.85404e-007 4.533e+006 -1.90149e-005 -1.86787e+009 0
29761.3 -297616 2.32937e-007 4.533e+006 -1.55172e-005 -2.00288e+009 0
31616.2 -316163 1.68985e-007 4.533e+006 -1.12177e-005 -2.12857e+009 0
33357 -333576 1.36877e-007 4.533e+006 -9.15955e-006 -2.24667e+009 0
35005.8 -350058 1.17954e-007 4.533e+006 -7.79894e-006 -2.35865e+009 0
36581.9 -365826 9.29451e-008 4.533e+006 -6.14056e-006 -2.46579e+009 0
38096.7 -380965 7.55665e-008 4.533e+006 -5.11573e-006 -2.56885e+009 0
39557 -395572 7.11105e-008 4.533e+006 -4.75775e-006 -2.66829e+009 0
40972.3 -409723 5.45023e-008 4.533e+006 -3.68141e-006 -2.76473e+009 0
42350.4 -423504 4.38962e-008 4.533e+006 -2.96485e-006 -2.85869e+009 0
43695 -436956 4.04711e-008 4.533e+006 -2.71184e-006 -2.95043e+009 0
45008.4 -450085 4.0059e-008 4.533e+006 -2.68494e-006 -3.04009e+009 0
46293.4 -462935 3.60413e-008 4.533e+006 -2.40012e-006 -3.12786e+009 0
47552.7 -475533 3.16937e-008 4.533e+006 -2.07209e-006 -3.21392e+009 0
48789.7 -487896 2.99093e-008 4.533e+006 -1.95628e-006 -3.29849e+009 0
50006.3 -500063 2.59737e-008 4.533e+006 -1.63836e-006 -3.38172e+009 0
51204.5 -512044 2.37485e-008 4.533e+006 -1.62381e-006 -3.4637e+009 0
52386.1 -523861 2.20327e-008 4.533e+006 -1.44172e-006 -3.54459e+009 0
53553.1 -535533 2.0995e-008 4.533e+006 -1.35137e-006 -3.62452e+009 0
54706.4 -547063 2.14572e-008 4.533e+006 -1.40763e-006 -3.70352e+009 0
55847.1 -558471 1.64154e-008 4.533e+006 -1.11021e-006 -3.78169e+009 0
56976.6 -569768 1.32526e-008 4.533e+006 -9.94315e-007 -3.85912e+009 0
58095.6 -580956 1.51486e-008 4.533e+006 -1.01464e-006 -3.93584e+009 0
59204.8 -592048 1.34631e-008 4.533e+006 -8.78198e-007 -4.01191e+009 0
60305 -603050 1.05245e-008 4.533e+006 -7.38042e-007 -4.08739e+009 0
61396.6 -613964 1.25067e-008 4.533e+006 -8.5946e-007 -4.16229e+009 0
62480.1 -624801 1.31836e-008 4.533e+006 -9.03593e-007 -4.23665e+009 0
63555.7 -635559 1.29845e-008 4.533e+006 -8.08017e-007 -4.31049e+009 0
64624.4 -646244 9.72568e-009 4.533e+006 -6.93775e-007 -4.38386e+009 0
65686.2 -656862 1.06377e-008 4.533e+006 -6.24968e-007 -4.45679e+009 0
66741.8 -667418 1.01523e-008 4.533e+006 -6.53643e-007 -4.52929e+009 0
67791 -677910 7.56615e-009 4.533e+006 -5.50786e-007 -4.60137e+009 0
68834.2 -688342 8.10942e-009 4.533e+006 -5.22456e-007 -4.67305e+009 0
69870.9 -698709 1.16737e-008 4.533e+006 -7.37684e-007 -4.7443e+009 0
70900.7 -709007 8.31061e-009 4.533e+006 -5.7036e-007 -4.81509e+009 0
71922.9 -719232 1.18501e-008 4.533e+006 -7.84025e-007 -4.88537e+009 0
72936.7 -729366 8.89561e-009 4.533e+006 -6.36027e-007 -4.95509e+009 0
73940.3 -739403 1.42207e-008 4.533e+006 -1.03808e-006 -5.02414e+009 0
74932.3 -749323 1.52583e-008 4.533e+006 -1.06342e-006 -5.09241e+009 0
75910.1 -759091 2.27795e-008 4.533e+006 -1.48877e-006 -5.15974e+009 0
76871 -768713 2.50328e-008 4.533e+006 -1.68821e-006 -5.22595e+009 0
77812.4 -778126 2.91643e-008 4.533e+006 -1.86474e-006 -5.29086e+009 0
78732.2 -787316 3.04367e-008 4.533e+006 -2.09111e-006 -5.35433e+009 0
79628 -796354 3.64764e-008 4.533e+006 -2.32602e-006 -5.4162e+009 0
80498.5 -804989 3.11673e-008 4.533e+006 -2.05532e-006 -5.47639e+009 0
81342.5 -813427 3.85032e-008 4.533e+006 -2.46651e-006 -5.53482e+009 0
82160 -821597 3.73923e-008 4.533e+006 -2.40774e-006 -5.59147e+009 0
82951 -829510 3.57199e-008 4.533e+006 -2.28273e-006 -5.64638e+009 0
83715.1 -837152 3.52023e-008 4.533e+006 -2.4451e-006 -5.69949e+009 0
84453.2 -844479 3.4503e-008 4.53301e+006 -2.27373e-006 -5.75087e+009 0
85165.3 -851653 3.34236e-008 4.533e+006 -2.2598e-006 -5.80051e+009 0
85851.3 -858497 3.47916e-008 4.533e+006 -2.21014e-006 -5.84842e+009 0
86511.8 -865140 3.37213e-008 4.533e+006 -2.4113e-006 -5.89464e+009 0
87147.4 -871467 2.74308e-008 4.533e+006 -1.87106e-006 -5.9392e+009 0
87759.7 -877597 2.72128e-008 4.533e+006 -1.96537e-006 -5.98221e+009 0
88349.1 -883493 3.26713e-008 4.533e+006 -2.29034e-006 -6.0237e+009 0
88917.4 -889186 2.91842e-008 4.533e+006 -1.86372e-006 -6.06378e+009 0
89464.8 -894648 2.86762e-008 4.533e+006 -1.93486e-006 -6.10247e+009 0
89993.2 -899932 2.34131e-008 4.533e+006 -1.61148e-006 -6.13989e+009 0
90503.3 -905033 2.34376e-008 4.533e+006 -1.65747e-006 -6.1761e+009 0
90995.9 -909960 1.98742e-008 4.533e+006 -1.46643e-006 -6.21115e+009 0
91471.5 -914715 2.24434e-008 4.533e+006 -1.54477e-006 -6.24506e+009 0
91930.5 -919301 2.04999e-008 4.533e+006 -1.46791e-006 -6.27787e+009 0
92372.7 -923728 3.00359e-008 4.533e+006 -1.79098e-006 -6.30956e+009 0
92799.8 -928011 2.03346e-008 4.533e+006 -1.42502e-006 -6.34025e+009 0
93211.8 -932025 1.70058e-008 4.53299e+006 -1.22288e-006 -6.36992e+009 0
93609.1 -936090 2.0257e-008 4.533e+006 -1.49184e-006 -6.39863e+009 0
93993.2 -939932 1.53641e-008 4.533e+006 -9.27481e-007 -6.42645e+009 0
94364.9 -943649 2.22984e-008 4.533e+006 -1.38108e-006 -6.45345e+009 0
94724.6 -947252 1.80386e-008 4.533e+006 -1.31471e-006 -6.47965e+009 0
95072.3 -950723 1.68802e-008 4.533e+006 -1.03659e-006 -6.50505e+009 0
95409 -954090 1.04032e-008 4.533e+006 -6.35721e-007 -6.52972e+009 0
95733.7 -957273 1.67601e-008 4.533e+006 -1.03306e-006 -6.55359e+009 0
96046.6 -960468 1.43172e-008 4.533e+006 -9.26234e-007 -6.57669e+009 0
96349.1 -963491 1.14058e-008 4.533e+006 -9.47878e-007 -6.59908e+009 0
96642.2 -966422 1.14503e-008 4.533e+006 -7.43807e-007 -6.62085e+009 0
96926.3 -969263 1.38857e-008 4.533e+006 -9.22305e-007 -6.64202e+009 0
97200.9 -972009 1.17532e-008 4.533e+006 -8.6249e-007 -6.66256e+009 0
97466.3 -974664 1.5105e-008 4.533e+006 -1.09974e-006 -6.68248e+009 0
97723.2 -977233 1.1227e-008 4.533e+006 -6.20019e-007 -6.70185e+009 0
97972.2 -979722 8.5878e-009 4.533e+006 -4.55499e-007 -6.72068e+009 0
98213.3 -982134 1.83589e-008 4.533e+006 -9.75762e-007 -6.73899e+009 0
98445.4 -984455 1.13159e-008 4.533e+006 -9.38444e-007 -6.7567e+009 0
98668.6 -986687 1.05963e-008 4.533e+006 -7.01387e-007 -6.77382e+009 0
98884 -988839 7.77275e-009 4.533e+006 -4.18076e-007 -6.79042e+009 0
99092.5 -990926 7.84937e-009 4.533e+006 -3.81473e-007 -6.80655e+009 0
99295 -992950 8.44229e-009 4.533e+006 -5.43584e-007 -6.8223e+009 0
99491.7 -994917 7.26139e-010 4.533e+006 -8.47754e-010 -6.83765e+009 0
99682.3 -996823 2.75685e-009 4.533e+006 -2.14297e-007 -6.8526e+009 0
99867.3 -998673 8.77618e-009 4.533e+006 -5.14614e-007 -6.86718e+009 0
100047 -1.00047e+006 2.40983e-009 4.533e+006 -2.77499e-007 -6.88143e+009 0
100222 -1.00121e+006 8.74092e-009 4.53297e+006 -4.6753e-007 -6.89524e+009 0
100391 -1.01056e+006 8.20299e-009 4.53261e+006 -5.86225e-007 -6.90887e+009 0
100555 -1.00592e+006 1.2261e-008 4.53274e+006 -9.78882e-007 -6.92184e+009 0
100714 -1.00203e+006 1.93462e-008 4.53233e+006 -1.09881e-006 -6.93411e+009 0
100867 -1.00831e+006 1.6216e-008 4.53203e+006 -1.1965e-006 -6.94663e+009 0
101017 -1.0101e+006 2.16345e-008 4.53196e+006 -1.44482e-006 -6.9588e+009 0
101162 -1.01152e+006 1.40667e-008 4.53193e+006 -8.23905e-007 -6.9707e+009 0
101303 -1.01276e+006 2.03236e-008 4.5319e+006 -1.24478e-006 -6.98235e+009 0
101419 3.4715e+006 7.71565e-008 4.15538e+006 -5.02493e-006 -6.50409e+009 0
101106 -3.54449e+006 1.08848e-006 3.19385e+006 -7.28089e-005 -6.19691e+009 0
50044.8 -403941 7.42655e-007 4.07352e+006 -4.83801e-005 -3.58384e+009 0
49876.4 -549614 7.85929e-007 4.47251e+006 -5.32138e-005 -3.56609e+009 0
49665.4 -330050 1.16936e-006 4.25334e+006 -7.7392e-005 -3.5552e+009 0
44164.2 -536679 -1.6945e-006 4.62085e+006 0.000111143 -3.19163e+009 0
44819 -330953 -2.02686e-007 4.56503e+006 1.46619e-005 -3.23195e+009 0
45328.3 -453362 9.08341e-008 4.53301e+006 -6.18393e-006 -3.27669e+009 0
