2247.77 -28.5249 -0.000142625
4495.47 -24.279 -0.000121395
6743.2 -20.033 -0.000100165
8990.93 -15.787 -7.89352e-005
11238.7 -11.5411 -5.77054e-005
13486.4 -7.29512 -3.64756e-005
15721.3 -2.84211 -1.42106e-005
17876.1 2.16385 1.08193e-005
19907.8 7.65765 3.82882e-005
21808.5 13.5372 6.76859e-005
23587.6 19.7635 9.88175e-005
25262.4 26.1455 0.000130727
26845.4 32.7277 0.000163639
28351.8 39.3288 0.000196644
29791 46.1519 0.000230759
31169.4 53.0094 0.000265047
32495.4 59.8758 0.000299379
33776.7 66.6948 0.000333474
35017.8 73.6115 0.000368057
36223.5 80.5068 0.000402534
37397.6 87.3999 0.000436999
38544.3 94.2192 0.000471096
39667.1 100.976 0.000504882
40768.8 107.676 0.000538381
41852.1 114.333 0.000571663
42917.9 121.023 0.000605115
43967.7 127.718 0.000638589
45003.1 134.392 0.00067196
46025.2 141.024 0.000705123
47035.5 147.608 0.000738042
48035.1 154.128 0.00077064
49025.1 160.594 0.000802975
50006.4 167.021 0.000835109
50979.7 173.417 0.000867095
51945.7 179.795 0.000898988
52904.6 186.16 0.000930826
53857.1 192.513 0.000962611
54803.4 198.851 0.00099433
55743.9 205.198 0.00102612
56678.2 211.578 0.0010581
57606.8 217.953 0.00109012
58529.8 224.287 0.00112202
59447.4 230.588 0.00115388
60360.1 236.833 0.00118565
61267.9 243.024 0.00121744
62170.8 249.141 0.0012493
63069.1 255.144 0.0012812
63962.4 260.988 0.00131318
64850.6 266.647 0.00134549
65733.5 272.047 0.00137818
66610.2 277.117 0.00141148
67480.2 281.771 0.00144559
68342.4 285.919 0.00148072
69195.7 289.488 0.00151708
70038.9 292.445 0.00155494
70870.6 294.801 0.00159458
71689.1 296.609 0.00163626
72493.2 297.954 0.00168032
73281.2 298.928 0.00172685
74052 299.623 0.00177577
74804.9 300.121 0.00182701
75538.9 300.486 0.00188052
76253.6 300.767 0.0019366
76948.4 300.995 0.00199487
77623.1 301.192 0.00205554
78277.4 301.372 0.00211875
78910.8 301.546 0.0021852
79523.8 301.717 0.00225429
80115.9 301.89 0.00232614
80688.5 302.064 0.00240007
81241.1 302.242 0.00247609
81774.5 302.424 0.00255473
82289.1 302.611 0.0026357
82785.1 302.804 0.00271934
83263.6 303.001 0.00280502
83724.7 303.202 0.00289247
84169.3 303.409 0.00298231
84597.9 303.622 0.00307479
85010.1 303.842 0.00317045
85407.4 304.068 0.00326872
85790.6 304.299 0.00336892
86159.3 304.535 0.00347171
86515.5 304.773 0.00357519
86859.6 305.014 0.00367993
87191.3 305.259 0.00378645
87511.5 305.508 0.00389483
87821 305.762 0.0040054
88120.2 306.021 0.0041178
88409.3 306.282 0.00423138
88689.2 306.544 0.00434523
88960.2 306.81 0.00446095
89222.6 307.08 0.00457824
89476.7 307.353 0.00469676
89722.4 307.631 0.00481791
89960.1 307.917 0.00494238
90190.3 308.208 0.00506883
90413.2 308.505 0.00519777
90629 308.808 0.00532936
90837.8 309.115 0.00546322
91040.6 309.424 0.00559747
91238.2 309.731 0.00573092
91430.7 310.035 0.00586288
91618.4 310.334 0.00599316
91801.4 310.63 0.00612164
91979.8 310.921 0.00624813
92154.2 311.208 0.00637303
92324.8 311.493 0.00649679
92491.6 311.777 0.00662024
92654.5 312.062 0.00674454
92813.6 312.35 0.00686978
92968.9 312.641 0.00699593
93120.4 312.935 0.0071237
93268.2 313.233 0.0072534
93412.7 313.536 0.00738531
93553.1 313.849 0.00752129
93689.7 314.171 0.0076612
93822.6 314.502 0.00780509
93951.2 314.844 0.00795393
94076.3 315.196 0.00810682
94198.4 315.552 0.00826189
94318.2 315.905 0.00841539
94325.9 316.974 0.00887981
55674.6 320.238 0.0102992
55601.3 320.314 0.0103323
55763.4 320.624 0.0104669
55924 320.935 0.0106021
56082.2 321.241 0.0107352
56174.4 321.525 0.0108586
56240.8 321.894 0.0110191
56271.4 322.178 0.0111425
