2247.77 -2.37542 -0.000183672
4495.47 -2.68337 -0.000207483
6743.2 -2.99133 -0.000231295
8990.93 -3.29929 -0.000255107
11238.7 -3.60724 -0.000278919
13486.4 -3.9152 -0.000302731
15721.3 -4.22944 -0.000327029
17876.1 -4.55641 -0.00035231
19907.8 -4.88889 -0.000378018
21808.5 -5.22048 -0.000403658
23587.6 -5.54906 -0.000429064
25262.4 -5.87011 -0.000453888
26845.4 -6.18524 -0.000478254
28351.8 -6.48603 -0.000501972
29791 -6.7206 -0.000525622
31169.4 -6.95117 -0.000548868
32495.4 -7.17806 -0.000571742
33776.7 -7.40195 -0.000594316
35017.8 -7.62256 -0.000616558
36223.5 -7.83938 -0.000638418
37397.6 -8.0531 -0.000659965
38544.3 -8.26397 -0.000681226
39667.1 -8.47154 -0.000702153
40768.8 -8.67565 -0.000722732
41852.1 -8.87816 -0.000743149
42917.9 -9.07811 -0.000763308
43967.7 -9.27528 -0.000783188
45003.1 -9.47015 -0.000802834
46025.2 -9.663 -0.000822277
47035.5 -9.85401 -0.000841536
48035.1 -10.0431 -0.000860603
49025.1 -10.231 -0.000879541
50006.4 -10.4174 -0.000898335
50979.7 -10.6027 -0.000917021
51945.7 -10.7869 -0.000935586
52904.6 -10.9697 -0.000954023
53857.1 -11.1513 -0.000972331
54803.4 -11.3316 -0.000990511
55743.9 -11.4888 -0.00100864
56678.2 -11.6212 -0.0010268
57606.8 -11.7533 -0.00104492
58529.8 -11.885 -0.00106298
59447.4 -12.0169 -0.00108107
60360.1 -12.1483 -0.00109908
61267.9 -12.279 -0.00111701
62170.8 -12.4099 -0.00113496
63069.1 -12.5411 -0.00115294
63962.4 -12.6723 -0.00117094
64850.6 -12.8043 -0.00118905
65733.5 -12.9374 -0.0012073
66610.2 -13.0714 -0.00122567
67480.2 -13.2073 -0.00124431
68342.4 -13.3459 -0.00126332
69195.7 -13.4872 -0.00128269
70038.9 -13.6316 -0.00130249
70870.6 -13.7796 -0.00132279
71689.1 -13.9317 -0.00134365
72493.2 -14.0889 -0.0013652
73281.2 -14.2503 -0.00138734
74052 -14.4164 -0.00141012
74804.9 -14.5876 -0.00143359
75538.9 -14.7627 -0.00145761
76253.6 -14.9422 -0.00148222
76948.4 -15.1118 -0.00150748
77623.1 -15.2512 -0.00153359
78277.4 -15.3944 -0.00156041
78910.8 -15.5404 -0.00158776
79523.8 -15.6907 -0.00161591
80115.9 -15.8449 -0.00164478
80688.5 -16.0024 -0.00167428
81241.1 -16.163 -0.00170437
81774.5 -16.3282 -0.0017353
82289.1 -16.4975 -0.00176701
82785.1 -16.6706 -0.00179943
83263.6 -16.8483 -0.00183271
83724.7 -17.0296 -0.00186668
84169.3 -17.2152 -0.00190143
84597.9 -17.4043 -0.00193685
85010.1 -17.5978 -0.0019731
85407.4 -17.7838 -0.00201027
85790.6 -17.939 -0.00204793
86159.3 -18.0966 -0.00208617
86515.5 -18.2546 -0.00212451
86859.6 -18.4139 -0.00216316
87191.3 -18.5758 -0.00220246
87511.5 -18.7394 -0.00224215
87821 -18.9048 -0.00228228
88120.2 -19.0711 -0.00232264
88409.3 -19.2394 -0.00236348
88689.2 -19.4069 -0.00240412
88960.2 -19.5737 -0.0024446
89222.6 -19.7412 -0.00248525
89476.7 -19.8965 -0.00252611
89722.4 -20.0457 -0.00256734
89960.1 -20.1989 -0.00260966
90190.3 -20.3535 -0.00265235
90413.2 -20.51 -0.00269559
90629 -20.6686 -0.00273941
90837.8 -20.8287 -0.00278364
91040.6 -20.9888 -0.00282787
91238.2 -21.1479 -0.00287181
91430.7 -21.305 -0.0029152
91618.4 -21.4599 -0.00295799
91801.4 -21.6127 -0.0030002
91979.8 -21.7689 -0.00304172
92154.2 -21.923 -0.00308269
92324.8 -22.0756 -0.00312326
92491.6 -22.2264 -0.00316334
92654.5 -22.3767 -0.0032033
92813.6 -22.5274 -0.00324336
92968.9 -22.6775 -0.00328325
93120.4 -22.8283 -0.00332335
93268.2 -22.9802 -0.00336372
93412.7 -23.133 -0.00340435
93553.1 -23.2886 -0.00344572
93689.7 -23.4493 -0.00348843
93822.6 -23.4493 -0.00353294
93951.2 -23.4493 -0.00357864
94076.3 -23.4493 -0.00362591
94198.4 -23.4493 -0.00367428
94318.2 -23.4493 -0.00372204
94325.9 -23.4493 -0.00381398
55674.6 0 -0.0116669
55601.3 0 -0.0119588
55763.4 0 -0.0121438
55924 0 -0.0123017
56082.2 0 -0.0124533
56174.4 0 -0.0126475
56240.8 0 -0.0129269
56271.4 0 -0.013208
