2247.77 5.15967e-005
4495.47 0.000109107
6743.2 0.000166618
8990.93 0.000224128
11238.7 0.000281638
13486.4 0.000339149
15721.3 0.000396771
17876.1 0.000455197
19907.8 0.000515037
21808.5 0.000576399
23587.6 0.000638891
25262.4 0.000702153
26845.4 0.000765978
28351.8 0.000830145
29791 0.00089453
31169.4 0.000959107
32495.4 0.00102376
33776.7 0.00108845
35017.8 0.00115318
36223.5 0.00121789
37397.6 0.00128256
38544.3 0.00134717
39667.1 0.00141172
40768.8 0.00147621
41852.1 0.00154056
42917.9 0.00160475
43967.7 0.0016688
45003.1 0.00173269
46025.2 0.00179643
47035.5 0.00186002
48035.1 0.00192346
49025.1 0.00198672
50006.4 0.0020498
50979.7 0.00211271
51945.7 0.00217545
52904.6 0.00223801
53857.1 0.00230041
54803.4 0.00236264
55743.9 0.00242474
56678.2 0.00248671
57606.8 0.00254857
58529.8 0.00261032
59447.4 0.00267196
60360.1 0.00273349
61267.9 0.00279492
62170.8 0.00285624
63069.1 0.00291748
63962.4 0.00297862
64850.6 0.00303971
65733.5 0.00310073
66610.2 0.00316173
67480.2 0.00322273
68342.4 0.00328375
69195.7 0.00334482
70038.9 0.00340598
70870.6 0.00346727
71689.1 0.00352871
72493.2 0.00359037
73281.2 0.00365227
74052 0.00371445
74804.9 0.00377693
75538.9 0.00383975
76253.6 0.00390292
76948.4 0.00396647
77623.1 0.0040304
78277.4 0.00409473
78910.8 0.00415949
79523.8 0.00422465
80115.9 0.00429023
80688.5 0.00435623
81241.1 0.00442264
81774.5 0.00448946
82289.1 0.0045567
82785.1 0.00462433
83263.6 0.00469234
83724.7 0.00476074
84169.3 0.0048295
84597.9 0.00489863
85010.1 0.00496811
85407.4 0.00503793
85790.6 0.00510807
86159.3 0.00517853
86515.5 0.00524928
86859.6 0.0053203
87191.3 0.0053916
87511.5 0.00546317
87821 0.00553499
88120.2 0.00560705
88409.3 0.00567934
88689.2 0.00575184
88960.2 0.00582455
89222.6 0.00589745
89476.7 0.00597056
89722.4 0.00604385
89960.1 0.00611732
90190.3 0.00619096
90413.2 0.00626476
90629 0.00633871
90837.8 0.00641282
91040.6 0.00648706
91238.2 0.00656144
91430.7 0.00663595
91618.4 0.00671058
91801.4 0.00678532
91979.8 0.00686018
92154.2 0.00693516
92324.8 0.00701023
92491.6 0.00708541
92654.5 0.00716068
92813.6 0.00723605
92968.9 0.00731151
93120.4 0.00738706
93268.2 0.0074627
93412.7 0.00753842
93553.1 0.00761422
93689.7 0.00769009
93822.6 0.00776603
93951.2 0.00784204
94076.3 0.00791812
94198.4 0.00799426
94318.2 0.00807047
94325.9 0.00814624
55674.6 0.0088322
55601.3 0.00890821
55763.4 0.00898107
55924 0.00905393
56082.2 0.00912683
56174.4 0.00920062
56240.8 0.0092748
56271.4 0.00934945
