2247.77 -22477.7 -4.21929e-008 4.533e+006 9.01224e-007 -1.51535e+008 0
4495.47 -44954.7 9.98255e-010 4.533e+006 -9.55135e-008 -3.03365e+008 0
6743.2 -67432 -2.76778e-009 4.533e+006 5.99762e-008 -4.55196e+008 0
8990.93 -89909.3 3.03452e-009 4.533e+006 -1.191e-007 -6.07027e+008 0
11238.7 -112387 1.52703e-010 4.533e+006 -7.31714e-009 -7.58857e+008 0
13486.4 -134864 1.61917e-009 4.533e+006 -1.04369e-007 -9.10688e+008 0
15721.3 -156052 3.66728e-009 4.53304e+006 3.94153e-009 -1.06158e+009 0
17876.1 -179726 2.53959e-008 4.53304e+006 -5.42837e-007 -1.20733e+009 0
19907.8 -198236 2.59019e-008 4.53303e+006 -4.26912e-007 -1.34471e+009 0
21808.5 -217259 3.15586e-008 4.53304e+006 -6.39333e-007 -1.47345e+009 0
23587.6 -235869 2.55955e-008 4.53299e+006 -5.2549e-007 -1.59416e+009 0
25262.4 -252616 1.89131e-008 4.53299e+006 -2.86197e-007 -1.70787e+009 0
26845.4 -268454 1.86444e-008 4.533e+006 -3.61733e-007 -1.81547e+009 0
28351.8 -283543 1.48796e-008 4.533e+006 -3.09899e-007 -1.91797e+009 0
29791 -297913 1.325e-008 4.533e+006 -1.69058e-007 -2.016e+009 0
31169.4 -311694 1.27802e-008 4.533e+006 -2.88773e-007 -2.10999e+009 0
32495.4 -324954 9.68921e-009 4.533e+006 -1.27953e-007 -2.20049e+009 0
33776.7 -337767 8.23516e-009 4.533e+006 -1.28128e-007 -2.28801e+009 0
35017.8 -350099 8.12762e-009 4.53301e+006 -1.22688e-007 -2.37285e+009 0
36223.5 -362235 8.69185e-009 4.533e+006 -1.87275e-007 -2.45535e+009 0
37397.6 -373984 6.68542e-009 4.533e+006 -1.21782e-007 -2.53575e+009 0
38544.3 -385444 6.3689e-009 4.533e+006 -1.9931e-007 -2.61431e+009 0
39667.1 -396671 4.87552e-009 4.533e+006 -9.33651e-008 -2.69129e+009 0
40768.8 -407689 2.44033e-009 4.533e+006 2.98721e-008 -2.76687e+009 0
41852.1 -418521 6.66971e-009 4.533e+006 -2.63621e-007 -2.84121e+009 0
42917.9 -429179 2.8487e-009 4.533e+006 -3.71408e-008 -2.9144e+009 0
43967.7 -439681 3.40383e-009 4.533e+006 -6.29184e-008 -2.98652e+009 0
45003.1 -450031 3.31594e-009 4.533e+006 -9.1712e-008 -3.05768e+009 0
46025.2 -460252 3.07216e-009 4.533e+006 -6.86117e-008 -3.12796e+009 0
47035.5 -470355 4.12422e-009 4.533e+006 -1.85807e-007 -3.19745e+009 0
48035.1 -480351 1.63373e-009 4.533e+006 3.59244e-008 -3.26623e+009 0
49025.1 -490251 -1.47103e-009 4.533e+006 1.14012e-007 -3.33437e+009 0
50006.4 -500064 2.90826e-009 4.533e+006 -1.26516e-007 -3.40193e+009 0
50979.7 -509797 1.36116e-009 4.533e+006 -2.07766e-008 -3.46896e+009 0
51945.7 -519457 1.66537e-010 4.533e+006 1.21456e-007 -3.5355e+009 0
52904.6 -529047 3.34512e-009 4.533e+006 -5.74917e-008 -3.60158e+009 0
53857.1 -538571 1.34437e-009 4.533e+006 4.52868e-009 -3.66722e+009 0
54803.4 -548034 -2.86264e-010 4.533e+006 9.44313e-008 -3.73246e+009 0
55743.9 -557439 3.07022e-009 4.533e+006 -1.35348e-007 -3.7973e+009 0
56678.2 -566783 1.10726e-009 4.533e+006 -1.09409e-007 -3.86174e+009 0
57606.8 -576068 -1.57462e-009 4.533e+006 7.89889e-008 -3.92579e+009 0
58529.8 -585298 1.91899e-009 4.533e+006 -4.29943e-010 -3.98947e+009 0
59447.4 -594474 -2.55327e-009 4.533e+006 2.78656e-007 -4.0528e+009 0
60360.1 -603601 -1.26089e-010 4.533e+006 9.62904e-008 -4.11579e+009 0
61267.9 -612679 1.79957e-009 4.533e+006 1.80997e-008 -4.17847e+009 0
62170.8 -621708 1.80895e-009 4.533e+006 -4.4473e-008 -4.24081e+009 0
63069.1 -630691 2.6465e-009 4.533e+006 -1.8399e-007 -4.30285e+009 0
63962.4 -639624 3.9069e-009 4.533e+006 -1.27805e-007 -4.36456e+009 0
64850.6 -648506 1.36339e-011 4.533e+006 -1.95088e-008 -4.42593e+009 0
65733.5 -657335 2.9622e-009 4.533e+006 -9.70885e-008 -4.48694e+009 0
66610.2 -666100 -2.21823e-009 4.533e+006 1.80221e-007 -4.54754e+009 0
67480.2 -674802 -4.49208e-010 4.533e+006 1.11293e-007 -4.6077e+009 0
68342.4 -683424 8.81132e-011 4.533e+006 3.866e-008 -4.66733e+009 0
69195.7 -691955 -1.54468e-010 4.533e+006 1.47199e-007 -4.72638e+009 0
70038.9 -700379 1.74655e-009 4.533e+006 -8.96869e-008 -4.78475e+009 0
70870.6 -708706 9.69659e-010 4.533e+006 1.76327e-008 -4.84236e+009 0
71689.1 -716897 -1.35311e-009 4.533e+006 3.13561e-008 -4.89909e+009 0
72493.2 -724933 7.81872e-010 4.533e+006 -5.34467e-008 -4.95486e+009 0
73281.2 -732809 3.22622e-009 4.533e+006 -1.43416e-007 -5.00956e+009 0
74052 -740521 -7.63624e-010 4.533e+006 8.03927e-008 -5.06312e+009 0
74804.9 -748047 -1.21099e-009 4.533e+006 1.37025e-007 -5.11548e+009 0
75538.9 -755386 4.18967e-009 4.533e+006 -1.54936e-007 -5.16659e+009 0
76253.6 -762536 5.18556e-009 4.533e+006 -6.46736e-008 -5.21641e+009 0
76948.4 -769480 3.31773e-009 4.533e+006 -1.76754e-007 -5.26491e+009 0
77623.1 -776241 6.3518e-009 4.533e+006 -6.3827e-008 -5.31207e+009 0
78277.4 -782774 4.28422e-009 4.533e+006 -1.7725e-007 -5.35787e+009 0
78910.8 -789109 1.67445e-009 4.533e+006 4.09191e-009 -5.40229e+009 0
79523.8 -795240 -1.50034e-009 4.533e+006 1.91635e-007 -5.44534e+009 0
80115.9 -801160 8.42857e-009 4.533e+006 -3.82628e-007 -5.48701e+009 0
80688.5 -806880 3.97811e-009 4.533e+006 -7.3923e-008 -5.52737e+009 0
81241.1 -812424 7.65592e-010 4.533e+006 7.55329e-008 -5.56641e+009 0
81774.5 -817746 1.35524e-009 4.533e+006 3.6334e-008 -5.60417e+009 0
82289.1 -822890 3.02149e-009 4.533e+006 -3.4686e-008 -5.64068e+009 0
82785.1 -827851 3.2597e-009 4.533e+006 1.80057e-008 -5.67595e+009 0
83263.6 -832636 4.40514e-009 4.533e+006 -8.37975e-009 -5.71005e+009 0
83724.7 -837247 3.06596e-009 4.533e+006 -7.95182e-008 -5.743e+009 0
84169.3 -841694 5.19795e-009 4.533e+006 -8.65351e-008 -5.77485e+009 0
84597.9 -845980 4.19019e-009 4.533e+006 -1.30832e-007 -5.80564e+009 0
85010.1 -850119 6.42266e-009 4.533e+006 -9.87497e-008 -5.83533e+009 0
85407.4 -854075 -4.03316e-010 4.533e+006 9.45989e-008 -5.86404e+009 0
85790.6 -857905 1.30441e-009 4.533e+006 8.68245e-008 -5.8918e+009 0
86159.3 -861582 4.06812e-009 4.533e+006 -1.24111e-007 -5.9186e+009 0
86515.5 -865155 6.95417e-009 4.533e+006 -3.52446e-007 -5.94457e+009 0
86859.6 -868599 8.80117e-011 4.533e+006 5.53654e-008 -5.96973e+009 0
87191.3 -871913 1.25757e-009 4.533e+006 2.44943e-007 -5.99407e+009 0
87511.5 -875152 1.48308e-009 4.533e+006 -5.53425e-008 -6.01764e+009 0
87821 -878207 -1.95831e-009 4.533e+006 1.3286e-007 -6.0405e+009 0
88120.2 -881188 2.63253e-009 4.533e+006 -1.95162e-008 -6.06267e+009 0
88409.3 -884093 1.15068e-009 4.533e+006 -4.2124e-009 -6.08418e+009 0
88689.2 -886893 1.98921e-009 4.533e+006 3.84363e-008 -6.10507e+009 0
88960.2 -889618 2.52675e-009 4.533e+006 -9.27407e-008 -6.12537e+009 0
89222.6 -892226 2.43079e-009 4.533e+006 -4.37883e-008 -6.1451e+009 0
89476.7 -894767 3.25812e-009 4.533e+006 -1.00108e-007 -6.16427e+009 0
89722.4 -897196 -4.14971e-009 4.533e+006 1.97897e-007 -6.18288e+009 0
89960.1 -899601 -2.62573e-009 4.533e+006 1.26841e-007 -6.20097e+009 0
90190.3 -901903 4.1184e-009 4.533e+006 -1.10395e-007 -6.21855e+009 0
90413.2 -904132 4.10219e-010 4.533e+006 -7.42869e-009 -6.23565e+009 0
90629 -906290 1.94272e-009 4.533e+006 -6.87718e-008 -6.25227e+009 0
90837.8 -908378 2.30349e-009 4.533e+006 -2.66465e-007 -6.26843e+009 0
91040.6 -910406 -1.61641e-009 4.533e+006 6.76478e-008 -6.2842e+009 0
91238.2 -912382 -4.37975e-009 4.533e+006 3.29485e-007 -6.29961e+009 0
91430.7 -914307 -1.71355e-009 4.533e+006 9.87874e-008 -6.31468e+009 0
91618.4 -916184 -6.38001e-009 4.533e+006 5.14619e-007 -6.32944e+009 0
91801.4 -918014 -1.92879e-009 4.533e+006 8.41724e-008 -6.34389e+009 0
91979.8 -919798 4.37859e-009 4.533e+006 -3.46298e-007 -6.35803e+009 0
92154.2 -921542 -2.79822e-009 4.533e+006 2.22741e-007 -6.37189e+009 0
92324.8 -923248 2.37692e-009 4.533e+006 -1.32555e-007 -6.38551e+009 0
92491.6 -924916 9.59823e-010 4.533e+006 -1.09562e-007 -6.39888e+009 0
92654.5 -926545 1.36175e-010 4.533e+006 2.71202e-008 -6.41198e+009 0
92813.6 -928136 -1.26398e-009 4.533e+006 5.35926e-008 -6.42483e+009 0
92968.9 -929689 3.91183e-009 4.533e+006 -1.71597e-007 -6.43744e+009 0
93120.4 -931205 3.0139e-009 4.533e+006 -4.57439e-007 -6.44978e+009 0
93268.2 -932683 9.64992e-010 4.533e+006 5.35563e-008 -6.46189e+009 0
93412.7 -934114 6.87657e-009 4.533e+006 -2.43693e-007 -6.47376e+009 0
93553.1 -934353 -2.15411e-010 4.53296e+006 2.52361e-008 -6.48529e+009 0
93689.7 -934910 1.63006e-009 4.53288e+006 -4.1201e-008 -6.49655e+009 0
93822.6 -937282 7.25736e-009 4.53276e+006 -3.05441e-007 -6.50762e+009 0
93951.2 -934060 2.17115e-009 4.53237e+006 1.45093e-008 -6.51796e+009 0
94076.3 -945159 4.53303e-009 4.53199e+006 -1.11399e-007 -6.52878e+009 0
94198.4 -942424 1.63465e-009 4.532e+006 1.10769e-007 -6.53899e+009 0
94318.2 -943258 3.96784e-009 4.53199e+006 -1.1702e-007 -6.54921e+009 0
94325.9 4.04904e+006 5.86612e-008 4.05326e+006 -1.3946e-006 -5.97435e+009 0
55674.6 -1.67396e+006 3.24817e-007 4.26752e+006 -7.18796e-006 -4.00131e+009 0
55601.3 -1.07779e+006 1.48863e-007 4.49299e+006 -3.90621e-006 -3.9975e+009 0
55763.4 -731876 3.04889e-008 4.52458e+006 -8.04763e-007 -3.99922e+009 0
55924 -611601 4.9471e-009 4.53028e+006 -3.16162e-007 -4.00817e+009 0
56082.2 -574995 -2.10733e-009 4.53222e+006 3.33721e-007 -4.01972e+009 0
56174.4 -1.4588e+006 1.40629e-008 4.42532e+006 -2.55786e-007 -4.05093e+009 0
56240.8 -637814 3.94534e-008 4.52294e+006 -1.13398e-006 -4.03656e+009 0
56271.4 -927205 5.78376e-008 4.44046e+006 -1.33537e-006 -4.0449e+009 0
