3500.65 5.53067e-005
7001.19 0.000112841
10501.8 0.000170375
14002.3 0.000227909
17397.8 0.000286097
20465 0.000346677
23175.5 0.000409679
25587 0.000474223
27765.1 0.000539719
29760.1 0.00060577
31614.9 0.000672127
33355.7 0.00073862
35004.4 0.00080515
36580.5 0.00087158
38095.2 0.000937892
39555.5 0.00100406
40970.8 0.00107001
42348.9 0.00113573
43693.4 0.00120123
45006.8 0.00126655
46291.7 0.00133163
47551 0.00139648
48787.8 0.00146112
50004.4 0.00152557
51202.4 0.00158986
52383.9 0.00165399
53550.9 0.00171794
54704 0.00178169
55844.7 0.00184526
56974 0.00190866
58092.8 0.00197192
59201.9 0.00203505
60302 0.00209804
61393.4 0.0021609
62476.8 0.00222363
63552.3 0.00228621
64620.8 0.00234864
65682.5 0.00241092
66737.9 0.00247307
67786.9 0.00253508
68829.9 0.00259698
69866.4 0.00265877
70896.1 0.00272048
71918.2 0.0027821
72931.7 0.00284369
73935.2 0.00290526
74926.9 0.00296687
75904.6 0.00302857
76865.4 0.00309038
77806.6 0.0031524
78726.2 0.00321466
79621.8 0.00327721
80492 0.0033401
81335.8 0.00340337
82153 0.00346703
82943.8 0.0035311
83707.7 0.00359561
84445.5 0.00366054
85157.3 0.00372593
85843 0.00379175
86503.3 0.00385803
87138.5 0.00392474
87750.6 0.00399188
88339.7 0.00405944
88907.7 0.00412741
89454.7 0.00419578
89982.8 0.00426451
90492.5 0.0043336
90984.8 0.00440304
91460 0.00447282
91918.6 0.00454293
92360.4 0.00461337
92787 0.00468412
93198.5 0.00475516
93595.2 0.0048265
93978.8 0.0048981
94349.9 0.00496995
94708.9 0.00504205
95055.9 0.0051144
95391.9 0.00518697
95716 0.00525977
96028.1 0.00533279
96329.8 0.00540601
96622.1 0.00547943
96905.5 0.00555302
97179.2 0.00562679
97443.6 0.00570074
97699.5 0.00577485
97947.2 0.00584911
98187.1 0.00592351
98418.1 0.00599807
98639.9 0.00607276
98853.7 0.00614758
99060.4 0.00622253
99261.3 0.00629759
99456.4 0.00637275
99645.6 0.00644803
99829.1 0.00652341
100007 0.00659888
100180 0.00667445
100346 0.00675011
100508 0.00682585
100664 0.00690167
100816 0.00697756
100964 0.00705353
101108 0.00712957
101247 0.00720568
101073 0.0072809
56521.3 0.00795932
56398.2 0.00803581
56571.5 0.0081091
56743.9 0.00818241
56910.6 0.00825577
57070.2 0.00832922
57231.2 0.00840263
