3500.65 -35006.5 1.23978e-007 4.533e+006 -9.67056e-006 -2.35085e+008 0
7001.19 -70011.9 2.0893e-009 4.533e+006 -1.46758e-007 -4.70281e+008 0
10501.8 -105018 4.15701e-010 4.533e+006 -7.20431e-008 -7.05477e+008 0
14002.3 -140023 -2.36176e-010 4.533e+006 -2.66273e-009 -9.4067e+008 0
17397.8 -171260 -9.55356e-008 4.53316e+006 7.49146e-006 -1.16865e+009 0
20465 -202303 -1.73255e-007 4.53314e+006 1.35302e-005 -1.37502e+009 0
23175.5 -231001 -1.6233e-007 4.53344e+006 1.25937e-005 -1.55767e+009 0
25587 -256045 -1.31471e-007 4.533e+006 1.03791e-005 -1.7206e+009 0
27765.1 -277653 -9.98014e-008 4.533e+006 7.7809e-006 -1.86779e+009 0
29760.1 -297603 -8.16049e-008 4.533e+006 6.36574e-006 -2.0028e+009 0
31614.9 -316150 -5.89735e-008 4.533e+006 4.6571e-006 -2.12849e+009 0
33355.7 -333562 -4.79229e-008 4.533e+006 3.76496e-006 -2.24659e+009 0
35004.4 -350044 -3.95608e-008 4.533e+006 3.13944e-006 -2.35856e+009 0
36580.5 -365811 -3.32064e-008 4.533e+006 2.59367e-006 -2.4657e+009 0
38095.2 -380950 -2.5183e-008 4.533e+006 2.06462e-006 -2.56875e+009 0
39555.5 -395558 -2.57098e-008 4.533e+006 1.97453e-006 -2.66819e+009 0
40970.8 -409708 -1.90478e-008 4.533e+006 1.49566e-006 -2.76463e+009 0
42348.9 -423489 -1.56824e-008 4.533e+006 1.27034e-006 -2.85859e+009 0
43693.4 -436934 -1.31501e-008 4.533e+006 1.07081e-006 -2.95032e+009 0
45006.8 -450068 -1.22976e-008 4.533e+006 1.0358e-006 -3.03998e+009 0
46291.7 -462918 -1.36078e-008 4.533e+006 1.09998e-006 -3.12774e+009 0
47551 -475515 -1.06405e-008 4.533e+006 8.49854e-007 -3.2138e+009 0
48787.8 -487877 -1.00561e-008 4.533e+006 8.51376e-007 -3.29837e+009 0
50004.4 -500044 -9.45265e-009 4.533e+006 6.84326e-007 -3.38159e+009 0
51202.4 -512024 -6.47103e-009 4.533e+006 6.01211e-007 -3.46357e+009 0
52383.9 -523839 -9.33148e-009 4.533e+006 6.79526e-007 -3.54445e+009 0
53550.9 -535511 -5.04954e-009 4.533e+006 3.91398e-007 -3.62437e+009 0
54704 -547037 -5.06601e-009 4.533e+006 2.99903e-007 -3.70337e+009 0
55844.7 -558447 -2.53787e-010 4.533e+006 8.51134e-008 -3.78153e+009 0
56974 -569742 -5.57887e-009 4.533e+006 4.56903e-007 -3.85894e+009 0
58092.8 -580928 -1.88647e-009 4.533e+006 1.61252e-007 -3.93566e+009 0
59201.9 -592019 -2.24447e-009 4.533e+006 1.86852e-007 -4.01172e+009 0
60302 -603020 -5.03084e-009 4.533e+006 2.81011e-007 -4.08719e+009 0
61393.4 -613932 -1.62845e-009 4.533e+006 2.13003e-007 -4.16207e+009 0
62476.8 -624768 -1.72483e-009 4.533e+006 1.87497e-007 -4.23643e+009 0
63552.3 -635524 -4.32577e-009 4.533e+006 2.67824e-007 -4.31026e+009 0
64620.8 -646208 -1.82249e-009 4.533e+006 6.94583e-008 -4.38362e+009 0
65682.5 -656824 -1.6218e-009 4.533e+006 1.17144e-007 -4.45653e+009 0
66737.9 -667378 -1.33615e-009 4.533e+006 1.6055e-007 -4.52903e+009 0
67786.9 -677869 -3.54306e-009 4.533e+006 1.95423e-007 -4.60109e+009 0
68829.9 -688299 -2.35916e-009 4.533e+006 2.64501e-007 -4.67276e+009 0
69866.4 -698664 -2.07224e-009 4.533e+006 4.73931e-008 -4.744e+009 0
70896.1 -708961 -2.60305e-009 4.533e+006 1.87959e-007 -4.81478e+009 0
71918.2 -719184 -2.9719e-009 4.533e+006 2.69248e-007 -4.88506e+009 0
72931.7 -729316 -4.748e-009 4.533e+006 2.80904e-007 -4.95476e+009 0
73935.2 -739352 -6.91349e-009 4.533e+006 5.52255e-007 -5.0238e+009 0
74926.9 -749270 -7.97143e-009 4.533e+006 5.47181e-007 -5.09206e+009 0
75904.6 -759037 -1.04031e-008 4.533e+006 7.46456e-007 -5.15938e+009 0
76865.4 -768657 -9.2071e-009 4.533e+006 6.01607e-007 -5.22557e+009 0
77806.6 -778069 -8.81587e-009 4.533e+006 7.10874e-007 -5.29047e+009 0
78726.2 -787256 -1.33448e-008 4.533e+006 9.68018e-007 -5.35392e+009 0
79621.8 -796279 -1.0562e-008 4.533e+006 9.44811e-007 -5.41579e+009 0
80492 -804918 -1.56378e-008 4.533e+006 1.17495e-006 -5.47595e+009 0
81335.8 -813359 -1.28573e-008 4.533e+006 9.47919e-007 -5.53437e+009 0
82153 -821528 -1.10129e-008 4.533e+006 8.20668e-007 -5.59101e+009 0
82943.8 -829438 -1.07208e-008 4.533e+006 8.77797e-007 -5.6459e+009 0
83707.7 -837078 -9.54296e-009 4.533e+006 7.19533e-007 -5.69899e+009 0
84445.5 -844451 -1.54115e-008 4.533e+006 1.24241e-006 -5.75035e+009 0
85157.3 -851573 -1.19587e-008 4.533e+006 8.63276e-007 -5.79998e+009 0
85843 -858416 -1.07205e-008 4.533e+006 8.18192e-007 -5.84788e+009 0
86503.3 -865052 -1.22894e-008 4.533e+006 9.19452e-007 -5.89408e+009 0
87138.5 -871351 -8.55635e-009 4.533e+006 6.53907e-007 -5.93861e+009 0
87750.6 -877506 -1.17178e-008 4.533e+006 8.92305e-007 -5.98161e+009 0
88339.7 -883398 -1.28831e-008 4.533e+006 7.68819e-007 -6.02307e+009 0
88907.7 -889087 -1.44312e-008 4.533e+006 9.11859e-007 -6.06313e+009 0
89454.7 -894543 -5.88461e-009 4.533e+006 5.06111e-007 -6.1018e+009 0
89982.8 -899828 -2.50311e-009 4.533e+006 4.47658e-007 -6.1392e+009 0
90492.5 -904925 -9.85828e-009 4.533e+006 8.08012e-007 -6.17539e+009 0
90984.8 -909849 -4.57497e-009 4.533e+006 3.66537e-007 -6.21041e+009 0
91460 -914600 -5.87313e-009 4.533e+006 6.45794e-007 -6.24429e+009 0
91918.6 -919164 -9.0493e-009 4.533e+006 8.86487e-007 -6.27707e+009 0
92360.4 -923579 -4.07379e-009 4.533e+006 5.41021e-007 -6.30874e+009 0
92787 -927874 -8.59792e-009 4.533e+006 7.49991e-007 -6.33939e+009 0
93198.5 -931912 -3.37183e-009 4.533e+006 2.9646e-007 -6.36904e+009 0
93595.2 -935952 -1.02182e-008 4.533e+006 8.26716e-007 -6.3977e+009 0
93978.8 -939788 -1.18066e-010 4.533e+006 1.86957e-007 -6.42549e+009 0
94349.9 -943499 -6.80815e-009 4.533e+006 4.64885e-007 -6.45245e+009 0
94708.9 -947092 -7.09892e-009 4.533e+006 4.8463e-007 -6.47861e+009 0
95055.9 -950559 1.40309e-009 4.533e+006 -8.91364e-008 -6.50397e+009 0
95391.9 -953920 -7.83978e-009 4.533e+006 4.61035e-007 -6.52859e+009 0
95716 -957134 -8.08106e-009 4.53299e+006 5.40608e-007 -6.55241e+009 0
96028.1 -960283 7.56394e-010 4.533e+006 -6.00947e-008 -6.57545e+009 0
96329.8 -963298 -6.56253e-009 4.533e+006 6.40377e-007 -6.5978e+009 0
96622.1 -966221 2.08225e-009 4.533e+006 1.79737e-008 -6.61951e+009 0
96905.5 -969055 -2.31465e-009 4.533e+006 3.0626e-007 -6.64063e+009 0
97179.2 -971792 -4.09213e-009 4.533e+006 2.62207e-007 -6.66111e+009 0
97443.6 -974437 -5.19755e-009 4.533e+006 4.29732e-007 -6.68097e+009 0
97699.5 -976995 -4.67797e-009 4.533e+006 8.05307e-008 -6.70027e+009 0
97947.2 -979471 -7.75404e-010 4.533e+006 1.66026e-007 -6.71902e+009 0
98187.1 -981872 -3.87083e-010 4.533e+006 1.26825e-007 -6.73725e+009 0
98418.1 -984182 -1.37873e-008 4.533e+006 7.31886e-007 -6.75488e+009 0
98639.9 -986400 1.26729e-009 4.533e+006 5.34312e-008 -6.77191e+009 0
98853.7 -988535 -7.22114e-009 4.533e+006 5.65514e-007 -6.7884e+009 0
99060.4 -990605 -2.49848e-009 4.533e+006 3.40984e-007 -6.80442e+009 0
99261.3 -992613 1.16133e-009 4.533e+006 -5.10875e-008 -6.82005e+009 0
99456.4 -994564 3.19398e-010 4.533e+006 1.09732e-007 -6.8353e+009 0
99645.6 -996456 2.03889e-010 4.533e+006 1.22987e-007 -6.85016e+009 0
99829.1 -998291 -1.88891e-009 4.533e+006 3.97406e-007 -6.86463e+009 0
100007 -1.00007e+006 -1.99549e-009 4.533e+006 1.13454e-007 -6.87877e+009 0
100180 -1.00085e+006 3.23417e-010 4.5318e+006 1.69709e-007 -6.89165e+009 0
100346 -1.00338e+006 2.71599e-010 4.53273e+006 2.13391e-007 -6.90566e+009 0
100508 -1.00159e+006 -1.56197e-009 4.53261e+006 4.03094e-007 -6.91843e+009 0
100664 -1.01234e+006 2.91252e-009 4.53205e+006 -1.32843e-007 -6.93117e+009 0
100816 -1.00846e+006 -1.06799e-008 4.53211e+006 7.13349e-007 -6.94331e+009 0
100964 -1.00955e+006 -1.04788e-008 4.5321e+006 6.5508e-007 -6.95539e+009 0
101108 -1.01083e+006 -2.71613e-009 4.53207e+006 3.42663e-007 -6.9672e+009 0
101247 -987361 -3.91257e-009 4.53108e+006 4.47839e-007 -6.97684e+009 0
101073 -473021 -2.66512e-007 3.49151e+006 2.06476e-005 -6.22675e+009 0
56521.3 -2.21073e+006 -4.37723e-007 4.17343e+006 3.42513e-005 -4.03493e+009 0
56398.2 -674424 -2.93185e-007 4.4856e+006 2.17622e-005 -4.00499e+009 0
56571.5 -536240 -6.88129e-008 4.52755e+006 3.3831e-006 -4.01456e+009 0
56743.9 -560973 3.6031e-009 4.53249e+006 -4.17625e-007 -4.02923e+009 0
56910.6 -569283 1.07103e-008 4.53296e+006 -8.5282e-007 -4.04284e+009 0
57070.2 -570926 1.64962e-008 4.53283e+006 -1.16542e-006 -4.05572e+009 0
57231.2 -572465 1.28914e-008 4.53289e+006 -1.08562e-006 -4.0687e+009 0
