2247.65 -28.5292 -0.000142646
4495.24 -24.2833 -0.000121416
6742.86 -20.0374 -0.000100187
8990.47 -15.7916 -7.89578e-005
11238.1 -11.5457 -5.77285e-005
13485.7 -7.29983 -3.64992e-005
15720.5 -2.84693 -1.42346e-005
17875.1 2.15893 1.07946e-005
19906.8 7.65259 3.8263e-005
21807.4 13.532 6.76598e-005
23586.5 19.7581 9.87906e-005
25261.1 26.1399 0.000130699
26844.1 32.7219 0.00016361
28350.4 39.3229 0.000196614
29789.5 46.1461 0.000230731
31167.8 53.0039 0.00026502
32493.7 59.8707 0.000299353
33774.8 66.6902 0.000333451
35015.8 73.6072 0.000368036
36221.3 80.5028 0.000402514
37395.2 87.3963 0.000436981
38541.7 94.2158 0.000471079
39664.3 100.973 0.000504866
40765.7 107.673 0.000538366
41848.7 114.329 0.000571647
42914.3 121.02 0.000605099
43963.9 127.714 0.00063857
44999 134.388 0.000671941
46020.8 141.02 0.000705103
47030.8 147.604 0.000738021
48030.1 154.123 0.000770618
49019.8 160.59 0.000802952
50000.9 167.016 0.000835084
50973.9 173.412 0.000867068
51939.5 179.789 0.000898958
52898.2 186.153 0.000930792
53850.3 192.506 0.000962573
54796.4 198.842 0.000994287
55736.5 205.19 0.00102608
56670.5 211.568 0.00105806
57598.8 217.944 0.00109008
58521.4 224.279 0.00112197
59438.7 230.58 0.00115384
60351 236.826 0.00118561
61258.4 243.017 0.0012174
62160.9 249.134 0.00124926
63058.8 255.137 0.00128116
63951.6 260.982 0.00131315
64839.4 266.642 0.00134546
65721.8 272.043 0.00137816
66598.1 277.113 0.00141145
67467.5 281.768 0.00144556
68329.2 285.917 0.0014807
69181.9 289.487 0.00151707
70024.6 292.444 0.00155494
70855.7 294.801 0.00159458
71673.7 296.608 0.00163626
72477.3 297.954 0.00168033
73264.6 298.928 0.00172686
74034.8 299.624 0.00177579
74787.1 300.121 0.00182704
75520.5 300.486 0.00188055
76234.5 300.767 0.00193665
76928.7 300.995 0.00199496
77602.7 301.192 0.00205569
78256.3 301.372 0.00211894
78888.9 301.546 0.00218542
79501.1 301.718 0.00225462
80092.4 301.891 0.00232656
80664.1 302.066 0.00240063
81215.7 302.243 0.00247679
81748.1 302.426 0.00255563
82261.7 302.613 0.00263677
82756.5 302.807 0.00272064
83233.8 303.005 0.00280661
83693.8 303.207 0.00289439
84137.1 303.414 0.00298454
84564.3 303.628 0.00307739
84975.2 303.849 0.00317343
85370.9 304.076 0.00327226
85752.5 304.308 0.003373
86119.7 304.546 0.00347632
86474.2 304.785 0.00358043
86816.4 305.028 0.00368599
87146.4 305.275 0.00379343
87464.6 305.526 0.00390266
87772.2 305.782 0.00401406
88069.2 306.043 0.00412744
88356.3 306.307 0.00424216
88634.3 306.571 0.00435693
88903.3 306.838 0.00447323
89163.4 307.111 0.00459167
89415 307.387 0.00471153
89658.3 307.669 0.00483433
89893.8 307.959 0.00496063
90121.5 308.255 0.00508916
90341.5 308.557 0.00522045
90554.4 308.865 0.00535448
90760.5 309.178 0.00549055
90960.7 309.492 0.00562715
91155.6 309.804 0.0057628
91345.4 310.113 0.00589685
91530.1 310.417 0.00602918
91710.1 310.717 0.00615976
91885.7 311.014 0.00628853
92057.1 311.306 0.00641586
92224.7 311.597 0.00654217
92388.7 311.887 0.00666821
92548.7 312.178 0.00679477
92704.6 312.472 0.00692267
92856.5 312.769 0.0070519
93004.7 313.071 0.0071831
93149.2 313.378 0.00731648
93289.5 313.694 0.00745373
93425.9 314.021 0.00759606
93558.4 314.36 0.00774353
93686.7 314.71 0.00789577
93811.3 315.069 0.00805185
93933 315.43 0.00820874
94052 315.791 0.00836568
94055.7 316.885 0.00884135
55501.3 319.99 0.0101914
55418.4 320.116 0.0102462
55577.6 320.461 0.0103959
55735.5 320.773 0.0105317
55894 321.077 0.0106637
56046.3 321.386 0.0107984
56099 321.701 0.0109351
56123.6 321.963 0.0110491
56133 322.199 0.0111518
