2247.65 5.15956e-005
4495.24 0.000109106
6742.86 0.000166617
8990.47 0.000224128
11238.1 0.000281639
13485.7 0.00033915
15720.5 0.000396773
17875.1 0.000455198
19906.8 0.000515039
21807.4 0.000576402
23586.5 0.000638893
25261.1 0.000702156
26844.1 0.000765981
28350.4 0.000830148
29789.5 0.000894533
31167.8 0.000959111
32493.7 0.00102377
33774.8 0.00108845
35015.8 0.00115318
36221.3 0.0012179
37395.2 0.00128257
38541.7 0.00134718
39664.3 0.00141174
40765.7 0.00147624
41848.7 0.00154058
42914.3 0.00160478
43963.9 0.00166884
44999 0.00173273
46020.8 0.00179648
47030.8 0.00186007
48030.1 0.00192352
49019.8 0.00198678
50000.9 0.00204987
50973.9 0.00211278
51939.5 0.00217553
52898.2 0.00223809
53850.3 0.00230049
54796.4 0.00236273
55736.5 0.00242484
56670.5 0.00248681
57598.8 0.00254867
58521.4 0.00261043
59438.7 0.00267207
60351 0.00273361
61258.4 0.00279504
62160.9 0.00285637
63058.8 0.00291761
63951.6 0.00297876
64839.4 0.00303985
65721.8 0.00310089
66598.1 0.00316189
67467.5 0.00322289
68329.2 0.00328392
69181.9 0.003345
70024.6 0.00340617
70855.7 0.00346747
71673.7 0.00352893
72477.3 0.0035906
73264.6 0.00365251
74034.8 0.0037147
74787.1 0.00377719
75520.5 0.00384002
76234.5 0.0039032
76928.7 0.00396676
77602.7 0.00403071
78256.3 0.00409506
78888.9 0.00415983
79501.1 0.004225
80092.4 0.0042906
80664.1 0.00435662
81215.7 0.00442305
81748.1 0.00448989
82261.7 0.00455714
82756.5 0.0046248
83233.8 0.00469283
83693.8 0.00476124
84137.1 0.00483003
84564.3 0.00489918
84975.2 0.00496869
85370.9 0.00503853
85752.5 0.0051087
86119.7 0.00517918
86474.2 0.00524996
86816.4 0.00532101
87146.4 0.00539234
87464.6 0.00546394
87772.2 0.00553579
88069.2 0.00560787
88356.3 0.00568019
88634.3 0.00575272
88903.3 0.00582546
89163.4 0.0058984
89415 0.00597153
89658.3 0.00604484
89893.8 0.00611834
90121.5 0.00619201
90341.5 0.00626584
90554.4 0.00633983
90760.5 0.00641396
90960.7 0.00648823
91155.6 0.00656263
91345.4 0.00663717
91530.1 0.00671182
91710.1 0.00678659
91885.7 0.00686148
92057.1 0.00693647
92224.7 0.00701157
92388.7 0.00708676
92548.7 0.00716205
92704.6 0.00723744
92856.5 0.00731293
93004.7 0.0073885
93149.2 0.00746415
93289.5 0.00753989
93425.9 0.00761569
93558.4 0.00769157
93686.7 0.00776752
93811.3 0.00784353
93933 0.00791962
94052 0.00799577
94055.7 0.00807151
55501.3 0.00875507
55418.4 0.00883124
55577.6 0.00890415
55735.5 0.00897707
55894 0.00904996
56046.3 0.00912294
56099 0.00919729
56123.6 0.00927203
56133 0.00934697
