2247.65 -22476.5 2.75257e-007 4.533e+006 -3.97121e-006 -1.51527e+008 0
4495.24 -44952.4 -1.14863e-009 4.533e+006 -1.4675e-008 -3.0335e+008 0
6742.86 -67428.6 -5.96328e-010 4.533e+006 -4.02554e-008 -4.55173e+008 0
8990.47 -89904.7 1.95948e-009 4.533e+006 -1.24924e-007 -6.06996e+008 0
11238.1 -112381 -1.02061e-009 4.533e+006 -2.49123e-010 -7.58819e+008 0
13485.7 -134857 1.16315e-009 4.533e+006 -1.05787e-007 -9.10642e+008 0
15720.5 -156043 -4.0717e-008 4.53304e+006 7.5605e-007 -1.06152e+009 0
17875.1 -179717 -1.44664e-007 4.53304e+006 1.92647e-006 -1.20727e+009 0
19906.8 -198229 -1.90461e-007 4.53303e+006 2.80996e-006 -1.34464e+009 0
21807.4 -217252 -1.90597e-007 4.53304e+006 2.67861e-006 -1.47338e+009 0
23586.5 -235855 -1.82626e-007 4.53299e+006 2.75025e-006 -1.59408e+009 0
25261.1 -252604 -1.44112e-007 4.53299e+006 1.96602e-006 -1.70778e+009 0
26844.1 -268441 -1.30038e-007 4.533e+006 1.90297e-006 -1.81538e+009 0
28350.4 -283531 -1.04305e-007 4.533e+006 1.53785e-006 -1.91788e+009 0
29789.5 -297899 -1.02637e-007 4.533e+006 1.56629e-006 -2.0159e+009 0
31167.8 -311678 -8.244e-008 4.533e+006 1.06182e-006 -2.10988e+009 0
32493.7 -324937 -7.16636e-008 4.533e+006 9.47053e-007 -2.20037e+009 0
33774.8 -337748 -6.36189e-008 4.533e+006 8.67725e-007 -2.28789e+009 0
35015.8 -350082 -5.89402e-008 4.53301e+006 9.31628e-007 -2.37272e+009 0
36221.3 -362213 -4.69751e-008 4.533e+006 6.30506e-007 -2.4552e+009 0
37395.2 -373956 -4.33711e-008 4.533e+006 5.15369e-007 -2.53559e+009 0
38541.7 -385417 -3.7844e-008 4.533e+006 4.81915e-007 -2.61414e+009 0
39664.3 -396643 -3.12885e-008 4.533e+006 3.2375e-007 -2.6911e+009 0
40765.7 -407657 -2.78294e-008 4.533e+006 3.19674e-007 -2.76666e+009 0
41848.7 -418487 -2.56443e-008 4.533e+006 3.22449e-007 -2.84099e+009 0
42914.3 -429143 -2.60437e-008 4.533e+006 4.58605e-007 -2.91416e+009 0
43963.9 -439642 -2.17458e-008 4.533e+006 3.94279e-007 -2.98626e+009 0
44999 -449990 -2.5272e-008 4.533e+006 5.50376e-007 -3.0574e+009 0
46020.8 -460208 -1.89939e-008 4.533e+006 2.73636e-007 -3.12766e+009 0
47030.8 -470308 -1.67064e-008 4.533e+006 2.58998e-007 -3.19713e+009 0
48030.1 -480301 -1.50587e-008 4.533e+006 2.60025e-007 -3.2659e+009 0
49019.8 -490198 -1.36646e-008 4.533e+006 2.56388e-007 -3.33402e+009 0
50000.9 -500009 -1.25734e-008 4.533e+006 2.73686e-007 -3.40156e+009 0
50973.9 -509739 -1.35341e-008 4.533e+006 3.1164e-007 -3.46857e+009 0
51939.5 -519395 -1.10115e-008 4.533e+006 2.58149e-007 -3.53509e+009 0
52898.2 -528982 -1.24607e-008 4.533e+006 2.94492e-007 -3.60115e+009 0
53850.3 -538503 -1.02794e-008 4.533e+006 2.19398e-008 -3.66677e+009 0
54796.4 -547964 -1.03516e-008 4.533e+006 1.66466e-007 -3.73199e+009 0
55736.5 -557365 -8.97468e-009 4.533e+006 8.77594e-008 -3.79681e+009 0
56670.5 -566706 -5.53982e-009 4.533e+006 3.44801e-008 -3.86123e+009 0
57598.8 -575988 -1.04739e-008 4.533e+006 2.11559e-007 -3.92526e+009 0
58521.4 -585214 -6.41958e-009 4.533e+006 2.59268e-008 -3.98892e+009 0
59438.7 -594387 -6.94378e-009 4.533e+006 7.77041e-008 -4.05222e+009 0
60351 -603510 -5.64897e-009 4.533e+006 -4.15126e-008 -4.11519e+009 0
61258.4 -612584 -7.52206e-009 4.533e+006 1.41346e-007 -4.17784e+009 0
62160.9 -621609 -6.92893e-009 4.533e+006 1.20018e-008 -4.24015e+009 0
63058.8 -630588 -5.7839e-009 4.533e+006 9.20126e-008 -4.30216e+009 0
63951.6 -639516 -4.51204e-009 4.533e+006 9.41672e-009 -4.36384e+009 0
64839.4 -648394 -6.48157e-009 4.533e+006 1.72007e-007 -4.42518e+009 0
65721.8 -657219 -6.88145e-009 4.533e+006 7.85965e-008 -4.48616e+009 0
66598.1 -665979 -6.62336e-009 4.533e+006 6.24767e-008 -4.54674e+009 0
67467.5 -674675 -7.72593e-009 4.533e+006 -9.34747e-009 -4.60685e+009 0
68329.2 -683297 -9.99278e-009 4.533e+006 7.58719e-008 -4.66646e+009 0
69181.9 -691816 -1.43185e-008 4.533e+006 2.22783e-007 -4.72547e+009 0
70024.6 -700246 -1.92277e-008 4.533e+006 4.3677e-007 -4.7838e+009 0
70855.7 -708557 -1.63365e-008 4.533e+006 2.58527e-007 -4.84137e+009 0
71673.7 -716742 -2.15613e-008 4.533e+006 2.98146e-007 -4.89807e+009 0
72477.3 -724770 -2.09758e-008 4.533e+006 3.82275e-007 -4.9538e+009 0
73264.6 -732647 -2.62518e-008 4.533e+006 4.97013e-007 -5.00846e+009 0
74034.8 -740359 -2.5687e-008 4.533e+006 3.52576e-007 -5.06197e+009 0
74787.1 -747872 -2.52842e-008 4.533e+006 3.27105e-007 -5.1143e+009 0
75520.5 -755204 -2.88565e-008 4.533e+006 5.16371e-007 -5.16536e+009 0
76234.5 -762345 -3.25673e-008 4.533e+006 5.44977e-007 -5.21514e+009 0
76928.7 -769285 -3.22654e-008 4.533e+006 5.93567e-007 -5.2636e+009 0
77602.7 -776026 -3.13611e-008 4.533e+006 5.17401e-007 -5.31071e+009 0
78256.3 -782469 -3.06594e-008 4.53302e+006 4.98963e-007 -5.35647e+009 0
78888.9 -788907 -3.10087e-008 4.533e+006 5.29324e-007 -5.40083e+009 0
79501.1 -795001 -3.04544e-008 4.533e+006 4.41894e-007 -5.44383e+009 0
80092.4 -800930 -3.22876e-008 4.533e+006 5.46573e-007 -5.48544e+009 0
80664.1 -806640 -2.81023e-008 4.533e+006 4.71194e-007 -5.52575e+009 0
81215.7 -812162 -3.12355e-008 4.533e+006 5.20133e-007 -5.56472e+009 0
81748.1 -817482 -2.84499e-008 4.533e+006 3.68838e-007 -5.60242e+009 0
82261.7 -822617 -2.88403e-008 4.533e+006 5.55767e-007 -5.63886e+009 0
82756.5 -827570 -2.54757e-008 4.533e+006 2.60739e-007 -5.67405e+009 0
83233.8 -832335 -2.69987e-008 4.533e+006 4.04245e-007 -5.70807e+009 0
83693.8 -836938 -2.64277e-008 4.533e+006 3.69799e-007 -5.74094e+009 0
84137.1 -841382 -2.06649e-008 4.533e+006 2.75655e-007 -5.77271e+009 0
84564.3 -845643 -2.40975e-008 4.533e+006 2.12036e-007 -5.8034e+009 0
84975.2 -849751 -2.23081e-008 4.533e+006 2.02443e-007 -5.83301e+009 0
85370.9 -853710 -1.71182e-008 4.533e+006 1.23405e-007 -5.86161e+009 0
85752.5 -857525 -2.31599e-008 4.533e+006 5.334e-007 -5.88926e+009 0
86119.7 -861157 -1.99274e-008 4.533e+006 2.80438e-007 -5.91596e+009 0
86474.2 -864741 -1.90464e-008 4.533e+006 2.84836e-007 -5.94182e+009 0
86816.4 -868164 -1.53397e-008 4.533e+006 6.56724e-008 -5.96685e+009 0
87146.4 -871464 -1.69989e-008 4.533e+006 2.10401e-007 -5.99108e+009 0
87464.6 -874651 -2.07795e-008 4.533e+006 4.45578e-007 -6.01452e+009 0
87772.2 -877739 -1.84042e-008 4.533e+006 3.91002e-007 -6.03725e+009 0
88069.2 -880692 -1.41203e-008 4.533e+006 2.61317e-007 -6.05928e+009 0
88356.3 -883553 -1.45782e-008 4.533e+006 3.33274e-007 -6.08065e+009 0
88634.3 -886344 -1.25369e-008 4.533e+006 2.37412e-008 -6.10142e+009 0
88903.3 -889033 -1.60976e-008 4.533e+006 2.34214e-007 -6.12158e+009 0
89163.4 -891634 -1.80102e-008 4.533e+006 4.23232e-007 -6.14115e+009 0
89415 -894150 -1.30703e-008 4.533e+006 2.27698e-007 -6.16016e+009 0
89658.3 -896584 -9.6361e-009 4.533e+006 1.61052e-007 -6.17862e+009 0
89893.8 -898938 -7.92439e-009 4.533e+006 4.68535e-008 -6.19656e+009 0
90121.5 -901215 -1.23375e-008 4.533e+006 2.43016e-007 -6.21397e+009 0
90341.5 -903430 -9.09825e-009 4.533e+006 -2.01848e-008 -6.23088e+009 0
90554.4 -905544 -7.57131e-009 4.533e+006 2.75326e-008 -6.24731e+009 0
90760.5 -907605 -9.3079e-009 4.533e+006 3.03163e-007 -6.26329e+009 0
90960.7 -909607 -5.265e-009 4.533e+006 1.0943e-007 -6.27888e+009 0
91155.6 -911556 -1.24215e-009 4.533e+006 -2.29704e-007 -6.29411e+009 0
91345.4 -913454 -5.04867e-009 4.533e+006 -1.59385e-007 -6.30901e+009 0
91530.1 -915301 -9.88248e-009 4.533e+006 2.6589e-007 -6.32357e+009 0
91710.1 -917101 -7.96384e-009 4.533e+006 3.60931e-007 -6.33781e+009 0
91885.7 -918857 -9.81745e-009 4.533e+006 2.96993e-007 -6.35176e+009 0
92057.1 -920571 -6.17866e-009 4.533e+006 1.66721e-008 -6.36543e+009 0
92224.7 -922247 9.86444e-011 4.533e+006 -2.6703e-007 -6.37885e+009 0
92388.7 -923887 -1.01906e-008 4.533e+006 3.59097e-007 -6.39203e+009 0
92548.7 -925487 -5.5851e-009 4.533e+006 9.25509e-008 -6.40494e+009 0
92704.6 -927046 -1.10993e-008 4.533e+006 3.38922e-007 -6.41758e+009 0
92856.5 -928566 -1.02154e-009 4.533e+006 -6.50169e-008 -6.42996e+009 0
93004.7 -930047 -4.37299e-009 4.533e+006 3.63159e-008 -6.44209e+009 0
93149.2 -931492 -5.13614e-009 4.533e+006 -7.28946e-008 -6.45396e+009 0
93289.5 -931855 -5.64712e-009 4.53296e+006 -8.88321e-008 -6.46549e+009 0
93425.9 -932428 -1.21091e-008 4.53289e+006 3.60238e-007 -6.47674e+009 0
93558.4 -934900 -1.64576e-008 4.53279e+006 5.60285e-007 -6.48781e+009 0
93686.7 -932546 -1.69643e-008 4.53245e+006 1.95089e-007 -6.49821e+009 0
93811.3 -937192 -1.68688e-008 4.53222e+006 1.85756e-007 -6.50878e+009 0
93933 -938756 -1.39433e-008 4.53219e+006 4.43107e-008 -6.51913e+009 0
94052 -940385 -1.47807e-008 4.53219e+006 1.7419e-007 -6.52934e+009 0
94055.7 872442 -4.2443e-007 3.96037e+006 7.11604e-006 -6.04765e+009 0
55501.3 -2.02198e+006 -1.22778e-006 4.26114e+006 1.8366e-005 -3.99903e+009 0
55418.4 -1.31483e+006 -8.19751e-007 4.48497e+006 1.39152e-005 -3.99098e+009 0
55577.6 -796126 -8.1133e-008 4.5208e+006 1.18376e-006 -3.9868e+009 0
55735.5 -653645 -2.97687e-008 4.52894e+006 1.15676e-006 -3.99484e+009 0
55894 -593250 -1.85871e-008 4.53153e+006 1.04625e-006 -4.0056e+009 0
56046.3 -582039 -3.25321e-008 4.5321e+006 1.31057e-006 -4.01758e+009 0
56099 -930442 -2.83012e-007 4.46067e+006 4.90199e-006 -4.03024e+009 0
56123.6 -662465 -4.1662e-007 4.3853e+006 6.96577e-006 -4.01934e+009 0
56133 -615317 -3.88417e-007 4.52328e+006 5.40639e-006 -4.03087e+009 0
