2247.7 -28.5275 -0.000142637
4495.33 -24.2816 -0.000121408
6742.99 -20.0357 -0.000100178
8990.65 -15.7898 -7.89489e-005
11238.3 -11.5439 -5.77194e-005
13486 -7.29798 -3.64899e-005
15720.8 -2.84503 -1.42252e-005
17875.5 2.16086 1.08043e-005
19907.2 7.65458 3.82729e-005
21807.8 13.534 6.76701e-005
23586.9 19.7602 9.88012e-005
25261.6 26.1421 0.00013071
26844.6 32.7242 0.000163621
28350.9 39.3252 0.000196626
29790.1 46.1484 0.000230742
31168.4 53.0061 0.000265031
32494.4 59.8727 0.000299364
33775.6 66.692 0.00033346
35016.6 73.6089 0.000368045
36222.1 80.5044 0.000402522
37396.2 87.3977 0.000436989
38542.7 94.2172 0.000471086
39665.4 100.974 0.000504872
40767 107.674 0.000538372
41850 114.331 0.000571654
42915.7 121.021 0.000605106
43965.4 127.716 0.000638578
45000.6 134.39 0.000671948
46022.5 141.022 0.000705111
47032.6 147.606 0.000738029
48032.1 154.125 0.000770627
49021.9 160.592 0.000802961
50003 167.018 0.000835094
50976.2 173.414 0.000867079
51941.9 179.791 0.00089897
52900.7 186.156 0.000930805
53853 192.509 0.000962588
54799.1 198.846 0.000994304
55739.4 205.193 0.0010261
56673.5 211.572 0.00105808
57601.9 217.948 0.00109009
58524.7 224.282 0.00112199
59442.1 230.583 0.00115385
60354.5 236.829 0.00118563
61262.1 243.02 0.00121742
62164.8 249.137 0.00124927
63062.8 255.14 0.00128117
63955.8 260.984 0.00131316
64843.8 266.644 0.00134547
65726.3 272.044 0.00137817
66602.8 277.114 0.00141146
67472.4 281.769 0.00144557
68334.3 285.918 0.00148071
69187.3 289.488 0.00151708
70030.2 292.445 0.00155494
70861.5 294.801 0.00159458
71679.7 296.609 0.00163626
72483.5 297.954 0.00168033
73271 298.928 0.00172686
74041.5 299.624 0.00177579
74794 300.121 0.00182703
75527.6 300.486 0.00188054
76241.9 300.767 0.00193663
76936.3 300.995 0.00199493
77610.6 301.192 0.00205563
78264.5 301.372 0.00211887
78897.5 301.546 0.00218533
79510 301.718 0.00225449
80101.5 301.89 0.00232639
80673.6 302.065 0.00240041
81225.6 302.243 0.00247651
81758.4 302.425 0.00255528
82272.4 302.612 0.00263635
82767.6 302.806 0.00272013
83245.4 303.003 0.00280599
83705.8 303.205 0.00289363
84149.6 303.412 0.00298366
84577.4 303.626 0.00307636
84988.8 303.846 0.00317225
85385.2 304.073 0.00327086
85767.4 304.304 0.00337139
86135.2 304.541 0.00347449
86490.3 304.78 0.00357835
86833.3 305.022 0.00368358
87163.9 305.269 0.00379066
87482.9 305.519 0.00389955
87791.3 305.774 0.00401061
88089.2 306.034 0.00412359
88377.1 306.297 0.00423786
88655.8 306.56 0.00435226
88925.6 306.827 0.00446833
89186.6 307.098 0.00458628
89439.2 307.373 0.0047056
89683.5 307.654 0.00482771
89919.9 307.943 0.00495326
90148.6 308.236 0.00508094
90369.8 308.536 0.00521129
90583.8 308.842 0.00534428
90791 309.153 0.00547947
90992.2 309.465 0.00561511
91188.2 309.775 0.00574988
91379.1 310.081 0.00588307
91565 310.383 0.00601454
91746.3 310.682 0.00614424
91923 310.976 0.00627206
92095.6 311.266 0.00639836
92264.4 311.554 0.00652361
92429.5 311.842 0.00664854
92590.7 312.13 0.00677406
92747.9 312.422 0.00690087
92901.3 312.716 0.00702875
93050.8 313.015 0.00715853
93196.6 313.318 0.00729033
93338.9 313.627 0.0074246
93477.4 313.944 0.00756262
93611.6 314.277 0.00770751
93741.9 314.617 0.00785534
93868.6 314.965 0.00800646
93991.1 315.328 0.00816418
94111.3 315.687 0.00832038
94212.4 316.136 0.0085157
94084.3 318.392 0.00949656
55461.8 321.126 0.0106853
55412.8 321.268 0.0107469
55575.1 321.608 0.0108948
55735.4 321.931 0.011035
55865.5 322.208 0.0111559
56022.9 322.514 0.0112885
56127 322.806 0.0114155
56193.6 323.076 0.0115332
