2247.7 -2.37536 -0.000183684
4495.33 -2.68329 -0.000207496
6742.99 -2.99123 -0.000231309
8990.65 -3.29916 -0.000255121
11238.3 -3.60709 -0.000278933
13486 -3.91503 -0.000302745
15720.8 -4.22925 -0.000327044
17875.5 -4.5562 -0.000352326
19907.2 -4.88865 -0.000378034
21807.8 -5.22022 -0.000403674
23586.9 -5.54877 -0.000429081
25261.6 -5.86979 -0.000453905
26844.6 -6.1849 -0.000478272
28350.9 -6.4856 -0.000501991
29790.1 -6.71993 -0.000525642
31168.4 -6.95026 -0.000548891
32494.4 -7.17693 -0.000571769
33775.6 -7.40062 -0.000594347
35016.6 -7.62101 -0.000616592
36222.1 -7.83763 -0.000638457
37396.2 -8.05116 -0.000660008
38542.7 -8.26184 -0.000681273
39665.4 -8.46922 -0.000702206
40767 -8.67315 -0.000722788
41850 -8.87548 -0.00074321
42915.7 -9.07525 -0.000763374
43965.4 -9.27225 -0.000783258
45000.6 -9.46694 -0.000802909
46022.5 -9.65961 -0.000822356
47032.6 -9.85046 -0.000841619
48032.1 -10.0394 -0.000860691
49021.9 -10.2271 -0.000879634
50003 -10.4133 -0.000898431
50976.2 -10.5985 -0.000917123
51941.9 -10.7825 -0.000935692
52900.7 -10.9652 -0.000954134
53853 -11.1466 -0.000972446
54799.1 -11.3268 -0.00099063
55739.4 -11.4832 -0.00100877
56673.5 -11.6149 -0.00102693
57601.9 -11.7464 -0.00104506
58524.7 -11.8775 -0.00106313
59442.1 -12.0087 -0.00108123
60354.5 -12.1394 -0.00109925
61262.1 -12.2695 -0.00111718
62164.8 -12.3998 -0.00113515
63062.8 -12.5302 -0.00115314
63955.8 -12.6608 -0.00117115
64843.8 -12.7923 -0.00118927
65726.3 -12.9247 -0.00120754
66602.8 -13.058 -0.00122592
67472.4 -13.1933 -0.00124458
68334.3 -13.3313 -0.0012636
69187.3 -13.4719 -0.00128298
70030.2 -13.6156 -0.0013028
70861.5 -13.763 -0.00132312
71679.7 -13.9144 -0.001344
72483.5 -14.0708 -0.00136556
73271 -14.2315 -0.00138772
74041.5 -14.3968 -0.00141052
74794 -14.5673 -0.00143402
75527.6 -14.7416 -0.00145807
76241.9 -14.9203 -0.0014827
76936.3 -15.0878 -0.00150801
77610.6 -15.2252 -0.00153416
78264.5 -15.3664 -0.00156103
78897.5 -15.5103 -0.00158842
79510 -15.6586 -0.00161665
80101.5 -15.8106 -0.00164559
80673.6 -15.966 -0.00167517
81225.6 -16.1245 -0.00170533
81758.4 -16.2875 -0.00173636
82272.4 -16.4547 -0.00176818
82767.6 -16.6256 -0.00180071
83245.4 -16.8012 -0.00183413
83705.8 -16.9805 -0.00186825
84149.6 -17.1638 -0.00190315
84577.4 -17.3508 -0.00193873
84988.8 -17.5421 -0.00197516
85385.2 -17.7226 -0.00201256
85767.4 -17.8735 -0.00205046
86135.2 -18.0265 -0.00208893
86490.3 -18.1801 -0.0021275
86833.3 -18.3351 -0.00216645
87163.9 -18.4928 -0.00220608
87482.9 -18.652 -0.00224609
87791.3 -18.8129 -0.00228652
88089.2 -18.9749 -0.00232722
88377.1 -19.139 -0.00236847
88655.8 -19.3023 -0.00240949
88925.6 -19.4647 -0.00245029
89186.6 -19.6281 -0.00249134
89439.2 -19.7741 -0.00253269
89683.5 -19.9171 -0.00257454
89919.9 -20.0636 -0.00261744
90148.6 -20.2114 -0.00266074
90369.8 -20.3615 -0.00270466
90583.8 -20.5136 -0.00274922
90791 -20.6671 -0.00279415
90992.2 -20.8206 -0.0028391
91188.2 -20.9729 -0.00288371
91379.1 -21.1233 -0.00292773
91565 -21.2715 -0.00297114
91746.3 -21.419 -0.003014
91923 -21.5663 -0.0030562
92095.6 -21.7119 -0.0030979
92264.4 -21.8563 -0.00313924
92429.5 -21.999 -0.00318013
92590.7 -22.1412 -0.00322083
92747.9 -22.2838 -0.00326167
92901.3 -22.4261 -0.00330242
93050.8 -22.5695 -0.00334351
93196.6 -22.7143 -0.00338498
93338.9 -22.86 -0.0034267
93477.4 -23.008 -0.00346909
93611.6 -23.008 -0.00351432
93741.9 -23.008 -0.00356028
93868.6 -23.008 -0.00360722
93991.1 -23.008 -0.00365729
94111.3 -23.008 -0.00370627
94212.4 -23.008 -0.00375402
94084.3 0 -0.00404379
55461.8 0 -0.0121174
55412.8 0 -0.0124097
55575.1 0 -0.0126139
55735.4 0 -0.0127846
55865.5 0 -0.0129573
56022.9 0 -0.0131154
56127 0 -0.0133238
56193.6 0 -0.0135674
