2247.7 -22477 1.14891e-007 4.533e+006 -5.6085e-006 -1.5153e+008 0
4495.33 -44953.3 -1.95833e-009 4.533e+006 2.23556e-007 -3.03356e+008 0
6742.99 -67429.9 2.99721e-009 4.533e+006 -1.73545e-007 -4.55182e+008 0
8990.65 -89906.5 -1.44256e-009 4.533e+006 1.30444e-008 -6.07008e+008 0
11238.3 -112383 1.29565e-009 4.533e+006 -1.67611e-007 -7.58834e+008 0
13486 -134860 -7.41493e-010 4.533e+006 3.70788e-008 -9.1066e+008 0
15720.8 -156047 -1.63296e-008 4.53304e+006 8.03973e-007 -1.06155e+009 0
17875.5 -179720 -6.1054e-008 4.53304e+006 2.90757e-006 -1.2073e+009 0
19907.2 -198231 -8.1251e-008 4.53303e+006 3.89108e-006 -1.34467e+009 0
21807.8 -217255 -8.04529e-008 4.53304e+006 3.93939e-006 -1.47341e+009 0
23586.9 -235860 -7.47026e-008 4.53299e+006 3.67344e-006 -1.59411e+009 0
25261.6 -252609 -6.12354e-008 4.53299e+006 2.96927e-006 -1.70781e+009 0
26844.6 -268446 -5.71762e-008 4.533e+006 2.86664e-006 -1.81542e+009 0
28350.9 -283535 -4.2601e-008 4.533e+006 2.1871e-006 -1.91791e+009 0
29790.1 -297904 -4.20731e-008 4.533e+006 2.09818e-006 -2.01594e+009 0
31168.4 -311685 -3.33452e-008 4.533e+006 1.58493e-006 -2.10992e+009 0
32494.4 -324944 -2.99294e-008 4.533e+006 1.50901e-006 -2.20042e+009 0
33775.6 -337756 -2.46301e-008 4.533e+006 1.21564e-006 -2.28793e+009 0
35016.6 -350088 -2.61584e-008 4.53301e+006 1.34534e-006 -2.37277e+009 0
36222.1 -362221 -2.06012e-008 4.533e+006 9.80053e-007 -2.45526e+009 0
37396.2 -373967 -1.92466e-008 4.533e+006 9.42368e-007 -2.53565e+009 0
38542.7 -385427 -1.64683e-008 4.533e+006 7.74187e-007 -2.61421e+009 0
39665.4 -396654 -1.22017e-008 4.533e+006 6.00405e-007 -2.69117e+009 0
40767 -407670 -1.06065e-008 4.533e+006 4.9026e-007 -2.76674e+009 0
41850 -418500 -1.13345e-008 4.533e+006 4.84184e-007 -2.84107e+009 0
42915.7 -429157 -1.17617e-008 4.533e+006 5.80275e-007 -2.91425e+009 0
43965.4 -439657 -9.52379e-009 4.533e+006 4.13136e-007 -2.98636e+009 0
45000.6 -450006 -1.04532e-008 4.533e+006 4.51306e-007 -3.05751e+009 0
46022.5 -460225 -5.77072e-009 4.533e+006 3.09004e-007 -3.12778e+009 0
47032.6 -470326 -8.41367e-009 4.533e+006 3.62922e-007 -3.19726e+009 0
48032.1 -480321 -4.85271e-009 4.533e+006 2.1966e-007 -3.26603e+009 0
49021.9 -490219 -4.89589e-009 4.533e+006 2.83509e-007 -3.33415e+009 0
50003 -500030 -3.55311e-009 4.533e+006 1.14878e-007 -3.40171e+009 0
50976.2 -509762 -5.55743e-009 4.533e+006 2.3552e-007 -3.46872e+009 0
51941.9 -519419 -4.6382e-009 4.533e+006 2.16461e-007 -3.53525e+009 0
52900.7 -529007 -2.95408e-009 4.533e+006 1.55781e-007 -3.60132e+009 0
53853 -538530 -6.51735e-009 4.533e+006 2.78284e-007 -3.66695e+009 0
54799.1 -547991 1.08083e-009 4.533e+006 2.13087e-008 -3.73217e+009 0
55739.4 -557394 -2.65657e-009 4.533e+006 1.5919e-007 -3.797e+009 0
56673.5 -566736 -3.96046e-010 4.533e+006 7.97738e-008 -3.86143e+009 0
57601.9 -576019 -1.28974e-009 4.533e+006 4.40933e-008 -3.92547e+009 0
58524.7 -585247 -7.4608e-010 4.533e+006 4.71805e-009 -3.98913e+009 0
59442.1 -594421 7.28387e-010 4.533e+006 -8.76964e-008 -4.05245e+009 0
60354.5 -603545 -1.0623e-009 4.533e+006 7.636e-008 -4.11542e+009 0
61262.1 -612621 -1.58277e-009 4.533e+006 8.86457e-008 -4.17808e+009 0
62164.8 -621648 -4.17786e-009 4.533e+006 1.95464e-007 -4.24041e+009 0
63062.8 -630628 -2.2806e-009 4.533e+006 8.70501e-008 -4.30243e+009 0
63955.8 -639558 -3.62813e-009 4.533e+006 1.26017e-007 -4.36412e+009 0
64843.8 -648438 -2.31933e-009 4.533e+006 1.1693e-007 -4.42547e+009 0
65726.3 -657264 -2.52887e-009 4.533e+006 1.80171e-007 -4.48646e+009 0
66602.8 -666026 -5.18492e-009 4.533e+006 2.37322e-007 -4.54705e+009 0
67472.4 -674725 -2.34599e-009 4.533e+006 3.90584e-008 -4.60718e+009 0
68334.3 -683344 -6.10332e-009 4.533e+006 4.01872e-007 -4.6668e+009 0
69187.3 -691869 -5.71269e-009 4.533e+006 2.00834e-007 -4.72582e+009 0
70030.2 -700300 -4.89117e-009 4.533e+006 2.13874e-007 -4.78417e+009 0
70861.5 -708614 -5.84103e-009 4.533e+006 1.99052e-007 -4.84176e+009 0
71679.7 -716802 -6.75902e-009 4.533e+006 3.51858e-007 -4.89847e+009 0
72483.5 -724828 -8.50692e-009 4.533e+006 4.72986e-007 -4.95421e+009 0
73271 -732713 -9.91719e-009 4.533e+006 5.29099e-007 -5.00889e+009 0
74041.5 -740416 -6.74743e-009 4.533e+006 3.64712e-007 -5.06242e+009 0
74794 -747941 -9.95186e-009 4.533e+006 4.24983e-007 -5.11476e+009 0
75527.6 -755257 -9.5627e-009 4.533e+006 5.0972e-007 -5.16584e+009 0
76241.9 -762419 -1.06782e-008 4.533e+006 5.10473e-007 -5.21563e+009 0
76936.3 -769361 -1.2426e-008 4.533e+006 6.01689e-007 -5.26411e+009 0
77610.6 -776105 -1.25599e-008 4.533e+006 5.92977e-007 -5.31124e+009 0
78264.5 -782645 -1.12587e-008 4.533e+006 6.2983e-007 -5.35701e+009 0
78897.5 -788975 -1.10918e-008 4.533e+006 5.38708e-007 -5.4014e+009 0
79510 -795101 -1.32736e-008 4.533e+006 7.57172e-007 -5.44442e+009 0
80101.5 -801022 -1.26026e-008 4.533e+006 5.39219e-007 -5.48605e+009 0
80673.6 -806732 -1.31363e-008 4.533e+006 6.37761e-007 -5.52638e+009 0
81225.6 -812263 -1.10653e-008 4.533e+006 6.95748e-007 -5.56538e+009 0
81758.4 -817585 -9.25059e-009 4.533e+006 4.93493e-007 -5.6031e+009 0
82272.4 -822723 -1.01127e-008 4.533e+006 4.90713e-007 -5.63957e+009 0
82767.6 -827670 -1.28185e-008 4.533e+006 5.77085e-007 -5.67479e+009 0
83245.4 -832455 -1.60045e-008 4.533e+006 7.35422e-007 -5.70884e+009 0
83705.8 -837059 -1.2633e-008 4.533e+006 5.77514e-007 -5.74175e+009 0
84149.6 -841497 -1.00787e-008 4.533e+006 3.65142e-007 -5.77354e+009 0
84577.4 -845774 -9.63928e-009 4.533e+006 5.38769e-007 -5.80427e+009 0
84988.8 -849900 -1.01707e-008 4.533e+006 5.13614e-007 -5.83391e+009 0
85385.2 -853852 -7.19889e-009 4.533e+006 3.78294e-007 -5.86255e+009 0
85767.4 -857673 -1.06486e-008 4.533e+006 4.83001e-007 -5.89025e+009 0
86135.2 -861343 -1.12956e-008 4.533e+006 5.13135e-007 -5.91699e+009 0
86490.3 -864903 -3.6471e-009 4.533e+006 2.28615e-007 -5.94289e+009 0
86833.3 -868333 -6.96891e-009 4.533e+006 2.71165e-007 -5.96798e+009 0
87163.9 -871640 -4.53482e-009 4.533e+006 1.27162e-007 -5.99225e+009 0
87482.9 -874850 -4.7543e-009 4.533e+006 4.4801e-007 -6.01574e+009 0
87791.3 -877903 -6.66457e-009 4.533e+006 2.57141e-007 -6.03852e+009 0
88089.2 -880901 -6.12607e-009 4.533e+006 1.82977e-007 -6.06061e+009 0
88377.1 -883769 -2.7446e-009 4.533e+006 1.13627e-007 -6.08203e+009 0
88655.8 -886559 -3.20168e-009 4.533e+006 2.53324e-008 -6.10285e+009 0
88925.6 -889259 -7.43831e-009 4.533e+006 4.41444e-007 -6.12307e+009 0
89186.6 -891866 -1.07155e-008 4.533e+006 5.7965e-007 -6.1427e+009 0
89439.2 -894392 -7.69934e-009 4.533e+006 5.84797e-007 -6.16177e+009 0
89683.5 -896835 -1.20773e-009 4.533e+006 6.58256e-008 -6.1803e+009 0
89919.9 -899199 -3.48542e-009 4.533e+006 1.80133e-007 -6.19829e+009 0
90148.6 -901486 -3.51502e-010 4.533e+006 -7.01407e-008 -6.21577e+009 0
90369.8 -903698 -2.76066e-009 4.533e+006 2.50562e-007 -6.23276e+009 0
90583.8 -905838 -5.73872e-009 4.533e+006 2.46324e-007 -6.24927e+009 0
90791 -907910 -3.50602e-009 4.533e+006 4.51878e-008 -6.26532e+009 0
90992.2 -909922 -1.83738e-009 4.533e+006 -1.78862e-009 -6.28098e+009 0
91188.2 -911882 -4.12275e-009 4.533e+006 4.6324e-008 -6.29628e+009 0
91379.1 -913791 -3.73587e-009 4.533e+006 2.10482e-007 -6.31125e+009 0
91565 -915650 2.15797e-009 4.533e+006 -1.5405e-007 -6.32589e+009 0
91746.3 -917462 -9.04222e-009 4.533e+006 3.25381e-007 -6.34022e+009 0
91923 -919230 2.43735e-009 4.533e+006 -2.28951e-007 -6.35424e+009 0
92095.6 -920955 2.38005e-009 4.533e+006 -1.30543e-007 -6.36799e+009 0
92264.4 -922644 -3.94794e-009 4.533e+006 1.97042e-007 -6.38149e+009 0
92429.5 -924296 -8.07369e-009 4.533e+006 3.68714e-007 -6.39475e+009 0
92590.7 -925941 -4.71967e-009 4.533e+006 2.80908e-007 -6.40774e+009 0
92747.9 -927479 -2.96128e-009 4.533e+006 6.06927e-009 -6.42047e+009 0
92901.3 -929013 -1.36912e-009 4.533e+006 5.88013e-008 -6.43294e+009 0
93050.8 -930508 -4.5466e-009 4.533e+006 3.90994e-007 -6.44515e+009 0
93196.6 -931968 -8.27087e-009 4.533e+006 3.3892e-007 -6.45712e+009 0
93338.9 -933317 -5.0363e-009 4.533e+006 2.67788e-007 -6.46885e+009 0
93477.4 -933695 -4.54102e-010 4.53296e+006 4.29507e-008 -6.48026e+009 0
93611.6 -935391 -3.36398e-009 4.53282e+006 1.11049e-007 -6.49137e+009 0
93741.9 -933419 -7.36817e-009 4.53263e+006 4.1113e-007 -6.50202e+009 0
93868.6 -953533 -4.9604e-009 4.53167e+006 1.75723e-007 -6.51299e+009 0
93991.1 -940766 -5.1318e-009 4.53207e+006 3.06906e-007 -6.52299e+009 0
94111.3 -941433 -1.09529e-008 4.53211e+006 2.78818e-007 -6.53326e+009 0
94212.4 2.14106e+006 -2.6641e-008 4.41773e+006 1.35777e-006 -6.30829e+009 0
94084.3 -497660 -2.92891e-007 3.69723e+006 1.40769e-005 -5.94761e+009 0
55461.8 -1.67733e+006 -1.83904e-007 4.30467e+006 9.03938e-006 -3.98962e+009 0
55412.8 -1.26513e+006 -2.23673e-007 4.48542e+006 1.13786e-005 -3.99159e+009 0
55575.1 -891461 -2.86495e-008 4.51658e+006 1.25202e-006 -3.99213e+009 0
55735.4 -725990 -1.35073e-009 4.52604e+006 -1.22169e-008 -3.9995e+009 0
55865.5 -696389 -2.91416e-008 4.52547e+006 1.42664e-006 -4.00928e+009 0
56022.9 -629669 -1.45859e-009 4.53008e+006 -3.01688e-007 -4.01987e+009 0
56127 -957030 -5.3336e-008 4.51481e+006 2.28308e-006 -4.03978e+009 0
56193.6 -2.2081e+006 -9.28137e-008 4.42459e+006 4.48369e-006 -4.08395e+009 0
