2247.7 5.1596e-005
4495.33 0.000109107
6742.99 0.000166617
8990.65 0.000224128
11238.3 0.000281639
13486 0.000339149
15720.8 0.000396772
17875.5 0.000455198
19907.2 0.000515038
21807.8 0.000576401
23586.9 0.000638892
25261.6 0.000702155
26844.6 0.00076598
28350.9 0.000830147
29790.1 0.000894532
31168.4 0.00095911
32494.4 0.00102377
33775.6 0.00108845
35016.6 0.00115318
36222.1 0.0012179
37396.2 0.00128257
38542.7 0.00134718
39665.4 0.00141173
40767 0.00147623
41850 0.00154057
42915.7 0.00160477
43965.4 0.00166882
45000.6 0.00173272
46022.5 0.00179646
47032.6 0.00186005
48032.1 0.0019235
49021.9 0.00198676
50003 0.00204984
50976.2 0.00211276
51941.9 0.0021755
52900.7 0.00223806
53853 0.00230046
54799.1 0.0023627
55739.4 0.0024248
56673.5 0.00248677
57601.9 0.00254863
58524.7 0.00261038
59442.1 0.00267203
60354.5 0.00273356
61262.1 0.00279499
62164.8 0.00285632
63062.8 0.00291756
63955.8 0.00297871
64843.8 0.0030398
65726.3 0.00310083
66602.8 0.00316183
67472.4 0.00322283
68334.3 0.00328385
69187.3 0.00334493
70030.2 0.0034061
70861.5 0.00346739
71679.7 0.00352884
72483.5 0.00359051
73271 0.00365242
74041.5 0.0037146
74794 0.00377709
75527.6 0.00383991
76241.9 0.00390309
76936.3 0.00396665
77610.6 0.00403059
78264.5 0.00409493
78897.5 0.00415969
79510 0.00422487
80101.5 0.00429046
80673.6 0.00435646
81225.6 0.00442289
81758.4 0.00448972
82272.4 0.00455697
82767.6 0.00462462
83245.4 0.00469264
83705.8 0.00476105
84149.6 0.00482983
84577.4 0.00489897
84988.8 0.00496846
85385.2 0.0050383
85767.4 0.00510845
86135.2 0.00517893
86490.3 0.00524969
86833.3 0.00532073
87163.9 0.00539205
87482.9 0.00546364
87791.3 0.00553548
88089.2 0.00560755
88377.1 0.00567986
88655.8 0.00575238
88925.6 0.0058251
89186.6 0.00589803
89439.2 0.00597115
89683.5 0.00604445
89919.9 0.00611794
90148.6 0.0061916
90369.8 0.00626542
90583.8 0.00633939
90791 0.00641351
90992.2 0.00648777
91188.2 0.00656217
91379.1 0.00663669
91565 0.00671133
91746.3 0.00678609
91923 0.00686097
92095.6 0.00693596
92264.4 0.00701104
92429.5 0.00708623
92590.7 0.00716151
92747.9 0.0072369
92901.3 0.00731237
93050.8 0.00738793
93196.6 0.00746358
93338.9 0.00753931
93477.4 0.00761512
93611.6 0.00769099
93741.9 0.00776694
93868.6 0.00784295
93991.1 0.00791903
94111.3 0.00799518
94212.4 0.00807131
94084.3 0.00814654
55461.8 0.00883335
55412.8 0.00890907
55575.1 0.00898194
55735.4 0.00905482
55865.5 0.0091281
56022.9 0.00920101
56127 0.00927465
56193.6 0.0093488
