3501.13 -16.0191 -8.00957e-005
7002.14 -11.7646 -5.88231e-005
10503.2 -7.5101 -3.75505e-005
14004.2 -3.25565 -1.62783e-005
17400.2 1.64208 8.21041e-006
20467.7 7.46707 3.73353e-005
23178.5 13.9946 6.99731e-005
25590.2 21.0704 0.000105352
27768.5 28.4024 0.000142012
29763.6 35.9658 0.000179829
31618.6 43.5548 0.000217774
33359.5 51.2986 0.000256493
35008.3 58.9981 0.00029499
36584.5 66.5737 0.000332869
38099.4 74.2727 0.000371363
39559.7 81.9934 0.000409967
40975.1 89.5597 0.000447798
42353.3 97.0163 0.000485081
43697.9 104.491 0.000522454
45011.5 112.01 0.000560052
46296.5 119.577 0.000597887
47556 127.062 0.000635309
48793.1 134.484 0.000672422
50009.9 141.858 0.00070929
51208.2 149.195 0.000745977
52390 156.449 0.000782244
53557.3 163.66 0.0008183
54710.8 170.865 0.00085433
55851.7 178.015 0.000890085
56981.5 185.133 0.000925678
58100.7 192.226 0.000961158
59210.2 199.264 0.000996373
60310.6 206.277 0.00103148
61402.5 213.306 0.00106671
62486.3 220.314 0.00110189
63562.2 227.283 0.00113698
64631.1 234.209 0.00117202
65693.3 241.054 0.00120691
66749.2 247.806 0.00124175
67798.7 254.438 0.00127662
68842.2 260.894 0.00131155
69879.1 267.123 0.00134676
70909.3 273.057 0.00138251
71931.9 278.564 0.00141889
72945.9 283.529 0.0014562
73949.9 287.842 0.0014948
74942.2 291.433 0.00153515
75920.3 294.276 0.00157765
76881.6 296.427 0.00162297
77823.4 297.978 0.00167149
78743.5 299.047 0.00172302
79639.7 299.776 0.00177792
80510.5 300.279 0.00183643
81355 300.635 0.00189779
82172.9 300.905 0.00196172
82964.4 301.128 0.00202824
83729 301.326 0.00209758
84467.6 301.513 0.00216935
85180.1 301.696 0.00224383
85866.7 301.883 0.00232207
86527.7 302.074 0.00240345
87163.8 302.27 0.002488
87776.7 302.469 0.00257412
88366.7 302.672 0.00266221
88935.6 302.88 0.00275229
89483.6 303.091 0.00284399
90012.7 303.305 0.00293703
90523.4 303.521 0.00303086
91016.7 303.739 0.0031258
91493 303.964 0.00322347
91952.7 304.194 0.00332358
92395.7 304.433 0.0034273
92823.8 304.676 0.00353319
93236.6 304.927 0.00364221
93634.9 305.181 0.0037527
94020.1 305.439 0.00386468
94392.8 305.699 0.00397763
94753.6 305.959 0.00409088
95102.5 306.221 0.00420499
95440.5 306.488 0.00432092
95766.4 306.766 0.00444168
96080.7 307.056 0.00456791
96384.6 307.352 0.00469671
96679.1 307.653 0.00482748
96964.5 307.956 0.00495899
97240.7 308.258 0.00509031
97507.9 308.564 0.00522353
97766.6 308.875 0.00535854
98017.7 309.188 0.00549492
98260.8 309.51 0.00563457
98494.8 309.844 0.00578002
98720.3 310.193 0.00593191
98938.3 310.549 0.00608656
99149.5 310.912 0.00624446
99354.9 311.278 0.00640368
99554.1 311.648 0.00656422
99747.1 312.016 0.00672452
99934.6 312.38 0.00688241
100117 312.738 0.00703811
100296 313.091 0.00719165
100468 313.451 0.00734838
100636 313.818 0.007508
100799 314.188 0.00766856
100954 314.577 0.00783787
101106 314.969 0.00800842
101254 315.365 0.00818059
101398 315.766 0.00835479
101539 316.171 0.00853091
101534 317.561 0.00913511
56519.7 321.25 0.010739
56394.8 321.382 0.0107964
56555.5 321.677 0.010925
56716.6 322.023 0.0110751
56877.6 322.375 0.0112283
56994.8 322.657 0.011351
