3501.13 -2.79254 -0.000123679
7002.14 -3.33024 -0.000147494
10503.2 -3.86794 -0.000171308
14004.2 -4.40555 -0.000195118
17400.2 -4.97438 -0.000220311
20467.7 -5.5659 -0.000246509
23178.5 -6.15484 -0.000272593
25590.2 -6.73141 -0.000298129
27768.5 -7.28655 -0.000322716
29763.6 -7.82207 -0.000346433
31618.6 -8.3354 -0.000369168
33359.5 -8.83223 -0.000391173
35008.3 -9.31077 -0.000412366
36584.5 -9.7723 -0.000432807
38099.4 -10.2223 -0.000452736
39559.7 -10.6602 -0.00047213
40975.1 -11.0857 -0.000490978
42353.3 -11.4591 -0.000509467
43697.9 -11.7881 -0.000527818
45011.5 -12.1131 -0.000545948
46296.5 -12.4321 -0.000563746
47556 -12.7469 -0.000581308
48793.1 -13.058 -0.000598664
50009.9 -13.3662 -0.000615855
51208.2 -13.6723 -0.000632931
52390 -13.9751 -0.000649823
53557.3 -14.2739 -0.000666491
54710.8 -14.5696 -0.000682992
55851.7 -14.8627 -0.000699339
56981.5 -15.1533 -0.000715551
58100.7 -15.4416 -0.000731633
59210.2 -15.7281 -0.000747619
60310.6 -16.0133 -0.000763526
61402.5 -16.296 -0.000779301
62486.3 -16.5766 -0.000794951
63562.2 -16.8552 -0.000810492
64631.1 -17.1324 -0.00082596
65693.3 -17.4084 -0.000841353
66749.2 -17.6831 -0.00085668
67798.7 -17.957 -0.000871961
68842.2 -18.2308 -0.000887235
69879.1 -18.5058 -0.000902574
70909.3 -18.7824 -0.000918008
71931.9 -19.0618 -0.000933592
72945.9 -19.345 -0.00094939
73949.9 -19.6335 -0.000965487
74942.2 -19.9291 -0.000981975
75920.3 -20.2334 -0.000998952
76881.6 -20.4732 -0.00101669
77823.4 -20.7189 -0.00103523
78743.5 -20.9749 -0.00105456
79639.7 -21.2388 -0.00107448
80510.5 -21.5149 -0.00109532
81355 -21.7992 -0.00111678
82172.9 -22.0904 -0.00113876
82964.4 -22.3875 -0.00116119
83729 -22.6923 -0.00118419
84467.6 -23.0028 -0.00120764
85180.1 -23.3158 -0.00123126
85866.7 -23.6346 -0.00125533
86527.7 -23.9579 -0.00127973
87163.8 -24.2875 -0.00130461
87776.7 -24.6197 -0.00132968
88366.7 -24.9542 -0.00135494
88935.6 -25.2928 -0.00138049
89483.6 -25.6352 -0.00140634
90012.7 -25.9794 -0.00143232
90523.4 -26.3237 -0.00145831
91016.7 -26.6664 -0.00148418
91493 -26.972 -0.00151036
91952.7 -27.2179 -0.00153689
92395.7 -27.4694 -0.00156402
92823.8 -27.7245 -0.00159155
93236.6 -27.9827 -0.0016194
93634.9 -28.2431 -0.0016475
94020.1 -28.5065 -0.00167591
94392.8 -28.7706 -0.00170441
94753.6 -29.0351 -0.00173294
95102.5 -29.3009 -0.00176162
95440.5 -29.5705 -0.0017907
95766.4 -29.8435 -0.00182016
96080.7 -30.1268 -0.00185072
96384.6 -30.4131 -0.00188162
96679.1 -30.7023 -0.00191281
96964.5 -30.9903 -0.00194388
97240.7 -31.2775 -0.00197487
97507.9 -31.5501 -0.00200611
97766.6 -31.7578 -0.00203803
98017.7 -31.9669 -0.00207016
98260.8 -32.181 -0.00210307
98494.8 -32.3974 -0.00213634
98720.3 -32.6199 -0.00217054
98938.3 -32.8454 -0.00220519
99149.5 -33.0764 -0.0022407
99354.9 -33.31 -0.0022766
99554.1 -33.5421 -0.00231228
99747.1 -33.7745 -0.00234799
99934.6 -34.0038 -0.00238323
100117 -34.23 -0.002418
100296 -34.4531 -0.00245229
100468 -34.6808 -0.0024873
100636 -34.6808 -0.00252354
100799 -34.6808 -0.0025601
100954 -34.6808 -0.00259898
101106 -34.6808 -0.00263837
101254 -34.6808 -0.00267797
101398 -34.6808 -0.00271782
101539 -34.6808 -0.00275787
101534 0 -0.00285322
56519.7 0 -0.0106719
56394.8 0 -0.0109633
56555.5 0 -0.0111175
56716.6 0 -0.0112685
56877.6 0 -0.0114206
56994.8 0 -0.0115807
