3501.13 5.53072e-005
7002.14 0.00011284
10503.2 0.000170373
14004.2 0.000227906
17400.2 0.000286093
20467.7 0.000346673
23178.5 0.000409674
25590.2 0.000474219
27768.5 0.000539715
29763.6 0.000605765
31618.6 0.000672122
33359.5 0.000738616
35008.3 0.000805146
36584.5 0.000871575
38099.4 0.000937888
39559.7 0.00100405
40975.1 0.00107001
42353.3 0.00113572
43697.9 0.00120123
45011.5 0.00126654
46296.5 0.00133162
47556 0.00139647
48793.1 0.00146111
50009.9 0.00152556
51208.2 0.00158984
52390 0.00165397
53557.3 0.00171791
54710.8 0.00178166
55851.7 0.00184522
56981.5 0.00190861
58100.7 0.00197186
59210.2 0.00203499
60310.6 0.00209797
61402.5 0.00216083
62486.3 0.00222355
63562.2 0.00228612
64631.1 0.00234854
65693.3 0.00241081
66749.2 0.00247295
67798.7 0.00253495
68842.2 0.00259684
69879.1 0.00265863
70909.3 0.00272032
71931.9 0.00278194
72945.9 0.00284352
73949.9 0.00290509
74942.2 0.00296669
75920.3 0.00302838
76881.6 0.00309019
77823.4 0.00315219
78743.5 0.00321444
79639.7 0.00327698
80510.5 0.00333987
81355 0.00340313
82172.9 0.00346678
82964.4 0.00353084
83729 0.00359534
84467.6 0.00366026
85180.1 0.00372564
85866.7 0.00379145
86527.7 0.00385771
87163.8 0.00392442
87776.7 0.00399155
88366.7 0.00405909
88935.6 0.00412705
89483.6 0.0041954
90012.7 0.00426412
90523.4 0.0043332
91016.7 0.00440262
91493 0.00447239
91952.7 0.00454249
92395.7 0.00461291
92823.8 0.00468364
93236.6 0.00475467
93634.9 0.00482598
94020.1 0.00489756
94392.8 0.0049694
94753.6 0.00504148
95102.5 0.0051138
95440.5 0.00518635
95766.4 0.00525913
96080.7 0.00533213
96384.6 0.00540533
96679.1 0.00547872
96964.5 0.00555229
97240.7 0.00562604
97507.9 0.00569997
97766.6 0.00577405
98017.7 0.00584829
98260.8 0.00592268
98494.8 0.00599721
98720.3 0.00607188
98938.3 0.00614668
99149.5 0.0062216
99354.9 0.00629664
99554.1 0.00637179
99747.1 0.00644705
99934.6 0.00652242
100117 0.00659787
100296 0.00667343
100468 0.00674907
100636 0.0068248
100799 0.00690062
100954 0.00697651
101106 0.00705248
101254 0.00712852
101398 0.00720463
101539 0.0072808
101534 0.00735652
56519.7 0.0080394
56394.8 0.00811589
56555.5 0.00818931
56716.6 0.00826274
56877.6 0.00833618
56994.8 0.00841006
