3501.13 -35011.2 2.19624e-008 4.533e+006 -3.07676e-006 -2.35116e+008 0
7002.14 -70021.4 3.08849e-010 4.533e+006 -6.05293e-009 -4.70344e+008 0
10503.2 -105032 -5.8064e-010 4.533e+006 1.15829e-008 -7.05572e+008 0
14004.2 -140042 1.16849e-009 4.533e+006 -9.2918e-008 -9.40797e+008 0
17400.2 -171273 -1.64959e-008 4.53316e+006 2.40805e-006 -1.1688e+009 0
20467.7 -202326 -2.90835e-008 4.53314e+006 4.28855e-006 -1.3752e+009 0
23178.5 -231044 -3.2806e-008 4.53344e+006 4.29889e-006 -1.55786e+009 0
25590.2 -256082 -2.40548e-008 4.533e+006 3.31586e-006 -1.72081e+009 0
27768.5 -277687 -1.70363e-008 4.533e+006 2.35654e-006 -1.86802e+009 0
29763.6 -297639 -1.59536e-008 4.533e+006 2.0941e-006 -2.00304e+009 0
31618.6 -316187 -1.0147e-008 4.533e+006 1.49672e-006 -2.12873e+009 0
33359.5 -333596 -8.6442e-009 4.533e+006 1.17409e-006 -2.24684e+009 0
35008.3 -350083 -7.17397e-009 4.533e+006 1.03001e-006 -2.35882e+009 0
36584.5 -365851 -6.36261e-009 4.533e+006 8.65507e-007 -2.46597e+009 0
38099.4 -380992 -5.04462e-009 4.533e+006 6.76413e-007 -2.56903e+009 0
39559.7 -395600 -4.5749e-009 4.533e+006 6.77259e-007 -2.66847e+009 0
40975.1 -409751 -3.99431e-009 4.533e+006 5.28743e-007 -2.76491e+009 0
42353.3 -423533 -4.65509e-009 4.533e+006 4.31388e-007 -2.85888e+009 0
43697.9 -437015 -4.30862e-009 4.533e+006 4.36823e-007 -2.95062e+009 0
45011.5 -450115 -3.32367e-009 4.533e+006 3.68151e-007 -3.04029e+009 0
46296.5 -462965 -1.5268e-009 4.533e+006 3.52323e-007 -3.12807e+009 0
47556 -475560 9.47536e-010 4.533e+006 5.33843e-008 -3.21414e+009 0
48793.1 -487930 -2.51207e-009 4.533e+006 2.85414e-007 -3.29872e+009 0
50009.9 -500099 -8.37795e-010 4.533e+006 8.10516e-008 -3.38195e+009 0
51208.2 -512082 -1.96445e-009 4.533e+006 1.6617e-007 -3.46395e+009 0
52390 -523900 -7.91362e-010 4.533e+006 1.05201e-007 -3.54486e+009 0
53557.3 -535575 -3.18802e-009 4.533e+006 2.76639e-007 -3.62479e+009 0
54710.8 -547107 1.15119e-010 4.533e+006 -2.11009e-008 -3.70381e+009 0
55851.7 -558517 2.73597e-010 4.533e+006 -2.51724e-008 -3.782e+009 0
56981.5 -569816 1.14357e-009 4.533e+006 7.81115e-008 -3.85944e+009 0
58100.7 -581007 -2.05206e-010 4.533e+006 3.17422e-009 -3.93618e+009 0
59210.2 -592102 -1.6887e-009 4.533e+006 1.25231e-007 -4.01227e+009 0
60310.6 -603106 8.90092e-010 4.533e+006 6.06554e-008 -4.08776e+009 0
61402.5 -614023 2.49396e-010 4.533e+006 4.01083e-008 -4.16268e+009 0
62486.3 -624863 1.23314e-009 4.533e+006 4.16078e-009 -4.23706e+009 0
63562.2 -635624 -1.73978e-009 4.533e+006 1.47976e-007 -4.31092e+009 0
64631.1 -646311 -1.18303e-009 4.533e+006 6.81817e-008 -4.38431e+009 0
65693.3 -656933 -3.36055e-009 4.533e+006 1.87487e-007 -4.45725e+009 0
66749.2 -667491 -1.82477e-009 4.533e+006 1.2361e-007 -4.52978e+009 0
67798.7 -677987 -2.71516e-009 4.533e+006 1.25979e-007 -4.60188e+009 0
68842.2 -688422 -9.9082e-010 4.533e+006 6.46973e-008 -4.67358e+009 0
69879.1 -698791 1.85623e-009 4.533e+006 4.23704e-008 -4.74485e+009 0
70909.3 -709094 -3.34611e-009 4.533e+006 2.41082e-007 -4.81566e+009 0
71931.9 -719321 -4.57848e-010 4.533e+006 1.22013e-007 -4.88597e+009 0
72945.9 -729458 7.348e-010 4.533e+006 -5.39978e-008 -4.95571e+009 0
73949.9 -739499 -2.2509e-009 4.533e+006 1.69888e-007 -5.02478e+009 0
74942.2 -749422 -2.19e-011 4.533e+006 1.06699e-007 -5.09307e+009 0
75920.3 -759191 -1.89191e-009 4.533e+006 1.48954e-007 -5.16042e+009 0
76881.6 -768818 9.8586e-010 4.533e+006 -7.95198e-009 -5.22665e+009 0
77823.4 -778235 3.80778e-011 4.533e+006 9.12236e-008 -5.29158e+009 0
78743.5 -787396 -1.53557e-009 4.533e+006 1.90351e-007 -5.35508e+009 0
79639.7 -796442 -2.24653e-009 4.533e+006 2.09817e-007 -5.41698e+009 0
80510.5 -805109 -5.67947e-010 4.533e+006 2.40754e-007 -5.47719e+009 0
81355 -813553 -8.08149e-010 4.533e+006 1.87128e-007 -5.53565e+009 0
82172.9 -821729 1.99947e-009 4.533e+006 -3.62528e-008 -5.59234e+009 0
82964.4 -829644 -3.13064e-009 4.533e+006 2.61022e-007 -5.64727e+009 0
83729 -837291 -3.8783e-009 4.533e+006 1.48677e-007 -5.70041e+009 0
84467.6 -844676 1.79507e-010 4.533e+006 1.14567e-007 -5.75182e+009 0
85180.1 -851801 -3.1331e-009 4.533e+006 2.92021e-007 -5.8015e+009 0
85866.7 -858648 -3.36471e-009 4.53302e+006 2.22071e-007 -5.84945e+009 0
86527.7 -865306 -6.41837e-009 4.533e+006 4.88837e-007 -5.8957e+009 0
87163.8 -871631 -6.72907e-009 4.533e+006 4.66394e-007 -5.9403e+009 0
87776.7 -877767 -4.44787e-009 4.533e+006 3.78609e-007 -5.98335e+009 0
88366.7 -883674 2.369e-010 4.533e+006 -9.51435e-008 -6.02487e+009 0
88935.6 -889356 -4.85015e-009 4.533e+006 5.4831e-007 -6.06499e+009 0
89483.6 -894837 2.17288e-009 4.533e+006 8.15416e-009 -6.10372e+009 0
90012.7 -900127 -3.48943e-009 4.533e+006 2.82887e-007 -6.14119e+009 0
90523.4 -905234 1.2776e-009 4.533e+006 9.07948e-008 -6.17744e+009 0
91016.7 -910168 2.00859e-009 4.533e+006 5.98772e-008 -6.21253e+009 0
91493 -914930 -2.7109e-009 4.533e+006 1.21381e-007 -6.24649e+009 0
91952.7 -919517 -5.7611e-010 4.533e+006 1.38516e-007 -6.27935e+009 0
92395.7 -923958 -6.76586e-009 4.533e+006 5.91759e-007 -6.31109e+009 0
92823.8 -928238 5.59832e-009 4.533e+006 -1.3589e-007 -6.34184e+009 0
93236.6 -932342 1.40439e-009 4.533e+006 -1.61922e-007 -6.37158e+009 0
93634.9 -936348 1.13527e-009 4.533e+006 -1.0288e-007 -6.40034e+009 0
94020.1 -940213 -1.69882e-009 4.533e+006 3.66117e-007 -6.42824e+009 0
94392.8 -943928 3.04056e-009 4.533e+006 1.77702e-008 -6.45531e+009 0
94753.6 -947536 -4.12012e-009 4.533e+006 2.302e-007 -6.48158e+009 0
95102.5 -951025 6.47445e-009 4.533e+006 -1.74379e-007 -6.50707e+009 0
95440.5 -954405 1.03029e-009 4.533e+006 -6.30323e-008 -6.53182e+009 0
95766.4 -957644 2.02693e-009 4.533e+006 -9.0306e-008 -6.55577e+009 0
96080.7 -960809 8.30584e-010 4.533e+006 -7.38675e-008 -6.57896e+009 0
96384.6 -963846 -2.59164e-009 4.533e+006 1.44344e-007 -6.60144e+009 0
96679.1 -966791 -6.87221e-010 4.533e+006 -1.04241e-008 -6.6233e+009 0
96964.5 -969646 -8.06757e-009 4.533e+006 5.94364e-007 -6.64456e+009 0
97240.7 -972407 4.55217e-009 4.533e+006 -2.04274e-007 -6.66521e+009 0
97507.9 -975079 -6.48896e-010 4.533e+006 2.09923e-007 -6.68525e+009 0
97766.6 -977666 -8.89097e-011 4.533e+006 3.33576e-008 -6.70473e+009 0
98017.7 -980176 7.23581e-010 4.533e+006 7.85874e-008 -6.72371e+009 0
98260.8 -982608 -5.40897e-009 4.533e+006 2.63047e-007 -6.74215e+009 0
98494.8 -984949 -9.86635e-010 4.533e+006 2.92784e-007 -6.75998e+009 0
98720.3 -987204 -3.35276e-009 4.533e+006 2.04827e-007 -6.77726e+009 0
98938.3 -989383 -6.53547e-009 4.533e+006 2.874e-007 -6.79403e+009 0
99149.5 -991496 5.93863e-009 4.533e+006 -3.46371e-007 -6.81035e+009 0
99354.9 -993549 -9.77821e-009 4.533e+006 4.16449e-007 -6.82628e+009 0
99554.1 -995541 1.91721e-009 4.533e+006 -7.41059e-008 -6.8418e+009 0
99747.1 -997471 -1.19376e-010 4.533e+006 1.54622e-007 -6.85691e+009 0
99934.6 -999346 -1.58058e-009 4.533e+006 2.15132e-007 -6.87165e+009 0
100117 -1.00117e+006 3.9305e-010 4.533e+006 2.72354e-008 -6.88609e+009 0
100296 -1.00296e+006 -5.00194e-009 4.533e+006 3.27912e-007 -6.90022e+009 0
100468 -1.00238e+006 -1.59484e-009 4.53286e+006 2.07052e-007 -6.91375e+009 0
100636 -1.00596e+006 -4.55109e-009 4.5327e+006 3.64683e-007 -6.92714e+009 0
100799 -978063 -2.19733e-009 4.53158e+006 -1.44571e-007 -6.93799e+009 0
100954 -1.0057e+006 -1.64215e-009 4.53177e+006 2.00688e-007 -6.95206e+009 0
101106 -1.01074e+006 2.90511e-009 4.53173e+006 -2.0747e-007 -6.96456e+009 0
101254 -1.01248e+006 -2.06167e-009 4.5317e+006 1.79583e-007 -6.97665e+009 0
101398 -1.01393e+006 -4.83313e-009 4.53166e+006 5.11528e-007 -6.98849e+009 0
101539 -1.00717e+006 -4.04418e-009 4.53133e+006 4.16273e-007 -6.99951e+009 0
101534 563433 -2.37252e-008 3.70167e+006 3.40472e-006 -6.34689e+009 0
56519.7 -2.33643e+006 -4.45766e-008 4.14845e+006 7.43672e-006 -4.04097e+009 0
56394.8 -570511 -4.51874e-008 4.4983e+006 6.71336e-006 -4.00305e+009 0
56555.5 -528605 -5.64193e-009 4.53044e+006 7.72349e-007 -4.01564e+009 0
56716.6 -567241 -4.34339e-009 4.53278e+006 -6.59081e-008 -4.02991e+009 0
56877.6 -568841 8.14792e-009 4.53293e+006 -7.28783e-007 -4.0429e+009 0
56994.8 -280802 1.95937e-008 4.37045e+006 -1.0228e-006 -4.03097e+009 0
