2247.71 5.15971e-005
4495.35 0.000109109
6743.03 0.000166622
8990.7 0.000224134
11238.4 0.000281646
13486.1 0.000339158
15720.8 0.000396783
17875.6 0.00045521
19907.2 0.000515053
21807.9 0.000576417
23586.9 0.00063891
25261.6 0.000702174
26844.5 0.000766
28350.9 0.000830168
29790 0.000894555
31168.3 0.000959134
32494.2 0.00102379
33775.4 0.00108848
35016.3 0.00115321
36221.8 0.00121793
37395.8 0.0012826
38542.2 0.00134721
39664.8 0.00141177
40766.3 0.00147627
41849.3 0.00154062
42914.9 0.00160482
43964.5 0.00166888
44999.6 0.00173277
46021.5 0.00179652
47031.5 0.00186012
48030.8 0.00192356
49020.6 0.00198683
50001.6 0.00204992
50974.6 0.00211283
51940.3 0.00217557
52899 0.00223814
53851.1 0.00230054
54797.2 0.00236279
55737.4 0.00242489
56671.4 0.00248687
57599.7 0.00254873
58522.3 0.00261048
59439.7 0.00267213
60351.9 0.00273367
61259.4 0.00279511
62161.9 0.00285643
63059.8 0.00291768
63952.7 0.00297883
64840.6 0.00303993
65723 0.00310096
66599.3 0.00316197
67468.7 0.00322298
68330.5 0.00328401
69183.2 0.00334509
70025.9 0.00340627
70857.1 0.00346757
71675.1 0.00352903
72478.7 0.0035907
73266 0.00365262
74036.3 0.00371481
74788.5 0.00377731
75521.9 0.00384014
76236 0.00390332
76930.1 0.00396689
77604.1 0.00403085
78257.7 0.0040952
78890.4 0.00415997
79502.6 0.00422515
80093.8 0.00429076
80665.5 0.00435678
81217.2 0.00442321
81749.6 0.00449006
82263.1 0.00455731
82757.9 0.00462498
83235.2 0.00469301
83695.1 0.00476143
84138.4 0.00483023
84565.6 0.00489938
84976.4 0.00496889
85372.2 0.00503874
85753.7 0.00510891
86120.9 0.0051794
86475.3 0.00525018
86817.6 0.00532123
87147.5 0.00539257
87465.8 0.00546417
87773.3 0.00553602
88070.3 0.00560811
88357.4 0.00568043
88635.4 0.00575296
88904.3 0.00582571
89164.4 0.00589865
89416 0.00597178
89659.3 0.0060451
89894.7 0.0061186
90122.4 0.00619228
90342.5 0.00626611
90555.3 0.0063401
90761.3 0.00641423
90961.5 0.00648851
91156.4 0.00656291
91346.2 0.00663744
91530.9 0.0067121
91710.9 0.00678688
91886.5 0.00686176
92057.9 0.00693676
92225.5 0.00701186
92389.5 0.00708705
92549.5 0.00716235
92705.3 0.00723774
92857.3 0.00731323
93005.4 0.0073888
93149.9 0.00746446
93290.2 0.00754019
93426.6 0.007616
93559.1 0.00769188
93687.4 0.00776783
93812 0.00784385
93933.7 0.00791993
94052.7 0.00799608
94056.4 0.00807182
55501.3 0.00875532
55418.4 0.0088315
55577.5 0.00890441
55735.5 0.00897732
55894 0.00905021
56046.3 0.00912319
56099 0.00919755
56123.6 0.00927228
56133 0.00934722
