2247.45 -28.5375 -0.000142688
4494.83 -24.2918 -0.000121459
6742.24 -20.0461 -0.000100231
8989.66 -15.8004 -7.90021e-005
11237.1 -11.5547 -5.77736e-005
13484.5 -7.309 -3.6545e-005
15719 -2.8562 -1.4281e-005
17873.5 2.14953 1.07476e-005
19905 7.64302 3.82151e-005
21805.4 13.5222 6.76108e-005
23584.3 19.7466 9.87329e-005
25258.7 26.1295 0.000130647
26841.6 32.7112 0.000163556
28347.8 39.312 0.00019656
29786.7 46.1356 0.000230678
31164.9 52.9939 0.00026497
32490.5 59.8614 0.000299307
33771.4 66.6819 0.00033341
35012 73.5997 0.000367998
36217.1 80.4958 0.000402479
37390.7 87.39 0.00043695
38536.8 94.21 0.00047105
39658.9 100.968 0.00050484
40759.9 107.668 0.00053834
41842.4 114.324 0.000571622
42907.5 121.015 0.000605073
43956.6 127.708 0.00063854
44991.2 134.382 0.000671909
46012.5 141.014 0.000705069
47022 147.597 0.000737986
48020.8 154.116 0.000770581
49010 160.582 0.000802913
49990.5 167.007 0.000835041
50962.9 173.403 0.000867024
51928 179.779 0.000898909
52886.1 186.142 0.000930735
53837.7 192.493 0.000962508
54783.2 198.827 0.000994212
55722.8 205.175 0.001026
56656.2 211.552 0.00105798
57583.9 217.929 0.00109
58505.8 224.264 0.0011219
59422.4 230.567 0.00115377
60334 236.813 0.00118555
61240.7 243.004 0.00121734
62142.5 249.123 0.0012492
63039.5 255.127 0.00128111
63931.6 260.973 0.0013131
64818.6 266.634 0.00134541
65700.1 272.036 0.00137812
66575.4 277.107 0.00141141
67443.9 281.764 0.00144553
68304.7 285.915 0.00148069
69156.4 289.487 0.00151707
69998 292.445 0.00155495
70828.1 294.801 0.0015946
71645 296.609 0.00163628
72447.5 297.955 0.00168036
73233.7 298.929 0.0017269
74002.8 299.624 0.00177586
74753.9 300.122 0.00182714
75486.2 300.487 0.00188065
76199 300.768 0.00193678
76891.9 300.996 0.0019952
77564.5 301.193 0.00205603
78216.8 301.374 0.0021194
78848 301.548 0.00218593
79458.6 301.72 0.00225535
80048.3 301.893 0.00232747
80618.2 302.068 0.00240181
81168.1 302.247 0.00247825
81698.5 302.43 0.00255749
82210.1 302.619 0.00263903
82702.6 302.813 0.00272334
83177.7 303.012 0.00280991
83635.2 303.216 0.00289836
84075.9 303.425 0.00298914
84500.5 303.64 0.00308274
84908.5 303.863 0.00317963
85301.1 304.093 0.00327966
85679.6 304.328 0.00338159
86043.7 304.568 0.00348602
86394.5 304.811 0.00359156
86732.9 305.058 0.00369897
87059.2 305.309 0.00380831
87373.8 305.565 0.00391944
87677 305.825 0.00403277
87969.7 306.091 0.00414841
88252.5 306.361 0.00426554
88526.5 306.629 0.00438237
88791 306.901 0.00450054
89046 307.18 0.00462174
89292.3 307.464 0.00474524
89530.5 307.756 0.00487209
89760.8 308.056 0.00500257
89982.7 308.364 0.00513663
90196.3 308.68 0.0052741
90402.7 309.002 0.00541395
90602.7 309.327 0.00555534
90797 309.654 0.00569741
90986 309.978 0.00583846
91169.3 310.3 0.00597818
91347.1 310.618 0.00611636
91520 310.932 0.00625301
91688.5 311.243 0.00638846
91853 311.552 0.00652271
92013.7 311.86 0.00665643
92170.5 312.167 0.00679015
92322.9 312.478 0.00692505
92470.7 312.792 0.00706193
92614.3 313.113 0.00720131
92753.4 313.442 0.00734432
92888.1 313.783 0.00749251
93018.2 314.14 0.0076477
93144.2 314.509 0.00780811
93266.6 314.889 0.00797348
93385.9 315.272 0.00814016
93381.1 316.43 0.00864342
55301.3 319.373 0.00992296
55318.3 319.627 0.0100333
55475 319.969 0.010182
55631.7 320.28 0.0103172
55788.7 320.583 0.0104492
55940.8 320.894 0.0105843
55975.7 321.206 0.0107202
55885.4 321.451 0.0108264
55951.9 322.126 0.0111202
56032.8 323.426 0.0116853
46158.6 334.058 0.0163078
46404.9 335.006 0.0167201
