2247.45 -2.37513 -0.000183733
4494.83 -2.68298 -0.000207548
6742.24 -2.99083 -0.000231362
8989.66 -3.29868 -0.000255177
11237.1 -3.60653 -0.000278991
13484.5 -3.91438 -0.000302805
15719 -4.22852 -0.000327106
17873.5 -4.55538 -0.000352391
19905 -4.88774 -0.000378101
21805.4 -5.21921 -0.000403743
23584.3 -5.54764 -0.000429149
25258.7 -5.8686 -0.000453978
26841.6 -6.18361 -0.000478346
28347.8 -6.48393 -0.000502068
29786.7 -6.71736 -0.000525727
31164.9 -6.94683 -0.000548985
32490.5 -7.17267 -0.000571875
33771.4 -7.39559 -0.000594469
35012 -7.61521 -0.000616729
36217.1 -7.83108 -0.000638609
37390.7 -8.04389 -0.000660178
38536.8 -8.25387 -0.00068146
39658.9 -8.46056 -0.000702409
40759.9 -8.66379 -0.000723008
41842.4 -8.86547 -0.000743449
42907.5 -9.06458 -0.000763629
43956.6 -9.26091 -0.000783529
44991.2 -9.45497 -0.000803197
46012.5 -9.64701 -0.000822662
47022 -9.83723 -0.000841941
48020.8 -10.0256 -0.000861029
49010 -10.2126 -0.00087999
49990.5 -10.3982 -0.000898803
50962.9 -10.5829 -0.000917514
51928 -10.7662 -0.0009361
52886.1 -10.9483 -0.000954558
53837.7 -11.1292 -0.000972887
54783.2 -11.3087 -0.000991087
55722.8 -11.4624 -0.00100925
56656.2 -11.5917 -0.00102744
57583.9 -11.7206 -0.0010456
58505.8 -11.8493 -0.00106371
59422.4 -11.9781 -0.00108184
60334 -12.1064 -0.0010999
61240.7 -12.234 -0.00111786
62142.5 -12.3619 -0.00113587
63039.5 -12.49 -0.0011539
63931.6 -12.6183 -0.00117195
64818.6 -12.7473 -0.00119012
65700.1 -12.8774 -0.00120843
66575.4 -13.0084 -0.00122686
67443.9 -13.1413 -0.00124558
68304.7 -13.2769 -0.00126466
69156.4 -13.415 -0.0012841
69998 -13.5562 -0.00130398
70828.1 -13.701 -0.00132436
71645 -13.8498 -0.00134531
72447.5 -14.0035 -0.00136695
73233.7 -14.1615 -0.00138918
74002.8 -14.3241 -0.00141207
74753.9 -14.4917 -0.00143565
75486.2 -14.6631 -0.00145979
76199 -14.8388 -0.00148452
76891.9 -14.9979 -0.00150999
77564.5 -15.1276 -0.00153632
78216.8 -15.2609 -0.0015634
78848 -15.3967 -0.00159098
79458.6 -15.537 -0.00161949
80048.3 -15.6808 -0.00164869
80618.2 -15.8278 -0.00167856
81168.1 -15.9778 -0.00170903
81698.5 -16.1326 -0.00174046
82210.1 -16.2912 -0.00177269
82702.6 -16.4536 -0.00180568
83177.7 -16.6208 -0.00183964
83635.2 -16.7918 -0.00187437
84075.9 -16.9664 -0.00190983
84500.5 -17.145 -0.0019461
84908.5 -17.328 -0.00198328
85301.1 -17.4837 -0.00202158
85679.6 -17.6161 -0.00206052
86043.7 -17.7501 -0.00209991
86394.5 -17.8846 -0.00213948
86732.9 -18.0216 -0.00217976
87059.2 -18.1609 -0.00222073
87373.8 -18.3015 -0.00226207
87677 -18.4434 -0.00230381
87969.7 -18.5873 -0.00234612
88252.5 -18.7333 -0.00238905
88526.5 -18.8781 -0.00243163
88791 -19.022 -0.00247396
89046 -19.1535 -0.00251698
89292.3 -19.264 -0.00256075
89530.5 -19.377 -0.00260553
89760.8 -19.4917 -0.00265095
89982.7 -19.6087 -0.00269728
90196.3 -19.7283 -0.00274469
90402.7 -19.8497 -0.00279277
90602.7 -19.9713 -0.00284094
90797 -20.093 -0.00288912
90986 -20.2134 -0.00293683
91169.3 -20.3328 -0.0029841
91347.1 -20.4423 -0.00303095
91520 -20.5464 -0.00307737
91688.5 -20.6498 -0.00312348
91853 -20.7522 -0.00316918
92013.7 -20.8542 -0.00321468
92170.5 -20.9559 -0.00326001
92322.9 -21.0577 -0.00330542
92470.7 -21.1605 -0.00335129
92614.3 -21.2647 -0.00339775
92753.4 -21.37 -0.00344474
92888.1 -21.479 -0.00349333
93018.2 -21.479 -0.00354423
93144.2 -21.479 -0.0035967
93266.6 -21.479 -0.00365113
93385.9 -21.479 -0.00370611
93381.1 -21.479 -0.00381644
55301.3 0 -0.0117471
55318.3 0 -0.0120244
55475 0 -0.0122186
55631.7 0 -0.0123871
55788.7 0 -0.0125443
55940.8 0 -0.0127003
55975.7 0 -0.0129956
55885.4 0 -0.0134152
55951.9 0 -0.0138919
56032.8 0 -0.0147402
46158.6 0 -0.0259207
46404.9 0 -0.0266239
