2247.45 -22474.5 1.17647e-007 4.533e+006 -8.88416e-006 -1.51513e+008 0
4494.83 -44948.3 -1.92205e-009 4.533e+006 1.12397e-007 -3.03323e+008 0
6742.24 -67422.4 -1.66933e-009 4.533e+006 7.31687e-008 -4.55132e+008 0
8989.66 -89896.6 -1.49923e-009 4.533e+006 6.81886e-008 -6.06942e+008 0
11237.1 -112371 2.60517e-009 4.533e+006 -1.97874e-007 -7.58751e+008 0
13484.5 -134845 -1.05296e-009 4.533e+006 -4.22611e-008 -9.10561e+008 0
15719 -156024 -1.67052e-008 4.53304e+006 1.16969e-006 -1.06143e+009 0
17873.5 -179702 -6.51739e-008 4.53304e+006 4.94872e-006 -1.20716e+009 0
19905 -198211 -7.92508e-008 4.53303e+006 6.11908e-006 -1.34452e+009 0
21805.4 -217235 -8.4321e-008 4.53304e+006 6.42332e-006 -1.47324e+009 0
23584.3 -235831 -7.91466e-008 4.53304e+006 6.00182e-006 -1.59392e+009 0
25258.7 -252589 -6.36871e-008 4.53299e+006 4.71838e-006 -1.70762e+009 0
26841.6 -268416 -5.67605e-008 4.533e+006 4.32714e-006 -1.81522e+009 0
28347.8 -283508 -4.67608e-008 4.533e+006 3.5179e-006 -1.9177e+009 0
29786.7 -297871 -4.18268e-008 4.533e+006 3.34127e-006 -2.01572e+009 0
31164.9 -311649 -3.85031e-008 4.533e+006 2.88326e-006 -2.10969e+009 0
32490.5 -324905 -2.79878e-008 4.533e+006 2.31672e-006 -2.20016e+009 0
33771.4 -337714 -2.7973e-008 4.533e+006 2.15579e-006 -2.28766e+009 0
35012 -350049 -2.5685e-008 4.53301e+006 1.87123e-006 -2.37247e+009 0
36217.1 -362171 -2.36755e-008 4.533e+006 1.74477e-006 -2.45493e+009 0
37390.7 -373907 -1.807e-008 4.533e+006 1.43098e-006 -2.53529e+009 0
38536.8 -385368 -1.35929e-008 4.533e+006 1.08093e-006 -2.61381e+009 0
39658.9 -396593 -1.55647e-008 4.533e+006 1.194e-006 -2.69074e+009 0
40759.9 -407614 -1.00359e-008 4.533e+006 7.95047e-007 -2.76627e+009 0
41842.4 -418424 -1.1175e-008 4.533e+006 8.32178e-007 -2.84057e+009 0
42907.5 -429075 -1.18522e-008 4.533e+006 7.87278e-007 -2.91371e+009 0
43956.6 -439571 -1.11667e-008 4.533e+006 7.95401e-007 -2.98578e+009 0
44991.2 -449912 -1.21267e-008 4.533e+006 7.70987e-007 -3.05689e+009 0
46012.5 -460125 -8.75305e-009 4.533e+006 5.39464e-007 -3.12711e+009 0
47022 -470220 -6.02668e-009 4.533e+006 4.32876e-007 -3.19655e+009 0
48020.8 -480208 -5.88362e-009 4.533e+006 4.85284e-007 -3.26528e+009 0
49010 -490100 -5.5398e-009 4.533e+006 3.85624e-007 -3.33336e+009 0
49990.5 -499905 -5.12464e-009 4.533e+006 4.11559e-007 -3.40087e+009 0
50962.9 -509629 -4.38979e-009 4.533e+006 3.47735e-007 -3.46784e+009 0
51928 -519280 -6.78843e-009 4.533e+006 4.87761e-007 -3.53433e+009 0
52886.1 -528862 -3.89662e-009 4.533e+006 2.43854e-007 -3.60035e+009 0
53837.7 -538377 -3.72885e-009 4.533e+006 2.93583e-007 -3.66593e+009 0
54783.2 -547832 -1.30913e-009 4.533e+006 1.37072e-007 -3.73111e+009 0
55722.8 -557228 4.6377e-010 4.533e+006 9.11118e-008 -3.7959e+009 0
56656.2 -566562 -3.70732e-009 4.533e+006 3.17269e-007 -3.86027e+009 0
57583.9 -575839 -8.6648e-010 4.533e+006 1.10694e-007 -3.92427e+009 0
58505.8 -585058 -3.86609e-009 4.533e+006 3.11161e-007 -3.98788e+009 0
59422.4 -594224 -3.20059e-009 4.533e+006 3.20167e-007 -4.05114e+009 0
60334 -603340 -1.2938e-010 4.533e+006 1.18984e-008 -4.11406e+009 0
61240.7 -612407 4.52001e-010 4.533e+006 1.51827e-008 -4.17666e+009 0
62142.5 -621425 -4.7791e-009 4.533e+006 2.19271e-007 -4.23893e+009 0
63039.5 -630395 -1.53363e-010 4.533e+006 -7.02483e-008 -4.30088e+009 0
63931.6 -639316 -1.84683e-009 4.533e+006 1.81056e-007 -4.36251e+009 0
64818.6 -648186 -3.37202e-009 4.533e+006 2.56538e-007 -4.42379e+009 0
65700.1 -657001 4.24193e-010 4.533e+006 2.1445e-008 -4.48471e+009 0
66575.4 -665754 -2.09486e-009 4.533e+006 1.20486e-007 -4.54523e+009 0
67443.9 -674439 -4.15154e-009 4.533e+006 2.30117e-007 -4.60528e+009 0
68304.7 -683050 -2.02286e-009 4.533e+006 1.44766e-007 -4.66482e+009 0
69156.4 -691556 -7.7628e-009 4.533e+006 5.13244e-007 -4.72376e+009 0
69998 -699984 -5.91139e-009 4.533e+006 4.09141e-007 -4.78203e+009 0
70828.1 -708280 -6.04203e-009 4.533e+006 4.48118e-007 -4.83953e+009 0
71645 -716455 -5.4113e-009 4.533e+006 5.98626e-007 -4.89616e+009 0
72447.5 -724476 -9.51089e-009 4.533e+006 8.27023e-007 -4.95182e+009 0
73233.7 -732338 -7.69958e-009 4.533e+006 5.47797e-007 -5.0064e+009 0
74002.8 -740037 -1.09688e-008 4.533e+006 9.22494e-007 -5.05984e+009 0
74753.9 -747542 -8.84137e-009 4.533e+006 8.65061e-007 -5.11209e+009 0
75486.2 -754861 -1.17033e-008 4.533e+006 9.68661e-007 -5.16308e+009 0
76199 -761998 -1.00613e-008 4.533e+006 9.42113e-007 -5.21278e+009 0
76891.9 -768926 -1.39138e-008 4.533e+006 1.10271e-006 -5.26115e+009 0
77564.5 -775644 -1.1215e-008 4.533e+006 1.00114e-006 -5.30817e+009 0
78216.8 -782168 -1.41957e-008 4.533e+006 1.1633e-006 -5.35384e+009 0
78848 -788476 -8.61667e-009 4.533e+006 9.10184e-007 -5.39811e+009 0
79458.6 -794588 -1.64814e-008 4.533e+006 1.18334e-006 -5.44101e+009 0
80048.3 -800500 -1.37282e-008 4.533e+006 1.00933e-006 -5.48251e+009 0
80618.2 -806182 -9.45545e-009 4.533e+006 8.58897e-007 -5.5227e+009 0
81168.1 -811681 -1.59271e-008 4.533e+006 1.09326e-006 -5.56155e+009 0
81698.5 -816986 -1.45222e-008 4.533e+006 9.75814e-007 -5.59911e+009 0
82210.1 -822101 -8.50067e-009 4.533e+006 8.7296e-007 -5.63542e+009 0
82702.6 -827028 -1.17836e-008 4.533e+006 8.42404e-007 -5.67046e+009 0
83177.7 -831778 -1.05628e-008 4.533e+006 6.6048e-007 -5.70434e+009 0
83635.2 -836352 -8.10265e-009 4.533e+006 7.16935e-007 -5.73705e+009 0
84075.9 -840754 -1.2172e-008 4.533e+006 8.63396e-007 -5.76863e+009 0
84500.5 -845017 -7.47644e-009 4.533e+006 4.31319e-007 -5.79915e+009 0
84908.5 -849086 -1.65282e-008 4.533e+006 9.70262e-007 -5.82857e+009 0
85301.1 -853005 -1.18763e-008 4.533e+006 9.79939e-007 -5.85696e+009 0
85679.6 -856796 -1.05583e-008 4.533e+006 6.39693e-007 -5.88441e+009 0
86043.7 -860437 -1.03596e-008 4.533e+006 8.30592e-007 -5.9109e+009 0
86394.5 -863942 -7.10617e-009 4.533e+006 6.60133e-007 -5.93652e+009 0
86732.9 -867330 -8.5568e-009 4.533e+006 4.57004e-007 -5.9613e+009 0
87059.2 -870593 -6.74446e-009 4.533e+006 6.37561e-007 -5.98528e+009 0
87373.8 -873738 -6.84797e-009 4.533e+006 5.50546e-007 -6.00847e+009 0
87677 -876777 -8.17417e-009 4.533e+006 8.26148e-007 -6.03092e+009 0
87969.7 -879697 -2.73659e-009 4.533e+006 2.11653e-007 -6.05266e+009 0
88252.5 -882525 -6.23243e-009 4.533e+006 5.02043e-007 -6.07375e+009 0
88526.5 -885286 -3.63495e-009 4.533e+006 4.13696e-007 -6.09424e+009 0
88791 -887904 -9.27371e-009 4.533e+006 7.16114e-007 -6.11411e+009 0
89046 -890463 -4.68093e-009 4.533e+006 2.8898e-007 -6.13334e+009 0
89292.3 -892922 -8.97369e-009 4.533e+006 5.98169e-007 -6.152e+009 0
89530.5 -895305 -9.52997e-009 4.533e+006 8.14306e-007 -6.17012e+009 0
89760.8 -897645 -4.50331e-009 4.533e+006 2.63945e-007 -6.18771e+009 0
89982.7 -899827 -9.16032e-009 4.533e+006 4.59574e-007 -6.20474e+009 0
90196.3 -901961 -5.69513e-009 4.533e+006 3.4655e-007 -6.22122e+009 0
90402.7 -904027 -1.4562e-009 4.533e+006 1.87968e-007 -6.23722e+009 0
90602.7 -906027 -1.79721e-009 4.533e+006 1.56104e-007 -6.25279e+009 0
90797 -907970 -3.19394e-009 4.533e+006 7.82639e-008 -6.26798e+009 0
90986 -909860 2.04719e-010 4.533e+006 1.92954e-007 -6.28283e+009 0
91169.3 -911693 -2.33447e-009 4.533e+006 3.83318e-007 -6.29729e+009 0
91347.1 -913470 1.06213e-010 4.533e+006 2.28407e-007 -6.31139e+009 0
91520 -915199 -3.70025e-009 4.533e+006 2.92723e-007 -6.32516e+009 0
91688.5 -916885 -5.11909e-009 4.533e+006 3.68124e-007 -6.33864e+009 0
91853 -918530 -3.41288e-009 4.533e+006 2.42755e-007 -6.35185e+009 0
92013.7 -920137 -5.0767e-009 4.533e+006 3.11759e-007 -6.36481e+009 0
92170.5 -921705 -7.446e-009 4.533e+006 4.71876e-007 -6.37751e+009 0
92322.9 -923229 -9.52959e-010 4.533e+006 -3.19544e-008 -6.38992e+009 0
92470.7 -924707 -6.34396e-009 4.533e+006 3.6294e-007 -6.40202e+009 0
92614.3 -926143 -8.81669e-010 4.533e+006 1.43335e-007 -6.41384e+009 0
92753.4 -926918 -5.21994e-009 4.53298e+006 4.75972e-007 -6.42532e+009 0
92888.1 -927920 -3.53534e-009 4.53294e+006 -7.80307e-008 -6.4365e+009 0
93018.2 -927847 -4.19725e-009 4.53279e+006 2.43622e-007 -6.44725e+009 0
93144.2 -928469 -5.39169e-009 4.53265e+006 2.77983e-007 -6.45778e+009 0
93266.6 -932431 -8.66681e-009 4.53254e+006 5.82092e-007 -6.46825e+009 0
93385.9 -933787 -3.78803e-009 4.53253e+006 3.33053e-007 -6.47846e+009 0
93381.1 3.53212e+006 -1.54934e-007 4.10115e+006 1.14948e-005 -5.9611e+009 0
55301.3 -1.65206e+006 -2.92048e-007 4.37699e+006 2.21253e-005 -3.97504e+009 0
55318.3 -1.14275e+006 -1.94731e-007 4.50199e+006 1.4794e-005 -3.97217e+009 0
55475 -788155 -1.75956e-008 4.52051e+006 7.40278e-007 -3.973e+009 0
55631.7 -654035 6.6051e-009 4.52939e+006 -5.64056e-007 -3.98119e+009 0
55788.7 -597359 1.00202e-008 4.53157e+006 -1.02169e-006 -3.99197e+009 0
55940.8 -585188 1.00464e-008 4.53218e+006 -5.68273e-007 -4.00391e+009 0
55975.7 -944877 -1.18793e-007 4.4556e+006 9.34117e-006 -4.0152e+009 0
55885.4 -1.5501e+006 -2.91639e-007 4.50818e+006 2.3796e-005 -4.0358e+009 0
55951.9 -3.61916e+006 -1.19256e-007 4.45195e+006 9.01751e-006 -4.11197e+009 0
56032.8 -5.89274e+006 -3.1619e-008 4.20725e+006 2.79367e-006 -4.17553e+009 0
46158.6 -447252 -5.25693e-007 4.49275e+006 4.00409e-005 -3.36363e+009 0
46404.9 -455499 -1.13463e-007 4.52512e+006 8.10593e-006 -3.38196e+009 0
