3500.98 5.5307e-005
7001.84 0.00011284
10502.8 0.000170374
14003.6 0.000227907
17399.4 0.000286094
20466.8 0.000346674
23177.5 0.000409676
25589.2 0.00047422
27767.4 0.000539716
29762.5 0.000605767
31617.4 0.000672124
33358.3 0.000738618
35007.1 0.000805147
36583.3 0.000871577
38098.1 0.000937889
39558.4 0.00100405
40973.8 0.00107001
42351.9 0.00113572
43696.5 0.00120123
45010 0.00126654
46295 0.00133162
47554.4 0.00139647
48791.4 0.00146111
50008.2 0.00152556
51206.4 0.00158984
52388.1 0.00165397
53555.2 0.00171792
54708.6 0.00178167
55849.5 0.00184523
56979.1 0.00190862
58098.2 0.00197188
59207.6 0.002035
60307.9 0.00209799
61399.6 0.00216085
62483.2 0.00222357
63559 0.00228615
64627.9 0.00234857
65689.8 0.00241085
66745.6 0.00247299
67794.9 0.00253499
68838.3 0.00259689
69875.1 0.00265867
70905.1 0.00272037
71927.5 0.00278199
72941.4 0.00284357
73945.2 0.00290514
74937.3 0.00296675
75915.3 0.00302844
76876.4 0.00309025
77818 0.00315225
78738 0.00321451
79634 0.00327706
80504.6 0.00333995
81348.9 0.00340321
82166.6 0.00346686
82957.9 0.00353093
83722.2 0.00359543
84460.6 0.00366035
85172.9 0.00372573
85859.1 0.00379155
86519.9 0.00385781
87155.8 0.00392452
87768.4 0.00399165
88358.1 0.0040592
88926.7 0.00412716
89474.4 0.00419552
90003.1 0.00426424
90513.6 0.00433332
91006.6 0.00440275
91482.5 0.00447253
91941.8 0.00454263
92384.5 0.00461306
92812.1 0.00468379
93224.5 0.00475482
93622.3 0.00482615
94007 0.00489774
94379.2 0.00496957
94739.4 0.00504166
95087.8 0.00511399
95425.1 0.00518655
95750.5 0.00525933
96064.1 0.00533234
96367.3 0.00540555
96661.1 0.00547894
96945.9 0.00555252
97221.4 0.00562628
97487.7 0.00570021
97745.6 0.0057743
97995.7 0.00584855
98237.8 0.00592294
98470.9 0.00599748
98695.3 0.00607216
98912.2 0.00614696
99122 0.00622189
99326.1 0.00629694
99524.1 0.00637209
99716 0.00644736
99902.3 0.00652273
100084 0.00659819
100261 0.00667375
100432 0.0067494
100598 0.00682513
100759 0.00690095
100914 0.00697684
101064 0.00705281
101211 0.00712885
101354 0.00720496
101493 0.00728114
101324 0.00735632
56564 0.00803816
56432.4 0.00811473
56608.1 0.00818799
56781 0.0082613
56946.9 0.00833467
57107 0.00840811
