3500.98 -35009.7 -7.60436e-008 4.533e+006 -1.53142e-006 -2.35106e+008 0
7001.84 -70018.4 2.50866e-009 4.533e+006 -1.12361e-007 -4.70324e+008 0
10502.8 -105028 -7.85492e-010 4.533e+006 -4.84607e-008 -7.05542e+008 0
14003.6 -140036 -8.39829e-010 4.533e+006 -1.59787e-008 -9.40757e+008 0
17399.4 -171269 5.6283e-008 4.53316e+006 1.1758e-006 -1.16875e+009 0
20466.8 -202319 1.01137e-007 4.53314e+006 2.20361e-006 -1.37515e+009 0
23177.5 -231030 9.54652e-008 4.53344e+006 1.96005e-006 -1.5578e+009 0
25589.2 -256070 8.00354e-008 4.533e+006 1.54202e-006 -1.72074e+009 0
27767.4 -277677 5.88169e-008 4.533e+006 1.1768e-006 -1.86794e+009 0
29762.5 -297627 4.82988e-008 4.533e+006 9.39015e-007 -2.00296e+009 0
31617.4 -316175 3.43571e-008 4.533e+006 7.37542e-007 -2.12865e+009 0
33358.3 -333583 2.9731e-008 4.533e+006 5.20056e-007 -2.24676e+009 0
35007.1 -350071 2.45379e-008 4.533e+006 4.52152e-007 -2.35874e+009 0
36583.3 -365840 2.04631e-008 4.533e+006 3.20581e-007 -2.46588e+009 0
38098.1 -380979 1.46664e-008 4.533e+006 4.32776e-007 -2.56894e+009 0
39558.4 -395587 1.41292e-008 4.533e+006 2.58047e-007 -2.66838e+009 0
40973.8 -409738 1.05074e-008 4.533e+006 2.63324e-007 -2.76482e+009 0
42351.9 -423519 9.36663e-009 4.533e+006 2.61525e-007 -2.85879e+009 0
43696.5 -436986 8.45482e-009 4.533e+006 1.24191e-007 -2.95053e+009 0
45010 -450100 6.11682e-009 4.533e+006 2.71724e-007 -3.04019e+009 0
46295 -462952 7.1033e-009 4.533e+006 1.59739e-007 -3.12797e+009 0
47554.4 -475544 6.57828e-009 4.533e+006 1.47202e-007 -3.21403e+009 0
48791.4 -487914 4.77427e-009 4.533e+006 2.1982e-007 -3.29861e+009 0
50008.2 -500081 8.2576e-009 4.533e+006 -1.17469e-007 -3.38184e+009 0
51206.4 -512064 7.30813e-009 4.533e+006 -5.00932e-008 -3.46383e+009 0
52388.1 -523881 5.10497e-009 4.533e+006 8.30365e-008 -3.54473e+009 0
53555.2 -535555 3.59847e-009 4.533e+006 9.33644e-008 -3.62466e+009 0
54708.6 -547086 3.77731e-009 4.533e+006 3.12711e-008 -3.70367e+009 0
55849.5 -558495 3.79927e-009 4.533e+006 1.75103e-008 -3.78185e+009 0
56979.1 -569793 2.54404e-009 4.533e+006 -1.8381e-008 -3.85928e+009 0
58098.2 -580982 7.13507e-010 4.533e+006 1.02651e-007 -3.93601e+009 0
59207.6 -592074 3.43201e-009 4.533e+006 3.83043e-008 -4.0121e+009 0
60307.9 -603079 4.09878e-009 4.533e+006 -1.56063e-008 -4.08758e+009 0
61399.6 -613994 3.26138e-009 4.533e+006 4.10373e-008 -4.16249e+009 0
62483.2 -624832 3.4049e-009 4.533e+006 -5.92563e-008 -4.23686e+009 0
63559 -635592 2.10283e-009 4.533e+006 6.3488e-008 -4.31071e+009 0
64627.9 -646279 3.74138e-009 4.533e+006 -9.80053e-008 -4.38409e+009 0
65689.8 -656898 5.14124e-010 4.533e+006 7.32908e-008 -4.45703e+009 0
66745.6 -667455 3.34068e-009 4.533e+006 -1.21456e-007 -4.52954e+009 0
67794.9 -677949 -3.36779e-010 4.533e+006 2.92791e-008 -4.60163e+009 0
68838.3 -688383 1.20704e-009 4.533e+006 -2.10927e-008 -4.67332e+009 0
69875.1 -698751 1.2355e-009 4.533e+006 -2.69048e-008 -4.74458e+009 0
70905.1 -709051 4.00252e-009 4.533e+006 -1.08207e-007 -4.81538e+009 0
71927.5 -719278 -7.79917e-010 4.533e+006 2.13163e-007 -4.88568e+009 0
72941.4 -729413 9.67345e-010 4.533e+006 6.21864e-008 -4.95541e+009 0
73945.2 -739452 1.45445e-009 4.533e+006 -3.32996e-008 -5.02447e+009 0
74937.3 -749374 3.86108e-009 4.533e+006 -1.16579e-008 -5.09275e+009 0
75915.3 -759142 2.57255e-009 4.533e+006 1.22326e-007 -5.16009e+009 0
76876.4 -768766 3.31612e-009 4.533e+006 9.05811e-008 -5.22631e+009 0
77818 -778182 8.26172e-009 4.533e+006 -4.70355e-008 -5.29123e+009 0
78738 -787360 7.02093e-009 4.533e+006 5.45411e-008 -5.35471e+009 0
79634 -796383 5.69814e-009 4.533e+006 2.15613e-007 -5.4166e+009 0
80504.6 -805050 1.17471e-008 4.533e+006 -8.0446e-008 -5.4768e+009 0
81348.9 -813492 8.21132e-009 4.533e+006 1.86279e-007 -5.53524e+009 0
82166.6 -821666 5.7595e-009 4.533e+006 3.04805e-007 -5.59191e+009 0
82957.9 -829578 6.4681e-009 4.533e+006 1.68139e-007 -5.64683e+009 0
83722.2 -837223 9.02305e-009 4.533e+006 7.00471e-008 -5.69996e+009 0
84460.6 -844606 9.88042e-009 4.533e+006 1.83335e-007 -5.75136e+009 0
85172.9 -851729 8.64889e-009 4.533e+006 9.60094e-008 -5.80102e+009 0
85859.1 -858574 8.56987e-009 4.53301e+006 -1.06994e-008 -5.84895e+009 0
86519.9 -865225 8.71817e-009 4.533e+006 8.12434e-008 -5.89518e+009 0
87155.8 -871551 7.89152e-009 4.533e+006 1.30865e-007 -5.93976e+009 0
87768.4 -877684 3.51154e-009 4.533e+006 2.38086e-007 -5.98279e+009 0
88358.1 -883586 3.00929e-009 4.533e+006 2.37963e-007 -6.0243e+009 0
88926.7 -889267 6.61355e-009 4.533e+006 8.00121e-008 -6.0644e+009 0
89474.4 -894744 9.53068e-009 4.533e+006 4.04448e-008 -6.10311e+009 0
90003.1 -900032 8.52598e-009 4.533e+006 -2.72516e-007 -6.14056e+009 0
90513.6 -905136 -2.375e-009 4.533e+006 5.83672e-007 -6.17679e+009 0
91006.6 -910119 1.22997e-008 4.533e+006 -1.59723e-007 -6.21186e+009 0
91482.5 -914825 5.59419e-009 4.533e+006 1.85065e-008 -6.24579e+009 0
91941.8 -919411 5.82952e-009 4.533e+006 2.47336e-008 -6.27862e+009 0
92384.5 -923847 7.42586e-009 4.533e+006 -6.51832e-008 -6.31034e+009 0
92812.1 -928121 5.16873e-009 4.533e+006 -6.13412e-009 -6.34106e+009 0
93224.5 -932134 6.00124e-009 4.53299e+006 3.97018e-008 -6.37076e+009 0
93622.3 -936222 2.80969e-009 4.533e+006 2.10594e-007 -6.39951e+009 0
94007 -940070 3.96582e-009 4.533e+006 8.83839e-008 -6.42737e+009 0
94379.2 -943792 9.82467e-010 4.533e+006 2.0666e-007 -6.4544e+009 0
94739.4 -947394 1.95374e-009 4.533e+006 9.31859e-008 -6.48064e+009 0
95087.8 -950878 5.84111e-009 4.533e+006 -2.27016e-007 -6.50608e+009 0
95425.1 -954251 2.69501e-009 4.533e+006 -1.99079e-008 -6.5308e+009 0
95750.5 -957494 -1.15126e-010 4.533e+006 1.74244e-007 -6.55471e+009 0
96064.1 -960643 3.51204e-009 4.533e+006 2.44259e-007 -6.57785e+009 0
96367.3 -963673 8.22518e-010 4.533e+006 -3.04568e-008 -6.60029e+009 0
96661.1 -966611 -3.45311e-009 4.533e+006 2.74157e-007 -6.62211e+009 0
96945.9 -969460 -8.62107e-010 4.533e+006 1.5632e-007 -6.64333e+009 0
97221.4 -972214 7.44597e-009 4.533e+006 -2.13773e-007 -6.66392e+009 0
97487.7 -974877 3.89174e-009 4.533e+006 9.16941e-008 -6.68391e+009 0
97745.6 -977456 3.80384e-009 4.533e+006 -1.59041e-007 -6.70333e+009 0
97995.7 -979955 1.38039e-009 4.533e+006 2.13595e-007 -6.72224e+009 0
98237.8 -982378 -9.68551e-010 4.533e+006 3.03103e-007 -6.74062e+009 0
98470.9 -984710 9.94462e-010 4.533e+006 7.18938e-008 -6.7584e+009 0
98695.3 -986954 4.43213e-009 4.533e+006 -1.47079e-007 -6.7756e+009 0
98912.2 -989121 -2.68509e-009 4.533e+006 3.03874e-007 -6.79229e+009 0
99122 -991221 8.87059e-010 4.533e+006 1.94714e-007 -6.80852e+009 0
99326.1 -993261 2.42191e-009 4.533e+006 1.77008e-007 -6.82436e+009 0
99524.1 -995241 7.00863e-011 4.533e+006 1.98064e-007 -6.83981e+009 0
99716 -997160 -2.02296e-009 4.533e+006 1.34798e-007 -6.85484e+009 0
99902.3 -999023 6.95319e-009 4.533e+006 -3.34554e-007 -6.86951e+009 0
100084 -1.00084e+006 4.05357e-009 4.533e+006 -1.01898e-007 -6.88385e+009 0
100261 -1.0026e+006 -1.80018e-010 4.533e+006 2.44651e-007 -6.89789e+009 0
100432 -1.00213e+006 7.36682e-010 4.53287e+006 1.78189e-007 -6.91133e+009 0
100598 -1.00589e+006 2.77593e-009 4.53273e+006 7.4993e-008 -6.92465e+009 0
100759 -1.00273e+006 3.17452e-009 4.53252e+006 1.38291e-007 -6.93725e+009 0
100914 -1.00876e+006 1.17481e-008 4.53196e+006 -2.41828e-007 -6.94967e+009 0
101064 -1.01058e+006 4.33032e-009 4.53185e+006 2.00493e-007 -6.9619e+009 0
101211 -1.01206e+006 4.51082e-009 4.53181e+006 7.28465e-008 -6.97389e+009 0
101354 -1.0134e+006 3.59002e-009 4.53178e+006 9.95016e-008 -6.98564e+009 0
101493 -986325 8.7233e-009 4.53062e+006 -3.09582e-007 -6.99498e+009 0
101324 -440488 1.62905e-007 3.45832e+006 3.25388e-006 -6.22144e+009 0
56564 -2.22496e+006 4.71619e-007 4.14896e+006 1.70625e-006 -4.03929e+009 0
56432.4 -653693 2.82998e-007 4.48563e+006 -4.71724e-007 -4.0089e+009 0
56608.1 -529602 5.52846e-008 4.52758e+006 -8.74483e-007 -4.01901e+009 0
56781 -562056 7.90812e-009 4.5324e+006 -4.00981e-007 -4.03399e+009 0
56946.9 -569664 2.00242e-008 4.53296e+006 -8.48394e-007 -4.04752e+009 0
57107 -571366 1.34739e-008 4.53278e+006 -6.50189e-007 -4.06043e+009 0
