3500.59 -16.0269 -8.01343e-005
7001.06 -11.7726 -5.88632e-005
10501.6 -7.51843 -3.75921e-005
14002.1 -3.26428 -1.63214e-005
17397.5 1.63302 8.16511e-006
20464.6 7.45746 3.72873e-005
23175.1 13.9844 6.9922e-005
25586.6 21.0592 0.000105296
27764.6 28.3904 0.000141952
29759.6 35.9532 0.000179766
31614.4 43.5414 0.000217707
33355.2 51.2845 0.000256422
35003.9 58.9836 0.000294918
36580 66.5585 0.000332792
38094.7 74.2565 0.000371282
39555 81.9769 0.000409884
40970.2 89.5432 0.000447716
42348.3 96.9999 0.000485
43692.8 104.475 0.000522374
45006.2 111.994 0.000559972
46291.1 119.562 0.000597812
47550.3 127.047 0.000635237
48787.1 134.471 0.000672357
50003.7 141.846 0.000709229
51201.7 149.184 0.000745923
52383.1 156.439 0.000782194
53550 163.65 0.000818252
54703.2 170.856 0.000854285
55843.7 178.007 0.000890042
56973.1 185.124 0.000925635
58091.8 192.218 0.000961118
59200.9 199.256 0.000996335
60300.9 206.269 0.00103145
61392.2 213.298 0.00106667
62475.5 220.305 0.00110185
63550.9 227.274 0.00113694
64619.4 234.2 0.00117197
65681 241.044 0.00120686
66736.4 247.796 0.0012417
67785.4 254.428 0.00127656
68828.3 260.884 0.0013115
69864.7 267.112 0.0013467
70894.4 273.047 0.00138244
71916.4 278.555 0.00141882
72929.9 283.52 0.00145613
73933.3 287.834 0.00149472
74925 291.426 0.00153506
75902.5 294.27 0.00157755
76863.3 296.424 0.00162288
77804.4 297.976 0.00167141
78723.9 299.046 0.00172296
79619.5 299.776 0.00177786
80489.6 300.279 0.00183642
81333.3 300.635 0.00189782
82150.4 300.905 0.00196181
82941.2 301.128 0.00202837
83704.9 301.327 0.00209779
84442.6 301.513 0.00216963
85154.3 301.697 0.00224412
85839.9 301.884 0.00232243
86500.1 302.075 0.00240385
87135.3 302.271 0.00248852
87747.2 302.471 0.00257479
88336.2 302.674 0.002663
88904 302.882 0.00275329
89450.9 303.094 0.00284518
89978.9 303.308 0.00293842
90488.5 303.525 0.00303246
90980.7 303.743 0.00312749
91455.7 303.969 0.00322551
91914.1 304.2 0.00332603
92355.7 304.44 0.0034303
92782.2 304.685 0.00353682
93193.5 304.937 0.00364639
93590 305.193 0.00375786
93973.4 305.452 0.00387059
94344.3 305.714 0.0039845
94703.1 305.977 0.00409875
95049.8 306.242 0.00421397
95385.6 306.512 0.0043311
95709.3 306.792 0.00445292
96021.2 307.086 0.00458072
96322.6 307.385 0.00471077
96614.6 307.689 0.00484303
96897.7 307.994 0.00497585
97171 308.301 0.0051091
97435 308.614 0.00524507
97690.5 308.931 0.00538288
97937.7 309.254 0.00552363
98177.2 309.586 0.00566765
98407.7 309.928 0.0058166
98628.9 310.288 0.00597292
98842 310.659 0.00613424
99048.1 311.038 0.00629908
99248.3 311.418 0.00646422
99442.8 311.801 0.00663065
99631.4 312.184 0.00679728
99814.3 312.56 0.00696106
99992 312.931 0.0071221
100163 313.306 0.00728523
100329 313.687 0.00745083
100490 314.073 0.00761885
100646 314.471 0.00779193
100797 314.873 0.00796659
100945 315.278 0.0081427
101088 315.687 0.00832042
101226 316.105 0.00850236
101049 318.928 0.00972944
56234 322.96 0.0114828
56204.9 303.383 0.0113848
56349.8 320.681 0.0114718
56537.4 323.223 0.0115972
56696 323.579 0.0117517
56834.1 323.894 0.0118888
56957.9 324.187 0.0120163
