3500.59 -35005.8 1.37755e-007 4.533e+006 -1.59346e-005 -2.3508e+008 0
7001.06 -70010.6 3.00309e-010 4.533e+006 2.73749e-008 -4.70272e+008 0
10501.6 -105016 2.03809e-009 4.533e+006 -2.0313e-007 -7.05464e+008 0
14002.1 -140021 1.38234e-009 4.533e+006 -1.80984e-008 -9.40653e+008 0
17397.5 -171258 -1.07561e-007 4.53316e+006 1.24473e-005 -1.16863e+009 0
20464.6 -202300 -1.93677e-007 4.53314e+006 2.21502e-005 -1.375e+009 0
23175.1 -230995 -1.81206e-007 4.53344e+006 2.0795e-005 -1.55764e+009 0
25586.6 -256041 -1.49368e-007 4.533e+006 1.70942e-005 -1.72057e+009 0
27764.6 -277649 -1.06424e-007 4.533e+006 1.24389e-005 -1.86776e+009 0
29759.6 -297598 -8.85904e-008 4.533e+006 1.02717e-005 -2.00277e+009 0
31614.4 -316145 -6.50157e-008 4.533e+006 7.50057e-006 -2.12845e+009 0
33355.2 -333557 -5.32303e-008 4.533e+006 6.15748e-006 -2.24655e+009 0
35003.9 -350039 -4.71027e-008 4.533e+006 5.27167e-006 -2.35852e+009 0
36580 -365805 -3.64811e-008 4.533e+006 4.24049e-006 -2.46566e+009 0
38094.7 -380945 -2.87426e-008 4.533e+006 3.40086e-006 -2.56872e+009 0
39555 -395552 -2.73065e-008 4.533e+006 3.19931e-006 -2.66815e+009 0
40970.2 -409702 -2.14886e-008 4.533e+006 2.4347e-006 -2.76459e+009 0
42348.3 -423483 -1.99882e-008 4.533e+006 2.15078e-006 -2.85855e+009 0
43692.8 -436928 -1.72993e-008 4.533e+006 1.86577e-006 -2.95028e+009 0
45006.2 -450062 -1.52872e-008 4.533e+006 1.76445e-006 -3.03994e+009 0
46291.1 -462912 -1.35897e-008 4.533e+006 1.63984e-006 -3.1277e+009 0
47550.3 -475508 -1.18793e-008 4.533e+006 1.35033e-006 -3.21376e+009 0
48787.1 -487870 -1.19348e-008 4.533e+006 1.39698e-006 -3.29832e+009 0
50003.7 -500037 -9.49867e-009 4.533e+006 1.04687e-006 -3.38154e+009 0
51201.7 -512017 -1.16198e-008 4.533e+006 1.25923e-006 -3.46352e+009 0
52383.1 -523831 -8.7393e-009 4.533e+006 8.53687e-007 -3.5444e+009 0
53550 -535502 -5.15194e-009 4.533e+006 7.875e-007 -3.62431e+009 0
54703.2 -547028 -7.89958e-009 4.533e+006 8.964e-007 -3.70331e+009 0
55843.7 -558437 -4.69815e-009 4.533e+006 6.33772e-007 -3.78147e+009 0
56973.1 -569732 -7.2491e-009 4.533e+006 7.12887e-007 -3.85888e+009 0
58091.8 -580918 -5.3012e-009 4.533e+006 5.50188e-007 -3.93559e+009 0
59200.9 -592009 -5.55646e-009 4.533e+006 4.94335e-007 -4.01165e+009 0
60300.9 -603009 -4.53334e-009 4.533e+006 5.39239e-007 -4.08711e+009 0
61392.2 -613920 -7.01006e-009 4.533e+006 6.01595e-007 -4.162e+009 0
62475.5 -624755 -5.94019e-009 4.533e+006 5.48478e-007 -4.23634e+009 0
63550.9 -635511 -5.523e-009 4.533e+006 5.75108e-007 -4.31017e+009 0
64619.4 -646194 -4.52408e-009 4.533e+006 4.3053e-007 -4.38353e+009 0
65681 -656810 -2.29363e-009 4.533e+006 3.61723e-007 -4.45644e+009 0
66736.4 -667364 -4.05636e-009 4.533e+006 3.52617e-007 -4.52893e+009 0
67785.4 -677854 -2.98565e-009 4.533e+006 3.05349e-007 -4.60099e+009 0
68828.3 -688283 -2.37243e-009 4.533e+006 2.35394e-007 -4.67266e+009 0
69864.7 -698672 -5.38766e-009 4.533e+006 3.92736e-007 -4.74389e+009 0
70894.4 -708944 -3.66327e-009 4.533e+006 4.4756e-007 -4.81467e+009 0
71916.4 -719166 -4.4454e-009 4.533e+006 4.17119e-007 -4.88494e+009 0
72929.9 -729298 -7.0723e-009 4.533e+006 5.20946e-007 -4.95464e+009 0
73933.3 -739332 -4.33835e-009 4.533e+006 5.76941e-007 -5.02367e+009 0
74925 -749250 -4.14011e-009 4.533e+006 5.77986e-007 -5.09193e+009 0
75902.5 -759016 -7.29949e-009 4.533e+006 8.39755e-007 -5.15924e+009 0
76863.3 -768636 -9.15987e-009 4.533e+006 1.0948e-006 -5.22543e+009 0
77804.4 -778047 -1.20277e-008 4.533e+006 1.30687e-006 -5.29032e+009 0
78723.9 -787234 -1.32813e-008 4.533e+006 1.35942e-006 -5.35377e+009 0
79619.5 -796251 -1.51165e-008 4.533e+006 1.58562e-006 -5.41563e+009 0
80489.6 -804894 -1.0853e-008 4.533e+006 1.35865e-006 -5.47579e+009 0
81333.3 -813334 -1.5072e-008 4.533e+006 1.57468e-006 -5.5342e+009 0
82150.4 -821502 -1.70289e-008 4.533e+006 1.72281e-006 -5.59084e+009 0
82941.2 -829411 -1.28043e-008 4.533e+006 1.62563e-006 -5.64572e+009 0
83704.9 -837050 -1.50006e-008 4.533e+006 1.65084e-006 -5.69881e+009 0
84442.6 -844426 -1.25397e-008 4.533e+006 1.56087e-006 -5.75016e+009 0
85154.3 -851543 -1.54849e-008 4.533e+006 1.68552e-006 -5.79978e+009 0
85839.9 -858386 -1.85625e-008 4.533e+006 1.86107e-006 -5.84767e+009 0
86500.1 -865019 -1.71554e-008 4.533e+006 1.622e-006 -5.89386e+009 0
87135.3 -871319 -1.28796e-008 4.533e+006 1.38055e-006 -5.93839e+009 0
87747.2 -877472 -1.03152e-008 4.533e+006 1.1938e-006 -5.98138e+009 0
88336.2 -883363 -1.317e-008 4.533e+006 1.14033e-006 -6.02284e+009 0
88904 -889050 -1.41148e-008 4.533e+006 1.45469e-006 -6.06289e+009 0
89450.9 -894506 -8.31685e-009 4.533e+006 9.99771e-007 -6.10155e+009 0
89978.9 -899789 -1.14673e-008 4.533e+006 1.2103e-006 -6.13894e+009 0
90488.5 -904885 -1.37179e-008 4.533e+006 1.28004e-006 -6.17512e+009 0
90980.7 -909807 -1.45447e-008 4.533e+006 1.252e-006 -6.21013e+009 0
91455.7 -914557 -9.84975e-009 4.533e+006 1.09706e-006 -6.24401e+009 0
91914.1 -919124 -1.02133e-008 4.533e+006 1.06875e-006 -6.27678e+009 0
92355.7 -923535 -7.63038e-009 4.533e+006 9.43885e-007 -6.30843e+009 0
92782.2 -927825 -1.94747e-009 4.533e+006 7.1105e-007 -6.33907e+009 0
93193.5 -931870 -9.78865e-009 4.533e+006 8.04567e-007 -6.36871e+009 0
93590 -935900 -3.41069e-009 4.533e+006 7.23214e-007 -6.39736e+009 0
93973.4 -939734 -8.6486e-009 4.533e+006 7.70244e-007 -6.42513e+009 0
94344.3 -943443 -8.96054e-009 4.533e+006 9.09962e-007 -6.45208e+009 0
94703.1 -947031 -5.86056e-009 4.533e+006 7.94648e-007 -6.47822e+009 0
95049.8 -950498 -4.35339e-009 4.533e+006 6.0885e-007 -6.50356e+009 0
95385.6 -953856 -9.98467e-009 4.533e+006 8.1546e-007 -6.52816e+009 0
95709.3 -957082 -1.01793e-008 4.53299e+006 9.38583e-007 -6.55197e+009 0
96021.2 -960214 -6.878e-009 4.533e+006 5.31552e-007 -6.57499e+009 0
96322.6 -963341 -1.4895e-008 4.53301e+006 1.17922e-006 -6.59732e+009 0
96614.6 -966146 -1.39461e-009 4.533e+006 3.0124e-007 -6.61901e+009 0
96897.7 -968977 -7.81848e-009 4.533e+006 8.52491e-007 -6.64011e+009 0
97171 -971710 -6.36855e-009 4.533e+006 4.4586e-007 -6.66057e+009 0
97435 -974351 -6.12427e-009 4.533e+006 6.40109e-007 -6.6804e+009 0
97690.5 -976905 -8.26712e-009 4.533e+006 9.3243e-007 -6.69967e+009 0
97937.7 -979377 2.8597e-009 4.533e+006 1.59341e-007 -6.71838e+009 0
98177.2 -981772 -7.6989e-009 4.533e+006 5.30313e-007 -6.73658e+009 0
98407.7 -984288 -4.57073e-009 4.53301e+006 4.54015e-007 -6.7542e+009 0
98628.9 -986282 -2.42681e-009 4.533e+006 4.46983e-007 -6.77118e+009 0
98842 -988420 -2.92256e-009 4.533e+006 4.18884e-007 -6.78762e+009 0
99048.1 -990481 -2.10777e-009 4.533e+006 6.7997e-007 -6.8036e+009 0
99248.3 -992483 -2.59504e-009 4.533e+006 3.04702e-007 -6.81919e+009 0
99442.8 -994428 -5.16664e-009 4.533e+006 6.07761e-007 -6.8344e+009 0
99631.4 -996314 -8.81818e-010 4.533e+006 3.51061e-007 -6.84921e+009 0
99814.3 -998143 -5.75006e-009 4.533e+006 5.48331e-007 -6.86365e+009 0
99992 -999920 6.6496e-009 4.533e+006 -3.79688e-007 -6.87774e+009 0
100163 -1.00009e+006 -8.17589e-009 4.53291e+006 5.45236e-007 -6.89127e+009 0
100329 -1.00323e+006 -6.00764e-009 4.5328e+006 8.24594e-007 -6.90458e+009 0
100490 -1.00141e+006 -4.93305e-009 4.53265e+006 4.98594e-007 -6.91728e+009 0
100646 -1.00623e+006 -1.44273e-008 4.53224e+006 1.33358e-006 -6.92978e+009 0
100797 -1.0079e+006 -4.56648e-009 4.53217e+006 5.41154e-007 -6.94208e+009 0
100945 -1.00929e+006 -9.88952e-009 4.53215e+006 8.78279e-007 -6.95413e+009 0
101088 -1.01076e+006 -4.17525e-009 4.53211e+006 7.89438e-007 -6.9659e+009 0
101226 210488 -1.7709e-009 4.50291e+006 7.32476e-007 -6.89574e+009 0
101049 -457142 -2.91284e-007 3.29092e+006 3.4061e-005 -6.09118e+009 0
56234 3.08585e+006 -4.33837e-007 4.41572e+006 6.16725e-005 -3.84899e+009 0
56204.9 -559749 -3.05027e-007 4.53556e+006 3.27192e-005 -3.98117e+009 0
56349.8 -563745 -8.1701e-008 4.53275e+006 1.04622e-005 -4.00097e+009 0
56537.4 -581937 -1.5658e-008 4.53422e+006 3.46485e-006 -4.01619e+009 0
56696 -566940 1.98191e-008 4.53294e+006 -1.20867e-006 -4.02855e+009 0
56834.1 -568429 1.06512e-008 4.53239e+006 2.81496e-007 -4.03997e+009 0
56957.9 -569946 -1.29076e-008 4.53245e+006 2.37282e-006 -4.05046e+009 0
