2247.55 -2.37523 -0.000183711
4495.02 -2.68311 -0.000207525
6742.53 -2.991 -0.000231338
8990.04 -3.29888 -0.000255151
11237.5 -3.60677 -0.000278965
13485.1 -3.91466 -0.000302778
15719.7 -4.22883 -0.000327078
17874.3 -4.55572 -0.000352361
19905.8 -4.88812 -0.00037807
21806.4 -5.21964 -0.000403712
23585.3 -5.5481 -0.000429116
25259.9 -5.8691 -0.000453944
26842.8 -6.18415 -0.000478312
28349 -6.48465 -0.000502032
29788.1 -6.71846 -0.000525688
31166.3 -6.9483 -0.000548942
32492.1 -7.17449 -0.000571827
33773.1 -7.39774 -0.000594413
35013.9 -7.61769 -0.000616667
36219.2 -7.83388 -0.00063854
37393 -8.047 -0.000660102
38539.2 -8.25727 -0.000681376
39661.6 -8.46426 -0.000702318
40762.8 -8.66779 -0.00072291
41845.6 -8.86974 -0.000743343
42910.9 -9.06913 -0.000763516
43960.3 -9.26575 -0.000783409
44995.1 -9.46008 -0.00080307
46016.7 -9.65239 -0.000822527
47026.4 -9.84288 -0.000841799
48025.5 -10.0315 -0.00086088
49015 -10.2188 -0.000879833
49995.7 -10.4047 -0.00089864
50968.5 -10.5895 -0.000917342
51933.8 -10.7732 -0.00093592
52892.2 -10.9555 -0.000954371
53844.1 -11.1366 -0.000972694
54789.9 -11.3164 -0.000990887
55729.7 -11.4713 -0.00100904
56663.5 -11.6016 -0.00102722
57591.4 -11.7317 -0.00104536
58513.7 -11.8613 -0.00106346
59430.7 -11.9912 -0.00108157
60342.6 -12.1205 -0.00109961
61249.7 -12.2492 -0.00111757
62151.8 -12.3781 -0.00113556
63049.3 -12.5072 -0.00115357
63941.7 -12.6365 -0.0011716
64829.1 -12.7665 -0.00118975
65711.1 -12.8976 -0.00120804
66586.9 -13.0296 -0.00122645
67455.9 -13.1636 -0.00124514
68317.1 -13.3001 -0.0012642
69169.4 -13.4393 -0.00128362
70011.5 -13.5816 -0.00130347
70842.1 -13.7274 -0.00132382
71659.6 -13.8774 -0.00134474
72462.6 -14.0322 -0.00136634
73249.4 -14.1914 -0.00138854
74019.1 -14.3551 -0.0014114
74770.8 -14.5239 -0.00143494
75503.6 -14.6966 -0.00145904
76217.1 -14.8736 -0.00148373
76910.6 -15.0364 -0.00150912
77583.9 -15.1695 -0.00153537
78236.9 -15.3062 -0.00156237
78868.9 -15.4456 -0.00158986
79480.3 -15.5894 -0.00161825
80070.8 -15.7368 -0.00164734
80641.6 -15.8875 -0.00167708
81192.4 -16.0412 -0.00170741
81723.9 -16.1996 -0.00173867
82236.6 -16.362 -0.00177071
82730.3 -16.5281 -0.0018035
83206.5 -16.699 -0.00183722
83665.3 -16.8736 -0.00187168
84107.3 -17.052 -0.00190689
84533.3 -17.2343 -0.00194286
84942.9 -17.421 -0.0019797
85337.1 -17.5882 -0.0020176
85717.2 -17.729 -0.00205607
86083 -17.8717 -0.00209505
86435.7 -18.0148 -0.00213415
86776.2 -18.1599 -0.00217381
87104.4 -18.3077 -0.00221419
87420.9 -18.4568 -0.00225494
87726.5 -18.6073 -0.00229605
88021.5 -18.7594 -0.00233762
88306.6 -18.9138 -0.0023798
88582.8 -19.067 -0.00242166
88849.7 -19.2192 -0.00246324
89107.4 -19.3694 -0.00250535
89356.6 -19.4943 -0.00254792
89597.6 -19.6217 -0.00259132
89830.7 -19.7515 -0.00263557
90055.8 -19.883 -0.00268039
90273 -20.0172 -0.00272612
90482.9 -20.1534 -0.00277254
90686.2 -20.2902 -0.00281915
90883.7 -20.4272 -0.00286584
91076 -20.5628 -0.00291207
91262.9 -20.6967 -0.00295768
91444.5 -20.8288 -0.0030028
91621.4 -20.955 -0.00304737
91793.8 -21.0799 -0.00309147
91962.2 -21.2037 -0.00313518
92126.8 -21.3266 -0.00317857
92287.7 -21.4487 -0.0032217
92444.4 -21.5699 -0.00326447
92596.8 -21.6919 -0.00330758
92745.1 -21.8152 -0.0033511
92889.6 -21.9395 -0.00339501
93029.8 -22.0659 -0.00343962
93165.7 -22.196 -0.00348556
93297.7 -22.196 -0.00353356
93425.4 -22.196 -0.00358356
93549.5 -22.196 -0.0036355
93670.6 -22.196 -0.00368744
93788.8 -22.196 -0.00373891
93787.5 0 -0.00384044
55360.2 0 -0.0118364
55376.7 0 -0.0121093
55534.9 0 -0.0123009
55691.6 0 -0.0124669
55849.4 0 -0.0126226
56003.8 0 -0.0127762
56039.2 0 -0.0130585
55977.1 0 -0.0134078
56084.6 0 -0.013651
56161.5 0 -0.0140754
