2247.55 -22475.4 3.63915e-008 4.533e+006 4.69877e-006 -1.5152e+008 0
4495.02 -44950.2 -1.05809e-009 4.533e+006 8.36969e-008 -3.03336e+008 0
6742.53 -67425.3 -4.39551e-010 4.533e+006 -6.06615e-008 -4.55151e+008 0
8990.04 -89900.4 3.15347e-009 4.533e+006 -1.59374e-007 -6.06967e+008 0
11237.5 -112375 3.27122e-009 4.533e+006 -1.87503e-007 -7.58783e+008 0
13485.1 -134851 -3.43346e-009 4.533e+006 2.23126e-007 -9.10599e+008 0
15719.7 -156035 -5.61105e-009 4.53304e+006 -7.56413e-007 -1.06147e+009 0
17874.3 -179707 -1.79075e-008 4.53304e+006 -2.64482e-006 -1.20722e+009 0
19905.8 -198222 -2.64836e-008 4.53302e+006 -3.15767e-006 -1.34458e+009 0
21806.4 -217245 -2.61815e-008 4.53304e+006 -3.22238e-006 -1.47331e+009 0
23585.3 -235842 -2.67909e-008 4.53304e+006 -2.90837e-006 -1.59399e+009 0
25259.9 -252601 -2.27341e-008 4.53299e+006 -2.37321e-006 -1.7077e+009 0
26842.8 -268428 -1.77405e-008 4.533e+006 -2.16547e-006 -1.8153e+009 0
28349 -283519 -1.59906e-008 4.533e+006 -1.62806e-006 -1.91779e+009 0
29788.1 -297884 -1.33471e-008 4.533e+006 -1.68192e-006 -2.01581e+009 0
31166.3 -311663 -1.18546e-008 4.533e+006 -1.31779e-006 -2.10978e+009 0
32492.1 -324921 -1.15367e-008 4.533e+006 -1.13341e-006 -2.20026e+009 0
33773.1 -337731 -9.81299e-009 4.533e+006 -9.87559e-007 -2.28777e+009 0
35013.9 -350065 -1.30534e-008 4.53301e+006 -7.00519e-007 -2.37259e+009 0
36219.2 -362192 -7.73266e-009 4.533e+006 -7.87823e-007 -2.45507e+009 0
37393 -373930 -6.21296e-009 4.533e+006 -7.85528e-007 -2.53544e+009 0
38539.2 -385393 -1.75996e-009 4.533e+006 -7.33275e-007 -2.61397e+009 0
39661.6 -396618 -3.63688e-009 4.533e+006 -6.56302e-007 -2.69092e+009 0
40762.8 -407628 -4.40324e-009 4.533e+006 -4.20297e-007 -2.76647e+009 0
41845.6 -418456 -4.17465e-009 4.533e+006 -5.40407e-007 -2.84078e+009 0
42910.9 -429109 -2.03219e-009 4.533e+006 -4.48414e-007 -2.91393e+009 0
43960.3 -439608 -1.8051e-009 4.533e+006 -3.64181e-007 -2.98602e+009 0
44995.1 -449951 -8.7426e-010 4.533e+006 -3.93578e-007 -3.05715e+009 0
46016.7 -460167 -2.37438e-009 4.533e+006 -3.85808e-007 -3.12739e+009 0
47026.4 -470264 -1.62681e-009 4.533e+006 -4.73281e-007 -3.19684e+009 0
48025.5 -480255 -4.58482e-009 4.533e+006 -1.49229e-007 -3.26559e+009 0
49015 -490150 -1.54896e-009 4.533e+006 -2.29222e-007 -3.33369e+009 0
49995.7 -499957 -2.45817e-009 4.533e+006 -1.43992e-007 -3.40122e+009 0
50968.5 -509685 -3.44273e-009 4.533e+006 -9.02619e-008 -3.46821e+009 0
51933.8 -519338 -2.45699e-010 4.533e+006 -2.2732e-007 -3.53471e+009 0
52892.2 -528922 -2.04772e-009 4.533e+006 -2.04673e-007 -3.60075e+009 0
53844.1 -538441 -2.10637e-009 4.533e+006 -1.65582e-007 -3.66636e+009 0
54789.9 -547899 -7.4638e-010 4.533e+006 -1.93545e-007 -3.73155e+009 0
55729.7 -557297 -1.06239e-009 4.533e+006 -1.1425e-007 -3.79636e+009 0
56663.5 -566635 -2.40091e-009 4.533e+006 -4.0432e-008 -3.86076e+009 0
57591.4 -575914 8.90394e-010 4.533e+006 -3.3911e-007 -3.92477e+009 0
58513.7 -585137 -1.80813e-009 4.533e+006 -1.16766e-007 -3.9884e+009 0
59430.7 -594307 -1.80175e-009 4.533e+006 -1.14396e-007 -4.05169e+009 0
60342.6 -603426 -4.66765e-009 4.533e+006 1.7861e-007 -4.11463e+009 0
61249.7 -612497 -1.81937e-009 4.533e+006 -4.9243e-008 -4.17726e+009 0
62151.8 -621518 -1.5793e-009 4.533e+006 -2.76376e-007 -4.23955e+009 0
63049.3 -630493 -3.25351e-009 4.533e+006 1.01535e-007 -4.30153e+009 0
63941.7 -639417 1.76336e-009 4.533e+006 -2.96575e-007 -4.36318e+009 0
64829.1 -648291 2.52899e-010 4.533e+006 -3.15036e-007 -4.4245e+009 0
65711.1 -657111 2.62515e-009 4.533e+006 -2.42085e-007 -4.48545e+009 0
66586.9 -665868 -2.85574e-009 4.533e+006 -1.71852e-007 -4.54599e+009 0
67455.9 -674559 1.3732e-009 4.533e+006 -4.15618e-007 -4.60608e+009 0
68317.1 -683175 -4.72872e-009 4.533e+006 -1.04983e-007 -4.66565e+009 0
69169.4 -691691 -1.07852e-009 4.533e+006 -2.28624e-007 -4.72463e+009 0
70011.5 -700119 -2.70664e-009 4.533e+006 -3.00622e-007 -4.78293e+009 0
70842.1 -708420 3.92772e-010 4.533e+006 -4.68504e-007 -4.84047e+009 0
71659.6 -716616 -1.88616e-009 4.533e+006 -3.04462e-007 -4.89713e+009 0
72462.6 -724627 9.45901e-010 4.533e+006 -5.35908e-007 -4.95282e+009 0
73249.4 -732492 -6.14466e-009 4.533e+006 -2.7487e-007 -5.00744e+009 0
74019.1 -740194 -5.34217e-009 4.533e+006 -3.10607e-007 -5.06092e+009 0
74770.8 -747708 -9.07935e-009 4.533e+006 -1.5538e-007 -5.11321e+009 0
75503.6 -755057 -2.29371e-009 4.533e+006 -4.73438e-007 -5.16424e+009 0
76217.1 -762171 1.32223e-009 4.533e+006 -7.49927e-007 -5.21398e+009 0
76910.6 -769106 -6.14854e-009 4.533e+006 -5.7507e-007 -5.26239e+009 0
77583.9 -775838 6.64349e-011 4.533e+006 -8.02859e-007 -5.30947e+009 0
78236.9 -782369 -2.2009e-009 4.533e+006 -5.52205e-007 -5.35518e+009 0
78868.9 -788688 -4.01085e-009 4.533e+006 -6.12994e-007 -5.3995e+009 0
79480.3 -794805 -1.92708e-009 4.533e+006 -5.25128e-007 -5.44245e+009 0
80070.8 -800737 -7.15909e-009 4.533e+006 -3.57883e-007 -5.48401e+009 0
80641.6 -806404 -3.26694e-009 4.533e+006 -4.76204e-007 -5.52426e+009 0
81192.4 -811922 -3.62008e-009 4.533e+006 -4.4087e-007 -5.56317e+009 0
81723.9 -817240 -3.45883e-009 4.533e+006 -4.08586e-007 -5.6008e+009 0
82236.6 -822365 -6.70897e-009 4.533e+006 -3.67156e-007 -5.63718e+009 0
82730.3 -827303 -2.32389e-009 4.533e+006 -5.66327e-007 -5.6723e+009 0
83206.5 -832066 -4.0788e-009 4.533e+006 -3.2288e-007 -5.70625e+009 0
83665.3 -836653 -3.2954e-009 4.533e+006 -4.65484e-007 -5.73905e+009 0
84107.3 -841073 2.13586e-009 4.533e+006 -7.94281e-007 -5.77073e+009 0
84533.3 -845307 -3.80916e-009 4.533e+006 -4.57791e-007 -5.80134e+009 0
84942.9 -849432 -3.73568e-009 4.533e+006 -3.7695e-007 -5.83086e+009 0
85337.1 -853372 -1.8374e-009 4.533e+006 -3.61115e-007 -5.85936e+009 0
85717.2 -857172 -2.97751e-009 4.533e+006 -3.56096e-007 -5.88692e+009 0
86083 -860813 -4.19514e-009 4.533e+006 -1.87143e-007 -5.91352e+009 0
86435.7 -864357 6.73108e-010 4.533e+006 -4.78183e-007 -5.93926e+009 0
86776.2 -867762 -1.01159e-009 4.533e+006 -3.1026e-007 -5.96418e+009 0
87104.4 -871045 -1.60587e-009 4.533e+006 -2.60291e-007 -5.98829e+009 0
87420.9 -874210 1.9183e-009 4.533e+006 -4.3976e-007 -6.01161e+009 0
87726.5 -877268 -6.91626e-009 4.533e+006 -1.16216e-007 -6.03421e+009 0
88021.5 -880215 -9.07527e-010 4.533e+006 -3.3303e-007 -6.05611e+009 0
88306.6 -883041 -3.4405e-009 4.533e+006 -2.88224e-007 -6.07734e+009 0
88582.8 -885828 -9.53175e-009 4.533e+006 1.20119e-007 -6.09799e+009 0
88849.7 -888459 6.82074e-010 4.533e+006 -2.74002e-007 -6.11801e+009 0
89107.4 -891076 -1.04448e-009 4.533e+006 -3.70806e-007 -6.13743e+009 0
89356.6 -893575 2.85454e-009 4.533e+006 -2.88874e-007 -6.15628e+009 0
89597.6 -896007 -3.06828e-009 4.533e+006 -1.26876e-007 -6.17458e+009 0
89830.7 -898276 -4.90236e-010 4.533e+006 -3.22575e-007 -6.19236e+009 0
90055.8 -900559 -4.53782e-009 4.533e+006 -1.34591e-007 -6.20961e+009 0
90273 -902730 2.51063e-009 4.533e+006 -3.48464e-007 -6.22632e+009 0
90482.9 -904829 -2.16926e-009 4.533e+006 -1.14395e-007 -6.24255e+009 0
90686.2 -906862 7.30742e-011 4.533e+006 -2.30828e-007 -6.25835e+009 0
90883.7 -908837 9.64095e-010 4.533e+006 -1.56758e-007 -6.27376e+009 0
91076 -910760 2.94336e-010 4.533e+006 -3.7089e-007 -6.28882e+009 0
91262.9 -912629 3.96797e-009 4.533e+006 -3.08297e-007 -6.30352e+009 0
91444.5 -914445 1.16437e-009 4.533e+006 -4.20456e-007 -6.31787e+009 0
91621.4 -916214 -2.9931e-009 4.533e+006 -4.67531e-008 -6.33191e+009 0
91793.8 -917934 -3.36389e-009 4.533e+006 1.10129e-007 -6.34565e+009 0
91962.2 -919622 -1.69608e-009 4.533e+006 -1.25658e-007 -6.35912e+009 0
92126.8 -921268 -2.87131e-009 4.533e+006 -9.35654e-008 -6.37234e+009 0
92287.7 -922877 -4.8052e-010 4.533e+006 -1.8257e-007 -6.38531e+009 0
92444.4 -924444 -6.50704e-010 4.533e+006 -1.58818e-007 -6.39801e+009 0
92596.8 -925968 1.11854e-009 4.533e+006 -2.65361e-007 -6.41041e+009 0
92745.1 -927451 -1.77402e-009 4.533e+006 8.65294e-008 -6.42255e+009 0
92889.6 -928896 -2.88225e-010 4.533e+006 -2.09281e-008 -6.43443e+009 0
93029.8 -929440 -2.26504e-009 4.53297e+006 -1.84796e-007 -6.44596e+009 0
93165.7 -930140 2.95682e-009 4.53291e+006 -2.16401e-007 -6.4572e+009 0
93297.7 -932366 8.64296e-010 4.53282e+006 -2.8081e-007 -6.46823e+009 0
93425.4 -931208 -7.32557e-010 4.53257e+006 -3.3594e-007 -6.47869e+009 0
93549.5 -935036 1.0281e-009 4.53238e+006 -5.87875e-007 -6.48921e+009 0
93670.6 -936417 -4.85139e-009 4.53234e+006 1.27672e-008 -6.49953e+009 0
93788.8 -128074 -5.15307e-009 4.51311e+006 3.76112e-008 -6.45568e+009 0
93787.5 3.48355e+006 -8.72304e-008 3.87191e+006 -4.82756e-006 -5.8389e+009 0
55360.2 -1.66259e+006 -9.76056e-008 4.37098e+006 -1.37749e-005 -3.98349e+009 0
55376.7 -1.13933e+006 -8.42502e-008 4.50055e+006 -7.2993e-006 -3.98041e+009 0
55534.9 -778062 -1.28444e-008 4.51959e+006 -4.38145e-007 -3.98109e+009 0
55691.6 -651319 -1.93855e-008 4.5292e+006 1.15139e-006 -3.98959e+009 0
55849.4 -594734 -2.19456e-008 4.53156e+006 1.31398e-006 -4.00044e+009 0
56003.8 -580453 -1.72984e-008 4.53224e+006 1.10489e-006 -4.01245e+009 0
56039.2 -954453 -7.52224e-008 4.45054e+006 -3.599e-006 -4.02405e+009 0
55977.1 -935077 -1.36093e-007 4.49175e+006 -1.01851e-005 -4.02397e+009 0
56084.6 -1.46072e+006 -3.04285e-008 4.51125e+006 -2.74977e-006 -4.05385e+009 0
56161.5 -3.13479e+006 -3.48604e-008 4.46148e+006 -2.69888e-006 -4.11686e+009 0
