3501.08 -2.7925 -0.000123687
7002.05 -3.33017 -0.000147502
10503.1 -3.86785 -0.000171317
14004.1 -4.40543 -0.000195129
17399.9 -4.97424 -0.000220323
20467.4 -5.56574 -0.000246522
23178.1 -6.15465 -0.000272606
25589.8 -6.73119 -0.000298143
27768 -7.28629 -0.00032273
29763.1 -7.82179 -0.000346448
31618.1 -8.33508 -0.000369183
33359 -8.83189 -0.000391188
35007.8 -9.3104 -0.000412383
36584 -9.77191 -0.000432824
38098.8 -10.2219 -0.000452754
39559.1 -10.6597 -0.000472149
40974.5 -11.0853 -0.000490997
42352.7 -11.4585 -0.000509487
43697.3 -11.7872 -0.000527839
45010.8 -12.112 -0.000545972
46295.9 -12.4308 -0.000563771
47555.3 -12.7454 -0.000581335
48792.3 -13.0564 -0.000598694
50009.1 -13.3644 -0.000615888
51207.4 -13.6703 -0.000632966
52389.1 -13.9729 -0.00064986
53556.3 -14.2715 -0.000666531
54709.7 -14.5671 -0.000683034
55850.7 -14.86 -0.000699385
56980.3 -15.1504 -0.000715599
58099.4 -15.4385 -0.000731684
59208.9 -15.7249 -0.000747672
60309.3 -16.0099 -0.000763583
61401 -16.2925 -0.000779361
62484.7 -16.5729 -0.000795013
63560.6 -16.8514 -0.000810558
64629.4 -17.1285 -0.000826029
65691.5 -17.4042 -0.000841425
66747.3 -17.6788 -0.000856754
67796.7 -17.9526 -0.000872038
68840.1 -18.2262 -0.000887314
69877 -18.5011 -0.000902658
70907.1 -18.7776 -0.000918095
71929.5 -19.0568 -0.000933682
72943.5 -19.3398 -0.000949482
73947.3 -19.6282 -0.000965583
74939.5 -19.9236 -0.000982073
75917.5 -20.2278 -0.000999055
76878.7 -20.4663 -0.00101679
77820.3 -20.7113 -0.00103535
78740.3 -20.9664 -0.00105468
79636.4 -21.2294 -0.00107461
80507.1 -21.5046 -0.00109546
81351.4 -21.788 -0.00111694
82169.1 -22.0783 -0.00113893
82960.5 -22.3744 -0.00116137
83724.9 -22.6782 -0.00118439
84463.3 -22.9879 -0.00120785
85175.7 -23.2999 -0.00123149
85862 -23.6177 -0.00125557
86522.8 -23.94 -0.00127999
87158.8 -24.2687 -0.0013049
87771.5 -24.5999 -0.00132999
88361.3 -24.9335 -0.00135527
88930 -25.2711 -0.00138085
89477.8 -25.6126 -0.00140672
90006.6 -25.9558 -0.00143273
90517.1 -26.2992 -0.00145875
91010.1 -26.6409 -0.00148464
91486.2 -26.9429 -0.00151086
91945.6 -27.1858 -0.00153743
92388.4 -27.4342 -0.00156462
92816.1 -27.6864 -0.00159221
93228.6 -27.9414 -0.00162011
93626.6 -28.1989 -0.00164829
94011.4 -28.4593 -0.00167678
94383.8 -28.7204 -0.00170536
94744.2 -28.9819 -0.00173397
95092.7 -29.2448 -0.00176274
95430.2 -29.5115 -0.00179193
95755.8 -29.7816 -0.00182148
96069.6 -30.0621 -0.00185217
96373 -30.3454 -0.00188317
96667 -30.6316 -0.00191449
96952 -30.9166 -0.00194567
97227.7 -31.2008 -0.00197678
97494.3 -31.4644 -0.00200823
97752.4 -31.6647 -0.00204033
98002.8 -31.8668 -0.00207272
98245.3 -32.0739 -0.00210592
98478.6 -32.2831 -0.00213945
98703.4 -32.4981 -0.00217391
98920.6 -32.7163 -0.00220889
99130.9 -32.9407 -0.00224486
99335.3 -33.1668 -0.0022811
99533.7 -33.3917 -0.00231714
99726 -33.617 -0.00235326
99912.6 -33.8391 -0.00238885
100095 -34.0581 -0.00242395
100272 -34.274 -0.00245857
100443 -34.4943 -0.00249388
100610 -34.4943 -0.00253046
100771 -34.4943 -0.00256767
100927 -34.4943 -0.00260689
101078 -34.4943 -0.00264656
101225 -34.4943 -0.00268644
101368 -34.4943 -0.00272656
101508 -34.4943 -0.00276688
101501 0 -0.00286398
56417.5 0 -0.0107531
56340.9 0 -0.0109857
56507.6 0 -0.011133
56670.1 0 -0.0112824
56831 0 -0.0114346
56859 0 -0.0116111
