3501.08 -16.0206 -8.01028e-005
7002.05 -11.766 -5.88301e-005
10503.1 -7.51149 -3.75575e-005
14004.1 -3.25702 -1.62851e-005
17399.9 1.64078 8.2039e-006
20467.4 7.46582 3.73291e-005
23178.1 13.9934 6.99669e-005
25589.8 21.0692 0.000105346
27768 28.4011 0.000142006
29763.1 35.9645 0.000179822
31618.1 43.5535 0.000217767
33359 51.2972 0.000256486
35007.8 58.9967 0.000294983
36584 66.5722 0.000332861
38098.8 74.2711 0.000371356
39559.1 81.9919 0.000409959
40974.5 89.5582 0.000447791
42352.7 97.0149 0.000485075
43697.3 104.49 0.000522449
45010.8 112.009 0.000560047
46295.9 119.577 0.000597883
47555.3 127.061 0.000635306
48792.3 134.484 0.000672421
50009.1 141.858 0.000709291
51207.4 149.196 0.000745979
52389.1 156.449 0.000782247
53556.3 163.661 0.000818304
54709.7 170.866 0.000854336
55850.7 178.017 0.000890091
56980.3 185.134 0.000925684
58099.4 192.227 0.000961165
59208.9 199.265 0.000996381
60309.3 206.278 0.00103149
61401 213.308 0.00106672
62484.7 220.316 0.0011019
63560.6 227.285 0.00113699
64629.4 234.211 0.00117203
65691.5 241.056 0.00120692
66747.3 247.808 0.00124176
67796.7 254.44 0.00127663
68840.1 260.895 0.00131156
69877 267.125 0.00134677
70907.1 273.058 0.00138252
71929.5 278.566 0.0014189
72943.5 283.531 0.00145621
73947.3 287.843 0.00149481
74939.5 291.434 0.00153516
75917.5 294.277 0.00157766
76878.7 296.428 0.00162299
77820.3 297.979 0.0016715
78740.3 299.048 0.00172304
79636.4 299.777 0.00177795
80507.1 300.279 0.00183647
81351.4 300.635 0.00189784
82169.1 300.905 0.00196179
82960.5 301.128 0.00202831
83724.9 301.326 0.00209768
84463.3 301.513 0.00216946
85175.7 301.696 0.00224395
85862 301.883 0.00232221
86522.8 302.074 0.0024036
87158.8 302.27 0.00248817
87771.5 302.47 0.00257432
88361.3 302.673 0.00266244
88930 302.881 0.00275256
89477.8 303.092 0.0028443
90006.6 303.306 0.00293738
90517.1 303.522 0.00303125
91010.1 303.74 0.00312621
91486.2 303.965 0.00322395
91945.6 304.196 0.00332414
92388.4 304.434 0.00342796
92816.1 304.678 0.00353398
93228.6 304.929 0.0036431
93626.6 305.184 0.00375377
94011.4 305.442 0.00386589
94383.8 305.702 0.00397902
94744.2 305.963 0.00409245
95092.7 306.226 0.00420677
95430.2 306.493 0.00432292
95755.8 306.771 0.00444389
96069.6 307.062 0.00457041
96373 307.359 0.00469944
96667 307.66 0.00483048
96952 307.963 0.00496222
97227.7 308.266 0.00509385
97494.3 308.573 0.00522757
97752.4 308.885 0.00536304
98002.8 309.2 0.00550015
98245.3 309.523 0.00564055
98478.6 309.859 0.00578657
98703.4 310.21 0.00593917
98920.6 310.568 0.00609484
99130.9 310.934 0.00625396
99335.3 311.302 0.00641413
99533.7 311.674 0.00657559
99726 312.045 0.00673699
99912.6 312.41 0.00689584
100095 312.771 0.00705243
100272 313.126 0.00720683
100443 313.488 0.00736438
100610 313.857 0.00752497
100771 314.233 0.00768828
100927 314.622 0.00785744
101078 315.016 0.00802869
101225 315.414 0.00820166
101368 315.816 0.00837665
101508 316.224 0.00855385
101501 317.629 0.00916478
56417.5 321.225 0.0107282
56340.9 321.342 0.0107791
56507.6 321.614 0.0108973
56670.1 321.95 0.0110433
56831 322.301 0.0111962
56859 322.443 0.0112578
