3501.08 -35010.8 -6.59063e-008 4.533e+006 3.1855e-006 -2.35113e+008 0
7002.05 -70020.5 -6.84286e-010 4.533e+006 -6.03833e-008 -4.70338e+008 0
10503.1 -105031 1.83368e-010 4.533e+006 1.34373e-008 -7.05563e+008 0
14004.1 -140041 -1.49684e-009 4.533e+006 5.36021e-008 -9.40785e+008 0
17399.9 -171268 4.85629e-008 4.53316e+006 -2.36841e-006 -1.16879e+009 0
20467.4 -202322 8.82407e-008 4.53314e+006 -4.13273e-006 -1.37518e+009 0
23178.1 -231041 8.30319e-008 4.53344e+006 -3.92984e-006 -1.55784e+009 0
25589.8 -256077 6.67615e-008 4.533e+006 -3.09321e-006 -1.72078e+009 0
27768 -277683 5.14405e-008 4.533e+006 -2.42023e-006 -1.86799e+009 0
29763.1 -297634 3.94412e-008 4.533e+006 -1.92787e-006 -2.003e+009 0
31618.1 -316182 3.04168e-008 4.533e+006 -1.45598e-006 -2.1287e+009 0
33359 -333590 2.61036e-008 4.533e+006 -1.22272e-006 -2.2468e+009 0
35007.8 -350078 2.15564e-008 4.533e+006 -1.06942e-006 -2.35878e+009 0
36584 -365845 1.72891e-008 4.533e+006 -8.3866e-007 -2.46593e+009 0
38098.8 -380986 1.25843e-008 4.533e+006 -4.94323e-007 -2.56899e+009 0
39559.1 -395594 1.33068e-008 4.533e+006 -6.27105e-007 -2.66843e+009 0
40974.5 -409745 1.1045e-008 4.533e+006 -5.47791e-007 -2.76487e+009 0
42352.7 -423527 7.46162e-009 4.533e+006 -2.67213e-007 -2.85884e+009 0
43697.3 -436996 6.87387e-009 4.533e+006 -3.85654e-007 -2.95058e+009 0
45010.8 -450108 4.97423e-009 4.533e+006 -2.10643e-007 -3.04025e+009 0
46295.9 -462960 6.97829e-009 4.533e+006 -3.13653e-007 -3.12802e+009 0
47555.3 -475553 5.94443e-009 4.533e+006 -3.07356e-007 -3.21409e+009 0
48792.3 -487923 4.61785e-009 4.533e+006 -2.23634e-007 -3.29867e+009 0
50009.1 -500091 3.85738e-009 4.533e+006 -1.62281e-007 -3.3819e+009 0
51207.4 -512074 1.23351e-009 4.533e+006 -9.57043e-009 -3.4639e+009 0
52389.1 -523891 2.81031e-009 4.533e+006 -1.81948e-007 -3.5448e+009 0
53556.3 -535565 3.74602e-009 4.533e+006 -2.27922e-007 -3.62473e+009 0
54709.7 -547097 2.80563e-010 4.533e+006 -2.31434e-008 -3.70375e+009 0
55850.7 -558507 2.87378e-009 4.533e+006 -8.95846e-008 -3.78193e+009 0
56980.3 -569805 1.589e-009 4.533e+006 -8.07433e-008 -3.85936e+009 0
58099.4 -580994 1.63252e-009 4.533e+006 -6.92367e-008 -3.93609e+009 0
59208.9 -592089 -2.37175e-009 4.533e+006 7.9797e-008 -4.01218e+009 0
60309.3 -603093 -9.24923e-010 4.533e+006 6.5094e-008 -4.08767e+009 0
61401 -614008 2.04232e-009 4.533e+006 -9.3361e-008 -4.16258e+009 0
62484.7 -624847 1.44547e-009 4.533e+006 -1.05941e-008 -4.23696e+009 0
63560.6 -635608 3.21069e-009 4.533e+006 -2.02157e-007 -4.31081e+009 0
64629.4 -646294 -4.56347e-011 4.533e+006 5.82103e-008 -4.3842e+009 0
65691.5 -656915 1.58907e-009 4.533e+006 -1.31022e-007 -4.45713e+009 0
66747.3 -667472 3.93308e-010 4.533e+006 -3.49348e-008 -4.52965e+009 0
67796.7 -677967 -5.56434e-010 4.533e+006 6.3575e-008 -4.60175e+009 0
68840.1 -688401 -5.40308e-010 4.533e+006 -7.16651e-009 -4.67344e+009 0
69877 -698770 1.51186e-009 4.533e+006 -2.63091e-008 -4.7447e+009 0
70907.1 -709071 -1.4572e-010 4.533e+006 5.07436e-008 -4.81551e+009 0
71929.5 -719297 1.13863e-009 4.533e+006 5.85198e-008 -4.88581e+009 0
72943.5 -729434 4.4573e-009 4.533e+006 -2.41488e-007 -4.95554e+009 0
73947.3 -739473 1.99789e-009 4.533e+006 -7.24668e-008 -5.02461e+009 0
74939.5 -749395 8.52285e-010 4.533e+006 -5.93537e-008 -5.09289e+009 0
75917.5 -759164 2.46177e-009 4.533e+006 -1.35608e-007 -5.16024e+009 0
76878.7 -768789 8.69926e-010 4.533e+006 1.71658e-008 -5.22646e+009 0
77820.3 -778205 6.03363e-009 4.533e+006 -3.84386e-007 -5.29138e+009 0
78740.3 -787377 7.85839e-009 4.533e+006 -4.47294e-007 -5.35487e+009 0
79636.4 -796408 5.74607e-009 4.533e+006 -3.2177e-007 -5.41676e+009 0
80507.1 -805075 3.54759e-009 4.533e+006 -1.12802e-007 -5.47696e+009 0
81351.4 -813517 3.64164e-009 4.533e+006 -1.65206e-007 -5.53541e+009 0
82169.1 -821692 3.57539e-009 4.533e+006 -7.87354e-008 -5.59209e+009 0
82960.5 -829605 2.48662e-009 4.533e+006 4.93903e-008 -5.64701e+009 0
83724.9 -837250 5.03869e-009 4.533e+006 -1.68202e-007 -5.70014e+009 0
84463.3 -844633 4.24569e-009 4.533e+006 -2.90764e-007 -5.75154e+009 0
85175.7 -851757 5.11044e-009 4.533e+006 -1.9351e-007 -5.80121e+009 0
85862 -858602 7.75656e-009 4.53301e+006 -4.32492e-007 -5.84914e+009 0
86522.8 -865255 1.02795e-008 4.533e+006 -5.49589e-007 -5.89538e+009 0
87158.8 -871581 3.38217e-009 4.533e+006 -1.42893e-007 -5.93996e+009 0
87771.5 -877715 5.49515e-009 4.533e+006 -1.34991e-007 -5.983e+009 0
88361.3 -883618 5.59578e-009 4.533e+006 -1.96551e-007 -6.02451e+009 0
88930 -889300 3.4527e-009 4.533e+006 -2.34648e-008 -6.06461e+009 0
89477.8 -894778 2.32412e-009 4.533e+006 -8.52906e-008 -6.10333e+009 0
90006.6 -900066 5.95054e-010 4.533e+006 1.42311e-007 -6.14078e+009 0
90517.1 -905171 1.34344e-009 4.533e+006 -1.0962e-008 -6.17702e+009 0
91010.1 -910102 2.60289e-009 4.533e+006 -7.15715e-008 -6.2121e+009 0
91486.2 -914862 3.44264e-010 4.533e+006 7.37059e-008 -6.24604e+009 0
91945.6 -919448 6.50207e-009 4.533e+006 -5.24501e-007 -6.27888e+009 0
92388.4 -923887 7.3875e-010 4.533e+006 -5.67345e-008 -6.3106e+009 0
92816.1 -928161 -3.51146e-010 4.533e+006 1.30166e-008 -6.34133e+009 0
93228.6 -932170 2.81142e-009 4.53299e+006 -1.91782e-007 -6.37104e+009 0
93626.6 -936265 6.75771e-009 4.533e+006 -4.46618e-007 -6.39979e+009 0
94011.4 -940114 -6.38657e-009 4.533e+006 1.09975e-007 -6.42767e+009 0
94383.8 -943838 4.19886e-009 4.533e+006 -3.8928e-007 -6.45471e+009 0
94744.2 -947442 7.41656e-009 4.533e+006 -5.19603e-007 -6.48096e+009 0
95092.7 -950927 4.68448e-009 4.533e+006 -1.01638e-007 -6.50641e+009 0
95430.2 -954303 2.72096e-009 4.533e+006 -1.89283e-007 -6.53114e+009 0
95755.8 -957544 4.72099e-009 4.533e+006 -6.47504e-008 -6.55507e+009 0
96069.6 -960698 4.84085e-009 4.533e+006 -5.1271e-008 -6.57822e+009 0
96373 -963730 4.16418e-009 4.533e+006 -2.11717e-007 -6.60067e+009 0
96667 -966670 5.4991e-011 4.533e+006 3.29762e-008 -6.6225e+009 0
96952 -969521 4.87126e-009 4.533e+006 -2.72638e-008 -6.64373e+009 0
97227.7 -972277 3.73631e-009 4.533e+006 -3.73731e-007 -6.66434e+009 0
97494.3 -974971 1.27189e-009 4.533e+006 7.49558e-008 -6.68435e+009 0
97752.4 -977524 2.33976e-009 4.533e+006 8.40562e-008 -6.70379e+009 0
98002.8 -980027 4.57615e-010 4.533e+006 -6.17599e-008 -6.72272e+009 0
98245.3 -982453 6.95564e-009 4.533e+006 -2.99655e-007 -6.74111e+009 0
98478.6 -984787 2.01002e-009 4.533e+006 -7.04447e-008 -6.75891e+009 0
98703.4 -987034 6.2928e-009 4.533e+006 -1.67823e-007 -6.77613e+009 0
98920.6 -989205 5.49648e-009 4.533e+006 -1.79587e-007 -6.79285e+009 0
99130.9 -991309 -5.08371e-009 4.533e+006 1.53856e-007 -6.80911e+009 0
99335.3 -993353 2.37514e-009 4.533e+006 -2.44531e-007 -6.82498e+009 0
99533.7 -995338 4.39259e-009 4.533e+006 -1.79494e-007 -6.84045e+009 0
99726 -997259 -2.03256e-009 4.533e+006 -7.9629e-009 -6.85551e+009 0
99912.6 -999126 7.92802e-010 4.533e+006 1.43982e-007 -6.87019e+009 0
100095 -1.00095e+006 -6.19145e-010 4.533e+006 1.04751e-007 -6.88457e+009 0
100272 -1.00272e+006 3.48655e-009 4.533e+006 -2.18992e-008 -6.89864e+009 0
100443 -1.00222e+006 6.35853e-009 4.53287e+006 -3.49438e-007 -6.91211e+009 0
100610 -1.00637e+006 2.85751e-009 4.53271e+006 -1.88431e-007 -6.92547e+009 0
100771 -1.00271e+006 -2.79535e-009 4.53251e+006 2.81578e-008 -6.93807e+009 0
100927 -1.00888e+006 2.11526e-009 4.53193e+006 -3.83099e-007 -6.95051e+009 0
101078 -1.01071e+006 -2.70171e-010 4.53182e+006 6.01987e-008 -6.96276e+009 0
101225 -1.01221e+006 -4.79344e-010 4.53178e+006 -9.02675e-008 -6.97477e+009 0
101368 -1.01364e+006 3.43178e-009 4.53174e+006 -2.99695e-008 -6.98655e+009 0
101508 -986186 3.27562e-009 4.53058e+006 -2.62621e-007 -6.9959e+009 0
101501 1.70874e+006 6.89297e-008 3.67884e+006 -3.33411e-006 -6.27195e+009 0
56417.5 -1.18733e+006 2.2428e-007 4.24412e+006 -9.99324e-006 -4.00093e+009 0
56340.9 -433758 1.28574e-007 4.49864e+006 -5.56214e-006 -3.99515e+009 0
56507.6 -504842 1.55139e-008 4.53022e+006 -5.11966e-007 -4.01158e+009 0
56670.1 -566788 -2.03617e-009 4.53296e+006 2.93017e-007 -4.02684e+009 0
56831 -568369 -1.67976e-009 4.53296e+006 1.33816e-007 -4.03981e+009 0
56859 -1.1365e+006 6.93239e-008 4.45174e+006 -3.06263e-006 -4.05775e+009 0
