3501.08 5.53081e-005
7002.05 0.000112842
10503.1 0.000170377
14004.1 0.000227911
17399.9 0.000286099
20467.4 0.00034668
23178.1 0.000409682
25589.8 0.000474228
27768 0.000539725
29763.1 0.000605776
31618.1 0.000672134
33359 0.000738628
35007.8 0.000805159
36584 0.000871589
38098.8 0.000937902
39559.1 0.00100407
40974.5 0.00107002
42352.7 0.00113574
43697.3 0.00120125
45010.8 0.00126656
46295.9 0.00133164
47555.3 0.00139649
48792.3 0.00146113
50009.1 0.00152558
51207.4 0.00158986
52389.1 0.00165399
53556.3 0.00171794
54709.7 0.00178169
55850.7 0.00184525
56980.3 0.00190865
58099.4 0.0019719
59208.9 0.00203503
60309.3 0.00209802
61401 0.00216087
62484.7 0.0022236
63560.6 0.00228617
64629.4 0.00234859
65691.5 0.00241087
66747.3 0.00247301
67796.7 0.00253501
68840.1 0.00259691
69877 0.00265869
70907.1 0.00272039
71929.5 0.00278201
72943.5 0.0028436
73947.3 0.00290516
74939.5 0.00296677
75917.5 0.00302846
76878.7 0.00309027
77820.3 0.00315228
78740.3 0.00321453
79636.4 0.00327708
80507.1 0.00333997
81351.4 0.00340323
82169.1 0.00346688
82960.5 0.00353095
83724.9 0.00359545
84463.3 0.00366038
85175.7 0.00372575
85862 0.00379157
86522.8 0.00385784
87158.8 0.00392454
87771.5 0.00399168
88361.3 0.00405923
88930 0.00412719
89477.8 0.00419554
90006.6 0.00426426
90517.1 0.00433334
91010.1 0.00440277
91486.2 0.00447254
91945.6 0.00454265
92388.4 0.00461307
92816.1 0.00468381
93228.6 0.00475484
93626.6 0.00482616
94011.4 0.00489775
94383.8 0.00496959
94744.2 0.00504167
95092.7 0.005114
95430.2 0.00518656
95755.8 0.00525934
96069.6 0.00533234
96373 0.00540555
96667 0.00547895
96952 0.00555252
97227.7 0.00562628
97494.3 0.00570021
97752.4 0.0057743
98002.8 0.00584855
98245.3 0.00592293
98478.6 0.00599747
98703.4 0.00607215
98920.6 0.00614695
99130.9 0.00622188
99335.3 0.00629693
99533.7 0.00637208
99726 0.00644734
99912.6 0.00652271
100095 0.00659818
100272 0.00667373
100443 0.00674938
100610 0.00682511
100771 0.00690093
100927 0.00697682
101078 0.00705279
101225 0.00712884
101368 0.00720495
101508 0.00728112
101501 0.00735683
56417.5 0.00804027
56340.9 0.00811621
56507.6 0.00818957
56670.1 0.00826299
56831 0.00833643
56859 0.00841125
