3501.03 5.53079e-005
7001.95 0.000112842
10502.9 0.000170376
14003.9 0.000227911
17399.7 0.000286099
20467.1 0.00034668
23177.8 0.000409682
25589.5 0.000474227
27767.7 0.000539724
29762.7 0.000605775
31617.7 0.000672133
33358.5 0.000738627
35007.3 0.000805158
36583.5 0.000871588
38098.3 0.000937901
39558.7 0.00100407
40974.1 0.00107002
42352.2 0.00113574
43696.8 0.00120125
45010.3 0.00126656
46295.3 0.00133164
47554.8 0.00139649
48791.8 0.00146113
50008.5 0.00152558
51206.7 0.00158986
52388.5 0.00165399
53555.6 0.00171794
54709 0.00178169
55849.9 0.00184525
56979.5 0.00190865
58098.6 0.0019719
59208 0.00203503
60308.4 0.00209802
61400.1 0.00216088
62483.7 0.0022236
63559.5 0.00228617
64628.4 0.0023486
65690.4 0.00241087
66746.1 0.00247302
67795.5 0.00253502
68838.8 0.00259692
69875.6 0.00265871
70905.7 0.0027204
71928.1 0.00278203
72942 0.00284361
73945.8 0.00290518
74937.9 0.00296678
75915.9 0.00302847
76877 0.00309029
77818.6 0.00315229
78738.6 0.00321455
79634.6 0.00327709
80505.2 0.00333999
81349.5 0.00340325
82167.1 0.0034669
82958.4 0.00353097
83722.8 0.00359547
84461.1 0.0036604
85173.4 0.00372577
85859.6 0.00379159
86520.4 0.00385786
87156.3 0.00392457
87768.9 0.0039917
88358.6 0.00405925
88927.2 0.00412722
89474.9 0.00419558
90003.6 0.0042643
90514 0.00433338
91007 0.00440281
91482.9 0.00447258
91942.2 0.00454268
92384.9 0.00461311
92812.4 0.00468385
93224.9 0.00475488
93622.6 0.00482621
94007.3 0.00489779
94379.5 0.00496963
94739.8 0.00504172
95088.1 0.00511406
95425.4 0.00518661
95750.8 0.0052594
96064.4 0.0053324
96367.6 0.00540561
96661.4 0.00547901
96946.2 0.00555259
97221.7 0.00562634
97488 0.00570028
97745.8 0.00577437
97996 0.00584862
98238.1 0.00592301
98471.1 0.00599755
98695.6 0.00607223
98912.4 0.00614703
99122.3 0.00622196
99326.3 0.00629701
99524.3 0.00637216
99716.2 0.00644743
99902.5 0.0065228
100084 0.00659826
100261 0.00667382
100432 0.00674947
100598 0.00682521
100759 0.00690102
100914 0.00697691
101065 0.00705288
101211 0.00712893
101354 0.00720504
101493 0.00728121
101324 0.0073564
56564 0.00803823
56432.4 0.0081148
56608.1 0.00818806
56781 0.00826137
56946.9 0.00833474
57107 0.00840818
