3501.2 -16.0191 -8.00953e-005
7002.29 -11.7644 -5.88222e-005
10503.4 -7.50984 -3.75492e-005
14004.5 -3.25529 -1.62765e-005
17400.5 1.64263 8.21316e-006
20468.1 7.46781 3.7339e-005
23178.8 13.9955 6.99776e-005
25590.6 21.0715 0.000105358
27768.9 28.4037 0.000142018
29764 35.9672 0.000179836
31618.9 43.5563 0.000217782
33359.9 51.3002 0.000256501
35008.7 58.9998 0.000294999
36584.9 66.5755 0.000332878
38099.8 74.2746 0.000371373
39560.1 81.9955 0.000409977
40975.5 89.5618 0.000447809
42353.7 97.0185 0.000485093
43698.4 104.493 0.000522466
45011.9 112.013 0.000560065
46297 119.58 0.0005979
47556.5 127.065 0.000635323
48793.6 134.487 0.000672437
50010.4 141.861 0.000709305
51208.7 149.198 0.000745992
52390.5 156.452 0.000782259
53557.8 163.663 0.000818317
54711.3 170.869 0.000854347
55852.3 178.019 0.000890102
56982.1 185.136 0.000925696
58101.3 192.229 0.000961176
59210.8 199.268 0.000996392
60311.3 206.28 0.0010315
61403.1 213.31 0.00106673
62486.9 220.318 0.00110192
63562.9 227.288 0.00113701
64631.8 234.213 0.00117204
65694 241.058 0.00120693
66749.9 247.811 0.00124177
67799.4 254.442 0.00127664
68842.9 260.898 0.00131158
69879.9 267.128 0.00134678
70910.1 273.061 0.00138253
71932.7 278.568 0.00141892
72946.7 283.533 0.00145623
73950.7 287.846 0.00149483
74943 291.436 0.00153518
75921.1 294.278 0.00157768
76882.4 296.429 0.00162301
77824.2 297.979 0.00167153
78744.3 299.048 0.00172306
79640.5 299.777 0.00177797
80511.3 300.279 0.00183648
81355.8 300.635 0.00189784
82173.7 300.905 0.00196178
82965.2 301.128 0.0020283
83729.7 301.326 0.00209765
84468.3 301.513 0.00216942
85180.8 301.696 0.0022439
85867.4 301.883 0.00232215
86528.3 302.074 0.00240353
87164.5 302.27 0.00248809
87777.4 302.469 0.00257421
88367.4 302.673 0.0026623
88936.2 302.88 0.00275239
89484.2 303.091 0.00284409
90013.3 303.305 0.00293713
90524 303.521 0.00303096
91017.3 303.74 0.0031259
91493.5 303.964 0.00322358
91953.2 304.194 0.00332369
92396.3 304.433 0.00342741
92824.3 304.677 0.00353331
93237.1 304.927 0.00364234
93635.4 305.182 0.00375283
94020.6 305.439 0.00386481
94393.2 305.699 0.00397776
94754.1 305.959 0.00409101
95103 306.222 0.00420512
95440.9 306.488 0.00432107
95766.8 306.766 0.00444183
96081.2 307.057 0.00456807
96385 307.353 0.00469687
96679.5 307.654 0.00482764
96964.9 307.956 0.00495915
97241.1 308.258 0.00509048
97508.3 308.565 0.0052237
97766.9 308.875 0.00535872
98018.1 309.189 0.00549509
98261.1 309.51 0.00563475
98495.1 309.844 0.00578021
98720.6 310.194 0.00593211
98938.7 310.55 0.00608676
99149.8 310.913 0.00624467
99355.2 311.279 0.00640389
99554.4 311.648 0.00656444
99747.4 312.017 0.00672474
99934.9 312.38 0.00688262
100118 312.738 0.00703832
100296 313.091 0.00719186
100468 313.452 0.00734858
100636 313.819 0.00750821
100799 314.188 0.00766877
100955 314.578 0.00783808
101106 314.97 0.00800863
101254 315.366 0.00818081
101398 315.767 0.00835501
101539 316.172 0.00853113
101534 317.561 0.00913535
56519.8 321.25 0.0107392
56394.8 321.382 0.0107965
56555.5 321.678 0.0109251
56716.6 322.023 0.0110753
56877.6 322.375 0.0112284
56994.8 322.658 0.0113511
