3501.2 5.53084e-005
7002.29 0.000112843
10503.4 0.000170377
14004.5 0.000227911
17400.5 0.000286099
20468.1 0.00034668
23178.8 0.000409683
25590.6 0.000474229
27768.9 0.000539726
29764 0.000605777
31618.9 0.000672135
33359.9 0.00073863
35008.7 0.00080516
36584.9 0.000871591
38099.8 0.000937904
39560.1 0.00100407
40975.5 0.00107003
42353.7 0.00113574
43698.4 0.00120125
45011.9 0.00126656
46297 0.00133164
47556.5 0.00139649
48793.6 0.00146113
50010.4 0.00152558
51208.7 0.00158986
52390.5 0.00165399
53557.8 0.00171794
54711.3 0.00178169
55852.3 0.00184525
56982.1 0.00190864
58101.3 0.0019719
59210.8 0.00203502
60311.3 0.00209801
61403.1 0.00216086
62486.9 0.00222358
63562.9 0.00228615
64631.8 0.00234858
65694 0.00241085
66749.9 0.00247299
67799.4 0.00253499
68842.9 0.00259689
69879.9 0.00265867
70910.1 0.00272037
71932.7 0.00278199
72946.7 0.00284357
73950.7 0.00290513
74943 0.00296674
75921.1 0.00302843
76882.4 0.00309024
77824.2 0.00315224
78744.3 0.0032145
79640.5 0.00327704
80511.3 0.00333993
81355.8 0.00340319
82173.7 0.00346684
82965.2 0.0035309
83729.7 0.0035954
84468.3 0.00366033
85180.8 0.0037257
85867.4 0.00379151
86528.3 0.00385778
87164.5 0.00392448
87777.4 0.00399161
88367.4 0.00405916
88936.2 0.00412712
89484.2 0.00419548
90013.3 0.00426419
90524 0.00433327
91017.3 0.0044027
91493.5 0.00447246
91953.2 0.00454256
92396.3 0.00461299
92824.3 0.00468372
93237.1 0.00475475
93635.4 0.00482607
94020.6 0.00489765
94393.2 0.00496948
94754.1 0.00504156
95103 0.00511389
95440.9 0.00518644
95766.8 0.00525922
96081.2 0.00533221
96385 0.00540542
96679.5 0.00547881
96964.9 0.00555238
97241.1 0.00562613
97508.3 0.00570006
97766.9 0.00577415
98018.1 0.00584839
98261.1 0.00592277
98495.1 0.00599731
98720.6 0.00607197
98938.7 0.00614678
99149.8 0.0062217
99355.2 0.00629674
99554.4 0.00637189
99747.4 0.00644715
99934.9 0.00652252
100118 0.00659798
100296 0.00667353
100468 0.00674918
100636 0.00682491
100799 0.00690072
100955 0.00697661
101106 0.00705258
101254 0.00712863
101398 0.00720474
101539 0.00728091
101534 0.00735663
56519.8 0.0080395
56394.8 0.00811598
56555.5 0.00818941
56716.6 0.00826284
56877.6 0.00833627
56994.8 0.00841016
