3501.29 -2.79263 -0.000123667
7002.48 -3.33038 -0.000147481
10503.7 -3.86813 -0.000171294
14004.9 -4.40579 -0.000195104
17401 -4.97468 -0.000220296
20468.7 -5.56626 -0.000246494
23179.5 -6.15526 -0.000272577
25591.4 -6.73189 -0.000298112
27769.7 -7.28708 -0.000322698
29764.9 -7.82266 -0.000346415
31619.9 -8.33603 -0.000369149
33360.8 -8.83291 -0.000391153
35009.7 -9.31149 -0.000412346
36586 -9.77306 -0.000432786
38100.8 -10.2231 -0.000452715
39561.2 -10.661 -0.000472108
40976.6 -11.0866 -0.000490955
42354.8 -11.4603 -0.000509442
43699.5 -11.7896 -0.00052779
45013.1 -12.115 -0.000545918
46298.2 -12.4343 -0.000563713
47557.8 -12.7495 -0.000581272
48794.9 -13.0609 -0.000598625
50011.9 -13.3693 -0.000615812
51210.2 -13.6757 -0.000632883
52392.2 -13.9788 -0.000649771
53559.5 -14.2779 -0.000666436
54713.1 -14.5739 -0.000682932
55854.2 -14.8673 -0.000699276
56984.1 -15.1581 -0.000715483
58103.4 -15.4467 -0.000731562
59213.1 -15.7335 -0.000747543
60313.7 -16.0189 -0.000763445
61405.7 -16.3019 -0.000779216
62489.6 -16.5827 -0.000794861
63565.7 -16.8615 -0.000810398
64634.8 -17.1391 -0.000825862
65697.1 -17.4152 -0.000841251
66753.2 -17.6902 -0.000856573
67802.8 -17.9644 -0.000871851
68846.5 -18.2385 -0.00088712
69883.7 -18.5136 -0.000902454
70914 -18.7906 -0.000917883
71936.7 -19.0702 -0.000933463
72951 -19.3536 -0.000949256
73955.1 -19.6424 -0.000965349
74947.6 -19.9382 -0.000981832
75925.9 -20.2428 -0.000998805
76887.4 -20.4846 -0.00101653
77829.3 -20.7317 -0.00103507
78749.7 -20.989 -0.00105438
79646.1 -21.2544 -0.00107429
80517.1 -21.5319 -0.00109511
81361.8 -21.8177 -0.00111655
82180 -22.1105 -0.00113852
82971.7 -22.4091 -0.00116092
83736.6 -22.7153 -0.0011839
84475.5 -23.0275 -0.00120732
85188.3 -23.3421 -0.00123092
85875.1 -23.6625 -0.00125496
86536.4 -23.9873 -0.00127933
87172.9 -24.3185 -0.00130418
87786 -24.6522 -0.00132922
88376.4 -24.9883 -0.00135444
88945.6 -25.3284 -0.00137996
89494 -25.6723 -0.00140576
90023.3 -26.018 -0.0014317
90534.4 -26.3639 -0.00145765
91028.1 -26.7082 -0.00148348
91504.7 -27.0193 -0.00150959
91964.9 -27.27 -0.00153606
92408.3 -27.5263 -0.0015631
92836.8 -27.7862 -0.00159053
93250.1 -28.0492 -0.00161829
93649 -28.3143 -0.00164627
94034.7 -28.5824 -0.00167456
94407.9 -28.8512 -0.00170294
94769.4 -29.1204 -0.00173134
95118.9 -29.3908 -0.00175988
95457.6 -29.6648 -0.0017888
95784.1 -29.9425 -0.00181812
96099.2 -30.2302 -0.00184847
96403.7 -30.5212 -0.00187919
96699 -30.8151 -0.00191021
96985.1 -31.1078 -0.0019411
97262.1 -31.3996 -0.00197189
97530.2 -31.6853 -0.00200282
97789.8 -31.9041 -0.00203446
98042 -32.1239 -0.00206624
98286.1 -32.3483 -0.0020987
98521 -32.5757 -0.00213158
98747.6 -32.8094 -0.00216538
98966.9 -33.0458 -0.00219956
99179.5 -33.2865 -0.00223439
99386.2 -33.5311 -0.00226975
99586.6 -33.7742 -0.00230491
99780.8 -34.0168 -0.00234
99969.5 -34.2569 -0.00237473
100154 -34.4939 -0.002409
100333 -34.7277 -0.00244281
100508 -34.9604 -0.00247646
100677 -34.9604 -0.00251213
100842 -34.9604 -0.00254807
101000 -34.9604 -0.00258514
101153 -34.9604 -0.00262373
101302 -34.9604 -0.00266281
101448 -34.9604 -0.00270218
101590 -34.9604 -0.0027418
101728 -34.9604 -0.00278181
101562 0 -0.00304402
56398.3 0 -0.0109333
56398.6 0 -0.0112013
56573.1 0 -0.0113615
56747.8 0 -0.0115096
56917.7 0 -0.0116579
