3501.29 -16.0167 -8.00837e-005
7002.48 -11.7621 -5.88107e-005
10503.7 -7.50753 -3.75376e-005
14004.9 -3.25298 -1.62649e-005
17401 1.64489 8.22445e-006
20468.7 7.47005 3.73502e-005
23179.5 13.9978 6.99889e-005
25591.4 21.0739 0.000105369
27769.7 28.4061 0.000142031
29764.9 35.9697 0.000179849
31619.9 43.559 0.000217795
33360.8 51.303 0.000256515
35009.7 59.0026 0.000295013
36586 66.5784 0.000332892
38100.8 74.2777 0.000371388
39561.2 81.9986 0.000409993
40976.6 89.5648 0.000447824
42354.8 97.0213 0.000485107
43699.5 104.496 0.000522479
45013.1 112.015 0.000560077
46298.2 119.582 0.00059791
47557.8 127.066 0.000635331
48794.9 134.488 0.000672443
50011.9 141.862 0.000709309
51210.2 149.199 0.000745993
52392.2 156.452 0.000782259
53559.5 163.663 0.000818315
54713.1 170.868 0.000854344
55854.2 178.018 0.000890097
56984.1 185.135 0.00092569
58103.4 192.228 0.000961169
59213.1 199.266 0.000996384
60313.7 206.279 0.00103149
61405.7 213.309 0.00106673
62489.6 220.317 0.00110191
63565.7 227.286 0.001137
64634.8 234.212 0.00117203
65697.1 241.057 0.00120692
66753.2 247.809 0.00124176
67802.8 254.441 0.00127663
68846.5 260.897 0.00131157
69883.7 267.127 0.00134678
70914 273.06 0.00138253
71936.7 278.567 0.00141891
72951 283.532 0.00145623
73955.1 287.845 0.00149482
74947.6 291.435 0.00153517
75925.9 294.278 0.00157768
76887.4 296.429 0.001623
77829.3 297.979 0.00167151
78749.7 299.048 0.00172303
79646.1 299.777 0.00177794
80517.1 300.279 0.00183643
81361.8 300.635 0.00189777
82180 300.905 0.00196169
82971.7 301.127 0.00202819
83736.6 301.326 0.00209752
84475.5 301.513 0.00216925
85188.3 301.696 0.00224374
85875.1 301.882 0.00232197
86536.4 302.073 0.00240333
87172.9 302.27 0.00248784
87786 302.469 0.00257391
88376.4 302.672 0.00266196
88945.6 302.879 0.00275198
89494 303.09 0.00284362
90023.3 303.304 0.00293659
90534.4 303.52 0.00303035
91028.1 303.738 0.00312527
91504.7 303.962 0.00322283
91964.9 304.193 0.00332283
92408.3 304.431 0.00342639
92836.8 304.674 0.00353209
93250.1 304.924 0.00364096
93649 305.178 0.00375117
94034.7 305.435 0.00386293
94407.9 305.694 0.0039756
94769.4 305.954 0.00408855
95118.9 306.215 0.00420234
95457.6 306.481 0.00431795
95784.1 306.758 0.00443844
96099.2 307.048 0.00456419
96403.7 307.343 0.00469264
96699 307.643 0.004823
96985.1 307.944 0.00495412
97262.1 308.245 0.005085
97530.2 308.55 0.00521747
97789.8 308.859 0.00535177
98042 309.17 0.00548712
98286.1 309.489 0.00562562
98521 309.822 0.00577026
98747.6 310.168 0.00592109
98966.9 310.521 0.00607433
99179.5 310.88 0.00623037
99386.2 311.243 0.00638821
99586.6 311.609 0.00654738
99780.8 311.974 0.00670601
99969.5 312.334 0.00686249
100154 312.689 0.00701685
100333 313.039 0.00716913
100508 313.39 0.00732179
100677 313.753 0.00747968
100842 314.118 0.00763832
101000 314.494 0.00780185
101153 314.881 0.00796998
101302 315.273 0.00814053
101448 315.671 0.00831328
101590 316.072 0.0084879
101728 316.482 0.00866594
101562 319.224 0.00985835
56398.3 322.235 0.0111673
56398.6 322.533 0.0112969
56573.1 322.866 0.0114419
56747.8 323.198 0.0115861
56917.7 323.537 0.0117336
