3501.29 5.53073e-005
7002.48 0.00011284
10503.7 0.000170373
14004.9 0.000227906
17401 0.000286092
20468.7 0.000346671
23179.5 0.000409673
25591.4 0.000474217
27769.7 0.000539714
29764.9 0.000605764
31619.9 0.000672121
33360.8 0.000738615
35009.7 0.000805144
36586 0.000871574
38100.8 0.000937886
39561.2 0.00100405
40976.6 0.00107001
42354.8 0.00113572
43699.5 0.00120123
45013.1 0.00126654
46298.2 0.00133162
47557.8 0.00139647
48794.9 0.0014611
50011.9 0.00152555
51210.2 0.00158983
52392.2 0.00165396
53559.5 0.0017179
54713.1 0.00178165
55854.2 0.0018452
56984.1 0.00190859
58103.4 0.00197184
59213.1 0.00203496
60313.7 0.00209795
61405.7 0.0021608
62489.6 0.00222352
63565.7 0.00228608
64634.8 0.0023485
65697.1 0.00241077
66753.2 0.00247291
67802.8 0.0025349
68846.5 0.0025968
69883.7 0.00265858
70914 0.00272027
71936.7 0.00278188
72951 0.00284346
73955.1 0.00290502
74947.6 0.00296662
75925.9 0.00302831
76887.4 0.00309011
77829.3 0.00315212
78749.7 0.00321437
79646.1 0.00327691
80517.1 0.00333979
81361.8 0.00340304
82180 0.00346669
82971.7 0.00353075
83736.6 0.00359525
84475.5 0.00366016
85188.3 0.00372553
85875.1 0.00379134
86536.4 0.0038576
87172.9 0.0039243
87786 0.00399143
88376.4 0.00405897
88945.6 0.00412692
89494 0.00419527
90023.3 0.00426398
90534.4 0.00433305
91028.1 0.00440247
91504.7 0.00447223
91964.9 0.00454233
92408.3 0.00461274
92836.8 0.00468347
93250.1 0.00475449
93649 0.0048258
94034.7 0.00489737
94407.9 0.0049692
94769.4 0.00504127
95118.9 0.00511359
95457.6 0.00518613
95784.1 0.0052589
96099.2 0.00533189
96403.7 0.00540509
96699 0.00547847
96985.1 0.00555204
97262.1 0.00562578
97530.2 0.0056997
97789.8 0.00577378
98042 0.00584801
98286.1 0.00592238
98521 0.00599691
98747.6 0.00607157
98966.9 0.00614636
99179.5 0.00622128
99386.2 0.00629631
99586.6 0.00637146
99780.8 0.00644671
99969.5 0.00652207
100154 0.00659753
100333 0.00667307
100508 0.00674872
100677 0.00682444
100842 0.00690025
101000 0.00697614
101153 0.00705211
101302 0.00712816
101448 0.00720426
101590 0.00728043
101728 0.00735666
101562 0.00743182
56398.3 0.0081191
56398.6 0.00819426
56573.1 0.00826756
56747.8 0.00834085
56917.7 0.00841418
