3501.29 -35012.9 1.90839e-007 4.533e+006 3.27437e-006 -2.35127e+008 0
7002.48 -70024.8 1.50898e-009 4.533e+006 -3.27587e-008 -4.70366e+008 0
10503.7 -105037 3.68399e-010 4.533e+006 6.42819e-009 -7.05605e+008 0
14004.9 -140049 1.99167e-009 4.533e+006 -1.85657e-007 -9.40842e+008 0
17401 -171278 -1.48359e-007 4.53316e+006 -2.58798e-006 -1.16886e+009 0
20468.7 -202334 -2.65959e-007 4.53314e+006 -4.72564e-006 -1.37526e+009 0
23179.5 -231059 -2.46153e-007 4.53344e+006 -4.54071e-006 -1.55793e+009 0
25591.4 -256094 -2.01048e-007 4.533e+006 -3.79076e-006 -1.72089e+009 0
27769.7 -277699 -1.51777e-007 4.533e+006 -2.88098e-006 -1.8681e+009 0
29764.9 -297651 -1.25097e-007 4.533e+006 -2.16854e-006 -2.00312e+009 0
31619.9 -316200 -8.96092e-008 4.533e+006 -1.75938e-006 -2.12882e+009 0
33360.8 -333609 -7.41481e-008 4.533e+006 -1.37067e-006 -2.24693e+009 0
35009.7 -350097 -6.18333e-008 4.533e+006 -1.08954e-006 -2.35891e+009 0
36586 -365865 -5.019e-008 4.533e+006 -8.4087e-007 -2.46606e+009 0
38100.8 -381006 -4.10061e-008 4.533e+006 -8.15996e-007 -2.56913e+009 0
39561.2 -395615 -3.80748e-008 4.533e+006 -6.03088e-007 -2.66857e+009 0
40976.6 -409766 -2.86705e-008 4.533e+006 -6.17708e-007 -2.76502e+009 0
42354.8 -423548 -2.6894e-008 4.533e+006 -3.36754e-007 -2.85899e+009 0
43699.5 -437046 -2.43242e-008 4.533e+006 -2.05992e-007 -2.95073e+009 0
45013.1 -450131 -2.30495e-008 4.533e+006 -4.07781e-007 -3.0404e+009 0
46298.2 -462982 -1.89326e-008 4.533e+006 -4.45589e-007 -3.12818e+009 0
47557.8 -475578 -1.76095e-008 4.533e+006 -2.20843e-007 -3.21426e+009 0
48794.9 -487949 -1.77049e-008 4.533e+006 -2.23261e-007 -3.29884e+009 0
50011.9 -500118 -1.44158e-008 4.533e+006 -1.59614e-007 -3.38208e+009 0
51210.2 -512103 -1.38085e-008 4.533e+006 -1.9237e-007 -3.46409e+009 0
52392.2 -523922 -1.15833e-008 4.533e+006 -1.39218e-007 -3.545e+009 0
53559.5 -535598 -1.2822e-008 4.533e+006 -1.52484e-007 -3.62494e+009 0
54713.1 -547131 -1.03872e-008 4.533e+006 -1.36697e-007 -3.70397e+009 0
55854.2 -558542 -8.84187e-009 4.533e+006 -1.46264e-007 -3.78217e+009 0
56984.1 -569843 -3.18506e-009 4.533e+006 -4.55383e-007 -3.85962e+009 0
58103.4 -581034 -9.20306e-009 4.533e+006 3.43305e-008 -3.93636e+009 0
59213.1 -592131 -7.05099e-009 4.533e+006 -8.33718e-008 -4.01246e+009 0
60313.7 -603136 -6.30124e-009 4.533e+006 -3.5871e-008 -4.08796e+009 0
61405.7 -614057 -5.82473e-009 4.533e+006 -7.01515e-008 -4.16289e+009 0
62489.6 -624896 -6.43775e-009 4.533e+006 -1.53953e-008 -4.23728e+009 0
63565.7 -635657 -5.56879e-009 4.533e+006 -9.29489e-008 -4.31115e+009 0
64634.8 -646348 -5.85468e-009 4.533e+006 -3.63095e-008 -4.38456e+009 0
65697.1 -656971 -4.9016e-009 4.533e+006 -2.45983e-008 -4.45751e+009 0
66753.2 -667532 -3.07134e-009 4.533e+006 -1.28956e-007 -4.53004e+009 0
67802.8 -678028 -2.43389e-009 4.533e+006 -1.43488e-007 -4.60216e+009 0
68846.5 -688465 -5.16798e-009 4.533e+006 9.1892e-008 -4.67387e+009 0
69883.7 -698837 -1.40858e-009 4.533e+006 -2.16769e-007 -4.74515e+009 0
70914 -709140 -4.0032e-009 4.533e+006 5.2381e-008 -4.81597e+009 0
71936.7 -719370 -3.13213e-009 4.533e+006 -2.14761e-007 -4.88629e+009 0
72951 -729509 -5.25754e-009 4.533e+006 -1.1221e-007 -4.95605e+009 0
73955.1 -739551 -1.00072e-008 4.533e+006 -8.69648e-008 -5.02513e+009 0
74947.6 -749476 -1.00291e-008 4.533e+006 -2.61549e-008 -5.09343e+009 0
75925.9 -759247 -8.16618e-009 4.533e+006 -2.83629e-007 -5.16079e+009 0
76887.4 -768874 -1.0089e-008 4.533e+006 -4.15287e-007 -5.22704e+009 0
77829.3 -778294 -1.69687e-008 4.533e+006 -1.71646e-007 -5.29198e+009 0
78749.7 -787435 -1.7518e-008 4.53301e+006 -2.27414e-007 -5.35549e+009 0
79646.1 -796508 -1.63657e-008 4.533e+006 -2.96186e-007 -5.4174e+009 0
80517.1 -805175 -1.95712e-008 4.533e+006 -3.27418e-007 -5.47763e+009 0
81361.8 -813623 -2.20008e-008 4.533e+006 -2.06921e-007 -5.5361e+009 0
82180 -821800 -1.99015e-008 4.533e+006 -3.10417e-007 -5.59281e+009 0
82971.7 -829717 -1.84604e-008 4.533e+006 -2.73559e-007 -5.64776e+009 0
83736.6 -837367 -2.15764e-008 4.533e+006 -2.97238e-007 -5.70092e+009 0
84475.5 -844754 -1.87199e-008 4.533e+006 -1.48059e-007 -5.75235e+009 0
85188.3 -851883 -1.62114e-008 4.533e+006 -3.85029e-007 -5.80204e+009 0
85875.1 -858730 -1.66193e-008 4.533e+006 -4.4234e-007 -5.85001e+009 0
86536.4 -865396 -1.76064e-008 4.533e+006 -3.79806e-007 -5.89628e+009 0
87172.9 -871720 -2.04807e-008 4.533e+006 -1.9894e-007 -5.9409e+009 0
87786 -877861 -1.69973e-008 4.533e+006 -2.38325e-007 -5.98396e+009 0
88376.4 -883773 -1.59903e-008 4.533e+006 -3.61042e-007 -6.02551e+009 0
88945.6 -889456 -1.8947e-008 4.533e+006 -9.09614e-008 -6.06565e+009 0
89494 -894940 -1.29154e-008 4.533e+006 -3.64049e-007 -6.10441e+009 0
90023.3 -900233 -1.61074e-008 4.533e+006 -2.53026e-008 -6.1419e+009 0
90534.4 -905344 -1.42367e-008 4.533e+006 -2.29736e-007 -6.17817e+009 0
91028.1 -910281 -1.24912e-008 4.533e+006 -1.84184e-007 -6.21329e+009 0
91504.7 -915047 -9.61923e-009 4.533e+006 -4.6589e-007 -6.24727e+009 0
91964.9 -919649 -1.10663e-008 4.533e+006 -4.0371e-007 -6.28016e+009 0
92408.3 -924084 -1.59255e-008 4.533e+006 -1.12011e-007 -6.31193e+009 0
92836.8 -928368 -1.37469e-008 4.533e+006 -1.0461e-007 -6.34271e+009 0
93250.1 -932474 -1.01031e-008 4.533e+006 1.24932e-009 -6.37248e+009 0
93649 -936489 -7.90344e-009 4.533e+006 -2.92853e-007 -6.40128e+009 0
94034.7 -940351 -1.23787e-008 4.533e+006 -4.31114e-008 -6.42922e+009 0
94407.9 -944080 -7.13961e-009 4.533e+006 -3.2058e-007 -6.45632e+009 0
94769.4 -947694 -5.87968e-009 4.533e+006 -2.2031e-007 -6.48263e+009 0
95118.9 -951178 -1.30561e-008 4.533e+006 1.75973e-007 -6.50816e+009 0
95457.6 -954564 -1.01663e-008 4.533e+006 1.18892e-007 -6.53296e+009 0
95784.1 -957811 -9.69808e-009 4.533e+006 -7.73702e-008 -6.55695e+009 0
96099.2 -960994 -1.46162e-008 4.533e+006 1.79649e-007 -6.58018e+009 0
96403.7 -964047 -9.16135e-009 4.533e+006 -1.72384e-007 -6.60271e+009 0
96699 -966990 -7.08292e-009 4.533e+006 -8.29216e-008 -6.62463e+009 0
96985.1 -969851 -9.83233e-009 4.533e+006 2.40852e-008 -6.64593e+009 0
97262.1 -972621 -6.48999e-009 4.533e+006 2.71607e-008 -6.66663e+009 0
97530.2 -975302 -3.61236e-009 4.533e+006 -2.45184e-008 -6.68674e+009 0
97789.8 -977898 -8.26397e-009 4.533e+006 -1.00818e-007 -6.70627e+009 0
98042 -980419 -6.93961e-009 4.533e+006 9.90418e-008 -6.72532e+009 0
98286.1 -982861 -1.44483e-008 4.533e+006 1.62315e-007 -6.74383e+009 0
98521 -985211 -5.96866e-009 4.533e+006 -9.87267e-008 -6.76173e+009 0
98747.6 -987477 -2.68545e-009 4.533e+006 -1.4298e-007 -6.77907e+009 0
98966.9 -989669 -1.92343e-009 4.533e+006 -4.30972e-007 -6.79593e+009 0
99179.5 -991795 -9.47076e-009 4.533e+006 6.29472e-008 -6.81234e+009 0
99386.2 -993862 -3.26193e-009 4.533e+006 1.98395e-007 -6.82836e+009 0
99586.6 -995868 -4.73638e-009 4.533e+006 1.02441e-007 -6.84397e+009 0
99780.8 -997811 -8.52777e-010 4.533e+006 -3.28535e-007 -6.85915e+009 0
99969.5 -999695 -3.89923e-009 4.533e+006 -2.37568e-007 -6.87398e+009 0
100154 -1.00154e+006 -4.31988e-009 4.533e+006 -1.79273e-007 -6.8885e+009 0
100333 -1.00333e+006 -5.00593e-009 4.533e+006 1.92799e-007 -6.90273e+009 0
100508 -1.00365e+006 -7.67618e-009 4.53295e+006 1.17163e-007 -6.91651e+009 0
100677 -1.00646e+006 -9.6592e-009 4.53269e+006 5.62574e-008 -6.9299e+009 0
100842 -1.0085e+006 -1.01183e-008 4.53267e+006 -1.14038e-007 -6.94311e+009 0
101000 -1.00315e+006 -5.01311e-009 4.53211e+006 -9.04944e-008 -6.95518e+009 0
101153 -1.01096e+006 -9.53359e-009 4.53169e+006 -1.22464e-007 -6.96766e+009 0
101302 -1.01294e+006 -1.43969e-008 4.5316e+006 -1.48688e-007 -6.9798e+009 0
101448 -1.01438e+006 -1.29359e-008 4.53143e+006 -7.6732e-008 -6.99166e+009 0
101590 -1.01548e+006 -1.4253e-008 4.53141e+006 -1.02474e-007 -7.00335e+009 0
101728 266200 -5.93567e-009 4.50071e+006 -5.87332e-007 -6.92912e+009 0
101562 -298258 -4.1222e-007 3.42617e+006 -7.56234e-006 -6.21198e+009 0
56398.3 -2.42206e+006 -6.62576e-007 4.28791e+006 -7.06747e-006 -4.04947e+009 0
56398.6 -866821 -3.98367e-007 4.50752e+006 -1.57678e-006 -4.01627e+009 0
56573.1 -604993 -4.58219e-008 4.53064e+006 1.15253e-006 -4.02162e+009 0
56747.8 -567636 -3.48594e-008 4.5328e+006 1.70035e-006 -4.03426e+009 0
56917.7 -569296 -3.65163e-008 4.53295e+006 1.87426e-006 -4.04784e+009 0
