3501.2 -35012 6.63811e-008 4.533e+006 -5.5367e-006 -2.35121e+008 0
7002.29 -70022.9 -1.19037e-009 4.533e+006 -1.93941e-008 -4.70354e+008 0
10503.4 -105034 2.9526e-010 4.533e+006 -8.62677e-008 -7.05587e+008 0
14004.5 -140045 7.71692e-010 4.533e+006 -3.5313e-009 -9.40817e+008 0
17400.5 -171270 -5.51034e-008 4.53316e+006 4.49095e-006 -1.16882e+009 0
20468.1 -202328 -9.52557e-008 4.53314e+006 7.818e-006 -1.37523e+009 0
23178.8 -231051 -9.20893e-008 4.53344e+006 7.46168e-006 -1.55789e+009 0
25590.6 -256086 -7.24124e-008 4.533e+006 5.90551e-006 -1.72083e+009 0
27768.9 -277691 -5.47836e-008 4.533e+006 4.45508e-006 -1.86804e+009 0
29764 -297642 -4.51998e-008 4.533e+006 3.66752e-006 -2.00306e+009 0
31618.9 -316191 -3.1713e-008 4.533e+006 2.71405e-006 -2.12876e+009 0
33359.9 -333599 -2.6248e-008 4.533e+006 2.08479e-006 -2.24686e+009 0
35008.7 -350087 -2.16739e-008 4.533e+006 1.86139e-006 -2.35884e+009 0
36584.9 -365854 -1.58659e-008 4.533e+006 1.39577e-006 -2.46599e+009 0
38099.8 -380995 -1.59123e-008 4.533e+006 1.30073e-006 -2.56906e+009 0
39560.1 -395604 -1.41667e-008 4.533e+006 1.11081e-006 -2.6685e+009 0
40975.5 -409755 -1.13073e-008 4.533e+006 9.62312e-007 -2.76494e+009 0
42353.7 -423537 -8.93797e-009 4.533e+006 7.12039e-007 -2.85891e+009 0
43698.4 -437016 -8.70126e-009 4.533e+006 6.23487e-007 -2.95065e+009 0
45011.9 -450119 -8.23487e-009 4.533e+006 6.43513e-007 -3.04032e+009 0
46297 -462970 -7.72353e-009 4.533e+006 6.07377e-007 -3.1281e+009 0
47556.5 -475565 -6.09181e-009 4.533e+006 5.46018e-007 -3.21417e+009 0
48793.6 -487935 -7.36373e-009 4.533e+006 5.35018e-007 -3.29875e+009 0
50010.4 -500104 -4.43921e-009 4.533e+006 3.33559e-007 -3.38199e+009 0
51208.7 -512087 -2.86481e-009 4.533e+006 3.34909e-007 -3.46399e+009 0
52390.5 -523905 -2.3398e-009 4.533e+006 2.24543e-007 -3.54489e+009 0
53557.8 -535580 -2.34652e-009 4.533e+006 3.07436e-007 -3.62483e+009 0
54711.3 -547113 -1.74185e-009 4.533e+006 1.56674e-007 -3.70385e+009 0
55852.3 -558523 -9.75227e-010 4.533e+006 7.73367e-008 -3.78204e+009 0
56982.1 -569822 -3.43221e-009 4.533e+006 2.8785e-007 -3.85948e+009 0
58101.3 -581013 -1.12739e-009 4.533e+006 8.30599e-008 -3.93622e+009 0
59210.8 -592108 -2.41956e-009 4.533e+006 2.65058e-007 -4.01231e+009 0
60311.3 -603113 -8.8405e-010 4.533e+006 8.06726e-008 -4.0878e+009 0
61403.1 -614029 -2.19457e-009 4.533e+006 2.20971e-007 -4.16272e+009 0
62486.9 -624869 -7.0606e-010 4.533e+006 4.94012e-008 -4.2371e+009 0
63562.9 -635631 -3.21402e-009 4.533e+006 2.26873e-007 -4.31096e+009 0
64631.8 -646318 1.64044e-011 4.533e+006 -6.59783e-009 -4.38436e+009 0
65694 -656940 -1.08346e-009 4.533e+006 6.76107e-008 -4.4573e+009 0
66749.9 -667498 1.66999e-009 4.533e+006 -7.08506e-008 -4.52983e+009 0
67799.4 -677994 -4.37077e-010 4.533e+006 -4.77267e-010 -4.60193e+009 0
68842.9 -688429 -1.49472e-009 4.533e+006 2.23745e-007 -4.67363e+009 0
69879.9 -698799 -1.61917e-009 4.533e+006 7.84805e-008 -4.7449e+009 0
70910.1 -709101 1.17997e-009 4.533e+006 8.40345e-009 -4.81571e+009 0
71932.7 -719329 1.13408e-009 4.533e+006 3.52561e-008 -4.88602e+009 0
72946.7 -729466 -1.85977e-009 4.533e+006 9.59926e-008 -4.95576e+009 0
73950.7 -739507 -9.14611e-010 4.533e+006 1.0059e-007 -5.02483e+009 0
74943 -749430 -2.65243e-009 4.533e+006 2.33746e-007 -5.09312e+009 0
75921.1 -759199 -3.07821e-009 4.533e+006 2.92006e-007 -5.16048e+009 0
76882.4 -768826 -4.1742e-009 4.533e+006 4.29829e-007 -5.22671e+009 0
77824.2 -778243 -5.12971e-009 4.533e+006 2.6893e-007 -5.29164e+009 0
78744.3 -787402 -5.29215e-009 4.533e+006 4.07921e-007 -5.35513e+009 0
79640.5 -796450 -5.74437e-009 4.533e+006 4.10641e-007 -5.41703e+009 0
80511.3 -805117 -5.31677e-009 4.533e+006 3.82652e-007 -5.47724e+009 0
81355.8 -813561 -4.04045e-009 4.533e+006 4.67116e-007 -5.5357e+009 0
82173.7 -821737 -5.86623e-009 4.533e+006 5.84276e-007 -5.59239e+009 0
82965.2 -829651 -5.62909e-009 4.533e+006 3.97959e-007 -5.64732e+009 0
83729.7 -837298 -3.81951e-009 4.533e+006 3.40654e-007 -5.70046e+009 0
84468.3 -844683 -5.08589e-009 4.533e+006 5.68014e-007 -5.75187e+009 0
85180.8 -851808 -2.57205e-009 4.533e+006 4.56764e-007 -5.80155e+009 0
85867.4 -858654 -4.40305e-009 4.53302e+006 4.69846e-007 -5.8495e+009 0
86528.3 -865312 -9.54663e-009 4.533e+006 6.76202e-007 -5.89575e+009 0
87164.5 -871637 -3.81704e-009 4.533e+006 4.99783e-007 -5.94034e+009 0
87777.4 -877774 -9.30374e-009 4.533e+006 5.56913e-007 -5.98339e+009 0
88367.4 -883680 -9.49079e-009 4.533e+006 6.05188e-007 -6.02491e+009 0
88936.2 -889362 -4.69569e-009 4.533e+006 4.29139e-007 -6.06503e+009 0
89484.2 -894843 -1.34658e-009 4.533e+006 1.21118e-007 -6.10376e+009 0
90013.3 -900133 3.08556e-010 4.533e+006 6.12407e-008 -6.14123e+009 0
90524 -905240 -3.96963e-009 4.533e+006 2.92445e-007 -6.17748e+009 0
91017.3 -910173 -4.36836e-009 4.533e+006 4.05817e-007 -6.21257e+009 0
91493.5 -914935 -4.97359e-009 4.533e+006 2.36959e-007 -6.24652e+009 0
91953.2 -919522 -8.02751e-010 4.533e+006 2.80352e-009 -6.27938e+009 0
92396.3 -923964 -6.22482e-009 4.533e+006 5.10607e-007 -6.31113e+009 0
92824.3 -928243 1.21896e-009 4.533e+006 -8.28629e-008 -6.34187e+009 0
93237.1 -932347 -3.4816e-009 4.533e+006 3.52048e-007 -6.37161e+009 0
93635.4 -936353 -4.24388e-009 4.533e+006 4.10687e-007 -6.40038e+009 0
94020.6 -940221 -3.1841e-009 4.533e+006 2.08895e-007 -6.42827e+009 0
94393.2 -943932 3.15882e-010 4.533e+006 8.165e-008 -6.45534e+009 0
94754.1 -947541 6.90522e-010 4.533e+006 -1.40862e-007 -6.48161e+009 0
95103 -951030 -6.03765e-009 4.533e+006 3.32929e-007 -6.5071e+009 0
95440.9 -954409 2.84486e-009 4.533e+006 8.42454e-008 -6.53185e+009 0
95766.8 -957648 1.11967e-009 4.533e+006 1.56571e-008 -6.5558e+009 0
96081.2 -960813 2.47174e-009 4.533e+006 -1.37734e-007 -6.57898e+009 0
96385 -963850 -1.89931e-009 4.533e+006 5.47581e-008 -6.60147e+009 0
96679.5 -966795 -1.6876e-009 4.533e+006 1.51251e-007 -6.62333e+009 0
96964.9 -969650 -6.1639e-009 4.533e+006 5.74081e-007 -6.64459e+009 0
97241.1 -972411 4.33441e-009 4.533e+006 -2.56177e-007 -6.66523e+009 0
97508.3 -975083 -2.7385e-010 4.533e+006 -6.90409e-008 -6.68528e+009 0
97766.9 -977669 -4.09406e-009 4.533e+006 3.0337e-008 -6.70476e+009 0
98018.1 -980180 -2.98829e-009 4.533e+006 2.74633e-007 -6.72373e+009 0
98261.1 -982611 5.87762e-010 4.533e+006 1.32535e-008 -6.74217e+009 0
98495.1 -984952 1.67357e-009 4.533e+006 1.26453e-008 -6.76001e+009 0
98720.6 -987207 -7.35575e-011 4.533e+006 2.46112e-007 -6.77728e+009 0
98938.7 -989386 2.61188e-009 4.533e+006 1.14977e-008 -6.79405e+009 0
99149.8 -991499 -1.44279e-009 4.533e+006 1.64933e-008 -6.81037e+009 0
99355.2 -993552 -2.91629e-009 4.533e+006 1.80498e-007 -6.8263e+009 0
99554.4 -995544 -6.58211e-009 4.533e+006 3.67937e-007 -6.84182e+009 0
99747.4 -997474 5.60773e-009 4.533e+006 -1.71448e-007 -6.85693e+009 0
99934.9 -999349 -5.07886e-010 4.533e+006 6.03146e-008 -6.87167e+009 0
100118 -1.00118e+006 -2.685e-009 4.533e+006 2.5757e-007 -6.88611e+009 0
100296 -1.00296e+006 -3.71261e-009 4.533e+006 1.69716e-007 -6.90024e+009 0
100468 -1.00238e+006 -5.58337e-009 4.53286e+006 1.49101e-007 -6.91377e+009 0
100636 -1.00596e+006 -4.30354e-009 4.5327e+006 3.49325e-007 -6.92716e+009 0
100799 -978066 -7.50363e-009 4.53158e+006 5.25833e-007 -6.93801e+009 0
100955 -1.0057e+006 4.22056e-009 4.53177e+006 3.96209e-010 -6.95208e+009 0
101106 -1.01074e+006 -1.67731e-009 4.53173e+006 2.89111e-007 -6.96458e+009 0
101254 -1.01248e+006 -1.40145e-009 4.5317e+006 2.94799e-007 -6.97667e+009 0
101398 -1.01393e+006 -2.00526e-009 4.53166e+006 2.51878e-007 -6.98851e+009 0
101539 -1.00717e+006 -6.22288e-009 4.53133e+006 4.53208e-007 -6.99952e+009 0
101534 563484 -7.20896e-008 3.70167e+006 5.86654e-006 -6.3469e+009 0
56519.8 -2.33655e+006 -1.73685e-007 4.14845e+006 1.41236e-005 -4.04097e+009 0
56394.8 -570632 -1.62701e-007 4.4983e+006 1.27474e-005 -4.00305e+009 0
56555.5 -528602 -2.82274e-008 4.53044e+006 1.77792e-006 -4.01564e+009 0
56716.6 -567241 9.5088e-009 4.53278e+006 -7.14476e-007 -4.02991e+009 0
56877.6 -568841 1.48235e-008 4.53293e+006 -7.60622e-007 -4.0429e+009 0
56994.8 -280803 1.14858e-008 4.37045e+006 -8.79105e-007 -4.03097e+009 0
