2247.93 -2.37555 -0.000183644
4495.78 -2.68356 -0.000207454
6743.67 -2.99156 -0.000231265
8991.56 -3.29957 -0.000255076
11239.5 -3.60757 -0.000278886
13487.3 -3.91558 -0.000302697
15722.4 -4.22988 -0.000326994
17877.3 -4.5569 -0.000352275
19909.2 -4.88943 -0.000377981
21810.1 -5.22108 -0.00040362
23589.3 -5.54971 -0.000429025
25264.1 -5.87081 -0.000453848
26847.3 -6.186 -0.000478213
28353.7 -6.48701 -0.00050193
29793 -6.72216 -0.000525575
31171.6 -6.95328 -0.000548815
32497.8 -7.18069 -0.000571682
33779.3 -7.40509 -0.000594246
35020.6 -7.62619 -0.000616478
36226.6 -7.84349 -0.000638329
37401 -8.05767 -0.000659865
38548 -8.269 -0.000681115
39671.1 -8.47702 -0.000702032
40773.2 -8.68156 -0.0007226
41856.8 -8.88449 -0.000743005
42923 -9.08486 -0.000763154
43973.2 -9.28247 -0.000783023
45009 -9.47774 -0.000802659
46031.5 -9.67099 -0.000822091
47042.2 -9.86242 -0.000841339
48042.2 -10.0519 -0.000860397
49032.6 -10.2402 -0.000879324
50014.3 -10.427 -0.000898107
50988.1 -10.6127 -0.000916782
51954.4 -10.7972 -0.000935336
52913.9 -10.9804 -0.000953761
53866.7 -11.1624 -0.000972059
54813.5 -11.3431 -0.000990229
55754.4 -11.5019 -0.00100835
56689.2 -11.6359 -0.00102648
57618.3 -11.7696 -0.00104458
58541.8 -11.9029 -0.00106263
59460 -12.0363 -0.00108069
60373.1 -12.1693 -0.00109868
61281.5 -12.3015 -0.00111659
62185 -12.434 -0.00113452
63083.9 -12.5666 -0.00115247
63977.8 -12.6994 -0.00117045
64866.7 -12.8329 -0.00118853
65750.3 -12.9675 -0.00120674
66627.7 -13.103 -0.00122508
67498.4 -13.2404 -0.00124369
68361.3 -13.3806 -0.00126266
69215.4 -13.5234 -0.00128199
70059.4 -13.6694 -0.00130176
70891.9 -13.8191 -0.00132202
71711.3 -13.9729 -0.00134284
72516.3 -14.1317 -0.00136434
73305.1 -14.2949 -0.00138643
74076.8 -14.4627 -0.00140915
74830.5 -14.6358 -0.00143258
75565.4 -14.8128 -0.00145654
76281 -14.9941 -0.00148108
76976.8 -15.1685 -0.00150626
77652.5 -15.3124 -0.00153225
78307.8 -15.4602 -0.00155896
78942.4 -15.611 -0.00158619
79556.5 -15.7659 -0.00161417
80149.8 -15.9248 -0.00164289
80723.6 -16.0872 -0.00167222
81277.5 -16.2527 -0.00170212
81812.4 -16.4227 -0.00173283
82328.4 -16.597 -0.00176431
82826 -16.775 -0.00179647
83306.1 -16.9575 -0.00182943
83769 -17.1437 -0.00186306
84215.4 -17.3342 -0.00189747
84645.8 -17.5281 -0.00193251
85060 -17.7266 -0.00196837
85459.5 -17.9241 -0.00200504
85844.7 -18.0888 -0.00204219
86215.6 -18.2561 -0.00207989
86574.2 -18.4238 -0.00211772
86920.8 -18.5924 -0.00215573
87254.9 -18.7636 -0.00219432
87577.5 -18.9366 -0.00223333
87889.8 -19.1116 -0.00227279
88191.7 -19.2875 -0.00231246
88483.6 -19.4645 -0.00235237
88766.1 -19.6413 -0.00239223
89039.8 -19.8178 -0.00243201
89305.2 -19.9944 -0.00247184
89562.3 -20.1669 -0.00251172
89811 -20.3299 -0.00255187
90051.9 -20.496 -0.00259278
90285.3 -20.6643 -0.00263426
90511.8 -20.8344 -0.00267614
90731.1 -21.0061 -0.00271845
90943.4 -21.1799 -0.00276125
91149.7 -21.3537 -0.00280406
91350.6 -21.5261 -0.00284654
91546.6 -21.697 -0.00288863
91738 -21.8656 -0.00293016
91924.6 -22.0317 -0.00297108
92106.7 -22.1981 -0.00301134
92284.7 -22.3691 -0.00305097
92458.8 -22.5377 -0.00309004
92629.1 -22.7042 -0.00312863
92795.6 -22.8708 -0.00316722
92958.5 -23.037 -0.00320572
93117.7 -23.2028 -0.00324416
93273.1 -23.3691 -0.00328267
93425 -23.535 -0.00332113
93573.4 -23.7023 -0.00335989
93718.5 -23.8711 -0.00339899
93860.5 -24.0402 -0.00343818
93998.1 -24.2149 -0.00347867
94132 -24.2149 -0.00352094
94262.3 -24.2149 -0.00356372
94389.2 -24.2149 -0.00360753
94512.4 -24.2149 -0.00365445
94633.7 -24.2149 -0.00370018
94753 -24.2149 -0.00374522
94762.3 0 -0.00383186
55737.9 0 -0.0117591
55664.5 0 -0.012048
55827.7 0 -0.01223
55989.4 0 -0.012386
56149.1 0 -0.0125357
56271.9 0 -0.0126995
