2247.93 -28.5192 -0.000142596
4495.78 -24.2731 -0.000121365
6743.67 -20.027 -0.000100135
8991.56 -15.7809 -7.89043e-005
11239.5 -11.5347 -5.76737e-005
13487.3 -7.28864 -3.64432e-005
15722.4 -2.83551 -1.41776e-005
17877.3 2.1706 1.0853e-005
19909.2 7.66458 3.83229e-005
21810.1 13.5443 6.77216e-005
23589.3 19.7709 9.88545e-005
25264.1 26.1532 0.000130766
26847.3 32.7357 0.000163679
28353.7 39.3369 0.000196684
29793 46.1597 0.000230799
31171.6 53.0169 0.000265085
32497.8 59.8827 0.000299413
33779.3 66.7009 0.000333504
35020.6 73.6174 0.000368087
36226.6 80.512 0.00040256
37401 87.4045 0.000437022
38548 94.2234 0.000471117
39671.1 100.98 0.000504901
40773.2 107.68 0.000538399
41856.8 114.336 0.000571681
42923 121.027 0.000605135
43973.2 127.722 0.000638611
45009 134.397 0.000671984
46031.5 141.03 0.000705148
47042.2 147.614 0.000738068
48042.2 154.133 0.000770668
49032.6 160.6 0.000803004
50014.3 167.028 0.000835143
50988.1 173.424 0.000867129
51954.4 179.802 0.000899026
52913.9 186.169 0.00093087
53866.7 192.523 0.000962662
54813.5 198.863 0.000994389
55754.4 205.21 0.00102618
56689.2 211.59 0.00105817
57618.3 217.965 0.00109018
58541.8 224.299 0.00112207
59460 230.599 0.00115393
60373.1 236.843 0.0011857
61281.5 243.035 0.0012175
62185 249.151 0.00124934
63083.9 255.152 0.00128124
63977.8 260.996 0.00131323
64866.7 266.654 0.00134553
65750.3 272.053 0.00137822
66627.7 277.123 0.00141152
67498.4 281.775 0.00144561
68361.3 285.922 0.00148074
69215.4 289.49 0.0015171
70059.4 292.445 0.00155494
70891.9 294.801 0.00159458
71711.3 296.609 0.00163626
72516.3 297.954 0.00168031
73305.1 298.928 0.00172684
74076.8 299.623 0.00177574
74830.5 300.121 0.00182695
75565.4 300.486 0.00188047
76281 300.767 0.00193653
76976.8 300.994 0.00199472
77652.5 301.191 0.00205533
78307.8 301.371 0.00211848
78942.4 301.545 0.00218488
79556.5 301.716 0.00225383
80149.8 301.888 0.00232555
80723.6 302.062 0.0023993
81277.5 302.239 0.00247514
81812.4 302.421 0.0025535
82328.4 302.608 0.00263422
82826 302.8 0.00271757
83306.1 302.996 0.00280283
83769 303.196 0.00288986
84215.4 303.402 0.00297927
84645.8 303.614 0.00307128
85060 303.833 0.00316641
85459.5 304.057 0.00326393
85844.7 304.286 0.00336348
86215.6 304.521 0.00346553
86574.2 304.757 0.00356819
86920.8 304.995 0.00367186
87254.9 305.238 0.00377721
87577.5 305.484 0.00388451
87889.8 305.736 0.00399397
88191.7 305.992 0.00410522
88483.6 306.25 0.00421728
88766.1 306.509 0.00433014
89039.8 306.774 0.00444501
89305.2 307.04 0.00456101
89562.3 307.309 0.00467801
89811 307.584 0.00479746
90051.9 307.865 0.00491947
90285.3 308.15 0.00504352
90511.8 308.44 0.00516971
90731.1 308.737 0.00529853
90943.4 309.038 0.00542966
91149.7 309.341 0.00556112
91350.6 309.641 0.0056918
91546.6 309.939 0.0058213
91738 310.233 0.00594922
91924.6 310.523 0.00607528
92106.7 310.809 0.00619938
92284.7 311.09 0.0063217
92458.8 311.369 0.00644285
92629.1 311.647 0.00656385
92795.6 311.927 0.00668566
92958.5 312.209 0.00680807
93117.7 312.492 0.00693135
93273.1 312.778 0.00705583
93425 313.068 0.00718194
93573.4 313.364 0.00731033
93718.5 313.663 0.00744041
93860.5 313.964 0.00757141
93998.1 314.277 0.00770754
94132 314.601 0.00784833
94262.3 314.932 0.00799215
94389.2 315.269 0.00813863
94512.4 315.618 0.00829063
94633.7 315.961 0.00843978
94753 316.301 0.00858758
94762.3 317.36 0.00904782
55737.9 320.647 0.0104771
55664.5 320.728 0.0105123
55827.7 321.036 0.0106461
55989.4 321.347 0.0107814
56149.1 321.654 0.0109148
56271.9 321.942 0.01104
