2247.93 -22479.2 -9.58488e-008 4.533e+006 4.62528e-006 -1.51545e+008 0
4495.78 -44957.8 1.12638e-009 4.533e+006 -2.84647e-008 -3.03386e+008 0
6743.67 -67436.7 1.14047e-009 4.533e+006 -1.28512e-007 -4.55228e+008 0
8991.56 -89915.6 -1.40015e-009 4.533e+006 3.91889e-008 -6.07069e+008 0
11239.5 -112395 -1.96482e-009 4.533e+006 1.05253e-007 -7.5891e+008 0
13487.3 -134873 -8.5627e-010 4.533e+006 1.1411e-007 -9.10751e+008 0
15722.4 -156064 9.32878e-009 4.53304e+006 -5.12943e-007 -1.06165e+009 0
17877.3 -179740 5.40916e-008 4.53304e+006 -2.72351e-006 -1.20742e+009 0
19909.2 -198245 6.96172e-008 4.53303e+006 -3.41152e-006 -1.3448e+009 0
21810.1 -217270 6.67484e-008 4.53304e+006 -3.31548e-006 -1.47355e+009 0
23589.3 -235887 6.51658e-008 4.53299e+006 -3.22051e-006 -1.59427e+009 0
25264.1 -252634 5.36829e-008 4.53299e+006 -2.63725e-006 -1.70798e+009 0
26847.3 -268472 4.35246e-008 4.533e+006 -2.05148e-006 -1.81559e+009 0
28353.7 -283559 3.46461e-008 4.533e+006 -1.76914e-006 -1.9181e+009 0
29793 -297934 3.60069e-008 4.533e+006 -1.79959e-006 -2.01614e+009 0
31171.6 -311716 3.25091e-008 4.533e+006 -1.63656e-006 -2.11013e+009 0
32497.8 -324978 2.71699e-008 4.533e+006 -1.29002e-006 -2.20064e+009 0
33779.3 -337793 2.13048e-008 4.533e+006 -9.96053e-007 -2.28818e+009 0
35020.6 -350206 2.16615e-008 4.533e+006 -1.15466e-006 -2.37305e+009 0
36226.6 -362266 1.81086e-008 4.533e+006 -9.10813e-007 -2.45556e+009 0
37401 -374010 1.54563e-008 4.533e+006 -7.51463e-007 -2.53597e+009 0
38548 -385481 1.32622e-008 4.533e+006 -6.96925e-007 -2.61456e+009 0
39671.1 -396711 1.34697e-008 4.533e+006 -6.78069e-007 -2.69156e+009 0
40773.2 -407732 8.92033e-009 4.533e+006 -3.96546e-007 -2.76716e+009 0
41856.8 -418568 9.74099e-009 4.533e+006 -4.7548e-007 -2.84153e+009 0
42923 -429230 6.18489e-009 4.533e+006 -2.15606e-007 -2.91474e+009 0
43973.2 -439736 8.08636e-009 4.533e+006 -3.83145e-007 -2.98688e+009 0
45009 -450090 7.79541e-009 4.533e+006 -4.13199e-007 -3.05807e+009 0
46031.5 -460315 4.70945e-009 4.533e+006 -2.02355e-007 -3.12837e+009 0
47042.2 -470422 4.63931e-009 4.533e+006 -1.1358e-007 -3.19789e+009 0
48042.2 -480422 4.92809e-009 4.533e+006 -2.36605e-007 -3.2667e+009 0
49032.6 -490326 4.42668e-009 4.533e+006 -2.21764e-007 -3.33487e+009 0
50014.3 -500143 1.92416e-009 4.533e+006 -6.30157e-008 -3.40246e+009 0
50988.1 -509881 3.21968e-009 4.533e+006 -6.49796e-008 -3.46952e+009 0
51954.4 -519544 2.86284e-009 4.533e+006 -7.26383e-008 -3.53609e+009 0
52913.9 -529139 2.0991e-009 4.533e+006 -1.18028e-007 -3.60219e+009 0
53866.7 -538667 2.50753e-009 4.533e+006 -3.3788e-008 -3.66786e+009 0
54813.5 -548135 2.4417e-009 4.533e+006 -5.67192e-008 -3.73313e+009 0
55754.4 -557544 2.24864e-009 4.533e+006 -1.26272e-007 -3.798e+009 0
56689.2 -566893 1.26631e-009 4.533e+006 -1.30552e-007 -3.86247e+009 0
57618.3 -576183 8.63771e-010 4.533e+006 2.22957e-008 -3.92656e+009 0
58541.8 -585417 1.19927e-009 4.533e+006 5.6108e-010 -3.99027e+009 0
59460 -594600 1.50697e-009 4.533e+006 -8.62397e-008 -4.05363e+009 0
60373.1 -603731 3.2289e-009 4.533e+006 -5.38043e-008 -4.11666e+009 0
61281.5 -612815 4.49084e-010 4.533e+006 -2.8093e-009 -4.17937e+009 0
62185 -621850 2.43279e-009 4.533e+006 -2.63637e-007 -4.24176e+009 0
63083.9 -630839 2.98237e-009 4.533e+006 -1.26081e-007 -4.30384e+009 0
63977.8 -639778 -1.47959e-009 4.533e+006 6.33499e-008 -4.36558e+009 0
64866.7 -648667 3.23496e-009 4.533e+006 -1.03908e-007 -4.427e+009 0
65750.3 -657503 6.5304e-010 4.533e+006 1.0404e-007 -4.48805e+009 0
66627.7 -666276 1.36255e-010 4.533e+006 1.40135e-008 -4.54871e+009 0
67498.4 -674985 -6.5324e-010 4.533e+006 6.10895e-008 -4.60891e+009 0
68361.3 -683614 1.72198e-009 4.533e+006 3.0112e-009 -4.6686e+009 0
69215.4 -692151 9.08299e-010 4.533e+006 -2.09934e-008 -4.72769e+009 0
70059.4 -700593 7.55829e-009 4.533e+006 -4.58946e-007 -4.78612e+009 0
70891.9 -708913 3.54019e-009 4.533e+006 -5.51352e-008 -4.84378e+009 0
71711.3 -717112 6.00686e-009 4.533e+006 -3.19296e-007 -4.90057e+009 0
72516.3 -725161 9.62394e-009 4.53301e+006 -5.35989e-007 -4.9564e+009 0
73305.1 -733052 4.20166e-009 4.533e+006 -1.86909e-007 -5.01115e+009 0
74076.8 -740769 7.94659e-009 4.533e+006 -3.10001e-007 -5.06476e+009 0
74830.5 -748305 8.07237e-009 4.533e+006 -3.05372e-007 -5.11718e+009 0
75565.4 -755649 5.80792e-009 4.533e+006 -2.76082e-007 -5.16835e+009 0
76281 -762810 1.70529e-008 4.533e+006 -9.65028e-007 -5.21824e+009 0
76976.8 -769768 1.01765e-008 4.533e+006 -4.32085e-007 -5.2668e+009 0
77652.5 -776528 9.51259e-009 4.533e+006 -5.05427e-007 -5.31403e+009 0
78307.8 -783076 9.02456e-009 4.533e+006 -5.48029e-007 -5.3599e+009 0
78942.4 -789424 1.0368e-008 4.533e+006 -4.71692e-007 -5.40439e+009 0
79556.5 -795565 1.53066e-008 4.533e+006 -6.60716e-007 -5.44752e+009 0
80149.8 -801482 1.00092e-008 4.533e+006 -5.51915e-007 -5.48926e+009 0
80723.6 -807238 9.09504e-009 4.533e+006 -3.40344e-007 -5.52971e+009 0
81277.5 -812775 9.63541e-009 4.533e+006 -4.61563e-007 -5.56883e+009 0
81812.4 -818125 5.16799e-009 4.533e+006 -3.16107e-008 -5.60669e+009 0
82328.4 -823283 8.21313e-009 4.533e+006 -6.35912e-007 -5.6433e+009 0
82826 -828260 8.35454e-009 4.533e+006 -3.69471e-007 -5.67867e+009 0
83306.1 -833062 6.32967e-009 4.533e+006 -6.61208e-008 -5.71288e+009 0
83769 -837689 1.00177e-008 4.533e+006 -3.29119e-007 -5.74595e+009 0
84215.4 -842155 7.66465e-009 4.533e+006 -2.35251e-007 -5.77792e+009 0
84645.8 -846447 9.14609e-009 4.533e+006 -5.39566e-007 -5.80883e+009 0
85060 -850601 4.90128e-009 4.533e+006 -2.99082e-007 -5.83866e+009 0
85459.5 -854596 8.93793e-009 4.533e+006 -5.3214e-007 -5.8675e+009 0
85844.7 -858447 2.84151e-009 4.533e+006 -1.06058e-007 -5.8954e+009 0
86215.6 -862158 9.25698e-009 4.533e+006 -5.77335e-007 -5.92234e+009 0
86574.2 -865743 5.02413e-009 4.533e+006 -2.34609e-007 -5.94847e+009 0
86920.8 -869210 2.28483e-009 4.533e+006 -2.03822e-007 -5.9738e+009 0
87254.9 -872549 1.07238e-009 4.533e+006 2.61698e-008 -5.9983e+009 0
87577.5 -875794 5.83576e-009 4.533e+006 -3.04707e-007 -6.02203e+009 0
87889.8 -878898 5.91233e-009 4.533e+006 -2.79198e-007 -6.04508e+009 0
88191.7 -881917 2.76861e-009 4.533e+006 -1.39553e-007 -6.06744e+009 0
88483.6 -884836 4.57321e-009 4.533e+006 -1.0963e-007 -6.08912e+009 0
88766.1 -887662 8.42036e-009 4.533e+006 -3.84494e-007 -6.11019e+009 0
89039.8 -890398 4.00775e-009 4.533e+006 -2.288e-007 -6.13066e+009 0
89305.2 -893048 2.63252e-009 4.533e+006 -3.81079e-008 -6.15059e+009 0
89562.3 -895623 6.03352e-009 4.533e+006 -1.83604e-007 -6.16996e+009 0
89811 -898111 4.25085e-010 4.533e+006 -5.23698e-008 -6.18878e+009 0
90051.9 -900519 3.2684e-009 4.533e+006 -1.67374e-007 -6.20707e+009 0
90285.3 -902853 3.04265e-009 4.533e+006 -9.03047e-008 -6.22487e+009 0
90511.8 -905118 4.10466e-010 4.533e+006 1.04167e-007 -6.24221e+009 0
90731.1 -907311 3.22343e-009 4.533e+006 -1.86392e-007 -6.25907e+009 0
90943.4 -909435 1.15101e-009 4.533e+006 -1.00065e-007 -6.27547e+009 0
91149.7 -911497 2.02438e-009 4.533e+006 -1.63263e-007 -6.29146e+009 0
91350.6 -913506 5.25001e-011 4.533e+006 -1.27886e-007 -6.30709e+009 0
91546.6 -915466 -8.18929e-010 4.533e+006 -2.36852e-008 -6.3224e+009 0
91738 -917380 4.39119e-009 4.533e+006 -3.04692e-007 -6.3374e+009 0
91924.6 -919246 6.41641e-009 4.533e+006 -1.35756e-007 -6.35209e+009 0
92106.7 -921067 2.58208e-009 4.533e+006 -2.02112e-007 -6.36647e+009 0
92284.7 -922847 -1.98665e-009 4.533e+006 1.83523e-007 -6.38058e+009 0
92458.8 -924589 -3.16812e-009 4.533e+006 1.11785e-007 -6.39443e+009 0
92629.1 -926291 3.90464e-009 4.533e+006 -2.74071e-007 -6.40803e+009 0
92795.6 -927956 2.77527e-009 4.533e+006 -4.02073e-008 -6.42137e+009 0
92958.5 -929586 2.01846e-010 4.533e+006 -1.72301e-007 -6.43448e+009 0
93117.7 -931177 6.52447e-009 4.533e+006 -2.17448e-007 -6.44734e+009 0
93273.1 -932731 2.58842e-009 4.533e+006 -9.39809e-009 -6.45995e+009 0
93425 -934250 1.68282e-009 4.533e+006 -8.64671e-008 -6.47232e+009 0
93573.4 -935750 1.90974e-009 4.533e+006 -1.97354e-007 -6.48446e+009 0
93718.5 -937185 6.2728e-009 4.533e+006 -2.85631e-007 -6.49638e+009 0
93860.5 -938538 2.25651e-009 4.533e+006 -3.61926e-008 -6.50809e+009 0
93998.1 -937465 2.26795e-009 4.53285e+006 -2.32542e-007 -6.51929e+009 0
94132 -940960 7.85429e-009 4.53273e+006 -4.28735e-007 -6.53049e+009 0
94262.3 -937540 8.18446e-010 4.53251e+006 -2.57321e-007 -6.54104e+009 0
94389.2 -960242 9.09773e-009 4.53136e+006 -3.56136e-007 -6.55204e+009 0
94512.4 -946610 6.63695e-010 4.53175e+006 -1.22613e-008 -6.56204e+009 0
94633.7 -946069 8.74663e-009 4.53184e+006 -4.48645e-007 -6.57235e+009 0
94753 -68373.4 9.08107e-009 4.511e+006 -3.33543e-007 -6.52397e+009 0
94762.3 1.07294e+006 1.18561e-007 3.91687e+006 -5.6086e-006 -6.06257e+009 0
55737.9 -1.67945e+006 7.36481e-007 4.2646e+006 -3.52735e-005 -4.00973e+009 0
55664.5 -1.05275e+006 3.40309e-007 4.49175e+006 -1.48034e-005 -4.00536e+009 0
55827.7 -715683 6.08824e-008 4.52496e+006 -2.5561e-006 -4.00747e+009 0
55989.4 -599044 7.2596e-009 4.53097e+006 -4.95151e-008 -4.01663e+009 0
56149.1 -567863 -2.28688e-009 4.53252e+006 3.69236e-007 -4.02845e+009 0
56271.9 -595984 1.39297e-008 4.52778e+006 -5.64152e-007 -4.03968e+009 0
