2247.93 5.15982e-005
4495.78 0.000109108
6743.67 0.000166618
8991.56 0.000224128
11239.5 0.000281638
13487.3 0.000339148
15722.4 0.00039677
17877.3 0.000455194
19909.2 0.000515034
21810.1 0.000576396
23589.3 0.000638887
25264.1 0.00070215
26847.3 0.000765974
28353.7 0.000830141
29793 0.000894526
31171.6 0.000959102
32497.8 0.00102376
33779.3 0.00108844
35020.6 0.00115317
36226.6 0.00121788
37401 0.00128254
38548 0.00134714
39671.1 0.00141169
40773.2 0.00147618
41856.8 0.00154051
42923 0.0016047
43973.2 0.00166875
45009 0.00173263
46031.5 0.00179636
47042.2 0.00185995
48042.2 0.00192338
49032.6 0.00198663
50014.3 0.00204971
50988.1 0.00211261
51954.4 0.00217534
52913.9 0.00223789
53866.7 0.00230028
54813.5 0.00236252
55754.4 0.00242461
56689.2 0.00248657
57618.3 0.00254842
58541.8 0.00261017
59460 0.0026718
60373.1 0.00273332
61281.5 0.00279474
62185 0.00285606
63083.9 0.00291729
63977.8 0.00297842
64866.7 0.00303949
65750.3 0.00310051
66627.7 0.0031615
67498.4 0.00322248
68361.3 0.00328349
69215.4 0.00334455
70059.4 0.0034057
70891.9 0.00346697
71711.3 0.0035284
72516.3 0.00359005
73305.1 0.00365193
74076.8 0.00371409
74830.5 0.00377656
75565.4 0.00383936
76281 0.00390251
76976.8 0.00396604
77652.5 0.00402995
78307.8 0.00409426
78942.4 0.004159
79556.5 0.00422414
80149.8 0.0042897
80723.6 0.00435567
81277.5 0.00442206
81812.4 0.00448885
82328.4 0.00455606
82826 0.00462366
83306.1 0.00469164
83769 0.00476001
84215.4 0.00482874
84645.8 0.00489784
85060 0.00496728
85459.5 0.00503706
85844.7 0.00510717
86215.6 0.0051776
86574.2 0.0052483
86920.8 0.00531929
87254.9 0.00539056
87577.5 0.00546209
87889.8 0.00553387
88191.7 0.00560588
88483.6 0.00567813
88766.1 0.0057506
89039.8 0.00582327
89305.2 0.00589613
89562.3 0.0059692
89811 0.00604245
90051.9 0.00611589
90285.3 0.00618949
90511.8 0.00626325
90731.1 0.00633716
90943.4 0.00641123
91149.7 0.00648544
91350.6 0.00655979
91546.6 0.00663426
91738 0.00670885
91924.6 0.00678357
92106.7 0.0068584
92284.7 0.00693334
92458.8 0.00700839
92629.1 0.00708354
92795.6 0.00715879
92958.5 0.00723413
93117.7 0.00730957
93273.1 0.00738509
93425 0.00746071
93573.4 0.00753641
93718.5 0.00761219
93860.5 0.00768805
93998.1 0.00776398
94132 0.00783998
94262.3 0.00791605
94389.2 0.00799218
94512.4 0.00806838
94633.7 0.00814464
94753 0.00822096
94762.3 0.00829677
55737.9 0.00898956
55664.5 0.00906555
55827.7 0.00913839
55989.4 0.00921124
56149.1 0.00928411
56271.9 0.00935748
