2247.59 -2.37523 -0.000183712
4495.1 -2.68312 -0.000207526
6742.65 -2.99102 -0.000231339
8990.21 -3.29891 -0.000255153
11237.8 -3.6068 -0.000278967
13485.3 -3.91469 -0.000302781
15720 -4.22887 -0.000327081
17874.6 -4.55577 -0.000352365
19906.2 -4.88817 -0.000378074
21806.7 -5.2197 -0.000403716
23585.7 -5.54819 -0.000429124
25260.2 -5.86917 -0.000453949
26843.1 -6.18422 -0.000478317
28349.4 -6.4847 -0.000502038
29788.5 -6.71852 -0.000525694
31166.7 -6.94836 -0.000548948
32492.4 -7.17455 -0.000571833
33773.5 -7.3978 -0.00059442
35014.3 -7.61776 -0.000616674
36219.6 -7.83395 -0.000638547
37393.4 -8.04707 -0.000660109
38539.6 -8.25735 -0.000681384
39662 -8.46433 -0.000702326
40763.3 -8.66787 -0.000722918
41846 -8.86983 -0.000743351
42911.4 -9.06922 -0.000763525
43960.7 -9.26584 -0.000783417
44995.6 -9.46017 -0.000803078
46017.2 -9.65248 -0.000822536
47026.9 -9.84297 -0.000841809
48026 -10.0316 -0.000860889
49015.5 -10.2189 -0.000879843
49996.3 -10.4048 -0.00089865
50969 -10.5896 -0.000917353
51934.4 -10.7733 -0.000935931
52892.8 -10.9556 -0.000954382
53844.7 -11.1367 -0.000972705
54790.5 -11.3166 -0.000990898
55730.4 -11.4714 -0.00100905
56664.1 -11.6017 -0.00102723
57592.1 -11.7317 -0.00104537
58514.4 -11.8614 -0.00106347
59431.4 -11.9913 -0.00108158
60343.3 -12.1206 -0.00109963
61250.4 -12.2493 -0.00111758
62152.6 -12.3782 -0.00113557
63050 -12.5073 -0.00115359
63942.5 -12.6366 -0.00117162
64830 -12.7666 -0.00118977
65711.9 -12.8977 -0.00120806
66587.8 -13.0297 -0.00122647
67456.8 -13.1637 -0.00124516
68318 -13.3003 -0.00126422
69170.3 -13.4395 -0.00128364
70012.5 -13.5818 -0.00130349
70843.1 -13.7276 -0.00132384
71660.6 -13.8776 -0.00134476
72463.6 -14.0324 -0.00136637
73250.4 -14.1916 -0.00138857
74020.1 -14.3554 -0.00141143
74771.8 -14.5242 -0.00143498
75504.7 -14.6969 -0.00145907
76218.2 -14.8738 -0.00148376
76911.7 -15.0366 -0.00150916
77585 -15.1697 -0.00153542
78238 -15.3065 -0.00156241
78870 -15.4458 -0.00158991
79481.4 -15.5896 -0.0016183
80071.8 -15.7371 -0.00164739
80642.7 -15.8878 -0.00167713
81193.5 -16.0415 -0.00170747
81724.9 -16.1999 -0.00173872
82237.6 -16.3623 -0.00177077
82731.3 -16.5284 -0.00180356
83207.5 -16.6993 -0.00183728
83666.3 -16.874 -0.00187175
84108.3 -17.0524 -0.00190697
84534.3 -17.2347 -0.00194294
84943.8 -17.4214 -0.00197978
85338 -17.5885 -0.00201768
85718.1 -17.7293 -0.00205615
86083.9 -17.872 -0.00209513
86436.6 -18.0151 -0.00213424
86777 -18.1603 -0.0021739
87105.3 -18.308 -0.00221428
87421.8 -18.4572 -0.00225503
87727.3 -18.6077 -0.00229615
88022.3 -18.7598 -0.00233772
88307.4 -18.9142 -0.0023799
88583.5 -19.0674 -0.00242177
88850.4 -19.2196 -0.00246335
89108.2 -19.3697 -0.00250545
89357.3 -19.4947 -0.00254803
89598.3 -19.622 -0.00259144
89831.4 -19.7519 -0.00263568
90056.5 -19.8834 -0.00268051
90273.6 -20.0176 -0.00272625
90483.5 -20.1538 -0.00277267
90686.8 -20.2906 -0.00281927
90884.3 -20.4276 -0.00286596
91076.6 -20.5632 -0.00291219
91263.5 -20.6971 -0.0029578
91445.1 -20.8291 -0.00300292
91622 -20.9554 -0.00304749
91794.4 -21.0802 -0.00309159
91962.7 -21.2041 -0.0031353
92127.3 -21.3269 -0.00317869
92288.2 -21.4491 -0.00322182
92445 -21.5702 -0.00326459
92597.3 -21.6923 -0.0033077
92745.7 -21.8155 -0.00335123
92890.1 -21.9399 -0.00339514
93030.3 -22.0663 -0.00343975
93166.3 -22.1964 -0.0034857
93298.2 -22.1964 -0.00353369
93425.9 -22.1964 -0.00358371
93550 -22.1964 -0.00363564
93671.1 -22.1964 -0.00368757
93789.3 -22.1964 -0.00373904
93787.9 0 -0.00384058
55360.2 0 -0.0118365
55376.7 0 -0.0121094
55534.9 0 -0.0123011
55691.6 0 -0.0124671
55849.4 0 -0.0126228
56003.8 0 -0.0127763
56039.2 0 -0.0130587
55977.1 0 -0.013408
56084.6 0 -0.0136511
56161.5 0 -0.0140755
