2247.59 -28.5331 -0.000142665
4495.1 -24.2872 -0.000121436
6742.65 -20.0414 -0.000100207
8990.21 -15.7955 -7.89777e-005
11237.8 -11.5497 -5.77485e-005
13485.3 -7.30385 -3.65192e-005
15720 -2.8509 -1.42545e-005
17874.6 2.15501 1.07751e-005
19906.2 7.6487 3.82435e-005
21806.7 13.5281 6.76404e-005
23585.7 19.7542 9.87711e-005
25260.2 26.1359 0.00013068
26843.1 32.7179 0.000163589
28349.4 39.3188 0.000196594
29788.5 46.1424 0.000230712
31166.7 53.0005 0.000265002
32492.4 59.8677 0.000299338
33773.5 66.6877 0.000333439
35014.3 73.6052 0.000368026
36219.6 80.5011 0.000402506
37393.4 87.395 0.000436975
38539.6 94.2149 0.000471074
39662 100.973 0.000504863
40763.3 107.673 0.000538363
41846 114.329 0.000571645
42911.4 121.019 0.000605097
43960.7 127.713 0.000638567
44995.6 134.387 0.000671937
46017.2 141.02 0.000705098
47026.9 147.603 0.000738016
48026 154.122 0.000770613
49015.5 160.589 0.000802946
49996.3 167.014 0.000835076
50969 173.41 0.00086706
51934.4 179.787 0.000898948
52892.8 186.151 0.000930779
53844.7 192.502 0.000962556
54790.5 198.838 0.000994266
55730.4 205.186 0.00102606
56664.1 211.564 0.00105804
57592.1 217.94 0.00109006
58514.4 224.275 0.00112196
59431.4 230.577 0.00115382
60343.3 236.823 0.0011856
61250.4 243.014 0.00121739
62152.6 249.133 0.00124925
63050 255.136 0.00128115
63942.5 260.981 0.00131315
64830 266.642 0.00134546
65711.9 272.043 0.00137816
66587.8 277.113 0.00141145
67456.8 281.769 0.00144557
68318 285.919 0.00148072
69170.3 289.49 0.0015171
70012.5 292.447 0.00155497
70843.1 294.803 0.00159463
71660.6 296.61 0.00163631
72463.6 297.955 0.00168039
73250.4 298.929 0.00172692
74020.1 299.624 0.00177587
74771.8 300.122 0.00182714
75504.7 300.487 0.00188065
76218.2 300.768 0.00193677
76911.7 300.996 0.00199514
77585 301.193 0.00205593
78238 301.373 0.00211924
78870 301.547 0.00218575
79481.4 301.719 0.00225505
80071.8 301.892 0.00232708
80642.7 302.067 0.00240129
81193.5 302.245 0.00247758
81724.9 302.428 0.00255662
82237.6 302.616 0.00263794
82731.3 302.81 0.00272204
83207.5 303.009 0.0028083
83666.3 303.211 0.0028964
84108.3 303.42 0.00298685
84534.3 303.634 0.00308006
84943.8 303.856 0.0031765
85338 304.085 0.0032759
85718.1 304.318 0.00337719
86083.9 304.556 0.00348103
86436.6 304.797 0.00358578
86777 305.042 0.00369219
87105.3 305.291 0.00380052
87421.8 305.544 0.00391064
87727.3 305.803 0.00402289
88022.3 306.066 0.00413731
88307.4 306.332 0.00425316
88583.5 306.598 0.00436886
88850.4 306.868 0.00448593
89108.2 307.143 0.00460559
89357.3 307.422 0.00472702
89598.3 307.709 0.00485159
89831.4 308.003 0.00497976
90056.5 308.304 0.00511063
90273.6 308.613 0.00524467
90483.5 308.927 0.00538127
90686.8 309.245 0.00551966
90884.3 309.565 0.00565872
91076.6 309.882 0.00579671
91263.5 310.196 0.00593311
91445.1 310.506 0.00606784
91622 310.812 0.0062009
91794.4 311.114 0.00633239
91962.7 311.414 0.00646262
92127.3 311.712 0.00659198
92288.2 312.008 0.00672105
92445 312.307 0.00685075
92597.3 312.609 0.00698213
92745.7 312.916 0.00711549
92890.1 313.227 0.00725094
93030.3 313.548 0.00739026
93166.3 313.879 0.00753452
93298.2 314.224 0.00768449
93425.9 314.584 0.00784083
93550 314.953 0.00800111
93671.1 315.322 0.00816155
93789.3 315.69 0.00832168
93787.9 316.819 0.00881279
55360.2 319.771 0.0100962
55376.7 320.01 0.0102002
55534.9 320.351 0.0103484
55691.6 320.659 0.0104823
55849.4 320.962 0.010614
56003.8 321.269 0.0107476
56039.2 321.562 0.0108748
55977.1 321.74 0.0109521
56084.6 322.123 0.0111189
56161.5 322.738 0.0113859
