2247.3 -28.5425 -0.000142712
4494.52 -24.2969 -0.000121485
6741.79 -20.0514 -0.000100257
8989.05 -15.8058 -7.90292e-005
11236.3 -11.5603 -5.78014e-005
13483.6 -7.31473 -3.65736e-005
15718 -2.8621 -1.43105e-005
17872.3 2.14344 1.07172e-005
19903.6 7.63671 3.81835e-005
21803.9 13.5156 6.7578e-005
23582.7 19.7398 9.86989e-005
25257.1 26.1223 0.000130612
26839.9 32.7038 0.000163519
28346 39.3044 0.000196522
29784.8 46.1281 0.000230641
31162.8 52.9866 0.000264933
32488.4 59.8545 0.000299272
33769.1 66.6755 0.000333377
35009.5 73.5934 0.000367967
36214.4 80.4898 0.000402449
37387.8 87.3844 0.000436922
38533.6 94.2045 0.000471023
39655.5 100.963 0.000504813
40756.3 107.663 0.000538314
41838.5 114.319 0.000571595
42903.3 121.009 0.000605045
43952.1 127.702 0.000638509
44986.5 134.375 0.000671877
46007.5 141.007 0.000705036
47016.7 147.59 0.000737951
48015.2 154.109 0.000770545
49004 160.575 0.000802876
49984.2 166.999 0.000835
50956.3 173.395 0.000866982
51921.1 179.77 0.000898864
52878.9 186.132 0.000930686
53830.2 192.482 0.000962454
54775.3 198.815 0.000994152
55714.6 205.163 0.00102594
56647.7 211.54 0.00105791
57575 217.916 0.00108994
58496.5 224.252 0.00112184
59412.8 230.556 0.00115371
60323.9 236.802 0.00118549
61230.3 242.992 0.00121728
62131.5 249.112 0.00124914
63028.2 255.117 0.00128105
63919.7 260.964 0.00131305
64806.3 266.625 0.00134536
65687.3 272.029 0.00137807
66562.1 277.099 0.00141136
67430.1 281.758 0.00144549
68290.2 285.911 0.00148065
69141.4 289.483 0.00151703
69982.5 292.442 0.00155491
70812 294.8 0.00159457
71628.3 296.608 0.00163625
72430.1 297.954 0.00168034
73215.7 298.928 0.00172686
73984.2 299.624 0.00177583
74734.7 300.122 0.00182713
75466.3 300.487 0.00188063
76178.5 300.768 0.00193677
76870.6 300.996 0.00199525
77542.5 301.194 0.00205614
78194 301.374 0.00211957
78824.4 301.548 0.00218614
79434.2 301.721 0.00225567
80022.9 301.894 0.00232789
80591.9 302.07 0.00240238
81140.8 302.248 0.00247899
81670 302.432 0.00255845
82180.5 302.621 0.00264023
82671.8 302.816 0.00272479
83145.5 303.017 0.00281171
83601.7 303.221 0.00290056
84040.8 303.431 0.0029917
84463.9 303.647 0.00308575
84870.3 303.871 0.00318319
85261.1 304.103 0.00328391
85637.7 304.339 0.00338665
86000 304.581 0.00349175
86348.7 304.826 0.00359823
86684.8 305.076 0.00370684
87008.9 305.33 0.0038174
87321.1 305.588 0.00392974
87621.7 305.852 0.00404438
87911.7 306.122 0.0041616
88192 306.394 0.00428019
88463.4 306.666 0.00439845
88724.9 306.942 0.0045182
88976.6 307.226 0.00464157
89219.4 307.516 0.00476802
89454.3 307.815 0.00489764
89681.2 308.122 0.00503134
89899 308.441 0.00516988
90108.2 308.768 0.00531196
90310.3 309.099 0.00545604
90506.2 309.433 0.00560147
90696.5 309.769 0.00574758
90881.1 310.104 0.00589314
91059.6 310.437 0.00603802
91232.3 310.768 0.00618158
91400.1 311.095 0.006324
91563.5 311.42 0.00646522
91722.9 311.744 0.00660592
91878 312.068 0.00674704
92028.8 312.396 0.00688956
92175 312.727 0.00703332
92316.5 313.062 0.00717898
92453.1 313.407 0.00732904
92584.5 313.768 0.00748622
92711 314.146 0.00765042
92833.3 314.537 0.00782046
92952.2 314.935 0.00799342
93047.9 315.447 0.00821606
92765.3 318.737 0.00964653
55188.1 321.04 0.0106476
55159.9 321.271 0.0107483
55324.5 321.844 0.0109975
55479.4 322.475 0.0112719
55504.8 323.4 0.0116737
55303.1 326.1 0.0128477
45909.1 334.031 0.016296
46212.2 334.963 0.0167015
46500.6 335.945 0.0171281
46763.7 336.94 0.0175608
47036.8 337.947 0.0179985
47198 338.914 0.0184189
47394.5 339.9 0.018848
