2247.3 -22473 1.93361e-007 4.533e+006 -9.48576e-006 -1.51503e+008 0
4494.52 -44945.2 3.84e-010 4.533e+006 -3.03062e-008 -3.03303e+008 0
6741.79 -67417.9 -1.54524e-009 4.533e+006 2.43306e-008 -4.55102e+008 0
8989.05 -89890.5 -1.72289e-010 4.533e+006 2.85014e-008 -6.06901e+008 0
11236.3 -112363 -7.95611e-010 4.533e+006 -3.56623e-008 -7.58701e+008 0
13483.6 -134836 -1.14327e-010 4.533e+006 -5.45392e-008 -9.105e+008 0
15718 -156015 -2.55623e-008 4.53304e+006 1.21006e-006 -1.06136e+009 0
17872.3 -179687 -1.06402e-007 4.53304e+006 5.23549e-006 -1.20708e+009 0
19903.6 -198205 -1.36434e-007 4.53302e+006 6.69192e-006 -1.34443e+009 0
21803.9 -217227 -1.37624e-007 4.53304e+006 6.69806e-006 -1.47315e+009 0
23582.7 -235816 -1.31683e-007 4.53304e+006 6.47029e-006 -1.59382e+009 0
25257.1 -252573 -1.04472e-007 4.53299e+006 5.11551e-006 -1.70752e+009 0
26839.9 -268399 -9.15081e-008 4.533e+006 4.45686e-006 -1.8151e+009 0
28346 -283493 -7.44436e-008 4.533e+006 3.65773e-006 -1.91758e+009 0
29784.8 -297852 -6.98101e-008 4.533e+006 3.394e-006 -2.01559e+009 0
31162.8 -311629 -5.86172e-008 4.533e+006 2.74813e-006 -2.10955e+009 0
32488.4 -324884 -5.17372e-008 4.533e+006 2.53873e-006 -2.20002e+009 0
33769.1 -337691 -4.44513e-008 4.533e+006 2.22874e-006 -2.2875e+009 0
35009.5 -350028 -3.95619e-008 4.53301e+006 1.97755e-006 -2.3723e+009 0
36214.4 -362144 -3.39362e-008 4.533e+006 1.59342e-006 -2.45475e+009 0
37387.8 -373878 -3.19338e-008 4.533e+006 1.55623e-006 -2.53509e+009 0
38533.6 -385336 -2.99686e-008 4.533e+006 1.46994e-006 -2.6136e+009 0
39655.5 -396556 -2.32815e-008 4.533e+006 1.18185e-006 -2.69052e+009 0
40756.3 -407564 -2.05427e-008 4.533e+006 1.02466e-006 -2.76603e+009 0
41838.5 -418385 -1.94737e-008 4.533e+006 9.57992e-007 -2.84031e+009 0
42903.3 -429033 -1.66277e-008 4.533e+006 8.93446e-007 -2.91343e+009 0
43952.1 -439526 -1.57378e-008 4.533e+006 7.58732e-007 -2.98548e+009 0
44986.5 -449865 -1.48529e-008 4.533e+006 6.78812e-007 -3.05657e+009 0
46007.5 -460075 -1.35322e-008 4.533e+006 6.78771e-007 -3.12677e+009 0
47016.7 -470167 -1.01218e-008 4.533e+006 4.84172e-007 -3.19619e+009 0
48015.2 -480152 -1.22871e-008 4.533e+006 5.89737e-007 -3.2649e+009 0
49004 -490040 -7.43661e-009 4.533e+006 3.70985e-007 -3.33296e+009 0
49984.2 -499842 -9.81791e-009 4.533e+006 5.04074e-007 -3.40045e+009 0
50956.3 -509563 -6.07223e-009 4.533e+006 3.55327e-007 -3.4674e+009 0
51921.1 -519211 -5.97746e-009 4.533e+006 3.56525e-007 -3.53387e+009 0
52878.9 -528789 -7.2367e-009 4.533e+006 3.97441e-007 -3.59987e+009 0
53830.2 -538302 -4.88615e-009 4.533e+006 2.20663e-007 -3.66543e+009 0
54775.3 -547753 -6.77989e-009 4.533e+006 3.83471e-007 -3.73059e+009 0
55714.6 -557146 -4.26433e-009 4.533e+006 2.84639e-007 -3.79535e+009 0
56647.7 -566477 -6.77404e-009 4.533e+006 2.87977e-007 -3.8597e+009 0
57575 -575750 -2.34105e-009 4.533e+006 8.13508e-008 -3.92367e+009 0
58496.5 -584965 -2.79792e-009 4.533e+006 1.4485e-007 -3.98726e+009 0
59412.8 -594128 -6.98462e-009 4.533e+006 3.73018e-007 -4.05049e+009 0
60323.9 -603239 -2.95724e-009 4.533e+006 9.12303e-008 -4.11339e+009 0
61230.3 -612303 -1.57277e-009 4.533e+006 6.33318e-008 -4.17596e+009 0
62131.5 -621315 -9.03855e-010 4.533e+006 1.21069e-007 -4.2382e+009 0
63028.2 -630282 -9.0363e-010 4.533e+006 8.39474e-009 -4.30013e+009 0
63919.7 -639197 -2.40661e-009 4.533e+006 9.90636e-008 -4.36172e+009 0
64806.3 -648062 -5.4902e-009 4.533e+006 2.71175e-007 -4.42298e+009 0
65687.3 -656873 -5.18095e-009 4.533e+006 2.95968e-007 -4.48386e+009 0
66562.1 -665621 -4.85092e-009 4.533e+006 2.51748e-007 -4.54434e+009 0
67430.1 -674301 -4.54687e-009 4.533e+006 1.79682e-007 -4.60436e+009 0
68290.2 -682906 -7.77801e-009 4.533e+006 4.68794e-007 -4.66386e+009 0
69141.4 -691408 -1.22947e-008 4.533e+006 6.61755e-007 -4.72277e+009 0
69982.5 -699828 -1.15e-008 4.533e+006 6.30574e-007 -4.781e+009 0
70812 -708116 -1.39144e-008 4.533e+006 7.12168e-007 -4.83846e+009 0
71628.3 -716287 -1.48595e-008 4.533e+006 8.28117e-007 -4.89504e+009 0
72430.1 -724302 -1.3933e-008 4.533e+006 7.51398e-007 -4.95066e+009 0
73215.7 -732158 -2.11044e-008 4.533e+006 1.09162e-006 -5.0052e+009 0
73984.2 -739849 -1.79356e-008 4.533e+006 8.2044e-007 -5.0586e+009 0
74734.7 -747349 -1.87486e-008 4.533e+006 8.88691e-007 -5.11081e+009 0
75466.3 -754670 -1.979e-008 4.533e+006 1.06466e-006 -5.16176e+009 0
76178.5 -761790 -2.14217e-008 4.533e+006 1.05838e-006 -5.21141e+009 0
76870.6 -768708 -2.20102e-008 4.533e+006 1.11926e-006 -5.25973e+009 0
77542.5 -775424 -2.2411e-008 4.533e+006 1.18257e-006 -5.30671e+009 0
78194 -781944 -1.97643e-008 4.533e+006 1.00568e-006 -5.35232e+009 0
78824.4 -788230 -2.47216e-008 4.533e+006 1.31276e-006 -5.39654e+009 0
79434.2 -794334 -1.9223e-008 4.533e+006 1.01291e-006 -5.43938e+009 0
80022.9 -800241 -1.96533e-008 4.533e+006 1.02748e-006 -5.48082e+009 0
80591.9 -805919 -1.69533e-008 4.533e+006 8.63794e-007 -5.52095e+009 0
81140.8 -811404 -2.37576e-008 4.533e+006 1.22057e-006 -5.55973e+009 0
81670 -816697 -1.8272e-008 4.533e+006 8.57651e-007 -5.59722e+009 0
82180.5 -821812 -2.06122e-008 4.533e+006 1.10101e-006 -5.63345e+009 0
82671.8 -826716 -2.37389e-008 4.533e+006 1.24942e-006 -5.66841e+009 0
83145.5 -831456 -2.09013e-008 4.533e+006 1.11791e-006 -5.7022e+009 0
83601.7 -836017 -2.246e-008 4.533e+006 1.16102e-006 -5.73481e+009 0
84040.8 -840408 -1.59341e-008 4.533e+006 7.82413e-007 -5.7663e+009 0
84463.9 -844639 -1.37681e-008 4.533e+006 7.34086e-007 -5.79672e+009 0
84870.3 -848702 -1.94265e-008 4.533e+006 9.19563e-007 -5.82603e+009 0
85261.1 -852612 -1.7399e-008 4.533e+006 8.83964e-007 -5.8543e+009 0
85637.7 -856377 -1.60171e-008 4.533e+006 8.85131e-007 -5.88163e+009 0
86000 -860020 -1.52863e-008 4.533e+006 5.53608e-007 -5.908e+009 0
86348.7 -863486 -1.33694e-008 4.533e+006 5.74069e-007 -5.93347e+009 0
86684.8 -866849 -1.318e-008 4.533e+006 7.09257e-007 -5.9581e+009 0
87008.9 -870088 -1.05373e-008 4.533e+006 5.25102e-007 -5.98193e+009 0
87321.1 -873211 -1.21807e-008 4.533e+006 5.77008e-007 -6.00497e+009 0
87621.7 -876218 -1.26063e-008 4.533e+006 6.4062e-007 -6.02724e+009 0
87911.7 -879117 -8.32002e-009 4.533e+006 5.32302e-007 -6.0488e+009 0
88192 -881921 -1.116e-008 4.533e+006 4.66108e-007 -6.06972e+009 0
88463.4 -884642 -7.203e-009 4.533e+006 3.22534e-007 -6.09004e+009 0
88724.9 -887325 -1.41251e-008 4.53299e+006 6.27983e-007 -6.10971e+009 0
88976.6 -889766 -7.47872e-009 4.533e+006 4.16682e-007 -6.12872e+009 0
89219.4 -892217 -1.01667e-008 4.533e+006 5.50224e-007 -6.14715e+009 0
89454.3 -894544 -9.14397e-009 4.533e+006 4.10539e-007 -6.16505e+009 0
89681.2 -896814 -1.10428e-008 4.533e+006 3.76303e-007 -6.18241e+009 0
89899 -898998 -8.95569e-009 4.533e+006 4.46863e-007 -6.19917e+009 0
90108.2 -901082 -8.03268e-009 4.533e+006 3.07403e-007 -6.21535e+009 0
90310.3 -903075 -8.19198e-009 4.533e+006 4.85792e-007 -6.23107e+009 0
90506.2 -905058 -1.76769e-009 4.533e+006 2.64675e-007 -6.24637e+009 0
90696.5 -906965 -8.2516e-009 4.533e+006 3.49387e-007 -6.2613e+009 0
90881.1 -908811 -7.61547e-009 4.533e+006 2.8874e-007 -6.27585e+009 0
91059.6 -910595 -2.04258e-009 4.533e+006 -2.61117e-007 -6.28999e+009 0
91232.3 -912323 -5.64034e-009 4.533e+006 3.58224e-007 -6.30375e+009 0
91400.1 -914001 -5.71542e-009 4.533e+006 3.05614e-007 -6.31718e+009 0
91563.5 -915635 2.07316e-009 4.533e+006 -2.48236e-007 -6.33032e+009 0
91722.9 -917228 -3.3152e-009 4.533e+006 1.86658e-007 -6.34319e+009 0
91878 -918780 -8.0278e-009 4.533e+006 2.74632e-007 -6.35578e+009 0
92028.8 -920288 -4.48671e-009 4.533e+006 2.78208e-008 -6.36808e+009 0
92175 -921750 -1.00147e-009 4.533e+006 -3.11528e-008 -6.38008e+009 0
92316.5 -923166 -8.43334e-009 4.533e+006 2.77577e-007 -6.39176e+009 0
92453.1 -924146 -3.05071e-009 4.53299e+006 9.96235e-008 -6.40309e+009 0
92584.5 -925260 -4.51597e-009 4.53292e+006 1.59962e-007 -6.41404e+009 0
92711 -925573 -1.67762e-008 4.53282e+006 9.18584e-007 -6.4246e+009 0
92833.3 -928319 -1.10127e-008 4.53275e+006 5.80132e-007 -6.43504e+009 0
92952.2 -929429 -9.60566e-009 4.53276e+006 3.30604e-007 -6.44522e+009 0
93047.9 1.76833e+006 -4.7763e-008 4.43298e+006 2.34544e-006 -6.24925e+009 0
92765.3 1.06206e+006 -7.77489e-007 3.6916e+006 3.73624e-005 -5.78192e+009 0
55188.1 -2.3193e+006 -6.02717e-007 4.3075e+006 2.85029e-005 -3.98363e+009 0
55159.9 -2.72232e+006 -4.42498e-007 4.44844e+006 2.08142e-005 -4.01196e+009 0
55324.5 -3.49102e+006 -8.75084e-008 4.41507e+006 4.39983e-006 -4.05085e+009 0
55479.4 -4.72244e+006 -2.28491e-008 4.28516e+006 1.27149e-006 -4.09521e+009 0
55504.8 -6.90195e+006 -3.26605e-007 4.20226e+006 1.88543e-005 -4.16722e+009 0
55303.1 1.76613e+006 -1.37838e-006 4.14688e+006 8.21457e-005 -3.43718e+009 0
45909.1 -457099 -2.61054e-007 4.52645e+006 1.26288e-005 -3.33554e+009 0
46212.2 -461526 -6.22794e-008 4.53253e+006 2.4506e-006 -3.35796e+009 0
46500.6 -464810 -4.74932e-008 4.53278e+006 2.14023e-006 -3.37943e+009 0
46763.7 -467145 -6.18749e-008 4.53282e+006 2.91131e-006 -3.39918e+009 0
47036.8 -470244 -2.93621e-008 4.53291e+006 1.61484e-006 -3.41964e+009 0
47198 -466089 -2.20307e-007 4.53043e+006 1.1033e-005 -3.4325e+009 0
47394.5 -444106 -1.46341e-007 4.51635e+006 7.57895e-006 -3.44699e+009 0
