3501.02 -16.0206 -8.01031e-005
7001.93 -11.7662 -5.88308e-005
10502.9 -7.51171 -3.75585e-005
14003.8 -3.25731 -1.62866e-005
17399.6 1.64034 8.20169e-006
20467.1 7.46522 3.73261e-005
23177.8 13.9926 6.99632e-005
25589.5 21.0683 0.000105341
27767.8 28.4001 0.000142
29762.8 35.9634 0.000179817
31617.8 43.5523 0.000217761
33358.7 51.2959 0.000256479
35007.5 58.9953 0.000294977
36583.7 66.5708 0.000332854
38098.5 74.2695 0.000371348
39558.8 81.9902 0.000409951
40974.2 89.5565 0.000447783
42352.3 97.0131 0.000485066
43697 104.488 0.000522439
45010.5 112.007 0.000560037
46295.5 119.575 0.000597873
47554.9 127.059 0.000635295
48791.9 134.482 0.00067241
50008.7 141.856 0.000709279
51206.9 149.193 0.000745967
52388.7 156.447 0.000782234
53555.9 163.658 0.000818291
54709.3 170.864 0.000854322
55850.2 178.014 0.000890077
56979.9 185.131 0.00092567
58099 192.224 0.00096115
59208.4 199.262 0.000996366
60308.7 206.275 0.00103148
61400.5 213.305 0.00106671
62484.2 220.312 0.00110189
63560 227.282 0.00113697
64628.9 234.207 0.00117201
65690.9 241.052 0.0012069
66746.7 247.804 0.00124174
67796.1 254.436 0.00127661
68839.5 260.892 0.00131154
69876.3 267.121 0.00134675
70906.4 273.055 0.00138249
71928.9 278.563 0.00141888
72942.8 283.528 0.00145619
73946.7 287.841 0.00149478
74938.8 291.432 0.00153513
75916.9 294.275 0.00157763
76878 296.427 0.00162296
77819.7 297.978 0.00167147
78739.7 299.047 0.00172301
79635.8 299.776 0.00177791
80506.5 300.279 0.00183643
81350.8 300.635 0.00189779
82168.5 300.905 0.00196174
82959.9 301.128 0.00202826
83724.3 301.326 0.00209762
84462.7 301.513 0.0021694
85175.1 301.696 0.00224389
85861.5 301.883 0.00232214
86522.3 302.074 0.00240353
87158.3 302.27 0.0024881
87771 302.469 0.00257425
88360.8 302.673 0.00266237
88929.5 302.88 0.00275249
89477.3 303.091 0.00284422
90006.1 303.306 0.0029373
90516.6 303.522 0.00303117
91009.7 303.74 0.00312613
91485.7 303.965 0.00322386
91945.2 304.195 0.00332405
92388 304.434 0.00342787
92815.7 304.678 0.00353388
93228.2 304.929 0.003643
93626.2 305.183 0.00375367
94011 305.441 0.00386579
94383.4 305.702 0.00397892
94743.8 305.962 0.00409235
95092.3 306.225 0.00420666
95429.9 306.492 0.00432281
95755.4 306.771 0.00444376
96069.3 307.062 0.00457028
96372.6 307.358 0.00469931
96666.7 307.66 0.00483035
96951.7 307.963 0.00496209
97227.4 308.266 0.00509371
97494 308.573 0.00522743
97752.1 308.885 0.0053629
98002.6 309.2 0.00550001
98245 309.523 0.0056404
98478.3 309.859 0.00578641
98703.1 310.21 0.00593901
98920.3 310.568 0.00609467
99130.6 310.934 0.00625379
99335.1 311.302 0.00641395
99533.5 311.673 0.00657542
99725.7 312.045 0.00673681
99912.4 312.41 0.00689566
100094 312.77 0.00705226
100272 313.125 0.00720665
100443 313.488 0.00736421
100610 313.857 0.00752479
100771 314.233 0.0076881
100927 314.622 0.00785727
101078 315.016 0.00802852
101224 315.413 0.00820149
101368 315.816 0.00837647
101507 316.223 0.00855366
101500 317.629 0.00916459
56417.5 321.225 0.0107281
56340.9 321.342 0.0107789
56507.6 321.613 0.0108972
56670.1 321.949 0.0110432
56831 322.301 0.0111961
56859 322.443 0.0112577
