3501.02 -2.79249 -0.000123687
7001.93 -3.33015 -0.000147501
10502.9 -3.86782 -0.000171316
14003.8 -4.4054 -0.000195127
17399.6 -4.9742 -0.000220321
20467.1 -5.56568 -0.000246519
23177.8 -6.15458 -0.000272603
25589.5 -6.73112 -0.000298139
27767.8 -7.28622 -0.000322726
29762.8 -7.82171 -0.000346445
31617.8 -8.335 -0.00036918
33358.7 -8.83181 -0.000391185
35007.5 -9.31032 -0.000412379
36583.7 -9.77182 -0.000432821
38098.5 -10.2218 -0.00045275
39558.8 -10.6596 -0.000472144
40974.2 -11.0852 -0.000490993
42352.3 -11.4584 -0.000509482
43697 -11.7871 -0.000527835
45010.5 -12.1119 -0.000545967
46295.5 -12.4307 -0.000563766
47554.9 -12.7454 -0.00058133
48791.9 -13.0563 -0.000598688
50008.7 -13.3643 -0.000615882
51206.9 -13.6702 -0.00063296
52388.7 -13.9728 -0.000649854
53555.9 -14.2714 -0.000666525
54709.3 -14.567 -0.000683028
55850.2 -14.8599 -0.000699378
56979.9 -15.1503 -0.000715592
58099 -15.4384 -0.000731678
59208.4 -15.7248 -0.000747665
60308.7 -16.0098 -0.000763576
61400.5 -16.2924 -0.000779354
62484.2 -16.5728 -0.000795006
63560 -16.8512 -0.000810551
64628.9 -17.1283 -0.000826021
65690.9 -17.4041 -0.000841417
66746.7 -17.6787 -0.000856746
67796.1 -17.9525 -0.00087203
68839.5 -18.2261 -0.000887306
69876.3 -18.5009 -0.000902649
70906.4 -18.7774 -0.000918086
71928.9 -19.0566 -0.000933672
72942.8 -19.3396 -0.000949472
73946.7 -19.628 -0.000965572
74938.8 -19.9234 -0.000982063
75916.9 -20.2276 -0.000999044
76878 -20.4662 -0.00101678
77819.7 -20.7111 -0.00103534
78739.7 -20.9662 -0.00105467
79635.8 -21.2292 -0.0010746
80506.5 -21.5044 -0.00109545
81350.8 -21.7878 -0.00111692
82168.5 -22.0781 -0.00113892
82959.9 -22.3742 -0.00116135
83724.3 -22.678 -0.00118437
84462.7 -22.9876 -0.00120783
85175.1 -23.2996 -0.00123147
85861.5 -23.6175 -0.00125555
86522.3 -23.9398 -0.00127997
87158.3 -24.2684 -0.00130488
87771 -24.5996 -0.00132997
88360.8 -24.9332 -0.00135525
88929.5 -25.2709 -0.00138083
89477.3 -25.6123 -0.0014067
90006.1 -25.9555 -0.00143271
90516.6 -26.2989 -0.00145872
91009.7 -26.6406 -0.00148461
91485.7 -26.9427 -0.00151084
91945.2 -27.1856 -0.00153741
92388 -27.434 -0.00156459
92815.7 -27.6862 -0.00159219
93228.2 -27.9412 -0.00162009
93626.2 -28.1987 -0.00164827
94011 -28.459 -0.00167675
94383.4 -28.7202 -0.00170533
94743.8 -28.9816 -0.00173394
95092.3 -29.2445 -0.00176271
95429.9 -29.5113 -0.0017919
95755.4 -29.7814 -0.00182145
96069.3 -30.0618 -0.00185214
96372.6 -30.3451 -0.00188314
96666.7 -30.6313 -0.00191446
96951.7 -30.9163 -0.00194564
97227.4 -31.2006 -0.00197674
97494 -31.4642 -0.0020082
97752.1 -31.6645 -0.00204029
98002.6 -31.8666 -0.00207269
98245 -32.0737 -0.00210588
98478.3 -32.2828 -0.00213941
98703.1 -32.4978 -0.00217387
98920.3 -32.7161 -0.00220886
99130.6 -32.9405 -0.00224482
99335.1 -33.1666 -0.00228106
99533.5 -33.3914 -0.0023171
99725.7 -33.6168 -0.00235322
99912.4 -33.8388 -0.00238881
100094 -34.0578 -0.00242392
100272 -34.2738 -0.00245853
100443 -34.4941 -0.00249384
100610 -34.4941 -0.00253042
100771 -34.4941 -0.00256763
100927 -34.4941 -0.00260685
101078 -34.4941 -0.00264652
101224 -34.4941 -0.0026864
101368 -34.4941 -0.00272652
101507 -34.4941 -0.00276684
101500 0 -0.00286394
56417.5 0 -0.010753
56340.9 0 -0.0109856
56507.6 0 -0.0111329
56670.1 0 -0.0112823
56831 0 -0.0114345
56859 0 -0.0116111
