3501.02 5.53071e-005
7001.93 0.00011284
10502.9 0.000170374
14003.8 0.000227907
17399.6 0.000286094
20467.1 0.000346674
23177.8 0.000409675
25589.5 0.00047422
27767.8 0.000539716
29762.8 0.000605766
31617.8 0.000672123
33358.7 0.000738617
35007.5 0.000805147
36583.7 0.000871576
38098.5 0.000937888
39558.8 0.00100405
40974.2 0.00107001
42352.3 0.00113572
43697 0.00120123
45010.5 0.00126654
46295.5 0.00133162
47554.9 0.00139647
48791.9 0.00146111
50008.7 0.00152556
51206.9 0.00158984
52388.7 0.00165397
53555.9 0.00171791
54709.3 0.00178167
55850.2 0.00184523
56979.9 0.00190862
58099 0.00197187
59208.4 0.002035
60308.7 0.00209799
61400.5 0.00216084
62484.2 0.00222357
63560 0.00228614
64628.9 0.00234856
65690.9 0.00241083
66746.7 0.00247298
67796.1 0.00253498
68839.5 0.00259687
69876.3 0.00265866
70906.4 0.00272036
71928.9 0.00278198
72942.8 0.00284356
73946.7 0.00290513
74938.8 0.00296673
75916.9 0.00302842
76878 0.00309023
77819.7 0.00315223
78739.7 0.00321449
79635.8 0.00327703
80506.5 0.00333992
81350.8 0.00340318
82168.5 0.00346683
82959.9 0.0035309
83724.3 0.0035954
84462.7 0.00366033
85175.1 0.0037257
85861.5 0.00379152
86522.3 0.00385778
87158.3 0.00392449
87771 0.00399162
88360.8 0.00405917
88929.5 0.00412713
89477.3 0.00419549
90006.1 0.00426421
90516.6 0.00433328
91009.7 0.00440271
91485.7 0.00447248
91945.2 0.00454258
92388 0.00461301
92815.7 0.00468374
93228.2 0.00475478
93626.2 0.0048261
94011 0.00489768
94383.4 0.00496952
94743.8 0.0050416
95092.3 0.00511394
95429.9 0.00518649
95755.4 0.00525927
96069.3 0.00533227
96372.6 0.00540548
96666.7 0.00547887
96951.7 0.00555245
97227.4 0.0056262
97494 0.00570013
97752.1 0.00577423
98002.6 0.00584847
98245 0.00592286
98478.3 0.0059974
98703.1 0.00607207
98920.3 0.00614687
99130.6 0.0062218
99335.1 0.00629685
99533.5 0.006372
99725.7 0.00644726
99912.4 0.00652263
100094 0.00659809
100272 0.00667365
100443 0.0067493
100610 0.00682503
100771 0.00690084
100927 0.00697673
101078 0.00705271
101224 0.00712875
101368 0.00720486
101507 0.00728103
101500 0.00735675
56417.5 0.00804019
56340.9 0.00811613
56507.6 0.00818949
56670.1 0.00826291
56831 0.00833635
56859 0.00841118
