3501.02 -35010.2 6.26828e-008 4.533e+006 1.38746e-005 -2.35109e+008 0
7001.93 -70019.3 -3.92579e-010 4.533e+006 -2.5716e-008 -4.7033e+008 0
10502.9 -105029 -5.98673e-011 4.533e+006 1.05686e-008 -7.05551e+008 0
14003.8 -140038 -1.04547e-009 4.533e+006 3.0343e-008 -9.40769e+008 0
17399.6 -171270 -4.97875e-008 4.53316e+006 -1.08291e-005 -1.16877e+009 0
20467.1 -202321 -8.72933e-008 4.53314e+006 -1.94323e-005 -1.37516e+009 0
23177.8 -231035 -7.87949e-008 4.53344e+006 -1.82688e-005 -1.55782e+009 0
25589.5 -256074 -6.54686e-008 4.533e+006 -1.50125e-005 -1.72076e+009 0
27767.8 -277680 -4.96639e-008 4.533e+006 -1.11848e-005 -1.86797e+009 0
29762.8 -297631 -4.1371e-008 4.533e+006 -9.05638e-006 -2.00299e+009 0
31617.8 -316179 -2.96051e-008 4.533e+006 -6.62743e-006 -2.12868e+009 0
33358.7 -333587 -2.37226e-008 4.533e+006 -5.48438e-006 -2.24678e+009 0
35007.5 -350075 -2.08839e-008 4.533e+006 -4.57121e-006 -2.35876e+009 0
36583.7 -365844 -1.59485e-008 4.533e+006 -3.64996e-006 -2.46591e+009 0
38098.5 -380983 -1.33449e-008 4.533e+006 -2.97834e-006 -2.56897e+009 0
39558.8 -395591 -9.98281e-009 4.533e+006 -2.87684e-006 -2.66841e+009 0
40974.2 -409742 -1.06657e-008 4.533e+006 -2.04745e-006 -2.76485e+009 0
42352.3 -423523 -6.92913e-009 4.533e+006 -1.91978e-006 -2.85882e+009 0
43697 -436995 -4.92059e-009 4.533e+006 -1.74868e-006 -2.95056e+009 0
45010.5 -450105 -8.54292e-009 4.533e+006 -1.52575e-006 -3.04023e+009 0
46295.5 -462956 -8.3585e-009 4.533e+006 -1.20277e-006 -3.128e+009 0
47554.9 -475549 -6.03091e-009 4.533e+006 -1.27391e-006 -3.21407e+009 0
48791.9 -487919 -6.08432e-009 4.533e+006 -1.15519e-006 -3.29864e+009 0
50008.7 -500087 -6.76863e-009 4.533e+006 -7.97041e-007 -3.38187e+009 0
51206.9 -512070 -4.12128e-009 4.533e+006 -1.04647e-006 -3.46387e+009 0
52388.7 -523887 -4.92001e-009 4.533e+006 -7.51485e-007 -3.54477e+009 0
53555.9 -535561 -4.50961e-009 4.533e+006 -7.30293e-007 -3.6247e+009 0
54709.3 -547092 7.73367e-010 4.533e+006 -9.29599e-007 -3.70372e+009 0
55850.2 -558502 -3.49395e-009 4.533e+006 -5.54433e-007 -3.7819e+009 0
56979.9 -569800 -2.87116e-009 4.533e+006 -5.29491e-007 -3.85933e+009 0
58099 -580990 -4.50221e-009 4.533e+006 -3.74971e-007 -3.93606e+009 0
59208.4 -592084 -2.75549e-009 4.533e+006 -5.04081e-007 -4.01215e+009 0
60308.7 -603087 -1.04535e-009 4.533e+006 -5.38242e-007 -4.08763e+009 0
61400.5 -614003 -1.45616e-009 4.533e+006 -5.40418e-007 -4.16255e+009 0
62484.2 -624842 -1.8733e-009 4.533e+006 -4.04424e-007 -4.23692e+009 0
63560 -635602 -2.05979e-009 4.533e+006 -4.57973e-007 -4.31077e+009 0
64628.9 -646289 -3.79973e-009 4.533e+006 -3.35088e-007 -4.38416e+009 0
65690.9 -656909 1.56206e-009 4.533e+006 -5.47506e-007 -4.4571e+009 0
66746.7 -667466 -1.13073e-009 4.533e+006 -2.78965e-007 -4.52961e+009 0
67796.1 -677961 3.95962e-011 4.533e+006 -3.37391e-007 -4.60171e+009 0
68839.5 -688395 -2.00702e-009 4.533e+006 -2.37175e-007 -4.6734e+009 0
69876.3 -698763 -1.80499e-010 4.533e+006 -3.95237e-007 -4.74466e+009 0
70906.4 -709064 -3.5665e-009 4.533e+006 -2.44026e-007 -4.81547e+009 0
71928.9 -719291 -2.95748e-009 4.533e+006 -2.47652e-007 -4.88577e+009 0
72942.8 -729427 -1.88449e-009 4.533e+006 -4.63346e-007 -4.9555e+009 0
73946.7 -739466 -3.41445e-009 4.533e+006 -6.45849e-007 -5.02457e+009 0
74938.8 -749389 -2.47083e-009 4.533e+006 -6.3323e-007 -5.09285e+009 0
75916.9 -759157 -5.04722e-009 4.533e+006 -7.28573e-007 -5.16019e+009 0
76878 -768782 -5.33892e-010 4.533e+006 -1.14885e-006 -5.22642e+009 0
77819.7 -778198 -3.43008e-009 4.533e+006 -9.1987e-007 -5.29134e+009 0
78739.7 -787371 -2.91853e-009 4.533e+006 -1.37923e-006 -5.35482e+009 0
79635.8 -796401 -5.0532e-009 4.533e+006 -1.45467e-006 -5.41671e+009 0
80506.5 -805069 -4.73998e-009 4.533e+006 -1.34401e-006 -5.47692e+009 0
81350.8 -813510 -5.3037e-009 4.533e+006 -1.47368e-006 -5.53537e+009 0
82168.5 -821686 -1.06555e-008 4.533e+006 -1.23906e-006 -5.59204e+009 0
82959.9 -829599 -4.16833e-009 4.533e+006 -1.47692e-006 -5.64697e+009 0
83724.3 -837244 -1.02682e-008 4.533e+006 -1.1884e-006 -5.7001e+009 0
84462.7 -844628 -5.525e-009 4.533e+006 -1.39888e-006 -5.7515e+009 0
85175.1 -851751 -8.7454e-009 4.533e+006 -1.26785e-006 -5.80117e+009 0
85861.5 -858597 -3.3652e-009 4.53301e+006 -1.53428e-006 -5.84911e+009 0
86522.3 -865250 -6.04733e-009 4.533e+006 -1.38319e-006 -5.89534e+009 0
87158.3 -871575 -6.69185e-009 4.533e+006 -1.38246e-006 -5.93993e+009 0
87771 -877710 -7.10829e-009 4.533e+006 -1.19274e-006 -5.98296e+009 0
88360.8 -883613 -3.594e-009 4.533e+006 -1.22073e-006 -6.02448e+009 0
88929.5 -889295 -6.89646e-009 4.533e+006 -8.97318e-007 -6.06458e+009 0
89477.3 -894773 -5.68685e-009 4.533e+006 -1.14176e-006 -6.1033e+009 0
90006.1 -900061 -1.67397e-009 4.533e+006 -1.16839e-006 -6.14075e+009 0
90516.6 -905166 -1.84227e-009 4.533e+006 -1.12402e-006 -6.17699e+009 0
91009.7 -910097 -2.87692e-009 4.533e+006 -1.00984e-006 -6.21207e+009 0
91485.7 -914857 -1.58536e-009 4.533e+006 -1.03601e-006 -6.24601e+009 0
91945.2 -919444 3.23256e-009 4.533e+006 -1.19473e-006 -6.27885e+009 0
92388 -923883 2.17024e-010 4.533e+006 -1.20934e-006 -6.31057e+009 0
92815.7 -928157 -3.61382e-009 4.533e+006 -7.07765e-007 -6.3413e+009 0
93228.2 -932166 -5.0605e-009 4.53299e+006 -8.26602e-007 -6.37101e+009 0
93626.2 -936261 -9.85213e-010 4.533e+006 -1.08896e-006 -6.39977e+009 0
94011 -940111 -3.79865e-009 4.533e+006 -7.66451e-007 -6.42764e+009 0
94383.4 -943834 -3.19525e-009 4.533e+006 -5.46335e-007 -6.45468e+009 0
94743.8 -947438 -2.37997e-010 4.533e+006 -8.59856e-007 -6.48093e+009 0
95092.3 -950923 4.84515e-010 4.533e+006 -7.80374e-007 -6.50639e+009 0
95429.9 -954299 -1.17064e-008 4.533e+006 -2.06253e-007 -6.53111e+009 0
95755.4 -957541 -5.60363e-009 4.533e+006 -4.84155e-007 -6.55504e+009 0
96069.3 -960695 -5.79961e-009 4.533e+006 -4.62044e-007 -6.57819e+009 0
96372.6 -963727 -5.86017e-009 4.533e+006 -3.94719e-007 -6.60065e+009 0
96666.7 -966667 -3.61229e-009 4.533e+006 -3.61023e-007 -6.62248e+009 0
96951.7 -969518 1.56676e-009 4.533e+006 -8.09076e-007 -6.64371e+009 0
97227.4 -972273 -4.63454e-009 4.533e+006 -5.27274e-007 -6.66432e+009 0
97494 -974964 -4.63847e-009 4.533e+006 -4.14243e-007 -6.68433e+009 0
97752.1 -977521 -6.87038e-009 4.533e+006 8.98046e-008 -6.70377e+009 0
98002.6 -980024 -4.9415e-010 4.533e+006 -4.81764e-007 -6.7227e+009 0
98245 -982450 -3.3824e-009 4.533e+006 -3.32342e-007 -6.7411e+009 0
98478.3 -984784 1.57116e-009 4.533e+006 -6.05957e-007 -6.75889e+009 0
98703.1 -987032 -8.97663e-011 4.533e+006 -3.5952e-007 -6.77611e+009 0
98920.3 -989203 3.66461e-009 4.533e+006 -5.40624e-007 -6.79283e+009 0
99130.6 -991307 -1.30135e-009 4.533e+006 -2.95932e-007 -6.80909e+009 0
99335.1 -993351 -6.30151e-010 4.533e+006 -4.54735e-007 -6.82496e+009 0
99533.5 -995335 -2.31288e-009 4.533e+006 -3.9414e-007 -6.84043e+009 0
99725.7 -997257 4.48208e-010 4.533e+006 -2.70027e-007 -6.85549e+009 0
99912.4 -999124 5.96067e-010 4.533e+006 -2.00049e-007 -6.87018e+009 0
100094 -1.00094e+006 -2.30993e-009 4.533e+006 -2.44195e-008 -6.88455e+009 0
100272 -1.00272e+006 8.83821e-010 4.533e+006 -4.73246e-007 -6.89862e+009 0
100443 -1.00222e+006 -4.23463e-009 4.53287e+006 -9.98648e-008 -6.9121e+009 0
100610 -1.00636e+006 2.04575e-010 4.53271e+006 -7.83447e-007 -6.92546e+009 0
100771 -1.00271e+006 -4.67729e-009 4.53251e+006 -4.25018e-007 -6.93805e+009 0
100927 -1.00887e+006 -1.21052e-009 4.53193e+006 -9.83425e-007 -6.95049e+009 0
101078 -1.01071e+006 -2.15767e-009 4.53182e+006 -8.73289e-007 -6.96275e+009 0
101224 -1.01221e+006 2.17548e-009 4.53178e+006 -1.30338e-006 -6.97476e+009 0
101368 -1.01363e+006 -6.07467e-009 4.53174e+006 -3.43031e-007 -6.98654e+009 0
101507 -986186 4.28063e-010 4.53058e+006 -8.21853e-007 -6.99589e+009 0
101500 1.70868e+006 -9.98823e-008 3.67885e+006 -1.4416e-005 -6.27195e+009 0
56417.5 -1.18722e+006 -4.68865e-007 4.24412e+006 -3.82482e-005 -4.00092e+009 0
56340.9 -433962 -1.25175e-007 4.49866e+006 -2.58068e-005 -3.99516e+009 0
56507.6 -504917 -1.65907e-008 4.53022e+006 -9.03785e-007 -4.01159e+009 0
56670.1 -566788 -4.47615e-008 4.53296e+006 1.92725e-006 -4.02683e+009 0
56831 -568369 -3.96365e-008 4.53296e+006 2.87894e-006 -4.0398e+009 0
56859 -1.1365e+006 -7.13154e-008 4.45174e+006 -1.34277e-005 -4.05774e+009 0
