2247.76 -28.5274 -0.000142637
4495.45 -24.2814 -0.000121407
6743.18 -20.0353 -0.000100177
8990.91 -15.7893 -7.89466e-005
11238.6 -11.5433 -5.77165e-005
13486.4 -7.29727 -3.64864e-005
15721.2 -2.84413 -1.42207e-005
17876 2.16201 1.081e-005
19907.7 7.65596 3.82798e-005
21808.4 13.5356 6.7678e-005
23587.4 19.762 9.88102e-005
25262.1 26.1441 0.000130721
26845.1 32.7264 0.000163632
28351.5 39.3275 0.000196638
29790.6 46.1509 0.000230755
31169 53.0088 0.000265044
32494.9 59.8755 0.000299378
33776.1 66.695 0.000333475
35017.2 73.6121 0.00036806
36222.7 80.5077 0.000402539
37396.8 87.4011 0.000437006
38543.3 94.2208 0.000471104
39666 100.978 0.000504891
40767.6 107.678 0.000538391
41850.7 114.335 0.000571674
42916.4 121.025 0.000605127
43966.1 127.72 0.0006386
45001.3 134.394 0.000671971
46023.3 141.027 0.000705134
47033.4 147.611 0.000738053
48032.9 154.13 0.000770651
49022.7 160.597 0.000802986
50003.8 167.023 0.00083512
50977 173.42 0.000867106
51942.8 179.797 0.000898998
52901.6 186.162 0.000930834
53853.9 192.515 0.000962617
54800.1 198.852 0.000994334
55740.3 205.199 0.00102613
56674.5 211.579 0.00105811
57602.9 217.954 0.00109013
58525.7 224.289 0.00112203
59443.2 230.59 0.00115389
60355.6 236.836 0.00118566
61263.2 243.027 0.00121746
62165.9 249.144 0.00124931
63063.9 255.147 0.00128121
63957 260.992 0.00131321
64845 266.651 0.00134551
65727.6 272.052 0.00137821
66604.1 277.121 0.00141151
67473.8 281.775 0.00144562
68335.7 285.924 0.00148077
69188.7 289.493 0.00151714
70031.6 292.449 0.001555
70863 294.804 0.00159465
71681.2 296.611 0.00163634
72485 297.956 0.00168041
73272.6 298.93 0.00172695
74043.1 299.625 0.00177589
74795.6 300.122 0.00182714
75529.3 300.487 0.00188066
76243.6 300.768 0.00193676
76938 300.996 0.00199506
77612.2 301.193 0.00205578
78266.1 301.373 0.00211903
78899.1 301.547 0.0021855
79511.6 301.718 0.00225467
80103.2 301.891 0.00232658
80675.2 302.065 0.00240061
81227.2 302.243 0.00247673
81760 302.426 0.0025555
82274 302.613 0.00263659
82769.2 302.806 0.00272038
83246.9 303.004 0.00280625
83707.3 303.206 0.00289391
84151.1 303.413 0.00298395
84578.8 303.626 0.00307667
84990.2 303.847 0.00317257
85386.6 304.074 0.00327119
85768.7 304.305 0.00337173
86136.5 304.542 0.00347485
86491.6 304.781 0.00357871
86834.6 305.023 0.00368396
87165.2 305.269 0.00379104
87484.2 305.52 0.00389994
87792.5 305.775 0.00401102
88090.4 306.035 0.00412401
88378.2 306.298 0.00423829
88657 306.561 0.00435269
88926.7 306.828 0.00446877
89187.8 307.099 0.00458674
89440.3 307.374 0.00470606
89684.6 307.655 0.0048282
89920.9 307.944 0.00495376
90149.6 308.237 0.00508146
90370.8 308.537 0.00521182
90584.8 308.843 0.00534483
90791.9 309.154 0.00548003
90993.2 309.466 0.00561567
91189.1 309.776 0.00575044
91380 310.082 0.00588363
91565.9 310.385 0.00601509
91747.2 310.683 0.00614479
91923.9 310.977 0.0062726
92096.4 311.267 0.0063989
92265.3 311.556 0.00652415
92430.4 311.843 0.00664908
92591.6 312.132 0.00677462
92748.8 312.423 0.00690144
92902.1 312.717 0.00702933
93051.6 313.016 0.00715912
93197.4 313.319 0.00729093
93339.7 313.628 0.00742521
93478.2 313.945 0.00756325
93612.3 314.279 0.00770814
93742.7 314.619 0.00785598
93869.3 314.966 0.0080071
93991.9 315.329 0.00816482
94112.1 315.688 0.00832103
94213.1 316.138 0.00851634
94085.1 318.394 0.00949724
55461.8 321.127 0.0106857
55412.8 321.269 0.0107473
55575.1 321.609 0.0108952
55735.4 321.931 0.0110354
55865.5 322.209 0.0111563
56022.9 322.515 0.011289
56127 322.807 0.0114159
56193.6 323.077 0.0115336
