2247.76 -2.37537 -0.000183685
4495.45 -2.68331 -0.000207498
6743.18 -2.99125 -0.000231311
8990.91 -3.29919 -0.000255123
11238.6 -3.60714 -0.000278936
13486.4 -3.91508 -0.000302749
15721.2 -4.22931 -0.000327049
17876 -4.55627 -0.000352332
19907.7 -4.88873 -0.00037804
21808.4 -5.22031 -0.000403681
23587.4 -5.54886 -0.000429088
25262.1 -5.86989 -0.000453913
26845.1 -6.185 -0.00047828
28351.5 -6.48568 -0.000501999
29790.6 -6.72001 -0.000525651
31169 -6.95035 -0.0005489
32494.9 -7.17702 -0.000571778
33776.1 -7.40071 -0.000594356
35017.2 -7.62111 -0.000616602
36222.7 -7.83774 -0.000638467
37396.8 -8.05126 -0.000660019
38543.3 -8.26195 -0.000681285
39666 -8.46934 -0.000702217
40767.6 -8.67326 -0.0007228
41850.7 -8.8756 -0.000743222
42916.4 -9.07537 -0.000763386
43966.1 -9.27237 -0.000783271
45001.3 -9.46707 -0.000802922
46023.3 -9.65975 -0.00082237
47033.4 -9.8506 -0.000841634
48032.9 -10.0396 -0.000860705
49022.7 -10.2272 -0.000879649
50003.8 -10.4135 -0.000898447
50977 -10.5987 -0.000917139
51942.8 -10.7826 -0.000935708
52901.6 -10.9654 -0.00095415
53853.9 -11.1468 -0.000972463
54800.1 -11.327 -0.000990647
55740.3 -11.4833 -0.00100879
56674.5 -11.6151 -0.00102695
57602.9 -11.7465 -0.00104508
58525.7 -11.8776 -0.00106315
59443.2 -12.0088 -0.00108125
60355.6 -12.1396 -0.00109927
61263.2 -12.2696 -0.00111721
62165.9 -12.3999 -0.00113517
63063.9 -12.5304 -0.00115317
63957 -12.661 -0.00117118
64845 -12.7924 -0.0011893
65727.6 -12.9249 -0.00120756
66604.1 -13.0582 -0.00122595
67473.8 -13.1936 -0.00124461
68335.7 -13.3315 -0.00126363
69188.7 -13.4721 -0.00128302
70031.6 -13.6159 -0.00130284
70863 -13.7632 -0.00132316
71681.2 -13.9147 -0.00134404
72485 -14.0711 -0.0013656
73272.6 -14.2318 -0.00138777
74043.1 -14.3972 -0.00141057
74795.6 -14.5676 -0.00143407
75529.3 -14.742 -0.00145812
76243.6 -14.9207 -0.00148276
76938 -15.0881 -0.00150807
77612.2 -15.2255 -0.00153422
78266.1 -15.3667 -0.0015611
78899.1 -15.5107 -0.00158849
79511.6 -15.659 -0.00161672
80103.2 -15.811 -0.00164567
80675.2 -15.9665 -0.00167525
81227.2 -16.1249 -0.00170541
81760 -16.288 -0.00173645
82274 -16.4552 -0.00176827
82769.2 -16.6261 -0.00180081
83246.9 -16.8017 -0.00183423
83707.3 -16.981 -0.00186836
84151.1 -17.1644 -0.00190326
84578.8 -17.3514 -0.00193885
84990.2 -17.5428 -0.00197528
85386.6 -17.7231 -0.00201268
85768.7 -17.874 -0.00205059
86136.5 -18.0271 -0.00208906
86491.6 -18.1806 -0.00212764
86834.6 -18.3356 -0.00216659
87165.2 -18.4934 -0.00220623
87484.2 -18.6526 -0.00224624
87792.5 -18.8135 -0.00228667
88090.4 -18.9755 -0.00232737
88378.2 -19.1397 -0.00236862
88657 -19.3029 -0.00240964
88926.7 -19.4653 -0.00245044
89187.8 -19.6287 -0.0024915
89440.3 -19.7747 -0.00253285
89684.6 -19.9176 -0.0025747
89920.9 -20.0642 -0.00261761
90149.6 -20.212 -0.00266091
90370.8 -20.3621 -0.00270484
90584.8 -20.5143 -0.00274941
90791.9 -20.6677 -0.00279434
90993.2 -20.8212 -0.00283928
91189.1 -20.9736 -0.00288389
91380 -21.1239 -0.00292791
91565.9 -21.2721 -0.00297132
91747.2 -21.4196 -0.00301419
91923.9 -21.5669 -0.00305638
92096.4 -21.7126 -0.00309808
92265.3 -21.8569 -0.00313942
92430.4 -21.9997 -0.0031803
92591.6 -22.1418 -0.00322101
92748.8 -22.2844 -0.00326186
92902.1 -22.4267 -0.0033026
93051.6 -22.5702 -0.0033437
93197.4 -22.715 -0.00338517
93339.7 -22.8607 -0.0034269
93478.2 -23.0087 -0.00346929
93612.3 -23.0087 -0.00351451
93742.7 -23.0087 -0.00356048
93869.3 -23.0087 -0.00360741
93991.9 -23.0087 -0.00365748
94112.1 -23.0087 -0.00370646
94213.1 -23.0087 -0.00375422
94085.1 0 -0.004044
55461.8 0 -0.0121177
55412.8 0 -0.0124099
55575.1 0 -0.0126141
55735.4 0 -0.0127849
55865.5 0 -0.0129575
56022.9 0 -0.0131157
56127 0 -0.0133241
56193.6 0 -0.0135677
