2247.76 5.15977e-005
4495.45 0.00010911
6743.18 0.000166622
8990.91 0.000224134
11238.6 0.000281647
13486.4 0.000339159
15721.2 0.000396783
17876 0.000455211
19907.7 0.000515053
21808.4 0.000576417
23587.4 0.00063891
25262.1 0.000702175
26845.1 0.000766001
28351.5 0.000830169
29790.6 0.000894556
31169 0.000959135
32494.9 0.00102379
33776.1 0.00108848
35017.2 0.00115321
36222.7 0.00121793
37396.8 0.0012826
38543.3 0.00134721
39666 0.00141177
40767.6 0.00147626
41850.7 0.00154061
42916.4 0.00160481
43966.1 0.00166887
45001.3 0.00173276
46023.3 0.0017965
47033.4 0.0018601
48032.9 0.00192354
49022.7 0.00198681
50003.8 0.0020499
50977 0.00211281
51942.8 0.00217555
52901.6 0.00223811
53853.9 0.00230051
54800.1 0.00236276
55740.3 0.00242486
56674.5 0.00248684
57602.9 0.0025487
58525.7 0.00261045
59443.2 0.0026721
60355.6 0.00273363
61263.2 0.00279507
62165.9 0.00285639
63063.9 0.00291764
63957 0.00297879
64845 0.00303988
65727.6 0.00310091
66604.1 0.00316192
67473.8 0.00322292
68335.7 0.00328395
69188.7 0.00334503
70031.6 0.0034062
70863 0.0034675
71681.2 0.00352896
72485 0.00359063
73272.6 0.00365254
74043.1 0.00371473
74795.6 0.00377722
75529.3 0.00384005
76243.6 0.00390323
76938 0.00396679
77612.2 0.00403074
78266.1 0.00409509
78899.1 0.00415986
79511.6 0.00422503
80103.2 0.00429063
80675.2 0.00435664
81227.2 0.00442307
81760 0.00448991
82274 0.00455716
82769.2 0.00462482
83246.9 0.00469284
83707.3 0.00476126
84151.1 0.00483004
84578.8 0.00489919
84990.2 0.00496869
85386.6 0.00503852
85768.7 0.00510868
86136.5 0.00517917
86491.6 0.00524994
86834.6 0.00532098
87165.2 0.0053923
87484.2 0.0054639
87792.5 0.00553574
88090.4 0.00560781
88378.2 0.00568012
88657 0.00575265
88926.7 0.00582538
89187.8 0.00589831
89440.3 0.00597143
89684.6 0.00604474
89920.9 0.00611823
90149.6 0.00619189
90370.8 0.00626571
90584.8 0.00633969
90791.9 0.00641381
90993.2 0.00648808
91189.1 0.00656247
91380 0.006637
91565.9 0.00671164
91747.2 0.00678641
91923.9 0.00686129
92096.4 0.00693628
92265.3 0.00701137
92430.4 0.00708655
92591.6 0.00716184
92748.8 0.00723723
92902.1 0.0073127
93051.6 0.00738827
93197.4 0.00746392
93339.7 0.00753965
93478.2 0.00761546
93612.3 0.00769134
93742.7 0.00776728
93869.3 0.0078433
93991.9 0.00791938
94112.1 0.00799553
94213.1 0.00807167
94085.1 0.0081469
55461.8 0.00883363
55412.8 0.00890935
55575.1 0.00898222
55735.4 0.0090551
55865.5 0.00912839
56022.9 0.00920129
56127 0.00927493
56193.6 0.00934909
