2247.76 -22477.6 2.50348e-007 4.533e+006 -8.90194e-006 -1.51534e+008 0
4495.45 -44954.5 -9.9979e-011 4.533e+006 -8.84378e-008 -3.03365e+008 0
6743.18 -67431.8 -1.23047e-009 4.533e+006 8.76781e-008 -4.55195e+008 0
8990.91 -89909.1 -2.28365e-009 4.533e+006 1.75216e-007 -6.07025e+008 0
11238.6 -112386 1.07066e-009 4.533e+006 3.80317e-009 -7.58855e+008 0
13486.4 -134864 1.32372e-009 4.533e+006 -1.48226e-007 -9.10686e+008 0
15721.2 -156042 -3.59506e-008 4.53304e+006 1.17237e-006 -1.06157e+009 0
17876 -179733 -1.37141e-007 4.53304e+006 4.89696e-006 -1.20733e+009 0
19907.7 -198222 -1.74699e-007 4.53303e+006 6.33983e-006 -1.3447e+009 0
21808.4 -217251 -1.76169e-007 4.53304e+006 6.28019e-006 -1.47344e+009 0
23587.4 -235869 -1.66604e-007 4.53299e+006 6.01308e-006 -1.59415e+009 0
25262.1 -252614 -1.351e-007 4.53299e+006 4.87933e-006 -1.70785e+009 0
26845.1 -268451 -1.21629e-007 4.533e+006 4.38724e-006 -1.81545e+009 0
28351.5 -283539 -9.36595e-008 4.533e+006 3.37458e-006 -1.91795e+009 0
29790.6 -297910 -9.15211e-008 4.533e+006 3.39069e-006 -2.01598e+009 0
31169 -311690 -7.71198e-008 4.533e+006 2.7312e-006 -2.10996e+009 0
32494.9 -324949 -6.60789e-008 4.533e+006 2.39687e-006 -2.20045e+009 0
33776.1 -337761 -5.65663e-008 4.533e+006 2.00542e-006 -2.28797e+009 0
35017.2 -350093 -5.2321e-008 4.53301e+006 1.88819e-006 -2.37281e+009 0
36222.7 -362227 -4.35976e-008 4.533e+006 1.55455e-006 -2.4553e+009 0
37396.8 -373972 -4.2472e-008 4.533e+006 1.53931e-006 -2.53569e+009 0
38543.3 -385434 -3.63962e-008 4.533e+006 1.36867e-006 -2.61425e+009 0
39666 -396660 -3.296e-008 4.533e+006 1.2408e-006 -2.69122e+009 0
40767.6 -407676 -2.7666e-008 4.533e+006 1.05712e-006 -2.76678e+009 0
41850.7 -418507 -2.20634e-008 4.533e+006 7.65914e-007 -2.84112e+009 0
42916.4 -429164 -2.25044e-008 4.533e+006 7.06562e-007 -2.9143e+009 0
43966.1 -439665 -2.14078e-008 4.533e+006 8.4038e-007 -2.98641e+009 0
45001.3 -450013 -1.81925e-008 4.533e+006 6.19804e-007 -3.05756e+009 0
46023.3 -460233 -1.85756e-008 4.533e+006 6.57755e-007 -3.12783e+009 0
47033.4 -470334 -1.65339e-008 4.533e+006 6.23314e-007 -3.19731e+009 0
48032.9 -480329 -1.48966e-008 4.533e+006 4.09222e-007 -3.26608e+009 0
49022.7 -490227 -7.97993e-009 4.533e+006 2.21933e-007 -3.33421e+009 0
50003.8 -500038 -1.16561e-008 4.533e+006 5.8698e-007 -3.40176e+009 0
50977 -509770 -9.08422e-009 4.533e+006 3.68854e-007 -3.46878e+009 0
51942.8 -519428 -1.22556e-008 4.533e+006 4.26102e-007 -3.53531e+009 0
52901.6 -529016 -7.75483e-009 4.533e+006 2.34254e-007 -3.60137e+009 0
53853.9 -538539 -1.08501e-008 4.533e+006 3.62828e-007 -3.66701e+009 0
54800.1 -548001 -4.66202e-009 4.533e+006 9.553e-008 -3.73223e+009 0
55740.3 -557403 -3.72861e-009 4.533e+006 3.99182e-008 -3.79706e+009 0
56674.5 -566746 -8.72844e-009 4.533e+006 4.3355e-007 -3.86149e+009 0
57602.9 -576029 -6.47064e-009 4.533e+006 2.64871e-007 -3.92553e+009 0
58525.7 -585257 -6.55424e-009 4.533e+006 1.6323e-007 -3.9892e+009 0
59443.2 -594432 -6.62425e-009 4.533e+006 2.76614e-007 -4.05252e+009 0
60355.6 -603556 -5.0291e-009 4.533e+006 1.94182e-007 -4.1155e+009 0
61263.2 -612632 -9.03471e-009 4.533e+006 3.32472e-007 -4.17816e+009 0
62165.9 -621659 -5.12126e-009 4.533e+006 1.76758e-007 -4.24049e+009 0
63063.9 -630639 -6.63428e-009 4.533e+006 2.45181e-007 -4.30251e+009 0
63957 -639570 -4.80363e-009 4.533e+006 1.15522e-007 -4.3642e+009 0
64845 -648450 -7.92186e-009 4.533e+006 3.237e-007 -4.42556e+009 0
65727.6 -657277 -5.006e-009 4.533e+006 1.32313e-007 -4.48655e+009 0
66604.1 -666039 -6.76662e-009 4.533e+006 2.26824e-007 -4.54714e+009 0
67473.8 -674738 -1.0781e-008 4.533e+006 4.23897e-007 -4.60727e+009 0
68335.7 -683358 -1.12647e-008 4.533e+006 3.71747e-007 -4.66689e+009 0
69188.7 -691884 -1.38985e-008 4.533e+006 4.58879e-007 -4.72592e+009 0
70031.6 -700314 -1.47977e-008 4.533e+006 4.8288e-007 -4.78427e+009 0
70863 -708629 -1.58017e-008 4.533e+006 6.03117e-007 -4.84186e+009 0
71681.2 -716818 -1.76966e-008 4.533e+006 7.75587e-007 -4.89857e+009 0
72485 -724843 -1.68571e-008 4.533e+006 4.51521e-007 -4.95432e+009 0
73272.6 -732729 -2.13463e-008 4.533e+006 7.76546e-007 -5.00899e+009 0
74043.1 -740432 -2.38939e-008 4.533e+006 7.58154e-007 -5.06252e+009 0
74795.6 -747957 -2.3751e-008 4.533e+006 7.78648e-007 -5.11486e+009 0
75529.3 -755274 -2.49827e-008 4.533e+006 8.22156e-007 -5.16595e+009 0
76243.6 -762436 -2.62352e-008 4.533e+006 9.34604e-007 -5.21574e+009 0
76938 -769377 -2.59297e-008 4.533e+006 8.70691e-007 -5.26422e+009 0
77612.2 -776122 -2.4811e-008 4.533e+006 7.34014e-007 -5.31135e+009 0
78266.1 -782662 -3.13184e-008 4.533e+006 1.25027e-006 -5.35712e+009 0
78899.1 -788992 -2.78566e-008 4.533e+006 1.02843e-006 -5.40151e+009 0
79511.6 -795117 -2.58841e-008 4.533e+006 1.03274e-006 -5.44453e+009 0
80103.2 -801039 -2.94402e-008 4.533e+006 1.13813e-006 -5.48616e+009 0
80675.2 -806748 -2.51747e-008 4.533e+006 8.75285e-007 -5.52649e+009 0
81227.2 -812279 -2.91716e-008 4.533e+006 9.73661e-007 -5.56549e+009 0
81760 -817601 -2.71731e-008 4.533e+006 1.05496e-006 -5.6032e+009 0
82274 -822739 -2.90317e-008 4.533e+006 9.7156e-007 -5.63967e+009 0
82769.2 -827686 -2.36032e-008 4.533e+006 6.58978e-007 -5.67489e+009 0
83246.9 -832470 -2.84074e-008 4.533e+006 1.21469e-006 -5.70895e+009 0
83707.3 -837074 -2.47744e-008 4.533e+006 1.00217e-006 -5.74185e+009 0
84151.1 -841511 -1.7506e-008 4.533e+006 3.38064e-007 -5.77364e+009 0
84578.8 -845789 -2.27156e-008 4.533e+006 8.28232e-007 -5.80437e+009 0
84990.2 -849914 -2.01387e-008 4.533e+006 6.8576e-007 -5.83401e+009 0
85386.6 -853866 -2.12637e-008 4.533e+006 8.00896e-007 -5.86265e+009 0
85768.7 -857687 -2.46707e-008 4.533e+006 9.40448e-007 -5.89034e+009 0
86136.5 -861357 -2.26892e-008 4.533e+006 7.29554e-007 -5.91708e+009 0
86491.6 -864916 -1.47232e-008 4.533e+006 4.42737e-007 -5.94298e+009 0
86834.6 -868346 -2.0975e-008 4.533e+006 1.02865e-006 -5.96806e+009 0
87165.2 -871652 -1.40775e-008 4.533e+006 4.47877e-007 -5.99233e+009 0
87484.2 -874863 -1.7529e-008 4.533e+006 7.10033e-007 -6.01582e+009 0
87792.5 -877920 -1.06035e-008 4.533e+006 5.17146e-007 -6.03861e+009 0
88090.4 -880904 -1.42503e-008 4.533e+006 2.93816e-007 -6.06069e+009 0
88378.2 -883780 -1.23787e-008 4.533e+006 4.64141e-007 -6.08211e+009 0
88657 -886570 -1.16893e-008 4.533e+006 3.15518e-007 -6.10293e+009 0
88926.7 -889271 -1.19099e-008 4.533e+006 3.6493e-007 -6.12314e+009 0
89187.8 -891878 -1.22637e-008 4.533e+006 6.29434e-007 -6.14278e+009 0
89440.3 -894403 -8.2719e-009 4.533e+006 3.08446e-007 -6.16185e+009 0
89684.6 -896846 -8.76828e-009 4.533e+006 1.51645e-007 -6.18037e+009 0
89920.9 -899209 -1.25275e-008 4.533e+006 3.68878e-007 -6.19836e+009 0
90149.6 -901496 -1.27286e-008 4.533e+006 4.11274e-007 -6.21584e+009 0
90370.8 -903708 -1.08731e-008 4.533e+006 3.81362e-007 -6.23283e+009 0
90584.8 -905848 -1.34381e-008 4.533e+006 5.71196e-007 -6.24933e+009 0
90791.9 -907920 -3.267e-009 4.533e+006 1.81339e-007 -6.26538e+009 0
90993.2 -909932 -1.01097e-008 4.533e+006 5.61151e-007 -6.28104e+009 0
91189.1 -911891 -1.07278e-008 4.533e+006 5.13111e-007 -6.29635e+009 0
91380 -913800 -2.87983e-009 4.533e+006 -2.83414e-009 -6.31131e+009 0
91565.9 -915659 -8.98632e-009 4.533e+006 3.1916e-007 -6.32595e+009 0
91747.2 -917472 -7.47268e-009 4.533e+006 3.19278e-007 -6.34028e+009 0
91923.9 -919239 -6.03952e-009 4.533e+006 2.33862e-008 -6.3543e+009 0
92096.4 -920964 -5.18127e-009 4.533e+006 2.42144e-007 -6.36805e+009 0
92265.3 -922653 -4.34502e-009 4.533e+006 5.83656e-008 -6.38155e+009 0
92430.4 -924304 -1.11362e-008 4.533e+006 5.20246e-007 -6.39481e+009 0
92591.6 -925983 -1.38428e-008 4.53301e+006 6.29777e-007 -6.4078e+009 0
92748.8 -927488 -9.7254e-009 4.533e+006 3.48293e-007 -6.42052e+009 0
92902.1 -929021 -8.79231e-009 4.533e+006 3.22799e-007 -6.43299e+009 0
93051.6 -930516 -1.0612e-008 4.533e+006 4.4815e-007 -6.44521e+009 0
93197.4 -931976 -9.61028e-010 4.533e+006 -1.26121e-007 -6.45718e+009 0
93339.7 -933325 -3.647e-009 4.533e+006 1.05398e-007 -6.46891e+009 0
93478.2 -933702 -2.64641e-009 4.53296e+006 1.08854e-007 -6.48032e+009 0
93612.3 -935398 -4.92281e-009 4.53282e+006 2.60684e-007 -6.49142e+009 0
93742.7 -933427 -1.74617e-008 4.53263e+006 6.16124e-007 -6.50207e+009 0
93869.3 -953539 -1.02605e-008 4.53167e+006 3.73442e-007 -6.51304e+009 0
93991.9 -940773 -1.46877e-008 4.53207e+006 4.921e-007 -6.52304e+009 0
94112.1 -941443 -1.36277e-008 4.53211e+006 3.72489e-007 -6.53331e+009 0
94213.1 2.14114e+006 -6.12938e-008 4.41773e+006 2.10285e-006 -6.30833e+009 0
94085.1 -497609 -6.48808e-007 3.6972e+006 2.3023e-005 -5.94764e+009 0
55461.8 -1.67741e+006 -3.84279e-007 4.30467e+006 1.38684e-005 -3.98962e+009 0
55412.8 -1.26519e+006 -4.87445e-007 4.48542e+006 1.76062e-005 -3.99159e+009 0
55575.1 -891537 -7.60827e-008 4.51658e+006 2.66572e-006 -3.99213e+009 0
55735.4 -726031 -1.51915e-008 4.52604e+006 3.17113e-007 -3.9995e+009 0
55865.5 -696399 -7.42062e-008 4.52547e+006 2.53345e-006 -4.00928e+009 0
56022.9 -629683 -9.63656e-009 4.53007e+006 -1.59617e-007 -4.01987e+009 0
56127 -957028 -1.12908e-007 4.51481e+006 3.71782e-006 -4.03978e+009 0
56193.6 -2.2081e+006 -2.15444e-007 4.42459e+006 7.36634e-006 -4.08395e+009 0
