2247.58 -2.37526 -0.000183705
4495.09 -2.68315 -0.000207518
6742.63 -2.99105 -0.000231332
8990.18 -3.29895 -0.000255145
11237.7 -3.60684 -0.000278958
13485.3 -3.91474 -0.000302771
15719.9 -4.22892 -0.00032707
17874.5 -4.55583 -0.000352353
19906.1 -4.88824 -0.000378062
21806.7 -5.21977 -0.000403703
23585.7 -5.54827 -0.00042911
25260.3 -5.86926 -0.000453936
26843.2 -6.18432 -0.000478303
28349.5 -6.48486 -0.000502023
29788.5 -6.71878 -0.000525678
31166.8 -6.94873 -0.00054893
32492.6 -7.17503 -0.000571814
33773.6 -7.39837 -0.000594399
35014.5 -7.61842 -0.000616651
36219.8 -7.8347 -0.000638522
37393.7 -8.04791 -0.000660081
38540 -8.25827 -0.000681354
39662.4 -8.46535 -0.000702293
40763.8 -8.66896 -0.000722884
41846.6 -8.871 -0.000743314
42912 -9.07047 -0.000763485
43961.4 -9.26717 -0.000783376
44996.3 -9.46158 -0.000803034
46018 -9.65397 -0.000822489
47027.8 -9.84454 -0.00084176
48027 -10.0332 -0.000860838
49016.5 -10.2206 -0.000879789
49997.3 -10.4066 -0.000898594
50970.1 -10.5915 -0.000917294
51935.6 -10.7752 -0.00093587
52894.1 -10.9576 -0.000954319
53846 -11.1388 -0.000972639
54791.9 -11.3187 -0.00099083
55731.9 -11.4739 -0.00100898
56665.7 -11.6045 -0.00102716
57593.7 -11.7349 -0.0010453
58516.1 -11.8649 -0.00106338
59433.2 -11.995 -0.0010815
60345.2 -12.1246 -0.00109953
61252.4 -12.2536 -0.00111748
62154.6 -12.3828 -0.00113547
63052.2 -12.5123 -0.00115348
63944.8 -12.6418 -0.0011715
64832.4 -12.7721 -0.00118964
65714.4 -12.9035 -0.00120793
66590.4 -13.0358 -0.00122634
67459.5 -13.1701 -0.00124502
68320.9 -13.3069 -0.00126407
69173.3 -13.4464 -0.00128348
70015.6 -13.589 -0.00130332
70846.4 -13.7352 -0.00132366
71664 -13.8855 -0.00134458
72467.2 -14.0407 -0.00136617
73254.1 -14.2001 -0.00138836
74024 -14.3642 -0.0014112
74775.8 -14.5334 -0.00143474
75508.9 -14.7064 -0.00145882
76222.5 -14.8838 -0.0014835
76916.2 -15.0477 -0.00150888
77589.8 -15.1817 -0.00153511
78242.9 -15.3194 -0.00156207
78875.1 -15.4598 -0.00158955
79486.8 -15.6046 -0.0016179
80077.5 -15.753 -0.00164695
80648.6 -15.9048 -0.00167666
81199.7 -16.0595 -0.00170695
81731.5 -16.219 -0.00173816
82244.4 -16.3824 -0.00177015
82738.5 -16.5496 -0.00180288
83215 -16.7215 -0.00183653
83674.2 -16.8972 -0.00187093
84116.6 -17.0767 -0.00190607
84543 -17.26 -0.00194195
84952.9 -17.4477 -0.0019787
85347.7 -17.6181 -0.00201648
85728.3 -17.7612 -0.00205482
86094.5 -17.9062 -0.00209368
86447.8 -18.0517 -0.00213266
86788.8 -18.1991 -0.00217216
87117.6 -18.3492 -0.00221237
87434.6 -18.5006 -0.00225295
87740.9 -18.6534 -0.0022939
88036.5 -18.8078 -0.00233527
88322.2 -18.9645 -0.00237724
88599 -19.12 -0.00241891
88866.6 -19.2744 -0.00246029
89125.1 -19.4292 -0.00250216
89375 -19.5579 -0.00254443
89616.8 -19.689 -0.00258747
89850.6 -19.8228 -0.00263141
90076.6 -19.9581 -0.00267585
90294.6 -20.096 -0.00272115
90505.5 -20.236 -0.00276713
90709.7 -20.3767 -0.00281333
90908.1 -20.5177 -0.00285963
91101.2 -20.6573 -0.00290548
91289.1 -20.795 -0.0029507
91471.7 -20.9311 -0.00299539
91649.6 -21.0632 -0.00303953
91823.1 -21.1935 -0.00308314
91992.4 -21.3226 -0.00312637
92158 -21.4507 -0.00316925
92320 -21.5779 -0.00321183
92477.8 -21.7041 -0.00325408
92631.3 -21.8309 -0.00329654
92780.8 -21.9589 -0.00333936
92926.5 -22.0879 -0.00338257
93068.5 -22.2184 -0.00342625
93205.7 -22.3534 -0.00347145
93339 -22.3534 -0.00351841
93468.5 -22.3534 -0.00356696
93593.9 -22.3534 -0.00361774
93716.1 -22.3534 -0.00366896
93835.5 -22.3534 -0.00371976
93836.4 -22.3534 -0.00381881
55467.3 0 -0.011739
55386.8 0 -0.0120575
55545.2 0 -0.0122664
55702.8 0 -0.0124327
55860.8 0 -0.0125886
56012.5 0 -0.0127433
56065.1 0 -0.0130169
56089.9 0 -0.0133058
56098 0 -0.013594
56177.1 0 -0.0138974
