2247.58 -28.5319 -0.000142659
4495.09 -24.2861 -0.00012143
6742.63 -20.0403 -0.000100201
8990.18 -15.7945 -7.89725e-005
11237.7 -11.5487 -5.77435e-005
13485.3 -7.30291 -3.65145e-005
15719.9 -2.85006 -1.42503e-005
17874.5 2.15572 1.07786e-005
19906.1 7.6493 3.82465e-005
21806.7 13.5286 6.76428e-005
23585.7 19.7546 9.87731e-005
25260.3 26.1362 0.000130681
26843.2 32.7181 0.000163591
28349.5 39.319 0.000196595
29788.5 46.1424 0.000230712
31166.8 53.0003 0.000265002
32492.6 59.8673 0.000299337
33773.6 66.6871 0.000333436
35014.5 73.6044 0.000368022
36219.8 80.5002 0.000402501
37393.7 87.3939 0.000436969
38540 94.2135 0.000471068
39662.4 100.971 0.000504855
40763.8 107.671 0.000538355
41846.6 114.327 0.000571637
42912 121.018 0.000605089
43961.4 127.712 0.000638558
44996.3 134.386 0.000671928
46018 141.018 0.000705089
47027.8 147.601 0.000738007
48027 154.12 0.000770603
49016.5 160.587 0.000802936
49997.3 167.012 0.000835067
50970.1 173.409 0.000867051
51935.6 179.785 0.000898939
52894.1 186.149 0.00093077
53846 192.501 0.000962548
54791.9 198.837 0.000994259
55731.9 205.184 0.00102605
56665.7 211.562 0.00105803
57593.7 217.938 0.00109005
58516.1 224.273 0.00112195
59433.2 230.575 0.00115381
60345.2 236.821 0.00118559
61252.4 243.012 0.00121738
62154.6 249.13 0.00124923
63052.2 255.133 0.00128114
63944.8 260.978 0.00131313
64832.4 266.638 0.00134544
65714.4 272.04 0.00137814
66590.4 277.11 0.00141143
67459.5 281.765 0.00144555
68320.9 285.916 0.00148069
69173.3 289.487 0.00151707
70015.6 292.444 0.00155493
70846.4 294.801 0.00159458
71664 296.608 0.00163626
72467.2 297.954 0.00168033
73254.1 298.928 0.00172686
74024 299.624 0.0017758
74775.8 300.121 0.00182706
75508.9 300.486 0.00188057
76222.5 300.767 0.00193668
76916.2 300.995 0.00199503
77589.8 301.193 0.00205579
78242.9 301.373 0.00211907
78875.1 301.547 0.00218557
79486.8 301.719 0.00225483
80077.5 301.892 0.00232683
80648.6 302.066 0.00240099
81199.7 302.244 0.00247723
81731.5 302.427 0.0025562
82244.4 302.615 0.00263747
82738.5 302.809 0.00272148
83215 303.007 0.00280765
83674.2 303.21 0.00289564
84116.6 303.418 0.00298599
84543 303.632 0.00307908
84952.9 303.853 0.00317539
85347.7 304.082 0.0032746
85728.3 304.314 0.00337571
86094.5 304.553 0.00347937
86447.8 304.793 0.00358391
86788.8 305.037 0.00369004
87117.6 305.286 0.00379809
87434.6 305.538 0.00390791
87740.9 305.796 0.00401988
88036.5 306.058 0.00413396
88322.2 306.324 0.00424945
88599 306.589 0.00436484
88866.6 306.858 0.00448162
89125.1 307.132 0.00460089
89375 307.41 0.00472179
89616.8 307.695 0.00484577
89850.6 307.989 0.00497334
90076.6 308.288 0.00510339
90294.6 308.594 0.00523654
90505.5 308.906 0.00537227
90709.7 309.223 0.00550989
90908.1 309.541 0.00564816
91101.2 309.856 0.00578538
91289.1 310.168 0.00592099
91471.7 310.476 0.0060549
91649.6 310.78 0.00618711
91823.1 311.081 0.00631767
91992.4 311.378 0.00644694
92158 311.673 0.00657526
92320 311.968 0.00670328
92477.8 312.263 0.00683187
92631.3 312.563 0.00696198
92780.8 312.866 0.00709393
92926.5 313.174 0.00722792
93068.5 313.488 0.00736441
93205.7 313.816 0.007507
93339 314.156 0.00765481
93468.5 314.508 0.00780761
93593.9 314.871 0.00796553
93716.1 315.236 0.00812456
93835.5 315.602 0.00828355
93836.4 316.716 0.00876773
55467.3 319.829 0.0101211
55386.8 319.942 0.0101704
55545.2 320.285 0.0103194
55702.8 320.597 0.0104551
55860.8 320.9 0.0105871
56012.5 321.21 0.0107219
56065.1 321.531 0.0108615
56089.9 321.805 0.0109806
56098 322.04 0.0110828
56177.1 322.455 0.0112632
