2247.58 -22475.8 -1.0535e-007 4.533e+006 -4.05503e-006 -1.51522e+008 0
4495.09 -44950.9 -6.7984e-010 4.533e+006 9.83559e-009 -3.0334e+008 0
6742.63 -67426.3 1.96739e-009 4.533e+006 -1.63326e-007 -4.55158e+008 0
8990.18 -89901.8 1.40399e-009 4.533e+006 7.09808e-008 -6.06976e+008 0
11237.7 -112377 1.29055e-009 4.533e+006 5.20232e-008 -7.58794e+008 0
13485.3 -134853 -1.83083e-009 4.533e+006 5.03659e-009 -9.10613e+008 0
15719.9 -156038 1.55697e-008 4.53304e+006 4.64407e-007 -1.06149e+009 0
17874.5 -179710 5.48862e-008 4.53304e+006 2.26983e-006 -1.20723e+009 0
19906.1 -198224 7.19923e-008 4.53302e+006 2.83376e-006 -1.3446e+009 0
21806.7 -217247 7.26651e-008 4.53304e+006 2.83561e-006 -1.47333e+009 0
23585.7 -235846 6.52152e-008 4.53299e+006 2.71557e-006 -1.59403e+009 0
25260.3 -252595 5.58639e-008 4.53299e+006 2.14477e-006 -1.70773e+009 0
26843.2 -268432 5.07956e-008 4.533e+006 1.82091e-006 -1.81532e+009 0
28349.5 -283523 3.78487e-008 4.533e+006 1.47749e-006 -1.91782e+009 0
29788.5 -297889 3.68312e-008 4.533e+006 1.47067e-006 -2.01584e+009 0
31166.8 -311668 3.00451e-008 4.533e+006 1.39751e-006 -2.10981e+009 0
32492.6 -324926 2.86789e-008 4.533e+006 9.47492e-007 -2.2003e+009 0
33773.6 -337736 2.49985e-008 4.533e+006 8.86569e-007 -2.28781e+009 0
35014.5 -350071 2.18943e-008 4.53301e+006 8.2258e-007 -2.37263e+009 0
36219.8 -362198 1.80762e-008 4.533e+006 7.458e-007 -2.45511e+009 0
37393.7 -373938 1.80269e-008 4.533e+006 6.08146e-007 -2.53548e+009 0
38540 -385401 1.52401e-008 4.533e+006 5.50626e-007 -2.61402e+009 0
39662.4 -396626 1.31212e-008 4.533e+006 4.49576e-007 -2.69098e+009 0
40763.8 -407638 1.18066e-008 4.533e+006 4.62693e-007 -2.76653e+009 0
41846.6 -418466 9.88809e-009 4.533e+006 3.64969e-007 -2.84084e+009 0
42912 -429120 8.83715e-009 4.533e+006 3.1777e-007 -2.914e+009 0
43961.4 -439619 1.0395e-008 4.533e+006 2.5864e-007 -2.9861e+009 0
44996.3 -449963 6.80823e-009 4.533e+006 4.30755e-007 -3.05723e+009 0
46018 -460180 8.24833e-009 4.533e+006 2.21105e-007 -3.12747e+009 0
47027.8 -470278 6.51595e-009 4.533e+006 1.9759e-007 -3.19693e+009 0
48027 -480270 5.74472e-009 4.533e+006 3.15942e-007 -3.26569e+009 0
49016.5 -490165 3.95921e-009 4.533e+006 3.54735e-007 -3.33379e+009 0
49997.3 -499973 3.75151e-009 4.533e+006 2.21812e-007 -3.40133e+009 0
50970.1 -509701 5.35564e-009 4.533e+006 1.79168e-007 -3.46832e+009 0
51935.6 -519356 4.88706e-009 4.533e+006 1.05074e-007 -3.53483e+009 0
52894.1 -528941 5.13159e-009 4.533e+006 5.07363e-008 -3.60088e+009 0
53846 -538460 2.15852e-009 4.533e+006 1.61725e-007 -3.66649e+009 0
54791.9 -547919 6.133e-009 4.533e+006 6.66675e-008 -3.73169e+009 0
55731.9 -557319 3.07824e-009 4.533e+006 3.66992e-008 -3.7965e+009 0
56665.7 -566657 5.90002e-009 4.533e+006 -5.31154e-008 -3.8609e+009 0
57593.7 -575937 3.46654e-009 4.533e+006 8.23194e-008 -3.92492e+009 0
58516.1 -585161 4.49437e-009 4.533e+006 2.55757e-008 -3.98856e+009 0
59433.2 -594332 1.06612e-009 4.533e+006 2.16016e-007 -4.05185e+009 0
60345.2 -603452 3.14035e-009 4.533e+006 -3.39177e-008 -4.1148e+009 0
61252.4 -612524 1.89171e-009 4.533e+006 6.9063e-008 -4.17744e+009 0
62154.6 -621546 3.90537e-009 4.533e+006 3.73658e-008 -4.23974e+009 0
63052.2 -630522 5.32306e-009 4.533e+006 -5.49029e-008 -4.30173e+009 0
63944.8 -639448 3.3309e-009 4.533e+006 1.30259e-007 -4.36339e+009 0
64832.4 -648323 3.33799e-009 4.533e+006 1.54769e-007 -4.42471e+009 0
65714.4 -657145 3.73364e-009 4.533e+006 1.34956e-007 -4.48567e+009 0
66590.4 -665903 5.71071e-009 4.533e+006 1.03782e-007 -4.54622e+009 0
67459.5 -674595 4.15652e-009 4.533e+006 1.32356e-007 -4.60632e+009 0
68320.9 -683213 7.623e-009 4.533e+006 -1.25094e-007 -4.6659e+009 0
69173.3 -691730 7.5477e-009 4.533e+006 8.19474e-008 -4.72489e+009 0
70015.6 -700160 7.19336e-009 4.533e+006 1.80126e-007 -4.7832e+009 0
70846.4 -708463 1.04992e-008 4.533e+006 3.82725e-008 -4.84075e+009 0
71664 -716644 6.77098e-009 4.533e+006 2.99959e-007 -4.89742e+009 0
72467.2 -724673 8.47098e-009 4.533e+006 3.39642e-007 -4.95313e+009 0
73254.1 -732538 6.882e-009 4.533e+006 4.90797e-007 -5.00776e+009 0
74024 -740250 1.32324e-008 4.533e+006 2.3259e-007 -5.06125e+009 0
74775.8 -747759 1.1141e-008 4.533e+006 3.23223e-007 -5.11355e+009 0
75508.9 -755085 8.71235e-009 4.533e+006 7.94164e-007 -5.16459e+009 0
76222.5 -762225 1.21925e-008 4.533e+006 2.30787e-007 -5.21434e+009 0
76916.2 -769162 9.55755e-009 4.533e+006 5.51635e-007 -5.26277e+009 0
77589.8 -775897 1.03996e-008 4.533e+006 3.38487e-007 -5.30985e+009 0
78242.9 -782430 1.34344e-008 4.533e+006 2.59838e-007 -5.35558e+009 0
78875.1 -788750 1.0545e-008 4.533e+006 4.94982e-007 -5.39991e+009 0
79486.8 -794870 1.40495e-008 4.533e+006 1.59643e-007 -5.44288e+009 0
80077.5 -800808 1.19967e-008 4.533e+006 4.9058e-007 -5.48445e+009 0
80648.6 -806486 1.0641e-008 4.533e+006 5.36204e-007 -5.52472e+009 0
81199.7 -812001 1.2815e-008 4.533e+006 3.43417e-007 -5.56366e+009 0
81731.5 -817316 1.2653e-008 4.533e+006 2.89706e-007 -5.60131e+009 0
82244.4 -822443 1.30343e-008 4.533e+006 4.07399e-007 -5.63771e+009 0
82738.5 -827385 1.30633e-008 4.533e+006 3.24559e-007 -5.67284e+009 0
83215 -832151 1.06487e-008 4.533e+006 2.3641e-007 -5.70682e+009 0
83674.2 -836742 1.24876e-008 4.533e+006 4.01703e-007 -5.73964e+009 0
84116.6 -841167 7.81557e-009 4.533e+006 4.88993e-007 -5.77135e+009 0
84543 -845430 1.49939e-008 4.533e+006 -2.26402e-008 -5.80199e+009 0
84952.9 -849530 1.3172e-008 4.533e+006 1.64557e-007 -5.83153e+009 0
85347.7 -853477 7.33988e-009 4.533e+006 3.51716e-007 -5.86006e+009 0
85728.3 -857283 1.08587e-008 4.533e+006 1.95023e-007 -5.88765e+009 0
86094.5 -860920 7.16573e-009 4.533e+006 2.51933e-007 -5.91428e+009 0
86447.8 -864477 7.26806e-009 4.533e+006 1.13941e-007 -5.94006e+009 0
86788.8 -867888 8.14361e-009 4.533e+006 1.64655e-007 -5.96502e+009 0
87117.6 -871176 5.70633e-009 4.533e+006 5.41777e-007 -5.98916e+009 0
87434.6 -874347 7.18701e-009 4.533e+006 1.63914e-007 -6.01253e+009 0
87740.9 -877414 3.32436e-009 4.533e+006 3.12291e-007 -6.03517e+009 0
88036.5 -880365 6.40787e-009 4.533e+006 2.53206e-007 -6.0571e+009 0
88322.2 -883216 8.9457e-009 4.533e+006 1.17134e-007 -6.07838e+009 0
88599 -885990 3.85481e-009 4.533e+006 3.44265e-007 -6.09907e+009 0
88866.6 -888660 8.47373e-009 4.533e+006 -5.83654e-008 -6.11914e+009 0
89125.1 -891251 -8.78136e-010 4.533e+006 4.11348e-007 -6.1386e+009 0
89375 -893759 8.16421e-009 4.533e+006 -7.55298e-008 -6.1575e+009 0
89616.8 -896168 3.41519e-009 4.533e+006 3.68034e-008 -6.17586e+009 0
89850.6 -898498 5.6244e-009 4.533e+006 2.57304e-007 -6.19368e+009 0
90076.6 -900766 7.06686e-009 4.533e+006 -2.02814e-008 -6.21099e+009 0
90294.6 -902946 6.04414e-009 4.533e+006 1.29814e-007 -6.22776e+009 0
90505.5 -905055 4.86149e-009 4.533e+006 1.01019e-007 -6.24406e+009 0
90709.7 -907098 -6.04535e-010 4.533e+006 2.80743e-007 -6.25991e+009 0
90908.1 -909081 5.02739e-009 4.533e+006 -2.52027e-008 -6.27538e+009 0
91101.2 -911012 1.05787e-009 4.533e+006 1.80197e-007 -6.2905e+009 0
91289.1 -912891 5.37016e-009 4.533e+006 1.71262e-007 -6.30526e+009 0
91471.7 -914717 1.34131e-009 4.533e+006 1.91521e-007 -6.31968e+009 0
91649.6 -916496 6.51134e-009 4.533e+006 -1.1244e-007 -6.33379e+009 0
91823.1 -918231 3.02691e-009 4.533e+006 -2.12217e-008 -6.3476e+009 0
91992.4 -919924 -1.42915e-009 4.533e+006 3.40008e-007 -6.36113e+009 0
92158 -921580 5.18571e-010 4.533e+006 4.04743e-007 -6.37442e+009 0
92320 -923200 2.17119e-009 4.533e+006 6.02115e-008 -6.38746e+009 0
92477.8 -924778 2.37861e-009 4.533e+006 -2.58896e-007 -6.40023e+009 0
92631.3 -926313 -1.81465e-010 4.533e+006 4.0995e-007 -6.41271e+009 0
92780.8 -927809 -5.33201e-009 4.533e+006 4.04253e-007 -6.42492e+009 0
92926.5 -929266 7.17556e-009 4.533e+006 -5.48042e-008 -6.43688e+009 0
93068.5 -930647 6.46886e-009 4.533e+006 1.25868e-007 -6.44859e+009 0
93205.7 -930477 6.44529e-009 4.53291e+006 -1.04286e-007 -6.45985e+009 0
93339 -937893 2.18788e-009 4.53273e+006 1.04106e-007 -6.47116e+009 0
93468.5 -931847 3.94137e-010 4.53269e+006 2.33354e-007 -6.48165e+009 0
93593.9 -934957 -1.1197e-009 4.53238e+006 6.96884e-007 -6.49214e+009 0
93716.1 -936828 1.08235e-008 4.53231e+006 -1.73458e-008 -6.50253e+009 0
93835.5 -938171 4.2113e-009 4.53228e+006 3.32483e-007 -6.51273e+009 0
93836.4 3.70283e+006 1.85567e-007 4.0778e+006 3.47719e-006 -5.97144e+009 0
55467.3 -1.88042e+006 5.30943e-007 4.26788e+006 9.92872e-006 -3.99026e+009 0
55386.8 -1.28357e+006 3.59096e-007 4.48668e+006 6.70126e-006 -3.98562e+009 0
55545.2 -802231 3.31987e-008 4.52024e+006 8.63905e-007 -3.98261e+009 0
55702.8 -658110 2.02582e-008 4.52882e+006 -1.01715e-006 -3.99055e+009 0
55860.8 -595713 1.98722e-008 4.53149e+006 -1.38379e-006 -4.00122e+009 0
56012.5 -584601 2.80556e-008 4.53206e+006 -1.27917e-006 -4.01316e+009 0
56065.1 -881400 1.41858e-007 4.43362e+006 1.5145e-006 -4.02201e+009 0
56089.9 -649882 1.7175e-007 4.38821e+006 3.06443e-006 -4.01453e+009 0
56098 -664732 1.93706e-007 4.52672e+006 4.40137e-006 -4.02797e+009 0
56177.1 -2.30099e+006 7.99093e-008 4.48719e+006 2.48231e-006 -4.09017e+009 0
