2247.58 5.15949e-005
4495.09 0.000109106
6742.63 0.000166617
8990.18 0.000224128
11237.7 0.000281639
13485.3 0.00033915
15719.9 0.000396773
17874.5 0.000455199
19906.1 0.000515041
21806.7 0.000576403
23585.7 0.000638895
25260.3 0.000702158
26843.2 0.000765983
28349.5 0.00083015
29788.5 0.000894535
31166.8 0.000959114
32492.6 0.00102377
33773.6 0.00108846
35014.5 0.00115319
36219.8 0.00121791
37393.7 0.00128258
38540 0.00134719
39662.4 0.00141175
40763.8 0.00147625
41846.6 0.0015406
42912 0.00160481
43961.4 0.00166886
44996.3 0.00173276
46018 0.00179651
47027.8 0.00186011
48027 0.00192355
49016.5 0.00198682
49997.3 0.00204991
50970.1 0.00211283
51935.6 0.00217557
52894.1 0.00223814
53846 0.00230054
54791.9 0.00236279
55731.9 0.0024249
56665.7 0.00248687
57593.7 0.00254874
58516.1 0.00261049
59433.2 0.00267214
60345.2 0.00273368
61252.4 0.00279512
62154.6 0.00285645
63052.2 0.00291769
63944.8 0.00297885
64832.4 0.00303994
65714.4 0.00310098
66590.4 0.00316199
67459.5 0.003223
68320.9 0.00328403
69173.3 0.00334512
70015.6 0.0034063
70846.4 0.0034676
71664 0.00352906
72467.2 0.00359074
73254.1 0.00365266
74024 0.00371485
74775.8 0.00377735
75508.9 0.00384019
76222.5 0.00390338
76916.2 0.00396695
77589.8 0.00403091
78242.9 0.00409526
78875.1 0.00416004
79486.8 0.00422523
80077.5 0.00429084
80648.6 0.00435686
81199.7 0.0044233
81731.5 0.00449016
82244.4 0.00455742
82738.5 0.00462509
83215 0.00469314
83674.2 0.00476156
84116.6 0.00483037
84543 0.00489953
84952.9 0.00496905
85347.7 0.00503892
85728.3 0.0051091
86094.5 0.0051796
86447.8 0.0052504
86788.8 0.00532147
87117.6 0.00539281
87434.6 0.00546443
87740.9 0.0055363
88036.5 0.0056084
88322.2 0.00568074
88599 0.00575329
88866.6 0.00582604
89125.1 0.005899
89375 0.00597215
89616.8 0.00604549
89850.6 0.006119
90076.6 0.00619269
90294.6 0.00626655
90505.5 0.00634055
90709.7 0.00641471
90908.1 0.00648899
91101.2 0.00656341
91289.1 0.00663796
91471.7 0.00671263
91649.6 0.00678742
91823.1 0.00686232
91992.4 0.00693733
92158 0.00701244
92320 0.00708765
92477.8 0.00716295
92631.3 0.00723835
92780.8 0.00731385
92926.5 0.00738943
93068.5 0.0074651
93205.7 0.00754084
93339 0.00761666
93468.5 0.00769254
93593.9 0.00776849
93716.1 0.00784451
93835.5 0.00792059
93836.4 0.0079963
55467.3 0.00867649
55386.8 0.00875264
55545.2 0.00882556
55702.8 0.00889848
55860.8 0.00897138
56012.5 0.00904437
56065.1 0.00911873
56089.9 0.00919346
56098 0.00926842
56177.1 0.00934244
