2247.43 5.15935e-005
4494.78 0.000109105
6742.17 0.000166617
8989.56 0.000224128
11236.9 0.00028164
13484.3 0.000339151
15718.8 0.000396775
17873.3 0.000455202
19904.8 0.000515043
21805.2 0.000576406
23584.1 0.000638898
25258.5 0.000702162
26841.4 0.000765987
28347.6 0.000830154
29786.5 0.00089454
31164.6 0.000959119
32490.3 0.00102378
33771.1 0.00108847
35011.8 0.0011532
36216.9 0.00121792
37390.5 0.0012826
38536.5 0.00134721
39658.7 0.00141178
40759.7 0.00147628
41842.2 0.00154064
42907.3 0.00160485
43956.3 0.00166891
44990.9 0.00173281
46012.2 0.00179657
47021.7 0.00186017
48020.5 0.00192363
49009.7 0.0019869
49990.1 0.00205
50962.6 0.00211292
51927.7 0.00217567
52885.8 0.00223824
53837.4 0.00230065
54782.9 0.0023629
55722.4 0.00242501
56655.8 0.00248699
57583.5 0.00254887
58505.4 0.00261063
59422 0.00267228
60333.6 0.00273383
61240.3 0.00279527
62142 0.00285661
63039.1 0.00291786
63931.1 0.00297903
64818.1 0.00304013
65699.5 0.00310118
66574.9 0.0031622
67443.4 0.00322321
68304.1 0.00328426
69155.8 0.00334535
69997.4 0.00340654
70827.5 0.00346786
71644.4 0.00352933
72446.8 0.00359102
73233.1 0.00365295
74002.2 0.00371516
74753.3 0.00377768
75485.5 0.00384053
76198.4 0.00390373
76891.2 0.00396732
77563.9 0.0040313
78216.1 0.00409567
78847.3 0.00416047
79458 0.00422567
80047.6 0.00429131
80617.6 0.00435735
81167.5 0.00442382
81697.9 0.0044907
82209.5 0.00455798
82702 0.00462568
83177.1 0.00469376
83634.6 0.00476221
84075.3 0.00483105
84499.9 0.00490024
84908 0.0049698
85300.6 0.00503969
85679 0.00510991
86043.2 0.00518044
86394 0.00525128
86732.4 0.00532239
87058.7 0.00539377
87373.3 0.00546543
87676.5 0.00553734
87969.2 0.00560949
88252.1 0.00568186
88526 0.00575445
88790.5 0.00582725
89045.5 0.00590025
89291.8 0.00597344
89530.1 0.00604682
89760.4 0.00612037
89982.3 0.0061941
90195.9 0.00626801
90402.3 0.00634206
90602.3 0.00641625
90796.6 0.00649057
90985.6 0.00656502
91168.9 0.00663961
91346.7 0.00671432
91519.6 0.00678915
91688.2 0.00686409
91852.7 0.00693913
92013.4 0.00701427
92170.2 0.0070895
92322.6 0.00716483
92470.4 0.00724027
92614 0.00731579
92753.1 0.0073914
92887.8 0.00746708
93017.9 0.00754284
93143.9 0.00761867
93266.3 0.00769456
93385.6 0.00777051
93380.8 0.00784618
55301.4 0.00852064
55318.3 0.00859548
55475 0.00866843
55631.7 0.00874137
55788.7 0.00881429
55940.8 0.00888727
55975.7 0.00896188
55885.4 0.00903822
55951.9 0.00911248
56032.8 0.00918674
46158.6 0.00939178
46405 0.00946421
