3500.82 -16.0236 -8.01178e-005
7001.52 -11.7692 -5.88461e-005
10502.3 -7.51487 -3.75744e-005
14003 -3.2606 -1.6303e-005
17398.6 1.63689 8.18444e-006
20465.9 7.46156 3.73078e-005
23176.6 13.9888 6.99438e-005
25588.1 21.064 0.00010532
27766.3 28.3955 0.000141978
29761.3 35.9586 0.000179793
31616.2 43.5472 0.000217736
33357 51.2904 0.000256452
35005.8 58.9898 0.000294949
36581.9 66.565 0.000332825
38096.7 74.2634 0.000371317
39557 81.9839 0.00040992
40972.3 89.5502 0.000447751
42350.4 97.0069 0.000485035
43695 104.482 0.000522408
45008.4 112.001 0.000560006
46293.4 119.569 0.000597844
47552.7 127.054 0.000635268
48789.7 134.477 0.000672385
50006.3 141.851 0.000709255
51204.5 149.189 0.000745946
52386.1 156.443 0.000782216
53553.1 163.654 0.000818273
54706.4 170.86 0.000854305
55847.1 178.011 0.000890061
56976.6 185.128 0.000925654
58095.6 192.221 0.000961135
59204.8 199.259 0.000996351
60305 206.272 0.00103146
61396.6 213.301 0.00106669
62480.1 220.309 0.00110187
63555.7 227.278 0.00113696
64624.4 234.204 0.00117199
65686.2 241.049 0.00120688
66741.8 247.801 0.00124172
67791 254.432 0.00127659
68834.2 260.888 0.00131152
69870.9 267.117 0.00134672
70900.7 273.051 0.00138247
71922.9 278.559 0.00141885
72936.7 283.524 0.00145616
73940.3 287.838 0.00149475
74932.3 291.429 0.0015351
75910.1 294.273 0.00157759
76871 296.425 0.00162292
77812.4 297.977 0.00167144
78732.2 299.047 0.00172298
79628 299.776 0.00177788
80498.5 300.279 0.00183642
81342.5 300.635 0.00189781
82160 300.905 0.00196178
82951 301.128 0.00202832
83715.1 301.326 0.0020977
84453.2 301.513 0.00216951
85165.3 301.696 0.002244
85851.3 301.883 0.00232228
86511.8 302.074 0.00240368
87147.4 302.271 0.0024883
87759.7 302.47 0.00257451
88349.1 302.673 0.00266267
88917.4 302.881 0.00275287
89464.8 303.093 0.00284468
89993.2 303.307 0.00293783
90503.3 303.523 0.00303178
90995.9 303.742 0.00312677
91471.5 303.967 0.00322464
91930.5 304.197 0.00332498
92372.7 304.437 0.003429
92799.8 304.681 0.00353525
93211.8 304.933 0.00364458
93609.1 305.188 0.00375561
93993.2 305.446 0.00386801
94364.9 305.707 0.00398151
94724.6 305.969 0.00409531
95072.3 306.233 0.00421004
95409 306.501 0.00432664
95733.7 306.78 0.00444799
96046.6 307.073 0.00457509
96349.1 307.371 0.00470459
96642.2 307.673 0.00483618
96926.3 307.977 0.00496841
97200.9 308.282 0.00510075
97466.3 308.592 0.00523547
97723.2 308.906 0.00537196
97972.2 309.224 0.00551065
98213.3 309.551 0.00565261
98445.4 309.89 0.00579987
98668.6 310.244 0.00595405
98884 310.608 0.0061121
99092.5 310.98 0.00627373
99295 311.353 0.00643596
99491.7 311.729 0.00659957
99682.3 312.106 0.00676327
99867.3 312.476 0.00692424
100047 312.84 0.00708276
100222 313.204 0.00724098
100391 313.577 0.007403
100555 313.954 0.00756686
100714 314.34 0.00773473
100867 314.735 0.00790642
101017 315.134 0.0080798
101162 315.536 0.00825483
101303 315.943 0.00843187
101419 316.495 0.00867168
101106 320.62 0.0104652
50044.8 352.313 0.0242447
49876.4 352.674 0.0244017
49665.4 353.3 0.0246738
44164.2 353.642 0.0248227
44819 354.055 0.0250022
45328.3 354.468 0.0251818
