3500.81 -16.024 -8.01198e-005
7001.52 -11.7696 -5.8848e-005
10502.3 -7.51524 -3.75762e-005
14003 -3.26095 -1.63047e-005
17398.6 1.63658 8.18292e-006
20465.9 7.46129 3.73065e-005
23176.5 13.9885 6.99427e-005
25588.1 21.0638 0.000105319
27766.2 28.3953 0.000141977
29761.2 35.9584 0.000179792
31616.1 43.547 0.000217735
33356.9 51.2902 0.000256451
35005.6 58.9896 0.000294948
36581.8 66.5648 0.000332824
38096.6 74.2632 0.000371316
39556.9 81.9838 0.000409919
40972.2 89.5501 0.00044775
42350.3 97.0068 0.000485034
43694.9 104.482 0.000522408
45008.3 112.001 0.000560006
46293.3 119.569 0.000597845
47552.6 127.054 0.000635269
48789.5 134.477 0.000672387
50006.2 141.851 0.000709257
51204.3 149.19 0.000745949
52385.9 156.444 0.000782219
53552.9 163.655 0.000818276
54706.2 170.861 0.000854308
55846.9 178.011 0.000890065
56976.4 185.129 0.000925658
58095.3 192.222 0.00096114
59204.5 199.26 0.000996356
60304.7 206.273 0.00103147
61396.3 213.302 0.00106669
62479.7 220.31 0.00110187
63555.3 227.279 0.00113696
64624 234.205 0.001172
65685.8 241.05 0.00120689
66741.4 247.802 0.00124173
67790.5 254.433 0.00127659
68833.7 260.889 0.00131153
69870.3 267.118 0.00134673
70900.2 273.052 0.00138248
71922.4 278.56 0.00141886
72936.1 283.525 0.00145617
73939.7 287.839 0.00149476
74931.6 291.43 0.0015351
75909.4 294.273 0.0015776
76870.3 296.426 0.00162293
77811.7 297.977 0.00167145
78731.4 299.047 0.001723
79627.2 299.776 0.0017779
80497.6 300.279 0.00183644
81341.6 300.635 0.00189783
82159 300.905 0.0019618
82950 301.128 0.00202835
83714.1 301.326 0.00209774
84452.1 301.513 0.00216955
85164.1 301.697 0.00224404
85850 301.883 0.00232233
86510.5 302.074 0.00240373
87146 302.271 0.00248836
87758.3 302.47 0.00257458
88347.7 302.674 0.00266275
88915.9 302.881 0.00275296
89463.2 303.093 0.00284478
89991.5 303.307 0.00293795
90501.5 303.523 0.00303191
90994.1 303.742 0.00312691
91469.6 303.967 0.00322479
91928.5 304.198 0.00332516
92370.7 304.437 0.00342922
92797.7 304.682 0.0035355
93209.6 304.933 0.00364486
93606.7 305.189 0.00375595
93990.8 305.447 0.0038684
94362.4 305.708 0.00398194
94721.9 305.97 0.00409581
95069.5 306.234 0.0042106
95406.1 306.503 0.00432727
95730.7 306.782 0.00444868
96043.4 307.074 0.00457587
96345.8 307.373 0.00470544
96638.7 307.675 0.00483712
96922.7 307.98 0.00496943
97197.1 308.284 0.00510189
97462.4 308.595 0.00523676
97719.1 308.909 0.00537341
97967.9 309.228 0.00551235
98208.8 309.555 0.00565456
98440.7 309.895 0.00580203
98663.6 310.25 0.00595647
98878.7 310.614 0.00611491
99086.9 310.987 0.00627694
99289.1 311.361 0.00643951
99485.5 311.738 0.00660347
99675.9 312.115 0.00676753
99860.6 312.486 0.00692883
100040 312.852 0.00708766
100215 313.216 0.00724616
100383 313.591 0.007409
100547 313.967 0.00757276
100705 314.355 0.00774118
100859 314.75 0.00791319
101008 315.15 0.00808689
101153 315.553 0.00826221
101294 315.961 0.00843957
101288 317.363 0.0090493
56487.7 321.034 0.0106454
56364.7 321.169 0.0107039
56524.7 321.469 0.0108342
56685.3 321.814 0.0109843
56845.7 322.165 0.0111369
56962.6 322.448 0.0112598
56989.7 322.589 0.0113213
