3500.81 -2.79237 -0.000123704
7001.52 -3.32997 -0.00014752
10502.3 -3.86756 -0.000171336
14003 -4.40507 -0.000195148
17398.6 -4.9738 -0.000220342
20465.9 -5.56521 -0.000246542
23176.5 -6.15403 -0.000272627
25588.1 -6.73048 -0.000298165
27766.2 -7.28551 -0.000322753
29761.2 -7.82093 -0.000346472
31616.1 -8.33415 -0.000369208
33356.9 -8.83089 -0.000391214
35005.6 -9.30934 -0.00041241
36581.8 -9.77079 -0.000432852
38096.6 -10.2207 -0.000452783
39556.9 -10.6585 -0.000472178
40972.2 -11.084 -0.000491028
42350.3 -11.4568 -0.00050952
43694.9 -11.785 -0.000527875
45008.3 -12.1093 -0.000546011
46293.3 -12.4277 -0.000563815
47552.6 -12.7419 -0.000581382
48789.5 -13.0524 -0.000598746
50006.2 -13.3599 -0.000615945
51204.3 -13.6655 -0.000633029
52385.9 -13.9677 -0.000649929
53552.9 -14.2659 -0.000666605
54706.2 -14.5611 -0.000683114
55846.9 -14.8536 -0.000699469
56976.4 -15.1437 -0.000715689
58095.3 -15.4314 -0.00073178
59204.5 -15.7174 -0.000747774
60304.7 -16.0021 -0.000763692
61396.3 -16.2843 -0.000779476
62479.7 -16.5643 -0.000795134
63555.3 -16.8425 -0.000810685
64624 -17.1192 -0.000826161
65685.8 -17.3946 -0.000841563
66741.4 -17.6689 -0.000856898
67790.5 -17.9423 -0.000872187
68833.7 -18.2156 -0.000887469
69870.3 -18.4901 -0.00090282
70900.2 -18.7663 -0.000918264
71922.4 -19.0451 -0.000933856
72936.1 -19.3278 -0.000949662
73939.7 -19.6158 -0.000965769
74931.6 -19.9108 -0.000982265
75909.4 -20.2146 -0.000999254
76870.3 -20.4505 -0.001017
77811.7 -20.6935 -0.00103558
78731.4 -20.9467 -0.00105492
79627.2 -21.2078 -0.00107487
80497.6 -21.481 -0.00109575
81341.6 -21.7623 -0.00111724
82159 -22.0505 -0.00113926
82950 -22.3444 -0.00116173
83714.1 -22.6461 -0.00118478
84452.1 -22.9536 -0.00120827
85164.1 -23.2634 -0.00123195
85850 -23.5791 -0.00125607
86510.5 -23.8992 -0.00128053
87146 -24.2257 -0.00130548
87758.3 -24.5547 -0.00133062
88347.7 -24.8862 -0.00135595
88915.9 -25.2218 -0.00138159
89463.2 -25.5611 -0.00140752
89991.5 -25.9022 -0.00143358
90501.5 -26.2434 -0.00145966
90994.1 -26.583 -0.0014856
91469.6 -26.8767 -0.00151192
91928.5 -27.1124 -0.00153859
92370.7 -27.3538 -0.0015659
92797.7 -27.5989 -0.00159364
93209.6 -27.8466 -0.00162167
93606.7 -28.0973 -0.00165003
93990.8 -28.3505 -0.00167869
94362.4 -28.6047 -0.00170746
94721.9 -28.8592 -0.00173625
95069.5 -29.1152 -0.00176522
95406.1 -29.3753 -0.00179465
95730.7 -29.6386 -0.00182444
96043.4 -29.9123 -0.00185541
96345.8 -30.1887 -0.00188668
96638.7 -30.4677 -0.00191826
96922.7 -30.7457 -0.00194972
97197.1 -31.0234 -0.00198114
97462.4 -31.2633 -0.00201311
97719.1 -31.445 -0.00204563
97967.9 -31.6296 -0.00207867
98208.8 -31.819 -0.00211257
98440.7 -32.0099 -0.00214674
98663.6 -32.2063 -0.0021819
98878.7 -32.4067 -0.00221777
99086.9 -32.6136 -0.00225481
99289.1 -32.821 -0.00229192
99485.5 -33.0277 -0.00232893
99675.9 -33.2349 -0.00236602
99860.6 -33.4387 -0.00240249
100040 -33.6394 -0.00243843
100215 -33.8386 -0.00247408
100383 -33.8386 -0.00251146
100547 -33.8386 -0.00254925
100705 -33.8386 -0.0025881
100859 -33.8386 -0.00262826
101008 -33.8386 -0.00266872
101153 -33.8386 -0.00270934
101294 -33.8386 -0.00275018
101288 0 -0.00284844
56487.7 0 -0.0106228
56364.7 0 -0.0109119
56524.7 0 -0.0110659
56685.3 0 -0.0112173
56845.7 0 -0.0113697
56962.6 0 -0.0115301
56989.7 0 -0.0117076
