3500.81 -35008.1 2.01145e-007 4.533e+006 -1.6945e-005 -2.35096e+008 0
7001.52 -70015.2 -3.91059e-010 4.533e+006 -6.58088e-008 -4.70303e+008 0
10502.3 -105023 -2.63217e-009 4.533e+006 1.37611e-007 -7.0551e+008 0
14003 -140030 -2.1879e-009 4.533e+006 8.31371e-008 -9.40714e+008 0
17398.6 -171263 -1.57717e-007 4.53316e+006 1.30545e-005 -1.1687e+009 0
20465.9 -202311 -2.76179e-007 4.53314e+006 2.32496e-005 -1.37508e+009 0
23176.5 -231016 -2.6173e-007 4.53344e+006 2.19473e-005 -1.55773e+009 0
25588.1 -256058 -2.12741e-007 4.533e+006 1.78482e-005 -1.72067e+009 0
27766.2 -277664 -1.59073e-007 4.533e+006 1.34112e-005 -1.86786e+009 0
29761.2 -297615 -1.29677e-007 4.533e+006 1.08496e-005 -2.00288e+009 0
31616.1 -316162 -9.45907e-008 4.533e+006 7.97956e-006 -2.12857e+009 0
33356.9 -333575 -7.83149e-008 4.533e+006 6.52679e-006 -2.24667e+009 0
35005.6 -350057 -6.61912e-008 4.533e+006 5.59869e-006 -2.35864e+009 0
36581.8 -365825 -5.28555e-008 4.533e+006 4.41693e-006 -2.46578e+009 0
38096.6 -380963 -4.42854e-008 4.533e+006 3.68246e-006 -2.56884e+009 0
39556.9 -395571 -3.70636e-008 4.533e+006 3.23608e-006 -2.66828e+009 0
40972.2 -409722 -3.19125e-008 4.533e+006 2.62159e-006 -2.76472e+009 0
42350.3 -423503 -2.78505e-008 4.533e+006 2.3191e-006 -2.85868e+009 0
43694.9 -436951 -2.25178e-008 4.533e+006 1.94399e-006 -2.95042e+009 0
45008.3 -450083 -2.0965e-008 4.533e+006 1.74433e-006 -3.04008e+009 0
46293.3 -462934 -2.12038e-008 4.533e+006 1.79542e-006 -3.12785e+009 0
47552.6 -475531 -1.75562e-008 4.533e+006 1.44256e-006 -3.21391e+009 0
48789.5 -487895 -1.6841e-008 4.533e+006 1.44315e-006 -3.29848e+009 0
50006.2 -500061 -1.34674e-008 4.533e+006 1.15078e-006 -3.3817e+009 0
51204.3 -512043 -1.24902e-008 4.533e+006 1.14019e-006 -3.46369e+009 0
52385.9 -523859 -1.11017e-008 4.533e+006 9.19628e-007 -3.54458e+009 0
53552.9 -535531 -9.53037e-009 4.533e+006 8.22654e-007 -3.6245e+009 0
54706.2 -547061 -7.57187e-009 4.533e+006 7.20612e-007 -3.70351e+009 0
55846.9 -558469 -8.11577e-009 4.533e+006 7.2493e-007 -3.78168e+009 0
56976.4 -569766 -9.04791e-009 4.533e+006 7.38957e-007 -3.8591e+009 0
58095.3 -580953 -9.16531e-009 4.533e+006 6.49039e-007 -3.93582e+009 0
59204.5 -592045 -5.29195e-009 4.533e+006 5.21299e-007 -4.01189e+009 0
60304.7 -603047 -4.11138e-009 4.533e+006 3.16094e-007 -4.08737e+009 0
61396.3 -613961 -6.88095e-009 4.533e+006 5.67911e-007 -4.16226e+009 0
62479.7 -624797 -8.19737e-009 4.533e+006 6.20781e-007 -4.23662e+009 0
63555.3 -635555 -7.70852e-009 4.533e+006 6.36647e-007 -4.31046e+009 0
64624 -646240 -4.54442e-009 4.533e+006 4.02963e-007 -4.38384e+009 0
65685.8 -656858 -2.39021e-009 4.533e+006 2.14661e-007 -4.45676e+009 0
66741.4 -667413 -1.7681e-009 4.533e+006 1.86089e-007 -4.52926e+009 0
67790.5 -677905 -3.37091e-009 4.533e+006 2.63132e-007 -4.60134e+009 0
68833.7 -688337 -3.76847e-009 4.533e+006 2.8993e-007 -4.67302e+009 0
69870.3 -698703 -3.69033e-009 4.533e+006 3.53398e-007 -4.74426e+009 0
70900.2 -709002 -4.57831e-009 4.533e+006 4.09862e-007 -4.81505e+009 0
71922.4 -719226 -3.81237e-009 4.533e+006 3.32835e-007 -4.88534e+009 0
72936.1 -729360 -1.65054e-009 4.533e+006 3.24805e-007 -4.95505e+009 0
73939.7 -739397 -3.78869e-009 4.533e+006 4.77639e-007 -5.0241e+009 0
74931.6 -749316 -9.58691e-009 4.533e+006 6.97565e-007 -5.09237e+009 0
75909.4 -759084 -1.27832e-008 4.533e+006 9.8894e-007 -5.1597e+009 0
76870.3 -768706 -1.21985e-008 4.533e+006 1.11627e-006 -5.2259e+009 0
77811.7 -778119 -1.8047e-008 4.533e+006 1.45555e-006 -5.29081e+009 0
78731.4 -787308 -1.94285e-008 4.533e+006 1.44088e-006 -5.35427e+009 0
79627.2 -796343 -2.32738e-008 4.533e+006 1.88041e-006 -5.41615e+009 0
80497.6 -804980 -1.52739e-008 4.533e+006 1.45056e-006 -5.47633e+009 0
81341.6 -813418 -1.85327e-008 4.533e+006 1.57218e-006 -5.53475e+009 0
82159 -821587 -2.56356e-008 4.533e+006 1.98589e-006 -5.59141e+009 0
82950 -829500 -2.17218e-008 4.533e+006 1.67632e-006 -5.64631e+009 0
83714.1 -837141 -1.98197e-008 4.533e+006 1.6634e-006 -5.69942e+009 0
84452.1 -844475 -1.57325e-008 4.53301e+006 1.47808e-006 -5.75079e+009 0
85164.1 -851641 -1.51004e-008 4.533e+006 1.29662e-006 -5.80043e+009 0
85850 -858485 -1.92274e-008 4.533e+006 1.59347e-006 -5.84834e+009 0
86510.5 -865126 -1.85341e-008 4.533e+006 1.75234e-006 -5.89456e+009 0
87146 -871423 -1.37345e-008 4.533e+006 1.26336e-006 -5.93911e+009 0
87758.3 -877583 -1.95916e-008 4.533e+006 1.75019e-006 -5.98212e+009 0
88347.7 -883478 -1.73227e-008 4.533e+006 1.32169e-006 -6.0236e+009 0
88915.9 -889171 -1.01913e-008 4.533e+006 1.02859e-006 -6.06368e+009 0
89463.2 -894632 -2.06212e-008 4.533e+006 1.52172e-006 -6.10236e+009 0
89991.5 -899915 -1.61708e-008 4.533e+006 9.98423e-007 -6.13978e+009 0
90501.5 -905016 -2.06494e-008 4.533e+006 1.45312e-006 -6.17599e+009 0
90994.1 -909942 -1.24572e-008 4.533e+006 1.11347e-006 -6.21103e+009 0
91469.6 -914696 -1.30155e-008 4.533e+006 1.01938e-006 -6.24493e+009 0
91928.5 -919251 -1.87388e-008 4.533e+006 1.4426e-006 -6.27773e+009 0
92370.7 -923708 -1.18509e-008 4.533e+006 1.27261e-006 -6.30942e+009 0
92797.7 -927988 -1.0795e-008 4.533e+006 8.57869e-007 -6.3401e+009 0
93209.6 -932006 -8.30301e-009 4.533e+006 7.42808e-007 -6.36977e+009 0
93606.7 -936066 -1.16742e-008 4.533e+006 8.11896e-007 -6.39847e+009 0
93990.8 -939908 -7.23605e-009 4.533e+006 5.62154e-007 -6.42629e+009 0
94362.4 -943624 -1.17049e-008 4.533e+006 1.03456e-006 -6.45328e+009 0
94721.9 -947222 -9.53238e-009 4.533e+006 8.29437e-007 -6.47947e+009 0
95069.5 -950695 -5.31333e-009 4.533e+006 7.18424e-007 -6.50487e+009 0
95406.1 -954061 -1.14253e-008 4.533e+006 8.7864e-007 -6.52953e+009 0
95730.7 -957250 -1.08963e-008 4.533e+006 9.95156e-007 -6.55339e+009 0
96043.4 -960436 -9.5021e-009 4.533e+006 6.53536e-007 -6.57647e+009 0
96345.8 -963458 -1.7106e-008 4.533e+006 1.29971e-006 -6.59886e+009 0
96638.7 -966387 -7.61371e-009 4.533e+006 4.9389e-007 -6.62061e+009 0
96922.7 -969253 -6.29105e-009 4.533e+006 5.45764e-007 -6.64178e+009 0
97197.1 -971971 -9.80025e-009 4.533e+006 8.21855e-007 -6.66231e+009 0
97462.4 -974624 -1.41047e-008 4.533e+006 7.61174e-007 -6.68222e+009 0
97719.1 -977191 -1.17144e-008 4.533e+006 9.39983e-007 -6.70157e+009 0
97967.9 -979678 -8.04963e-009 4.533e+006 6.93236e-007 -6.72039e+009 0
98208.8 -982088 -1.0329e-008 4.533e+006 8.68153e-007 -6.73869e+009 0
98440.7 -984407 -7.32661e-009 4.533e+006 3.18141e-007 -6.75638e+009 0
98663.6 -986628 -1.30565e-008 4.533e+006 9.11596e-007 -6.77348e+009 0
98878.7 -988785 -1.05221e-008 4.533e+006 7.31492e-007 -6.79007e+009 0
99086.9 -990870 6.54056e-010 4.533e+006 1.83829e-007 -6.80618e+009 0
99289.1 -992891 -6.54874e-009 4.533e+006 2.97679e-007 -6.82191e+009 0
99485.5 -994855 -5.93808e-009 4.533e+006 3.87461e-007 -6.83724e+009 0
99675.9 -996759 -3.03347e-009 4.533e+006 3.07847e-007 -6.85218e+009 0
99860.6 -998606 -4.1545e-009 4.533e+006 3.30588e-007 -6.86673e+009 0
100040 -1.0004e+006 -2.61557e-009 4.533e+006 2.02199e-007 -6.88096e+009 0
100215 -1.00116e+006 -7.46289e-009 4.53297e+006 4.30727e-007 -6.89476e+009 0
100383 -1.00347e+006 -3.59532e-009 4.53277e+006 5.4602e-007 -6.90812e+009 0
100547 -998365 -4.83962e-009 4.53258e+006 3.79799e-007 -6.92083e+009 0
100705 -1.00163e+006 -8.81772e-009 4.53233e+006 8.33815e-007 -6.93354e+009 0
100859 -1.00821e+006 -7.9053e-009 4.53205e+006 6.7367e-007 -6.94607e+009 0
101008 -1.01e+006 -3.08803e-009 4.53199e+006 4.46557e-007 -6.95823e+009 0
101153 -1.0114e+006 -1.16258e-008 4.53196e+006 9.28404e-007 -6.97011e+009 0
101294 -1.01245e+006 -1.17148e-008 4.53191e+006 1.03686e-006 -6.98172e+009 0
101288 463961 -2.12912e-007 3.72458e+006 1.75986e-005 -6.34878e+009 0
56487.7 -2.28241e+006 -5.11217e-007 4.15996e+006 4.30636e-005 -4.03538e+009 0
56364.7 -564898 -4.72544e-007 4.50179e+006 3.75175e-005 -3.99872e+009 0
56524.7 -531384 -9.71344e-008 4.53098e+006 5.74431e-006 -4.01144e+009 0
56685.3 -566939 2.27357e-008 4.53281e+006 -1.53716e-006 -4.02557e+009 0
56845.7 -568503 3.48169e-008 4.53295e+006 -2.19035e-006 -4.03851e+009 0
56962.6 -285702 3.13418e-008 4.37341e+006 -1.66885e-006 -4.02699e+009 0
56989.7 -1.12489e+006 -1.76616e-007 4.44808e+006 1.51158e-005 -4.06589e+009 0
