3500.81 5.53073e-005
7001.52 0.000112842
10502.3 0.000170376
14003 0.00022791
17398.6 0.000286098
20465.9 0.000346679
23176.5 0.000409681
25588.1 0.000474226
27766.2 0.000539722
29761.2 0.000605773
31616.1 0.00067213
33356.9 0.000738624
35005.6 0.000805154
36581.8 0.000871584
38096.6 0.000937897
39556.9 0.00100406
40972.2 0.00107002
42350.3 0.00113573
43694.9 0.00120124
45008.3 0.00126655
46293.3 0.00133163
47552.6 0.00139649
48789.5 0.00146113
50006.2 0.00152558
51204.3 0.00158986
52385.9 0.00165399
53552.9 0.00171794
54706.2 0.00178169
55846.9 0.00184526
56976.4 0.00190865
58095.3 0.00197191
59204.5 0.00203504
60304.7 0.00209804
61396.3 0.0021609
62479.7 0.00222362
63555.3 0.0022862
64624 0.00234863
65685.8 0.0024109
66741.4 0.00247305
67790.5 0.00253506
68833.7 0.00259696
69870.3 0.00265875
70900.2 0.00272045
71922.4 0.00278207
72936.1 0.00284366
73939.7 0.00290523
74931.6 0.00296684
75909.4 0.00302853
76870.3 0.00309035
77811.7 0.00315236
78731.4 0.00321462
79627.2 0.00327716
80497.6 0.00334006
81341.6 0.00340332
82159 0.00346698
82950 0.00353105
83714.1 0.00359556
84452.1 0.00366049
85164.1 0.00372587
85850 0.00379169
86510.5 0.00385796
87146 0.00392467
87758.3 0.00399181
88347.7 0.00405937
88915.9 0.00412733
89463.2 0.0041957
89991.5 0.00426443
90501.5 0.00433351
90994.1 0.00440295
91469.6 0.00447272
91928.5 0.00454283
92370.7 0.00461327
92797.7 0.00468401
93209.6 0.00475505
93606.7 0.00482638
93990.8 0.00489798
94362.4 0.00496983
94721.9 0.00504192
95069.5 0.00511426
95406.1 0.00518683
95730.7 0.00525962
96043.4 0.00533263
96345.8 0.00540585
96638.7 0.00547926
96922.7 0.00555284
97197.1 0.00562661
97462.4 0.00570055
97719.1 0.00577465
97967.9 0.00584891
98208.8 0.00592331
98440.7 0.00599786
98663.6 0.00607254
98878.7 0.00614736
99086.9 0.0062223
99289.1 0.00629735
99485.5 0.00637251
99675.9 0.00644778
99860.6 0.00652316
100040 0.00659863
100215 0.00667419
100383 0.00674985
100547 0.00682559
100705 0.0069014
100859 0.00697729
101008 0.00705326
101153 0.00712931
101294 0.00720542
101288 0.00728112
56487.7 0.0079605
56364.7 0.00803696
56524.7 0.00811039
56685.3 0.00818383
56845.7 0.00825727
56962.6 0.00833116
56989.7 0.008406
