2247.71 -2.37533 -0.000183693
4495.35 -2.68326 -0.000207506
6743.03 -2.99118 -0.000231319
8990.7 -3.29911 -0.000255132
11238.4 -3.60704 -0.000278945
13486.1 -3.91497 -0.000302758
15720.8 -4.22918 -0.000327058
17875.6 -4.55612 -0.000352341
19907.2 -4.88856 -0.00037805
21807.9 -5.22013 -0.000403691
23586.9 -5.54867 -0.000429098
25261.6 -5.86968 -0.000453924
26844.5 -6.18477 -0.000478291
28350.9 -6.4854 -0.00050201
29790 -6.71957 -0.000525664
31168.3 -6.94976 -0.000548914
32494.2 -7.17629 -0.000571794
33775.4 -7.39985 -0.000594375
35016.3 -7.62012 -0.000616623
36221.8 -7.83661 -0.000638491
37395.8 -8.05002 -0.000660046
38542.2 -8.26058 -0.000681314
39664.8 -8.46785 -0.000702249
40766.3 -8.67166 -0.000722835
41849.3 -8.87388 -0.000743261
42914.9 -9.07354 -0.000763427
43964.5 -9.27043 -0.000783314
44999.6 -9.46501 -0.000802968
46021.5 -9.65758 -0.000822419
47031.5 -9.84833 -0.000841686
48030.8 -10.0372 -0.00086076
49020.6 -10.2248 -0.000879707
50001.6 -10.4109 -0.000898507
50974.6 -10.596 -0.000917203
51940.3 -10.7799 -0.000935775
52899 -10.9625 -0.000954219
53851.1 -11.1438 -0.000972535
54797.2 -11.3239 -0.000990722
55737.4 -11.4798 -0.00100887
56671.4 -11.6111 -0.00102703
57599.7 -11.7421 -0.00104517
58522.3 -11.8728 -0.00106325
59439.7 -12.0036 -0.00108135
60351.9 -12.1339 -0.00109938
61259.4 -12.2635 -0.00111732
62161.9 -12.3935 -0.00113529
63059.8 -12.5235 -0.00115329
63952.7 -12.6537 -0.00117131
64840.6 -12.7847 -0.00118944
65723 -12.9168 -0.00120771
66599.3 -13.0497 -0.0012261
67468.7 -13.1846 -0.00124477
68330.5 -13.3222 -0.00126381
69183.2 -13.4624 -0.0012832
70025.9 -13.6057 -0.00130303
70857.1 -13.7526 -0.00132336
71675.1 -13.9036 -0.00134425
72478.7 -14.0595 -0.00136583
73266 -14.2198 -0.00138801
74036.3 -14.3847 -0.00141083
74788.5 -14.5547 -0.00143434
75521.9 -14.7285 -0.0014584
76236 -14.9067 -0.00148306
76930.1 -15.0728 -0.00150839
77604.1 -15.2089 -0.00153458
78257.7 -15.3488 -0.00156149
78890.4 -15.4914 -0.00158891
79502.6 -15.6384 -0.00161719
80093.8 -15.7891 -0.00164618
80665.5 -15.9431 -0.00167581
81217.2 -16.1002 -0.00170602
81749.6 -16.2619 -0.00173713
82263.1 -16.4277 -0.00176901
82757.9 -16.5972 -0.00180162
83235.2 -16.7714 -0.00183513
83695.1 -16.9494 -0.00186936
84138.4 -17.1313 -0.00190435
84565.6 -17.3169 -0.00194005
84976.4 -17.5069 -0.00197661
85372.2 -17.6836 -0.00201415
85753.7 -17.8315 -0.00205222
86120.9 -17.9816 -0.00209084
86475.3 -18.1322 -0.00212957
86817.6 -18.2844 -0.00216872
87147.5 -18.4393 -0.00220857
87465.8 -18.5956 -0.00224879
87773.3 -18.7536 -0.00228942
88070.3 -18.9128 -0.00233037
88357.4 -19.0741 -0.00237189
88635.4 -19.2345 -0.00241315
88904.3 -19.3939 -0.00245416
89164.4 -19.5547 -0.00249551
89416 -19.694 -0.00253719
89659.3 -19.8327 -0.00257948
89894.7 -19.9746 -0.00262277
90122.4 -20.1179 -0.00266648
90342.5 -20.2635 -0.00271088
90555.3 -20.4113 -0.00275598
90761.3 -20.5602 -0.00280138
90961.5 -20.7091 -0.00284681
91156.4 -20.8569 -0.00289188
91346.2 -21.0026 -0.00293632
91530.9 -21.1464 -0.00298019
91710.9 -21.2891 -0.00302349
91886.5 -21.4303 -0.00306619
92057.9 -21.57 -0.00310843
92225.5 -21.7085 -0.00315029
92389.5 -21.8458 -0.00319179
92549.5 -21.9822 -0.00323305
92705.3 -22.119 -0.00327441
92857.3 -22.2562 -0.00331588
93005.4 -22.3945 -0.00335767
93149.9 -22.5343 -0.00339996
93290.2 -22.6757 -0.00344269
93426.6 -22.822 -0.00348693
93559.1 -22.822 -0.00353326
93687.4 -22.822 -0.00358118
93812 -22.822 -0.00363079
93933.7 -22.822 -0.00368038
94052.7 -22.822 -0.00372983
94056.4 0 -0.00382538
55501.3 0 -0.0117649
55418.4 0 -0.0120911
55577.5 0 -0.0123013
55735.5 0 -0.0124663
55894 0 -0.0126212
56046.3 0 -0.012775
56099 0 -0.0130438
56123.6 0 -0.0133249
56133 0 -0.0136094
