2247.43 -2.37512 -0.000183733
4494.78 -2.68297 -0.000207547
6742.17 -2.99082 -0.000231361
8989.56 -3.29867 -0.000255175
11236.9 -3.60652 -0.00027899
13484.3 -3.91436 -0.000302804
15718.8 -4.2285 -0.000327104
17873.3 -4.55535 -0.000352389
19904.8 -4.8877 -0.000378099
21805.2 -5.21918 -0.000403741
23584.1 -5.5476 -0.000429146
25258.5 -5.86856 -0.000453975
26841.4 -6.18357 -0.000478343
28347.6 -6.4839 -0.000502064
29786.5 -6.71733 -0.000525724
31164.6 -6.9468 -0.000548982
32490.3 -7.17264 -0.000571872
33771.1 -7.39555 -0.000594465
35011.8 -7.61517 -0.000616725
36216.9 -7.83104 -0.000638604
37390.5 -8.04385 -0.000660174
38536.5 -8.25382 -0.000681455
39658.7 -8.46051 -0.000702404
40759.7 -8.66375 -0.000723003
41842.2 -8.86542 -0.000743444
42907.3 -9.06453 -0.000763624
43956.3 -9.26086 -0.000783524
44990.9 -9.45491 -0.000803192
46012.2 -9.64695 -0.000822656
47021.7 -9.83717 -0.000841936
48020.5 -10.0255 -0.000861023
49009.7 -10.2126 -0.000879984
49990.1 -10.3982 -0.000898797
50962.6 -10.5828 -0.000917508
51927.7 -10.7662 -0.000936093
52885.8 -10.9483 -0.000954552
53837.4 -11.1291 -0.000972881
54782.9 -11.3087 -0.00099108
55722.4 -11.4623 -0.00100924
56655.8 -11.5916 -0.00102744
57583.5 -11.7206 -0.00104559
58505.4 -11.8492 -0.0010637
59422 -11.978 -0.00108183
60333.6 -12.1063 -0.00109989
61240.3 -12.2339 -0.00111785
62142 -12.3619 -0.00113586
63039.1 -12.49 -0.00115389
63931.1 -12.6182 -0.00117194
64818.1 -12.7472 -0.00119011
65699.5 -12.8773 -0.00120842
66574.9 -13.0083 -0.00122685
67443.4 -13.1412 -0.00124557
68304.1 -13.2768 -0.00126465
69155.8 -13.4149 -0.00128409
69997.4 -13.5561 -0.00130397
70827.5 -13.7009 -0.00132434
71644.4 -13.8497 -0.0013453
72446.8 -14.0034 -0.00136693
73233.1 -14.1614 -0.00138916
74002.2 -14.324 -0.00141205
74753.3 -14.4915 -0.00143563
75485.5 -14.6629 -0.00145977
76198.4 -14.8386 -0.0014845
76891.2 -14.9978 -0.00150996
77563.9 -15.1275 -0.00153629
78216.1 -15.2607 -0.00156337
78847.3 -15.3965 -0.00159095
79458 -15.5369 -0.00161946
80047.6 -15.6806 -0.00164866
80617.6 -15.8277 -0.00167853
81167.5 -15.9777 -0.001709
81697.9 -16.1324 -0.00174042
82209.5 -16.2911 -0.00177265
82702 -16.4535 -0.00180564
83177.1 -16.6206 -0.0018396
83634.6 -16.7916 -0.00187433
84075.3 -16.9662 -0.00190978
84499.9 -17.1447 -0.00194606
84908 -17.3277 -0.00198323
85300.6 -17.4835 -0.00202153
85679 -17.6159 -0.00206046
86043.2 -17.7499 -0.00209986
86394 -17.8844 -0.00213942
86732.4 -18.0214 -0.0021797
87058.7 -18.1607 -0.00222067
87373.3 -18.3013 -0.00226201
87676.5 -18.4432 -0.00230375
87969.2 -18.5871 -0.00234606
88252.1 -18.7331 -0.00238898
88526 -18.8779 -0.00243157
88790.5 -19.0218 -0.00247389
89045.5 -19.1533 -0.00251692
89291.8 -19.2638 -0.00256068
89530.1 -19.3768 -0.00260546
89760.4 -19.4915 -0.00265088
89982.3 -19.6085 -0.00269721
90195.9 -19.7282 -0.00274462
90402.3 -19.8495 -0.00279269
90602.3 -19.9711 -0.00284086
90796.6 -20.0928 -0.00288904
90985.6 -20.2132 -0.00293675
91168.9 -20.3326 -0.00298402
91346.7 -20.4421 -0.00303087
91519.6 -20.5462 -0.00307729
91688.2 -20.6496 -0.0031234
91852.7 -20.752 -0.0031691
92013.4 -20.854 -0.0032146
92170.2 -20.9557 -0.00325993
92322.6 -21.0575 -0.00330534
92470.4 -21.1603 -0.00335121
92614 -21.2645 -0.00339767
92753.1 -21.3699 -0.00344466
92887.8 -21.4788 -0.00349324
93017.9 -21.4788 -0.00354414
93143.9 -21.4788 -0.00359661
93266.3 -21.4788 -0.00365104
93385.6 -21.4788 -0.00370603
93380.8 -21.4788 -0.00381635
55301.4 0 -0.011747
55318.3 0 -0.0120243
55475 0 -0.0122185
55631.7 0 -0.0123869
55788.7 0 -0.0125442
55940.8 0 -0.0127002
55975.7 0 -0.0129955
55885.4 0 -0.0134151
55951.9 0 -0.0138917
56032.8 0 -0.0147401
46158.6 0 -0.0259207
46405 0 -0.0266239
