2247.43 -28.5376 -0.000142688
4494.78 -24.2919 -0.00012146
6742.17 -20.0463 -0.000100231
8989.56 -15.8006 -7.9003e-005
11236.9 -11.5549 -5.77747e-005
13484.3 -7.30929 -3.65464e-005
15718.8 -2.85657 -1.42828e-005
17873.3 2.14907 1.07453e-005
19904.8 7.64247 3.82123e-005
21805.2 13.5215 6.76076e-005
23584.1 19.7459 9.87293e-005
25258.5 26.1286 0.000130643
26841.4 32.7103 0.000163551
28347.6 39.311 0.000196555
29786.5 46.1346 0.000230673
31164.6 52.9928 0.000264964
32490.3 59.8603 0.000299301
33771.1 66.6807 0.000333404
35011.8 73.5984 0.000367992
36216.9 80.4945 0.000402472
37390.5 87.3886 0.000436943
38536.5 94.2086 0.000471043
39658.7 100.966 0.000504832
40759.7 107.667 0.000538333
41842.2 114.323 0.000571614
42907.3 121.013 0.000605065
43956.3 127.706 0.000638531
44990.9 134.38 0.0006719
46012.2 141.012 0.00070506
47021.7 147.595 0.000737976
48020.5 154.114 0.000770571
49009.7 160.58 0.000802903
49990.1 167.005 0.00083503
50962.6 173.401 0.000867013
51927.7 179.777 0.000898897
52885.8 186.14 0.000930724
53837.4 192.49 0.000962496
54782.9 198.825 0.0009942
55722.4 205.173 0.00102599
56655.8 211.55 0.00105796
57583.5 217.926 0.00108999
58505.4 224.262 0.00112189
59422 230.564 0.00115376
60333.6 236.811 0.00118553
61240.3 243.001 0.00121732
62142 249.12 0.00124918
63039.1 255.124 0.00128109
63931.1 260.97 0.00131309
64818.1 266.631 0.00134539
65699.5 272.033 0.0013781
66574.9 277.104 0.00141139
67443.4 281.761 0.00144551
68304.1 285.913 0.00148067
69155.8 289.485 0.00151705
69997.4 292.443 0.00155492
70827.5 294.8 0.00159457
71644.4 296.608 0.00163625
72446.8 297.954 0.00168033
73233.1 298.928 0.00172686
74002.2 299.624 0.00177582
74753.3 300.122 0.0018271
75485.5 300.486 0.0018806
76198.4 300.768 0.00193673
76891.2 300.996 0.00199514
77563.9 301.193 0.00205597
78216.1 301.374 0.00211933
78847.3 301.548 0.00218587
79458 301.72 0.00225527
80047.6 301.893 0.00232739
80617.6 302.068 0.00240173
81167.5 302.246 0.00247816
81697.9 302.43 0.0025574
82209.5 302.618 0.00263894
82702 302.813 0.00272324
83177.1 303.012 0.00280981
83634.6 303.216 0.00289825
84075.3 303.425 0.00298902
84499.9 303.64 0.00308262
84908 303.863 0.00317951
85300.6 304.093 0.00327953
85679 304.327 0.00338145
86043.2 304.568 0.00348588
86394 304.81 0.00359141
86732.4 305.057 0.00369882
87058.7 305.309 0.00380816
87373.3 305.564 0.00391928
87676.5 305.825 0.00403261
87969.2 306.091 0.00414824
88252.1 306.36 0.00426537
88526 306.629 0.0043822
88790.5 306.901 0.00450036
89045.5 307.18 0.00462155
89291.8 307.464 0.00474505
89530.1 307.755 0.00487189
89760.4 308.055 0.00500236
89982.3 308.364 0.00513641
90195.9 308.68 0.00527388
90402.3 309.002 0.00541372
90602.3 309.327 0.00555511
90796.6 309.654 0.00569718
90985.6 309.978 0.00583823
91168.9 310.299 0.00597795
91346.7 310.617 0.00611613
91519.6 310.931 0.00625278
91688.2 311.243 0.00638823
91852.7 311.552 0.00652248
92013.4 311.859 0.0066562
92170.2 312.167 0.00678992
92322.6 312.477 0.00692481
92470.4 312.792 0.00706169
92614 313.112 0.00720107
92753.1 313.441 0.00734407
92887.8 313.782 0.00749225
93017.9 314.139 0.00764743
93143.9 314.508 0.00780784
93266.3 314.888 0.0079732
93385.6 315.272 0.00813988
93380.8 316.429 0.00864314
55301.4 319.372 0.00992278
55318.3 319.626 0.0100331
55475 319.968 0.0101818
55631.7 320.279 0.0103171
55788.7 320.583 0.0104491
55940.8 320.894 0.0105841
55975.7 321.206 0.01072
55885.4 321.45 0.0108263
55951.9 322.126 0.01112
56032.8 323.426 0.0116851
46158.6 334.058 0.0163077
46405 335.006 0.0167201
