2247.43 -22474.2 -7.7582e-010 4.533e+006 7.50323e-006 -1.51512e+008 0
4494.78 -44947.8 1.77564e-010 4.533e+006 -6.16565e-008 -3.0332e+008 0
6742.17 -67421.7 1.68079e-009 4.533e+006 -2.71892e-008 -4.55127e+008 0
8989.56 -89895.6 2.5504e-009 4.533e+006 -5.79734e-008 -6.06935e+008 0
11236.9 -112369 -6.60322e-010 4.533e+006 -3.75936e-009 -7.58743e+008 0
13484.3 -134843 1.13246e-009 4.533e+006 -1.25272e-007 -9.10551e+008 0
15718.8 -156026 -1.01077e-009 4.53304e+006 -1.00724e-006 -1.06142e+009 0
17873.3 -179697 -4.50372e-011 4.53304e+006 -4.02519e-006 -1.20715e+009 0
19904.8 -198215 -1.76344e-009 4.53302e+006 -5.07369e-006 -1.34451e+009 0
21805.2 -217237 -2.80831e-010 4.53304e+006 -5.05378e-006 -1.47323e+009 0
23584.1 -235829 -5.80776e-010 4.53304e+006 -4.85555e-006 -1.59391e+009 0
25258.5 -252587 2.88235e-010 4.53299e+006 -3.9378e-006 -1.70761e+009 0
26841.4 -268414 2.78093e-009 4.533e+006 -3.65846e-006 -1.8152e+009 0
28347.6 -283507 2.24025e-009 4.533e+006 -2.89727e-006 -1.91769e+009 0
29786.5 -297869 1.04692e-009 4.533e+006 -2.77998e-006 -2.0157e+009 0
31164.6 -311647 1.48675e-010 4.533e+006 -2.22579e-006 -2.10967e+009 0
32490.3 -324903 -3.08336e-009 4.533e+006 -1.82062e-006 -2.20015e+009 0
33771.1 -337712 3.1809e-009 4.533e+006 -1.85501e-006 -2.28764e+009 0
35011.8 -350048 5.13589e-010 4.53301e+006 -1.51068e-006 -2.37245e+009 0
36216.9 -362169 -8.24039e-010 4.533e+006 -1.2519e-006 -2.45491e+009 0
37390.5 -373905 2.86707e-009 4.533e+006 -1.4545e-006 -2.53527e+009 0
38536.5 -385365 6.58641e-011 4.533e+006 -1.05083e-006 -2.61379e+009 0
39658.7 -396591 -1.98201e-009 4.533e+006 -7.7311e-007 -2.69073e+009 0
40759.7 -407612 8.13982e-010 4.533e+006 -8.30437e-007 -2.76625e+009 0
41842.2 -418422 -8.9877e-010 4.533e+006 -6.42204e-007 -2.84055e+009 0
42907.3 -429073 7.87054e-010 4.533e+006 -7.63698e-007 -2.91369e+009 0
43956.3 -439569 8.39007e-010 4.533e+006 -6.46265e-007 -2.98576e+009 0
44990.9 -449909 1.01216e-009 4.533e+006 -5.51868e-007 -3.05687e+009 0
46012.2 -460122 -6.19571e-011 4.533e+006 -4.75919e-007 -3.12709e+009 0
47021.7 -470217 1.58132e-009 4.533e+006 -6.63363e-007 -3.19653e+009 0
48020.5 -480205 -8.07462e-010 4.533e+006 -4.06174e-007 -3.26526e+009 0
49009.7 -490097 -8.92464e-010 4.533e+006 -3.01946e-007 -3.33334e+009 0
49990.1 -499901 -4.8361e-010 4.533e+006 -3.80811e-007 -3.40085e+009 0
50962.6 -509626 -1.37016e-009 4.533e+006 -2.93198e-007 -3.46782e+009 0
51927.7 -519277 1.56825e-009 4.533e+006 -4.12263e-007 -3.5343e+009 0
52885.8 -528858 1.95606e-009 4.533e+006 -3.22705e-007 -3.60032e+009 0
53837.4 -538374 1.63103e-009 4.533e+006 -3.73103e-007 -3.66591e+009 0
54782.9 -547829 -2.10099e-010 4.533e+006 -2.27837e-007 -3.73109e+009 0
55722.4 -557224 6.04107e-010 4.533e+006 -3.43654e-007 -3.79587e+009 0
56655.8 -566558 -3.41079e-010 4.533e+006 -2.97253e-007 -3.86025e+009 0
57583.5 -575835 1.51083e-009 4.533e+006 -3.14144e-007 -3.92424e+009 0
58505.4 -585054 -2.19606e-009 4.533e+006 -5.30017e-008 -3.98785e+009 0
59422 -594220 5.98952e-010 4.533e+006 -1.83772e-007 -4.05111e+009 0
60333.6 -603336 3.64558e-009 4.533e+006 -2.49163e-007 -4.11403e+009 0
61240.3 -612403 2.69406e-009 4.533e+006 -3.24724e-007 -4.17663e+009 0
62142 -621420 8.66396e-010 4.533e+006 -2.0168e-007 -4.2389e+009 0
63039.1 -630391 2.7664e-009 4.533e+006 -1.97157e-007 -4.30085e+009 0
63931.1 -639311 -3.27332e-010 4.533e+006 -1.23457e-007 -4.36247e+009 0
64818.1 -648181 -2.585e-009 4.533e+006 1.53676e-008 -4.42376e+009 0
65699.5 -656996 2.47198e-009 4.533e+006 -3.56163e-007 -4.48468e+009 0
66574.9 -665748 8.86705e-010 4.533e+006 -3.43164e-007 -4.54519e+009 0
67443.4 -674434 -7.33126e-010 4.533e+006 -2.0199e-007 -4.60525e+009 0
68304.1 -683044 -9.86272e-010 4.533e+006 -2.33246e-007 -4.66479e+009 0
69155.8 -691550 2.64617e-010 4.533e+006 -3.23172e-007 -4.72373e+009 0
69997.4 -699978 -7.60709e-010 4.533e+006 -2.94583e-007 -4.78199e+009 0
70827.5 -708274 -1.54819e-009 4.533e+006 -3.9448e-007 -4.83949e+009 0
71644.4 -716448 5.38734e-010 4.533e+006 -5.05127e-007 -4.89612e+009 0
72446.8 -724469 -2.40231e-009 4.533e+006 -5.41722e-007 -4.95178e+009 0
73233.1 -732331 -7.10619e-010 4.533e+006 -6.23684e-007 -5.00636e+009 0
74002.2 -740030 -1.20106e-010 4.533e+006 -7.78473e-007 -5.0598e+009 0
74753.3 -747535 2.07417e-010 4.533e+006 -7.42743e-007 -5.11205e+009 0
75485.5 -754855 -3.04139e-009 4.533e+006 -4.96121e-007 -5.16304e+009 0
76198.4 -761991 2.04694e-009 4.533e+006 -8.83275e-007 -5.21274e+009 0
76891.2 -768919 3.84361e-010 4.533e+006 -7.48405e-007 -5.26111e+009 0
77563.9 -775637 5.82246e-010 4.533e+006 -8.39439e-007 -5.30813e+009 0
78216.1 -782162 3.06077e-009 4.533e+006 -9.10869e-007 -5.3538e+009 0
78847.3 -788470 -3.79253e-009 4.533e+006 -6.3056e-007 -5.39806e+009 0
79458 -794582 1.51904e-010 4.533e+006 -7.37822e-007 -5.44096e+009 0
80047.6 -800493 4.06754e-009 4.533e+006 -1.07691e-006 -5.48246e+009 0
80617.6 -806176 -3.40536e-009 4.533e+006 -6.16317e-007 -5.52265e+009 0
81167.5 -811675 -1.26536e-009 4.533e+006 -6.28279e-007 -5.56151e+009 0
81697.9 -816980 2.67313e-009 4.533e+006 -8.06239e-007 -5.59907e+009 0
82209.5 -822095 1.44076e-009 4.533e+006 -7.98208e-007 -5.63538e+009 0
82702 -827022 -2.70387e-009 4.533e+006 -6.06885e-007 -5.67042e+009 0
83177.1 -831772 2.37156e-009 4.533e+006 -8.41613e-007 -5.7043e+009 0
83634.6 -836346 -2.3987e-009 4.533e+006 -5.70477e-007 -5.73701e+009 0
84075.3 -840748 -1.09801e-009 4.533e+006 -7.26068e-007 -5.7686e+009 0
84499.9 -845010 2.37843e-009 4.533e+006 -8.00322e-007 -5.79912e+009 0
84908 -849079 -3.59008e-009 4.533e+006 -3.18704e-007 -5.82853e+009 0
85300.6 -853000 2.91513e-009 4.533e+006 -6.79246e-007 -5.85693e+009 0
85679 -856791 2.29731e-009 4.533e+006 -7.69366e-007 -5.88438e+009 0
86043.2 -860432 -5.77512e-010 4.533e+006 -6.17867e-007 -5.91087e+009 0
86394 -863937 -5.04986e-010 4.533e+006 -4.07335e-007 -5.93648e+009 0
86732.4 -867325 -6.08556e-009 4.533e+006 -2.33635e-007 -5.96127e+009 0
87058.7 -870588 2.49461e-009 4.533e+006 -6.02924e-007 -5.98525e+009 0
87373.3 -873733 -1.7056e-009 4.533e+006 -3.46521e-007 -6.00844e+009 0
87676.5 -876772 4.16843e-009 4.533e+006 -5.79367e-007 -6.03089e+009 0
87969.2 -879692 5.93263e-010 4.533e+006 -4.11565e-007 -6.05263e+009 0
88252.1 -882521 6.7118e-010 4.533e+006 -4.26834e-007 -6.07372e+009 0
88526 -885281 -5.03413e-010 4.533e+006 -4.55245e-007 -6.09421e+009 0
88790.5 -887900 2.89065e-009 4.533e+006 -6.20511e-007 -6.11408e+009 0
89045.5 -890457 -1.69563e-009 4.533e+006 -3.9723e-007 -6.13331e+009 0
89291.8 -892918 5.77208e-009 4.533e+006 -4.83406e-007 -6.15197e+009 0
89530.1 -895301 2.2545e-009 4.533e+006 -4.36681e-007 -6.17009e+009 0
89760.4 -897640 1.46611e-009 4.533e+006 -2.73094e-007 -6.18768e+009 0
89982.3 -899823 -3.98216e-009 4.533e+006 -1.65826e-007 -6.20471e+009 0
90195.9 -901957 -5.0828e-009 4.533e+006 -4.22162e-008 -6.22119e+009 0
90402.3 -904023 1.94815e-009 4.533e+006 -3.51844e-007 -6.23719e+009 0
90602.3 -906023 3.52225e-009 4.533e+006 -3.76088e-007 -6.25277e+009 0
90796.6 -907966 8.16773e-010 4.533e+006 -3.18641e-007 -6.26796e+009 0
90985.6 -909856 -2.9419e-009 4.533e+006 -5.13886e-008 -6.2828e+009 0
91168.9 -911689 -1.02705e-009 4.533e+006 -2.5888e-007 -6.29727e+009 0
91346.7 -913467 -8.71696e-010 4.533e+006 -1.85591e-007 -6.31136e+009 0
91519.6 -915196 -2.61971e-009 4.533e+006 -7.57025e-008 -6.32514e+009 0
91688.2 -916882 -5.1951e-009 4.533e+006 6.73779e-009 -6.33862e+009 0
91852.7 -918527 3.93582e-010 4.533e+006 -3.28813e-007 -6.35183e+009 0
92013.4 -920134 2.92966e-010 4.533e+006 -1.843e-007 -6.36479e+009 0
92170.2 -921702 -2.51571e-010 4.533e+006 -8.65335e-008 -6.37749e+009 0
92322.6 -923226 -2.65218e-009 4.533e+006 -3.74766e-007 -6.3899e+009 0
92470.4 -924704 2.20633e-009 4.533e+006 -2.70649e-007 -6.402e+009 0
92614 -926140 -8.3735e-009 4.533e+006 1.93843e-007 -6.41382e+009 0
92753.1 -926915 3.03894e-009 4.53298e+006 -5.75931e-007 -6.4253e+009 0
92887.8 -927917 -1.17901e-009 4.53294e+006 -7.77806e-008 -6.43648e+009 0
93017.9 -927845 -2.49638e-009 4.53279e+006 -2.65326e-007 -6.44723e+009 0
93143.9 -928471 1.67228e-009 4.53265e+006 -5.20875e-007 -6.45776e+009 0
93266.3 -932428 2.97532e-009 4.53254e+006 -3.99604e-007 -6.46823e+009 0
93385.6 -933784 6.53506e-009 4.53253e+006 -5.97656e-007 -6.47844e+009 0
93380.8 3.53204e+006 -2.69729e-008 4.10116e+006 -8.77081e-006 -5.96109e+009 0
55301.4 -1.65204e+006 -1.56901e-008 4.377e+006 -1.7479e-005 -3.97504e+009 0
55318.3 -1.14273e+006 -1.07388e-008 4.50199e+006 -1.17702e-005 -3.97217e+009 0
55475 -788135 -2.66334e-008 4.52051e+006 7.86448e-007 -3.973e+009 0
55631.7 -654024 -1.17171e-008 4.52939e+006 8.88226e-007 -3.98119e+009 0
55788.7 -597354 -1.9542e-008 4.53157e+006 1.45044e-006 -3.99197e+009 0
55940.8 -585206 -2.23445e-008 4.53218e+006 1.04515e-006 -4.00391e+009 0
55975.7 -944886 -3.10552e-008 4.4556e+006 -7.2561e-006 -4.0152e+009 0
55885.4 -1.5501e+006 -2.8966e-008 4.50818e+006 -1.98019e-005 -4.0358e+009 0
55951.9 -3.61912e+006 -2.47661e-008 4.45195e+006 -6.95231e-006 -4.11197e+009 0
56032.8 -5.89271e+006 -7.42387e-008 4.20725e+006 9.17277e-008 -4.17553e+009 0
46158.6 -447255 -2.9752e-008 4.49275e+006 -2.96334e-005 -3.36363e+009 0
46405 -455499 -6.89088e-008 4.52512e+006 -4.23979e-006 -3.38197e+009 0
