2248.11 -28.5125 -0.000142563
4496.14 -24.2663 -0.000121331
6744.21 -20.02 -0.0001001
8992.28 -15.7737 -7.88687e-005
11240.4 -11.5275 -5.76374e-005
13488.4 -7.28121 -3.6406e-005
15723.6 -2.82793 -1.41396e-005
17878.8 2.17836 1.08918e-005
19910.8 7.67255 3.83628e-005
21811.8 13.5525 6.77627e-005
23591.2 19.7794 9.88969e-005
25266.1 26.162 0.00013081
26849.4 32.7449 0.000163724
28356 39.3462 0.000196731
29795.4 46.1687 0.000230844
31174.1 53.0254 0.000265127
32500.5 59.8904 0.000299452
33782.3 66.7076 0.000333538
35023.9 73.6235 0.000368117
36230.2 80.5174 0.000402587
37405 87.4092 0.000437046
38552.3 94.2277 0.000471138
39675.9 100.984 0.00050492
40778.4 107.683 0.000538416
41862.5 114.34 0.000571699
42929.2 121.031 0.000605153
43979.8 127.727 0.000638634
45016.1 134.401 0.000672007
46039.1 141.035 0.000705173
47050.3 147.619 0.000738095
48050.8 154.139 0.000770697
49041.7 160.606 0.000803035
50024 167.035 0.000835177
50998.3 173.432 0.000867166
51965.2 179.811 0.000899068
52925.1 186.179 0.000930919
53878.5 192.535 0.000962718
54825.9 198.876 0.000994455
55767.3 205.223 0.00102625
56702.7 211.605 0.00105824
57632.4 217.979 0.00109025
58556.5 224.312 0.00112214
59475.3 230.611 0.00115399
60389.2 236.855 0.00118576
61298.3 243.047 0.00121756
62202.5 249.161 0.0012494
63102.1 255.162 0.00128129
63996.9 261.005 0.00131328
64886.6 266.662 0.00134557
65771 272.059 0.00137826
66649.3 277.129 0.00141156
67520.9 281.779 0.00144565
68384.8 285.924 0.00148076
69239.8 289.491 0.00151711
70084.8 292.446 0.00155494
70918.4 294.801 0.00159457
71738.7 296.609 0.00163625
72544.8 297.953 0.0016803
73334.6 298.928 0.00172682
74107.4 299.623 0.0017757
74862.2 300.12 0.00182688
75598.2 300.485 0.00188041
76315 300.766 0.00193643
77011.9 300.994 0.00199455
77688.8 301.19 0.00205508
78345.5 301.37 0.00211816
78981.3 301.544 0.00218451
79596.8 301.715 0.0022533
80191.6 301.887 0.00232487
80766.9 302.06 0.00239839
81322.4 302.237 0.00247402
81859.1 302.418 0.00255207
82376.8 302.604 0.00263252
82876.2 302.795 0.00271554
83358.3 302.99 0.0028003
83823.2 303.19 0.00288686
84271.9 303.394 0.00297577
84704.4 303.605 0.00306727
85120.9 303.822 0.0031618
85522.9 304.045 0.00325849
85910.4 304.272 0.00335741
86283.9 304.505 0.00345858
86645.2 304.739 0.00356035
86994.6 304.975 0.00366294
87331.5 305.214 0.00376698
87657 305.458 0.00387315
87972.3 305.707 0.00398144
88277.4 305.96 0.00409145
88572.3 306.214 0.00420195
88857.7 306.472 0.00431381
89134.4 306.734 0.00442791
89403 306.998 0.00454263
89663.4 307.264 0.00465827
89915.5 307.535 0.00477612
90159.7 307.81 0.00489567
90396.7 308.09 0.00501728
90626.8 308.374 0.00514097
90849.9 308.665 0.00526719
91066 308.96 0.00539558
91276 309.256 0.00552422
91480.5 309.55 0.00565226
91680.2 309.842 0.00577925
91875.4 310.131 0.00590482
92065.8 310.416 0.00602858
92251.6 310.696 0.00615046
92433.4 310.972 0.00627059
92611.1 311.246 0.00638965
92785 311.521 0.00650894
92955.3 311.796 0.00662854
93122 312.072 0.0067486
93284.9 312.35 0.00686953
93444.1 312.631 0.00699153
93599.8 312.915 0.00711525
93752 313.204 0.00724079
93901 313.495 0.0073673
94047 313.787 0.0074945
94190 314.083 0.00762299
94329.2 314.386 0.00775473
94464.2 314.703 0.00789256
94596.4 315.021 0.0080309
94724.8 315.347 0.00817273
94850 315.681 0.00831786
94972.7 316.015 0.00846317
95093.4 316.349 0.00860811
95196.6 316.768 0.00879047
95101.9 318.821 0.00968316
55632.1 321.764 0.0109625
55576.6 321.899 0.0110214
55743.1 322.23 0.0111651
55905.6 322.546 0.0113026
