2248.11 -2.3757 -0.000183612
4496.14 -2.68377 -0.000207421
6744.21 -2.99183 -0.00023123
8992.28 -3.29989 -0.00025504
11240.4 -3.60795 -0.000278849
13488.4 -3.91602 -0.000302659
15723.6 -4.23037 -0.000326954
17878.8 -4.55745 -0.000352233
19910.8 -4.89005 -0.000377939
21811.8 -5.22176 -0.000403576
23591.2 -5.55046 -0.00042898
25266.1 -5.87163 -0.000453802
26849.4 -6.18687 -0.000478167
28356 -6.48814 -0.000501882
29795.4 -6.72401 -0.00052552
31174.1 -6.95583 -0.000548753
32500.5 -7.18391 -0.000571611
33782.3 -7.40893 -0.000594163
35023.9 -7.63065 -0.000616384
36230.2 -7.84856 -0.000638223
37405 -8.06331 -0.000659745
38552.3 -8.27521 -0.000680982
39675.9 -8.48379 -0.000701885
40778.4 -8.68889 -0.00072244
41862.5 -8.89234 -0.00074283
42929.2 -9.09325 -0.000762965
43979.8 -9.29139 -0.000782822
45016.1 -9.48718 -0.000802445
46039.1 -9.68094 -0.000821864
47050.3 -9.87287 -0.000841099
48050.8 -10.0629 -0.000860143
49041.7 -10.2516 -0.000879056
50024 -10.4389 -0.000897826
50998.3 -10.6251 -0.000916487
51965.2 -10.8101 -0.000935028
52925.1 -10.9938 -0.00095344
53878.5 -11.1763 -0.000971724
54825.9 -11.3574 -0.000989882
55767.3 -11.5183 -0.00100798
56702.7 -11.6542 -0.00102609
57632.4 -11.7899 -0.00104417
58556.5 -11.9251 -0.00106219
59475.3 -12.0605 -0.00108022
60389.2 -12.1953 -0.00109819
61298.3 -12.3295 -0.00111607
62202.5 -12.4638 -0.00113397
63102.1 -12.5983 -0.00115189
63996.9 -12.733 -0.00116983
64886.6 -12.8684 -0.00118788
65771 -13.0048 -0.00120606
66649.3 -13.1422 -0.00122436
67520.9 -13.2815 -0.00124292
68384.8 -13.4235 -0.00126184
69239.8 -13.5683 -0.00128113
70084.8 -13.7163 -0.00130085
70918.4 -13.868 -0.00132107
71738.7 -14.0238 -0.00134183
72544.8 -14.1847 -0.00136327
73334.6 -14.3501 -0.00138531
74107.4 -14.5202 -0.00140797
74862.2 -14.6955 -0.00143132
75598.2 -14.8747 -0.00145521
76315 -15.0584 -0.00147968
77011.9 -15.2383 -0.00150475
77688.8 -15.3875 -0.00153062
78345.5 -15.5407 -0.00155717
78981.3 -15.6971 -0.00158427
79596.8 -15.8573 -0.00161206
80191.6 -16.022 -0.00164059
80766.9 -16.19 -0.00166972
81322.4 -16.3613 -0.0016994
81859.1 -16.5369 -0.00172984
82376.8 -16.7169 -0.00176105
82876.2 -16.9008 -0.00179293
83358.3 -17.0887 -0.0018255
83823.2 -17.2805 -0.00185874
84271.9 -17.4768 -0.00189276
84704.4 -17.6765 -0.00192738
85120.9 -17.8806 -0.00196277
85522.9 -18.089 -0.00199888
85910.4 -18.2653 -0.00203546
86283.9 -18.443 -0.00207257
86645.2 -18.6215 -0.00210982
86994.6 -18.8004 -0.00214718
87331.5 -18.9814 -0.00218496
87657 -19.1648 -0.00222325
87972.3 -19.3501 -0.00226194
88277.4 -19.5366 -0.00230088
88572.3 -19.7232 -0.00233983
88857.7 -19.91 -0.00237882
89134.4 -20.097 -0.00241788
89403 -20.2838 -0.00245687
89663.4 -20.4698 -0.00249571
89915.5 -20.6483 -0.00253488
90159.7 -20.8273 -0.0025744
90396.7 -21.0092 -0.00261457
90626.8 -21.1929 -0.00265513
90849.9 -21.378 -0.002696
91066 -21.5653 -0.00273735
91276 -21.7525 -0.0027787
91480.5 -21.9386 -0.00281979
91680.2 -22.1229 -0.00286049
91875.4 -22.3052 -0.00290074
92065.8 -22.4847 -0.00294039
92251.6 -22.6615 -0.00297943
92433.4 -22.8414 -0.00301785
92611.1 -23.0246 -0.00305558
92785 -23.2062 -0.00309296
92955.3 -23.3874 -0.00313026
93122 -23.5677 -0.00316737
93284.9 -23.748 -0.0032045
93444.1 -23.9282 -0.00324159
93599.8 -24.1085 -0.0032787
93752 -24.2899 -0.00331605
93901 -24.4717 -0.00335348
94047 -24.6535 -0.00339091
94190 -24.8346 -0.0034282
94329.2 -25.0176 -0.00346585
94464.2 -25.0176 -0.00350618
94596.4 -25.0176 -0.00354677
94724.8 -25.0176 -0.00358847
94850 -25.0176 -0.00363173
94972.7 -25.0176 -0.00367501
95093.4 -25.0176 -0.00371818
95196.6 -25.0176 -0.00375976
95101.9 0 -0.00402199
55632.1 0 -0.012214
55576.6 0 -0.0125084
55743.1 0 -0.0127005
55905.6 0 -0.0128615
