2248.11 5.15999e-005
4496.14 0.000109109
6744.21 0.000166618
8992.28 0.000224128
11240.4 0.000281637
13488.4 0.000339146
15723.6 0.000396768
17878.8 0.000455192
19910.8 0.000515031
21811.8 0.000576392
23591.2 0.000638883
25266.1 0.000702145
26849.4 0.00076597
28356 0.000830136
29795.4 0.000894521
31174.1 0.000959096
32500.5 0.00102375
33782.3 0.00108843
35023.9 0.00115315
36230.2 0.00121786
37405 0.00128252
38552.3 0.00134712
39675.9 0.00141166
40778.4 0.00147614
41862.5 0.00154046
42929.2 0.00160464
43979.8 0.00166868
45016.1 0.00173255
46039.1 0.00179628
47050.3 0.00185985
48050.8 0.00192328
49041.7 0.00198652
50024 0.00204959
50998.3 0.00211248
51965.2 0.0021752
52925.1 0.00223775
53878.5 0.00230013
54825.9 0.00236235
55767.3 0.00242444
56702.7 0.0024864
57632.4 0.00254824
58556.5 0.00260997
59475.3 0.0026716
60389.2 0.00273311
61298.3 0.00279452
62202.5 0.00285583
63102.1 0.00291704
63996.9 0.00297817
64886.6 0.00303923
65771 0.00310024
66649.3 0.00316121
67520.9 0.00322218
68384.8 0.00328317
69239.8 0.00334421
70084.8 0.00340534
70918.4 0.0034666
71738.7 0.00352801
72544.8 0.00358964
73334.6 0.0036515
74107.4 0.00371365
74862.2 0.00377609
75598.2 0.00383887
76315 0.003902
77011.9 0.0039655
77688.8 0.00402939
78345.5 0.00409368
78981.3 0.00415839
79596.8 0.0042235
80191.6 0.00428903
80766.9 0.00435498
81322.4 0.00442133
81859.1 0.0044881
82376.8 0.00455527
82876.2 0.00462284
83358.3 0.00469079
83823.2 0.00475911
84271.9 0.00482781
84704.4 0.00489687
85120.9 0.00496627
85522.9 0.00503601
85910.4 0.00510608
86283.9 0.00517646
86645.2 0.00524713
86994.6 0.00531806
87331.5 0.00538929
87657 0.00546078
87972.3 0.00553251
88277.4 0.00560448
88572.3 0.00567669
88857.7 0.00574911
89134.4 0.00582174
89403 0.00589456
89663.4 0.00596758
89915.5 0.00604079
90159.7 0.00611419
90396.7 0.00618774
90626.8 0.00626146
90849.9 0.00633533
91066 0.00640936
91276 0.00648354
91480.5 0.00655785
91680.2 0.00663228
91875.4 0.00670683
92065.8 0.00678151
92251.6 0.00685631
92433.4 0.00693122
92611.1 0.00700624
92785 0.00708136
92955.3 0.00715657
93122 0.00723188
93284.9 0.00730729
93444.1 0.00738279
93599.8 0.00745839
93752 0.00753406
93901 0.00760983
94047 0.00768566
94190 0.00776158
94329.2 0.00783756
94464.2 0.00791362
94596.4 0.00798974
94724.8 0.00806592
94850 0.00814217
94972.7 0.00821848
95093.4 0.00829485
95196.6 0.00837119
95101.9 0.00844649
55632.1 0.0091482
55576.6 0.00922401
55743.1 0.00929681
55905.6 0.00936965
