2248.11 -22481 2.27814e-007 4.533e+006 -3.94094e-006 -1.51557e+008 0
4496.14 -44961.4 -2.28241e-009 4.533e+006 9.24405e-008 -3.03411e+008 0
6744.21 -67442.1 -4.92683e-010 4.533e+006 -6.67747e-008 -4.55264e+008 0
8992.28 -89922.8 -1.16156e-009 4.533e+006 -4.9904e-008 -6.07117e+008 0
11240.4 -112404 3.5398e-010 4.533e+006 -3.25397e-008 -7.5897e+008 0
13488.4 -134884 -2.90325e-010 4.533e+006 7.27187e-008 -9.10823e+008 0
15723.6 -156078 -3.39747e-008 4.53304e+006 6.32571e-007 -1.06174e+009 0
17878.8 -179755 -1.23961e-007 4.53304e+006 2.16488e-006 -1.20751e+009 0
19910.8 -198256 -1.60821e-007 4.53303e+006 2.8518e-006 -1.34491e+009 0
21811.8 -217282 -1.6135e-007 4.53304e+006 2.80707e-006 -1.47367e+009 0
23591.2 -235909 -1.50272e-007 4.53299e+006 2.54154e-006 -1.5944e+009 0
25266.1 -252654 -1.21994e-007 4.53299e+006 2.07295e-006 -1.70812e+009 0
26849.4 -268494 -1.05469e-007 4.533e+006 1.82507e-006 -1.81573e+009 0
28356 -283578 -8.42959e-008 4.533e+006 1.40438e-006 -1.91825e+009 0
29795.4 -297957 -8.24299e-008 4.533e+006 1.38241e-006 -2.01629e+009 0
31174.1 -311741 -6.99152e-008 4.533e+006 1.16718e-006 -2.1103e+009 0
32500.5 -325005 -6.07046e-008 4.533e+006 1.05971e-006 -2.20082e+009 0
33782.3 -337823 -5.07989e-008 4.533e+006 8.39185e-007 -2.28838e+009 0
35023.9 -350239 -4.79541e-008 4.533e+006 8.20493e-007 -2.37326e+009 0
36230.2 -362302 -4.12585e-008 4.533e+006 7.11604e-007 -2.4558e+009 0
37405 -374050 -3.61605e-008 4.533e+006 5.95866e-007 -2.53623e+009 0
38552.3 -385524 -3.48155e-008 4.533e+006 6.49308e-007 -2.61485e+009 0
39675.9 -396760 -2.61462e-008 4.533e+006 3.97465e-007 -2.69188e+009 0
40778.4 -407790 -2.50251e-008 4.533e+006 4.36721e-007 -2.7675e+009 0
41862.5 -418624 -2.329e-008 4.533e+006 3.46422e-007 -2.8419e+009 0
42929.2 -429291 -2.3509e-008 4.533e+006 5.15911e-007 -2.91515e+009 0
43979.8 -439795 -1.80054e-008 4.533e+006 2.56182e-007 -2.98732e+009 0
45016.1 -450161 -1.71027e-008 4.533e+006 2.55151e-007 -3.05854e+009 0
46039.1 -460391 -1.58788e-008 4.533e+006 2.79721e-007 -3.12888e+009 0
47050.3 -470503 -1.70079e-008 4.533e+006 4.22159e-007 -3.19843e+009 0
48050.8 -480508 -1.35863e-008 4.533e+006 2.12158e-007 -3.26727e+009 0
49041.7 -490417 -1.12724e-008 4.533e+006 2.35398e-007 -3.33547e+009 0
50024 -500240 -9.73011e-009 4.533e+006 2.29108e-007 -3.4031e+009 0
50998.3 -509983 -1.22069e-008 4.533e+006 2.62721e-007 -3.47019e+009 0
51965.2 -519652 -1.06134e-008 4.533e+006 2.16397e-007 -3.5368e+009 0
52925.1 -529251 -8.61409e-009 4.533e+006 8.05782e-008 -3.60294e+009 0
53878.5 -538786 -8.80644e-009 4.533e+006 1.92074e-007 -3.66865e+009 0
54825.9 -548259 -6.9431e-009 4.533e+006 1.70431e-007 -3.73395e+009 0
55767.3 -557674 -7.06586e-009 4.533e+006 1.35889e-007 -3.79886e+009 0
56702.7 -567029 -9.76582e-009 4.533e+006 1.4793e-007 -3.86337e+009 0
57632.4 -576324 -9.64139e-009 4.533e+006 2.77119e-007 -3.9275e+009 0
58556.5 -585565 -9.09697e-009 4.533e+006 3.11704e-007 -3.99125e+009 0
59475.3 -594753 -5.6168e-009 4.533e+006 8.65923e-008 -4.05466e+009 0
60389.2 -603892 -4.56259e-009 4.533e+006 2.03096e-008 -4.11773e+009 0
61298.3 -612983 -6.79448e-009 4.533e+006 1.31742e-007 -4.18049e+009 0
62202.5 -622025 -5.42934e-009 4.533e+006 -1.62745e-008 -4.24292e+009 0
63102.1 -631021 -5.18053e-009 4.533e+006 1.27928e-007 -4.30505e+009 0
63996.9 -639969 -1.55864e-009 4.533e+006 -1.37375e-007 -4.36685e+009 0
64886.6 -648866 -9.22088e-009 4.533e+006 9.71763e-008 -4.42832e+009 0
65771 -657710 -7.21383e-009 4.533e+006 2.72691e-007 -4.48943e+009 0
66649.3 -666492 -6.46142e-009 4.533e+006 5.90405e-008 -4.55014e+009 0
67520.9 -675209 -1.16322e-008 4.533e+006 2.62204e-007 -4.6104e+009 0
68384.8 -683849 -1.27593e-008 4.533e+006 3.88789e-007 -4.67015e+009 0
69239.8 -692394 -1.34068e-008 4.533e+006 3.92589e-007 -4.72932e+009 0
70084.8 -700849 -1.26588e-008 4.533e+006 1.50075e-007 -4.78781e+009 0
70918.4 -709184 -1.64445e-008 4.533e+006 4.01488e-007 -4.84554e+009 0
71738.7 -717396 -1.5006e-008 4.533e+006 3.05151e-007 -4.90239e+009 0
72544.8 -725450 -1.9002e-008 4.533e+006 2.86026e-007 -4.95829e+009 0
73334.6 -733347 -2.11382e-008 4.533e+006 3.15867e-007 -5.01312e+009 0
74107.4 -741073 -2.37452e-008 4.533e+006 4.56055e-007 -5.0668e+009 0
74862.2 -748622 -2.26634e-008 4.533e+006 3.53195e-007 -5.1193e+009 0
75598.2 -755974 -2.07598e-008 4.533e+006 3.10322e-007 -5.17054e+009 0
76315 -763147 -2.27319e-008 4.533e+006 4.16549e-007 -5.22049e+009 0
77011.9 -770118 -2.55709e-008 4.533e+006 5.14143e-007 -5.26914e+009 0
77688.8 -776889 -2.69697e-008 4.533e+006 5.26705e-007 -5.31645e+009 0
78345.5 -783467 -2.88992e-008 4.53302e+006 5.82501e-007 -5.36241e+009 0
78981.3 -789815 -2.74827e-008 4.533e+006 4.3736e-007 -5.40698e+009 0
79596.8 -795972 -2.41587e-008 4.533e+006 3.52615e-007 -5.4502e+009 0
80191.6 -801904 -2.80628e-008 4.533e+006 6.19575e-007 -5.49204e+009 0
80766.9 -807670 -2.20421e-008 4.533e+006 3.10227e-007 -5.53259e+009 0
81322.4 -813224 -2.44378e-008 4.533e+006 4.86319e-007 -5.57182e+009 0
81859.1 -818588 -2.09366e-008 4.533e+006 2.93767e-007 -5.6098e+009 0
82376.8 -823776 -2.4721e-008 4.533e+006 4.57612e-007 -5.64651e+009 0
82876.2 -828762 -1.34255e-008 4.533e+006 -2.89996e-008 -5.68201e+009 0
83358.3 -833585 -2.24383e-008 4.533e+006 3.58985e-007 -5.71636e+009 0
83823.2 -838232 -2.00475e-008 4.533e+006 3.74583e-007 -5.74956e+009 0
84271.9 -842707 -2.1198e-008 4.533e+006 3.4294e-007 -5.78168e+009 0
84704.4 -847044 -2.34092e-008 4.533e+006 5.09115e-007 -5.81272e+009 0
85120.9 -851201 -2.12452e-008 4.533e+006 3.27128e-007 -5.8427e+009 0
85522.9 -855229 -1.88459e-008 4.533e+006 2.94365e-007 -5.87172e+009 0
85910.4 -859104 -1.99943e-008 4.533e+006 2.76323e-007 -5.89977e+009 0
86283.9 -862839 -1.80443e-008 4.533e+006 4.35603e-007 -5.92689e+009 0
86645.2 -866453 -1.59567e-008 4.533e+006 2.1155e-007 -5.95319e+009 0
86994.6 -869946 -1.61295e-008 4.533e+006 1.55446e-007 -5.97871e+009 0
87331.5 -873304 -1.54437e-008 4.533e+006 1.2835e-007 -6.00339e+009 0
87657 -876544 -1.29189e-008 4.533e+006 1.94929e-007 -6.02732e+009 0
87972.3 -879724 -1.13775e-008 4.533e+006 2.32339e-007 -6.05057e+009 0
88277.4 -882774 -1.91263e-008 4.533e+006 4.51115e-007 -6.07313e+009 0
88572.3 -885723 -1.50375e-008 4.533e+006 5.15654e-007 -6.09502e+009 0
88857.7 -888569 -1.20025e-008 4.533e+006 2.69349e-007 -6.11628e+009 0
89134.4 -891287 -1.01793e-008 4.533e+006 1.83499e-007 -6.13696e+009 0
89403 -894030 -1.20736e-008 4.533e+006 2.18699e-007 -6.1571e+009 0
89663.4 -896635 -7.56842e-009 4.533e+006 7.29434e-008 -6.17669e+009 0
89915.5 -899158 -1.54313e-008 4.533e+006 4.62496e-007 -6.19573e+009 0
90159.7 -901597 -1.26264e-008 4.533e+006 3.15221e-007 -6.21425e+009 0
90396.7 -903967 -8.56455e-009 4.533e+006 9.33059e-008 -6.23228e+009 0
90626.8 -906269 -1.01028e-008 4.533e+006 3.54961e-007 -6.24987e+009 0
90849.9 -908499 -1.02499e-008 4.533e+006 7.79789e-008 -6.26697e+009 0
91066 -910660 -9.42051e-009 4.533e+006 1.54696e-007 -6.28362e+009 0
91276 -912760 -4.07144e-009 4.533e+006 -1.51617e-007 -6.29986e+009 0
91480.5 -914805 -8.42154e-009 4.533e+006 2.14e-007 -6.31573e+009 0
91680.2 -916802 -6.66431e-009 4.533e+006 1.94693e-007 -6.33129e+009 0
91875.4 -918754 -9.67009e-009 4.533e+006 4.25561e-007 -6.34654e+009 0
92065.8 -920658 -1.4622e-009 4.533e+006 -6.14017e-008 -6.36148e+009 0
92251.6 -922516 -5.74648e-009 4.533e+006 -1.29556e-008 -6.37611e+009 0
92433.4 -924334 -7.55129e-009 4.533e+006 1.37642e-007 -6.39047e+009 0
92611.1 -926111 3.23808e-009 4.533e+006 -2.66423e-007 -6.40456e+009 0
92785 -927857 3.28279e-009 4.533e+006 -2.3566e-007 -6.4184e+009 0
92955.3 -929547 -8.96149e-009 4.533e+006 4.06963e-007 -6.432e+009 0
93122 -931220 -1.94599e-009 4.533e+006 -2.00499e-007 -6.44536e+009 0
93284.9 -932849 -2.04973e-009 4.533e+006 5.1684e-008 -6.45846e+009 0
93444.1 -934441 -2.14825e-009 4.533e+006 3.96891e-008 -6.47132e+009 0
93599.8 -935998 -4.39271e-009 4.533e+006 7.3275e-008 -6.48395e+009 0
93752 -937489 5.41994e-010 4.533e+006 -2.86219e-008 -6.49634e+009 0
93901 -939010 1.49289e-009 4.533e+006 -4.13468e-008 -6.50853e+009 0
94047 -940470 -1.74075e-009 4.533e+006 -1.62573e-007 -6.52051e+009 0
94190 -941900 2.06825e-009 4.533e+006 -2.47218e-007 -6.53229e+009 0
94329.2 -941885 -5.08424e-009 4.53295e+006 -1.85643e-007 -6.54371e+009 0
94464.2 -943817 -8.51239e-009 4.53275e+006 5.86452e-008 -6.55485e+009 0
94596.4 -944968 -6.78418e-009 4.53269e+006 2.49123e-008 -6.56586e+009 0
94724.8 -940864 -8.73776e-009 4.53221e+006 -1.98791e-007 -6.57607e+009 0
94850 -947363 -1.4962e-008 4.53185e+006 1.1657e-007 -6.58668e+009 0
94972.7 -949607 -2.04146e-008 4.53177e+006 5.55213e-007 -6.59711e+009 0
95093.4 -951763 -1.1886e-008 4.53171e+006 -6.54164e-009 -6.60743e+009 0
95196.6 2.45305e+006 -5.40071e-008 4.40577e+006 1.03115e-006 -6.35858e+009 0
95101.9 353078 -4.9377e-007 3.75689e+006 8.02049e-006 -6.02e+009 0
55632.1 -1.77128e+006 -3.29532e-007 4.28317e+006 5.94839e-006 -4.01166e+009 0
55576.6 -1.17806e+006 -4.91722e-007 4.48703e+006 7.76058e-006 -4.00858e+009 0
55743.1 -785897 -9.21307e-008 4.51993e+006 2.22235e-006 -4.00874e+009 0
55905.6 -639009 -2.03618e-008 4.52934e+006 7.49311e-007 -4.01695e+009 0
