3500.79 -16.024 -8.012e-005
7001.46 -11.7697 -5.88484e-005
10502.2 -7.51534 -3.75767e-005
14002.9 -3.26108 -1.63054e-005
17398.5 1.63638 8.1819e-006
20465.8 7.46102 3.73051e-005
23176.4 13.9882 6.9941e-005
25587.9 21.0634 0.000105317
27766.1 28.3949 0.000141974
29761.1 35.9579 0.00017979
31615.9 43.5464 0.000217732
33356.8 51.2896 0.000256448
35005.5 58.989 0.000294945
36581.7 66.5641 0.000332821
38096.4 74.2625 0.000371312
39556.7 81.983 0.000409915
40972 89.5493 0.000447746
42350.1 97.006 0.00048503
43694.7 104.481 0.000522404
45008.1 112 0.000560002
46293.1 119.568 0.00059784
47552.4 127.053 0.000635263
48789.3 134.476 0.000672381
50006 141.85 0.000709252
51204.1 149.189 0.000745943
52385.7 156.442 0.000782213
53552.7 163.654 0.00081827
54706 170.86 0.000854302
55846.7 178.01 0.000890058
56976.2 185.127 0.000925651
58095.1 192.221 0.000961133
59204.3 199.259 0.000996349
60304.5 206.272 0.00103146
61396 213.301 0.00106669
62479.5 220.309 0.00110187
63555.1 227.278 0.00113695
64623.7 234.203 0.00117199
65685.6 241.048 0.00120688
66741.1 247.8 0.00124172
67790.3 254.432 0.00127658
68833.4 260.887 0.00131152
69870 267.117 0.00134672
70899.9 273.05 0.00138247
71922.1 278.558 0.00141885
72935.8 283.524 0.00145616
73939.4 287.837 0.00149475
74931.3 291.429 0.00153509
75909.1 294.273 0.00157759
76870 296.425 0.00162291
77811.4 297.977 0.00167144
78731.1 299.047 0.00172298
79626.9 299.776 0.00177788
80497.3 300.279 0.00183642
81341.3 300.635 0.00189781
82158.7 300.905 0.00196178
82949.7 301.128 0.00202832
83713.8 301.326 0.00209771
84451.8 301.513 0.00216953
85163.8 301.697 0.00224402
85849.8 301.883 0.0023223
86510.2 302.074 0.0024037
87145.8 302.271 0.00248833
87758.1 302.47 0.00257455
88347.4 302.674 0.00266271
88915.6 302.881 0.00275292
89463 303.093 0.00284474
89991.3 303.307 0.00293791
90501.3 303.523 0.00303187
90993.9 303.742 0.00312687
91469.4 303.967 0.00322475
91928.3 304.198 0.00332512
92370.5 304.437 0.00342917
92797.5 304.682 0.00353546
93209.4 304.933 0.00364481
93606.6 305.189 0.00375591
93990.6 305.447 0.00386835
94362.2 305.708 0.00398189
94721.7 305.97 0.00409576
95069.3 306.234 0.00421055
95405.9 306.503 0.00432721
95730.5 306.782 0.00444862
96043.3 307.074 0.00457581
96345.6 307.372 0.00470538
96638.5 307.675 0.00483706
96922.5 307.98 0.00496937
97197 308.284 0.00510182
97462.2 308.594 0.0052367
97719 308.909 0.00537334
97967.7 309.228 0.00551228
98208.6 309.555 0.00565449
98440.5 309.895 0.00580196
98663.5 310.25 0.00595639
98878.6 310.614 0.00611483
99086.8 310.987 0.00627686
99289 311.361 0.00643943
99485.4 311.738 0.00660339
99675.8 312.115 0.00676745
99860.5 312.486 0.00692875
100040 312.851 0.00708758
100215 313.216 0.00724609
100383 313.591 0.00740892
100547 313.967 0.00757268
100705 314.355 0.00774109
100859 314.75 0.0079131
101008 315.15 0.00808681
101153 315.553 0.00826213
101294 315.961 0.00843949
101288 317.363 0.00904921
56487.7 321.034 0.0106453
56364.7 321.169 0.0107039
56524.7 321.469 0.0108341
56685.3 321.814 0.0109842
56845.7 322.165 0.0111369
56962.6 322.447 0.0112598
56989.7 322.589 0.0113212
