3500.79 -2.79236 -0.000123704
7001.46 -3.32996 -0.000147519
10502.2 -3.86755 -0.000171335
14002.9 -4.40506 -0.000195147
17398.5 -4.97378 -0.000220341
20465.8 -5.56518 -0.000246541
23176.4 -6.154 -0.000272626
25587.9 -6.73045 -0.000298163
27766.1 -7.28547 -0.000322751
29761.1 -7.8209 -0.000346471
31615.9 -8.33411 -0.000369207
33356.8 -8.83086 -0.000391213
35005.5 -9.3093 -0.000412408
36581.7 -9.77075 -0.00043285
38096.4 -10.2206 -0.000452781
39556.7 -10.6585 -0.000472176
40972 -11.0839 -0.000491026
42350.1 -11.4567 -0.000509518
43694.7 -11.785 -0.000527873
45008.1 -12.1093 -0.000546009
46293.1 -12.4277 -0.000563812
47552.4 -12.7418 -0.00058138
48789.3 -13.0523 -0.000598744
50006 -13.3599 -0.000615942
51204.1 -13.6654 -0.000633026
52385.7 -13.9676 -0.000649926
53552.7 -14.2658 -0.000666602
54706 -14.5611 -0.000683111
55846.7 -14.8535 -0.000699466
56976.2 -15.1436 -0.000715686
58095.1 -15.4314 -0.000731777
59204.3 -15.7174 -0.00074777
60304.5 -16.002 -0.000763688
61396 -16.2843 -0.000779473
62479.5 -16.5643 -0.00079513
63555.1 -16.8424 -0.000810682
64623.7 -17.1192 -0.000826158
65685.6 -17.3946 -0.000841559
66741.1 -17.6688 -0.000856894
67790.3 -17.9422 -0.000872183
68833.4 -18.2155 -0.000887465
69870 -18.49 -0.000902816
70899.9 -18.7662 -0.00091826
71922.1 -19.045 -0.000933852
72935.8 -19.3277 -0.000949658
73939.4 -19.6157 -0.000965764
74931.3 -19.9107 -0.00098226
75909.1 -20.2145 -0.000999249
76870 -20.4504 -0.001017
77811.4 -20.6935 -0.00103557
78731.1 -20.9466 -0.00105492
79626.9 -21.2077 -0.00107487
80497.3 -21.4809 -0.00109574
81341.3 -21.7622 -0.00111724
82158.7 -22.0504 -0.00113926
82949.7 -22.3443 -0.00116172
83713.8 -22.646 -0.00118477
84451.8 -22.9535 -0.00120827
85163.8 -23.2633 -0.00123194
85849.8 -23.579 -0.00125606
86510.2 -23.8991 -0.00128052
87145.8 -24.2256 -0.00130547
87758.1 -24.5545 -0.00133061
88347.4 -24.8861 -0.00135594
88915.6 -25.2216 -0.00138158
89463 -25.561 -0.00140751
89991.3 -25.902 -0.00143357
90501.3 -26.2433 -0.00145965
90993.9 -26.5828 -0.00148559
91469.4 -26.8766 -0.00151191
91928.3 -27.1123 -0.00153858
92370.5 -27.3537 -0.00156589
92797.5 -27.5988 -0.00159363
93209.4 -27.8465 -0.00162166
93606.6 -28.0972 -0.00165002
93990.6 -28.3504 -0.00167868
94362.2 -28.6046 -0.00170744
94721.7 -28.8591 -0.00173624
95069.3 -29.1151 -0.00176521
95405.9 -29.3752 -0.00179464
95730.5 -29.6385 -0.00182443
96043.3 -29.9122 -0.0018554
96345.6 -30.1885 -0.00188667
96638.5 -30.4676 -0.00191825
96922.5 -30.7456 -0.0019497
97197 -31.0233 -0.00198112
97462.2 -31.2632 -0.00201309
97719 -31.4449 -0.00204561
97967.7 -31.6295 -0.00207865
98208.6 -31.8189 -0.00211255
98440.5 -32.0098 -0.00214672
98663.5 -32.2062 -0.00218188
98878.6 -32.4066 -0.00221775
99086.8 -32.6135 -0.00225479
99289 -32.8209 -0.00229191
99485.4 -33.0276 -0.00232892
99675.8 -33.2348 -0.002366
99860.5 -33.4386 -0.00240248
100040 -33.6393 -0.00243841
100215 -33.8385 -0.00247406
100383 -33.8385 -0.00251145
100547 -33.8385 -0.00254924
100705 -33.8385 -0.00258808
100859 -33.8385 -0.00262824
101008 -33.8385 -0.0026687
101153 -33.8385 -0.00270932
101294 -33.8385 -0.00275016
101288 0 -0.00284842
56487.7 0 -0.0106228
56364.7 0 -0.0109119
56524.7 0 -0.0110659
56685.3 0 -0.0112173
56845.7 0 -0.0113697
56962.6 0 -0.01153
56989.7 0 -0.0117075
