3500.79 -35007.8 2.39617e-007 4.533e+006 -2.47484e-006 -2.35094e+008 0
7001.46 -70014.6 1.20653e-009 4.533e+006 -1.39054e-007 -4.70299e+008 0
10502.2 -105022 6.47812e-010 4.533e+006 -6.66832e-008 -7.05504e+008 0
14002.9 -140029 -7.07005e-010 4.533e+006 4.08295e-008 -9.40707e+008 0
17398.5 -171264 -1.8555e-007 4.53316e+006 1.91309e-006 -1.16869e+009 0
20465.8 -202310 -3.3449e-007 4.53314e+006 3.44558e-006 -1.37507e+009 0
23176.4 -231013 -3.11191e-007 4.53344e+006 3.1727e-006 -1.55772e+009 0
25587.9 -256056 -2.57849e-007 4.533e+006 2.66193e-006 -1.72066e+009 0
27766.1 -277663 -1.91473e-007 4.533e+006 1.97209e-006 -1.86785e+009 0
29761.1 -297613 -1.57246e-007 4.533e+006 1.66515e-006 -2.00287e+009 0
31615.9 -316161 -1.13662e-007 4.533e+006 1.14361e-006 -2.12856e+009 0
33356.8 -333574 -9.27895e-008 4.533e+006 9.23601e-007 -2.24666e+009 0
35005.5 -350055 -7.95305e-008 4.533e+006 8.80735e-007 -2.35863e+009 0
36581.7 -365823 -6.02384e-008 4.533e+006 5.74397e-007 -2.46577e+009 0
38096.4 -380962 -5.17506e-008 4.533e+006 5.80785e-007 -2.56883e+009 0
39556.7 -395570 -4.85847e-008 4.533e+006 5.14501e-007 -2.66827e+009 0
40972 -409721 -3.71465e-008 4.533e+006 3.55436e-007 -2.76471e+009 0
42350.1 -423501 -3.3553e-008 4.533e+006 3.93622e-007 -2.85867e+009 0
43694.7 -436951 -2.78308e-008 4.533e+006 2.46696e-007 -2.95041e+009 0
45008.1 -450082 -2.78033e-008 4.533e+006 3.16603e-007 -3.04007e+009 0
46293.1 -462932 -2.42922e-008 4.533e+006 2.13306e-007 -3.12784e+009 0
47552.4 -475529 -2.35616e-008 4.533e+006 3.8073e-007 -3.2139e+009 0
48789.3 -487893 -2.11265e-008 4.533e+006 1.71081e-007 -3.29847e+009 0
50006 -500060 -1.50082e-008 4.533e+006 9.19175e-008 -3.38169e+009 0
51204.1 -512041 -1.64978e-008 4.533e+006 1.63441e-007 -3.46368e+009 0
52385.7 -523857 -1.42035e-008 4.533e+006 1.72504e-007 -3.54457e+009 0
53552.7 -535529 -1.36984e-008 4.533e+006 1.69655e-007 -3.62449e+009 0
54706 -547059 -1.16176e-008 4.533e+006 1.95932e-007 -3.70349e+009 0
55846.7 -558467 -1.01128e-008 4.533e+006 7.31424e-009 -3.78166e+009 0
56976.2 -569763 -1.22882e-008 4.533e+006 8.31219e-008 -3.85909e+009 0
58095.1 -580951 -1.17253e-008 4.533e+006 1.91521e-007 -3.9358e+009 0
59204.3 -592043 -1.10337e-008 4.533e+006 2.05238e-007 -4.01188e+009 0
60304.5 -603045 -8.29946e-009 4.533e+006 8.98745e-008 -4.08735e+009 0
61396 -613958 -6.11988e-009 4.533e+006 2.423e-008 -4.16225e+009 0
62479.5 -624795 -7.47611e-009 4.533e+006 4.4362e-008 -4.23661e+009 0
63555.1 -635553 -7.45899e-009 4.533e+006 1.00948e-008 -4.31045e+009 0
64623.7 -646237 -5.14726e-009 4.533e+006 -4.70556e-008 -4.38382e+009 0
65685.6 -656855 -7.37426e-009 4.533e+006 1.70433e-007 -4.45674e+009 0
66741.1 -667411 -5.51044e-009 4.533e+006 1.25576e-007 -4.52924e+009 0
67790.3 -677903 -3.71199e-009 4.533e+006 -1.15808e-009 -4.60132e+009 0
68833.4 -688334 -8.43612e-009 4.533e+006 2.56477e-007 -4.673e+009 0
69870 -698701 -3.88891e-009 4.533e+006 3.08222e-008 -4.74424e+009 0
70899.9 -708999 -7.17408e-009 4.533e+006 1.82021e-007 -4.81503e+009 0
71922.1 -719223 -6.2458e-009 4.533e+006 1.31505e-008 -4.88532e+009 0
72935.8 -729357 -1.07774e-008 4.533e+006 2.18221e-007 -4.95503e+009 0
73939.4 -739394 -9.52456e-009 4.533e+006 2.84466e-008 -5.02408e+009 0
74931.3 -749313 -1.21813e-008 4.533e+006 2.62072e-007 -5.09235e+009 0
75909.1 -759081 -1.58352e-008 4.533e+006 1.99431e-007 -5.15968e+009 0
76870 -768703 -1.60696e-008 4.533e+006 2.30689e-007 -5.22588e+009 0
77811.4 -778116 -2.3803e-008 4.533e+006 3.88136e-007 -5.29079e+009 0
78731.1 -787305 -2.09429e-008 4.533e+006 1.54665e-007 -5.35425e+009 0
79626.9 -796340 -2.5587e-008 4.533e+006 2.2126e-007 -5.41613e+009 0
80497.3 -804977 -2.0766e-008 4.533e+006 1.92215e-007 -5.47631e+009 0
81341.3 -813415 -2.29645e-008 4.533e+006 2.61514e-007 -5.53473e+009 0
82158.7 -821584 -2.69169e-008 4.533e+006 1.37025e-007 -5.59139e+009 0
82949.7 -829497 -2.3169e-008 4.533e+006 2.22493e-007 -5.64629e+009 0
83713.8 -837139 -2.67242e-008 4.533e+006 3.32208e-007 -5.6994e+009 0
84451.8 -844474 -2.17045e-008 4.53301e+006 1.09867e-007 -5.75077e+009 0
85163.8 -851638 -2.40101e-008 4.533e+006 2.72769e-007 -5.80042e+009 0
85849.8 -858482 -2.64117e-008 4.533e+006 4.8438e-007 -5.84833e+009 0
86510.2 -865124 -2.45407e-008 4.533e+006 2.33296e-007 -5.89454e+009 0
87145.8 -871421 -2.31357e-008 4.533e+006 4.49958e-007 -5.93909e+009 0
87758.1 -877581 -2.41269e-008 4.533e+006 4.63041e-007 -5.9821e+009 0
88347.4 -883476 -2.28288e-008 4.533e+006 4.75793e-007 -6.02359e+009 0
88915.6 -889168 -1.91845e-008 4.533e+006 1.19055e-007 -6.06366e+009 0
89463 -894630 -1.58638e-008 4.533e+006 1.03704e-008 -6.10235e+009 0
89991.3 -899913 -1.60367e-008 4.533e+006 1.53738e-007 -6.13977e+009 0
90501.3 -905014 -1.94105e-008 4.533e+006 3.25084e-007 -6.17597e+009 0
90993.9 -909940 -1.87665e-008 4.533e+006 2.18289e-007 -6.21102e+009 0
91469.4 -914694 -1.38106e-008 4.533e+006 1.43115e-007 -6.24492e+009 0
91928.3 -919249 -1.50797e-008 4.533e+006 1.40873e-007 -6.27772e+009 0
92370.5 -923706 -1.04265e-008 4.533e+006 -1.66272e-007 -6.30941e+009 0
92797.5 -927986 -1.94602e-008 4.533e+006 4.34074e-007 -6.34009e+009 0
93209.4 -932004 -1.67237e-008 4.533e+006 1.10904e-007 -6.36976e+009 0
93606.6 -936065 -1.9463e-008 4.533e+006 4.62376e-007 -6.39846e+009 0
93990.6 -939906 -1.52741e-008 4.533e+006 2.2659e-007 -6.42628e+009 0
94362.2 -943622 -9.19418e-009 4.533e+006 8.5768e-008 -6.45327e+009 0
94721.7 -947220 -1.47039e-008 4.533e+006 1.72041e-007 -6.47946e+009 0
95069.3 -950693 -9.82785e-009 4.533e+006 1.14211e-007 -6.50486e+009 0
95405.9 -954059 -8.54505e-009 4.533e+006 -4.67572e-008 -6.52952e+009 0
95730.5 -957248 -1.51531e-008 4.533e+006 2.10937e-007 -6.55338e+009 0
96043.3 -960435 -6.41073e-009 4.533e+006 -1.10081e-007 -6.57646e+009 0
96345.6 -963456 -1.04142e-008 4.533e+006 8.1391e-008 -6.59885e+009 0
96638.5 -966385 -5.03762e-009 4.533e+006 8.2745e-008 -6.6206e+009 0
96922.5 -969250 -1.2193e-008 4.533e+006 3.96039e-007 -6.64177e+009 0
97197 -971970 -1.00193e-008 4.533e+006 1.54966e-007 -6.6623e+009 0
97462.2 -974623 -1.06351e-008 4.533e+006 5.63314e-009 -6.68221e+009 0
97719 -977190 -9.59125e-009 4.533e+006 1.46858e-007 -6.70156e+009 0
97967.7 -979677 -1.03816e-008 4.533e+006 5.39446e-008 -6.72038e+009 0
98208.6 -982087 -5.71789e-009 4.533e+006 -1.11417e-007 -6.73868e+009 0
98440.5 -984406 -1.49821e-008 4.533e+006 4.0951e-007 -6.75637e+009 0
98663.5 -986625 -1.40574e-008 4.533e+006 2.38801e-007 -6.77348e+009 0
98878.6 -988784 -8.63163e-009 4.533e+006 3.01877e-007 -6.79006e+009 0
99086.8 -990869 -5.90465e-009 4.533e+006 1.85367e-007 -6.80617e+009 0
99289 -992890 3.6084e-010 4.533e+006 -2.54724e-007 -6.8219e+009 0
99485.4 -994854 -4.46696e-010 4.533e+006 -2.92817e-007 -6.83723e+009 0
99675.8 -996758 -1.10061e-008 4.533e+006 2.94025e-007 -6.85217e+009 0
99860.5 -998605 -8.7317e-009 4.533e+006 2.19249e-008 -6.86673e+009 0
100040 -1.0004e+006 -1.01128e-008 4.533e+006 2.75726e-007 -6.88095e+009 0
100215 -1.00116e+006 -6.18893e-009 4.53297e+006 -2.07995e-007 -6.89475e+009 0
100383 -1.00346e+006 -1.44421e-008 4.53277e+006 5.8308e-007 -6.90811e+009 0
100547 -998364 -7.0816e-009 4.53258e+006 -9.26667e-008 -6.92082e+009 0
100705 -1.00163e+006 -1.51697e-008 4.53233e+006 2.80287e-007 -6.93353e+009 0
100859 -1.0082e+006 -1.51688e-008 4.53205e+006 1.15079e-007 -6.94606e+009 0
101008 -1.01e+006 -1.54976e-008 4.53199e+006 3.33827e-007 -6.95822e+009 0
101153 -1.0114e+006 -1.75788e-008 4.53196e+006 3.64283e-007 -6.97011e+009 0
101294 -1.01245e+006 -1.2278e-008 4.53191e+006 5.22252e-008 -6.98171e+009 0
101288 463944 -3.00691e-007 3.72458e+006 3.97187e-006 -6.34878e+009 0
56487.7 -2.28236e+006 -7.48067e-007 4.15996e+006 9.63645e-006 -4.03538e+009 0
56364.7 -564851 -6.52998e-007 4.50179e+006 9.78266e-006 -3.99871e+009 0
56524.7 -531385 -1.335e-007 4.53098e+006 2.99464e-006 -4.01144e+009 0
56685.3 -566939 -1.0236e-008 4.53281e+006 5.96736e-007 -4.02556e+009 0
56845.7 -568503 -1.42823e-008 4.53295e+006 9.97795e-007 -4.03851e+009 0
56962.6 -285701 -1.13701e-007 4.37341e+006 3.2621e-006 -4.02699e+009 0
56989.7 -1.12489e+006 -2.36798e-007 4.44808e+006 2.81352e-006 -4.06589e+009 0
