3500.79 5.53069e-005
7001.46 0.000112841
10502.2 0.000170374
14002.9 0.000227908
17398.5 0.000286096
20465.8 0.000346676
23176.4 0.000409677
25587.9 0.000474222
27766.1 0.000539718
29761.1 0.000605769
31615.9 0.000672125
33356.8 0.000738619
35005.5 0.000805149
36581.7 0.000871578
38096.4 0.000937891
39556.7 0.00100406
40972 0.00107001
42350.1 0.00113572
43694.7 0.00120123
45008.1 0.00126654
46293.1 0.00133162
47552.4 0.00139648
48789.3 0.00146112
50006 0.00152557
51204.1 0.00158985
52385.7 0.00165398
53552.7 0.00171793
54706 0.00178168
55846.7 0.00184525
56976.2 0.00190864
58095.1 0.0019719
59204.3 0.00203503
60304.5 0.00209802
61396 0.00216088
62479.5 0.00222361
63555.1 0.00228618
64623.7 0.00234861
65685.6 0.00241089
66741.1 0.00247304
67790.3 0.00253504
68833.4 0.00259694
69870 0.00265873
70899.9 0.00272043
71922.1 0.00278206
72935.8 0.00284364
73939.4 0.00290521
74931.3 0.00296682
75909.1 0.00302851
76870 0.00309033
77811.4 0.00315234
78731.1 0.0032146
79626.9 0.00327714
80497.3 0.00334004
81341.3 0.0034033
82158.7 0.00346696
82949.7 0.00353103
83713.8 0.00359553
84451.8 0.00366046
85163.8 0.00372584
85849.8 0.00379166
86510.2 0.00385794
87145.8 0.00392465
87758.1 0.00399179
88347.4 0.00405934
88915.6 0.00412731
89463 0.00419567
89991.3 0.0042644
90501.3 0.00433348
90993.9 0.00440292
91469.4 0.0044727
91928.3 0.00454281
92370.5 0.00461324
92797.5 0.00468398
93209.4 0.00475502
93606.6 0.00482635
93990.6 0.00489795
94362.2 0.00496979
94721.7 0.00504189
95069.3 0.00511423
95405.9 0.0051868
95730.5 0.00525959
96043.3 0.0053326
96345.6 0.00540582
96638.5 0.00547922
96922.5 0.00555281
97197 0.00562657
97462.2 0.00570051
97719 0.00577462
97967.7 0.00584887
98208.6 0.00592327
98440.5 0.00599782
98663.5 0.00607251
98878.6 0.00614732
99086.8 0.00622226
99289 0.00629731
99485.4 0.00637247
99675.8 0.00644774
99860.5 0.00652312
100040 0.00659859
100215 0.00667416
100383 0.00674981
100547 0.00682555
100705 0.00690136
100859 0.00697725
101008 0.00705322
101153 0.00712927
101294 0.00720538
101288 0.00728108
56487.7 0.00796046
56364.7 0.00803692
56524.7 0.00811035
56685.3 0.00818379
56845.7 0.00825723
56962.6 0.00833112
56989.7 0.00840596
