3501.67 -2.79277 -0.000123651
7003.23 -3.33062 -0.000147464
10504.8 -3.86846 -0.000171277
14006.4 -4.40622 -0.000195087
17402.7 -4.97521 -0.000220279
20470.7 -5.56691 -0.000246477
23181.7 -6.15601 -0.000272559
25593.7 -6.73274 -0.000298094
27772.1 -7.28802 -0.000322679
29767.3 -7.82368 -0.000346396
31622.4 -8.33713 -0.000369129
33363.5 -8.83409 -0.000391132
35012.4 -9.31273 -0.000412324
36588.7 -9.77437 -0.000432763
38103.7 -10.2245 -0.000452691
39564.1 -10.6625 -0.000472083
40979.6 -11.0881 -0.000490929
42357.9 -11.4622 -0.000509415
43702.6 -11.7921 -0.00052776
45016.3 -12.1179 -0.000545884
46301.6 -12.4378 -0.000563675
47561.2 -12.7534 -0.000581231
48798.5 -13.0653 -0.000598578
50015.6 -13.3742 -0.000615761
51214.1 -13.681 -0.000632826
52396.2 -13.9846 -0.000649708
53563.8 -14.2841 -0.000666368
54717.6 -14.5806 -0.000682858
55859 -14.8743 -0.000699197
56989 -15.1656 -0.000715397
58108.6 -15.4546 -0.000731471
59218.5 -15.7418 -0.000747446
60319.3 -16.0276 -0.000763341
61411.6 -16.311 -0.000779105
62495.8 -16.5922 -0.000794744
63572.1 -16.8714 -0.000810274
64641.5 -17.1493 -0.000825732
65704.1 -17.4259 -0.000841116
66760.4 -17.7012 -0.000856432
67810.3 -17.9758 -0.000871704
68854.3 -18.2503 -0.000886968
69891.7 -18.5258 -0.000902294
70922.4 -18.8031 -0.000917716
71945.4 -19.0831 -0.00093329
72959.9 -19.3669 -0.000949078
73964.3 -19.6562 -0.000965165
74957.1 -19.9524 -0.000981643
75935.7 -20.2574 -0.000998609
76897.4 -20.5019 -0.00101632
77839.7 -20.751 -0.00103484
78760.3 -21.0105 -0.00105414
79657 -21.278 -0.00107403
80528.3 -21.5577 -0.00109482
81373.4 -21.8458 -0.00111624
82191.9 -22.1409 -0.00113818
82984 -22.4419 -0.00116056
83749.2 -22.7504 -0.0011835
84488.5 -23.0649 -0.00120689
85201.7 -23.3819 -0.00123046
85888.9 -23.7046 -0.00125445
86550.6 -24.0318 -0.00127878
87187.5 -24.3654 -0.00130359
87801.1 -24.7015 -0.00132858
88391.9 -25.0398 -0.00135374
88961.5 -25.3823 -0.0013792
89510.4 -25.7284 -0.00140494
90040.3 -26.0765 -0.00143082
90551.9 -26.4246 -0.00145671
91046 -26.7712 -0.00148248
91523.2 -27.09 -0.0015085
91983.9 -27.3476 -0.00153487
92428 -27.6107 -0.00156179
92857.2 -27.8774 -0.00158908
93271.2 -28.1474 -0.00161671
93670.8 -28.4192 -0.00164452
94057.3 -28.6941 -0.00167264
94431.3 -28.9696 -0.00170084
94793.6 -29.2454 -0.00172907
95144.1 -29.5224 -0.00175741
95483.6 -29.8028 -0.0017861
95811.1 -30.0873 -0.00181522
96127.2 -30.3811 -0.00184528
96432.8 -30.679 -0.00187576
96729.1 -30.9795 -0.00190651
97016.2 -31.279 -0.00193715
97294.2 -31.5772 -0.00196767
97563.7 -31.8755 -0.00199819
97824.5 -32.1132 -0.00202943
98078.1 -32.3476 -0.00206078
98323.6 -32.5854 -0.00209259
98559.8 -32.8275 -0.00212497
98788 -33.0763 -0.00215824
99009 -33.3272 -0.00219181
99223.4 -33.5814 -0.0022258
99431.9 -33.8399 -0.00226037
99634 -34.0978 -0.00229487
99829.8 -34.3541 -0.00232914
100020 -34.6084 -0.00236315
100206 -34.8596 -0.00239675
100388 -35.1076 -0.00242992
100565 -35.3527 -0.0024627
100737 -35.6042 -0.00249633
100903 -35.6042 -0.00253127
101064 -35.6042 -0.00256672
101219 -35.6042 -0.0026042
101370 -35.6042 -0.00264285
101518 -35.6042 -0.00268167
101661 -35.6042 -0.00272071
101802 -35.6042 -0.0027599
101800 0 -0.00285179
56594.6 0 -0.0106883
56530.8 0 -0.0109554
56690.6 0 -0.0111116
56852 0 -0.0112634
57013.8 0 -0.011415
