3501.67 -16.0131 -8.00653e-005
7003.23 -11.7582 -5.87908e-005
10504.8 -7.50326 -3.75163e-005
14006.4 -3.24841 -1.6242e-005
17402.7 1.64988 8.2494e-006
20470.7 7.47574 3.73787e-005
23181.7 14.0041 7.00203e-005
25593.7 21.081 0.000105405
27772.1 28.4138 0.000142069
29767.3 35.9779 0.000179889
31622.4 43.5677 0.000217839
33363.5 51.3123 0.000256562
35012.4 59.0121 0.000295061
36588.7 66.5886 0.000332943
38103.7 74.2885 0.000371443
39564.1 82.0097 0.000410049
40979.6 89.5761 0.00044788
42357.9 97.0328 0.000485164
43702.6 104.507 0.000522537
45016.3 112.027 0.000560136
46301.6 119.593 0.000597967
47561.2 127.078 0.000635388
48798.5 134.499 0.000672497
50015.6 141.873 0.000709363
51214.1 149.209 0.000746044
52396.2 156.461 0.000782308
53563.8 163.673 0.000818364
54717.6 170.878 0.000854394
55859 178.028 0.000890146
56989 185.145 0.00092574
58108.6 192.238 0.000961219
59218.5 199.276 0.000996434
60319.3 206.289 0.00103154
61411.6 213.32 0.00106678
62495.8 220.328 0.00110196
63572.1 227.298 0.00113706
64641.5 234.223 0.00117209
65704.1 241.068 0.00120698
66760.4 247.821 0.00124183
67810.3 254.453 0.0012767
68854.3 260.909 0.00131164
69891.7 267.139 0.00134685
70922.4 273.072 0.0013826
71945.4 278.579 0.00141899
72959.9 283.542 0.00145631
73964.3 287.854 0.00149491
74957.1 291.443 0.00153527
75935.7 294.284 0.00157778
76897.4 296.433 0.00162311
77839.7 297.982 0.00167162
78760.3 299.05 0.00172314
79657 299.778 0.00177805
80528.3 300.28 0.00183653
81373.4 300.635 0.00189785
82191.9 300.905 0.00196175
82984 301.128 0.00202824
83749.2 301.326 0.00209753
84488.5 301.512 0.00216924
85201.7 301.696 0.00224373
85888.9 301.882 0.00232193
86550.6 302.073 0.00240328
87187.5 302.269 0.00248774
87801.1 302.468 0.00257375
88391.9 302.671 0.00266175
88961.5 302.878 0.00275169
89510.4 303.089 0.00284323
90040.3 303.303 0.00293611
90551.9 303.518 0.00302978
91046 303.737 0.00312467
91523.2 303.961 0.0032221
91983.9 304.19 0.00332194
92428 304.428 0.00342526
92857.2 304.671 0.00353071
93271.2 304.921 0.00363935
93670.8 305.173 0.00374918
94057.3 305.429 0.00386064
94431.3 305.688 0.00397291
94793.6 305.947 0.00408545
95144.1 306.207 0.00419879
95483.6 306.472 0.00431393
95811.1 306.748 0.00443409
96127.2 307.036 0.00455916
96432.8 307.33 0.00468714
96729.1 307.629 0.00481691
97016.2 307.929 0.00494748
97294.2 308.229 0.00507774
97563.7 308.531 0.00520928
97824.5 308.838 0.00534257
98078.1 309.146 0.00547666
98323.6 309.461 0.00561365
98559.8 309.792 0.0057572
98788 310.135 0.00590663
99009 310.484 0.00605807
99223.4 310.837 0.00621181
99431.9 311.196 0.00636769
99634 311.558 0.00652516
99829.8 311.918 0.00668157
100020 312.273 0.00683614
100206 312.624 0.00698871
100388 312.97 0.00713928
100565 313.314 0.00728848
100737 313.665 0.00744129
100903 314.024 0.00759722
101064 314.388 0.00775587
101219 314.768 0.00792089
101370 315.157 0.00808994
101518 315.55 0.00826092
101661 315.948 0.0084338
101802 316.349 0.00860812
101800 317.73 0.00920852
56594.6 321.449 0.0108259
56530.8 321.67 0.0109216
56690.6 321.988 0.0110598
56852 322.341 0.0112133
57013.8 322.695 0.0113675
