3501.67 -35016.7 5.5062e-008 4.533e+006 -1.40655e-005 -2.35153e+008 0
7003.23 -70032.3 -3.12761e-010 4.533e+006 -4.7853e-008 -4.70417e+008 0
10504.8 -105048 -7.21194e-010 4.533e+006 -2.68775e-008 -7.0568e+008 0
14006.4 -140064 1.9698e-009 4.533e+006 -1.51243e-007 -9.40942e+008 0
17402.7 -171279 -4.33421e-008 4.53316e+006 1.11064e-005 -1.16897e+009 0
20470.7 -202349 -7.80064e-008 4.53315e+006 1.98292e-005 -1.3754e+009 0
23181.7 -231095 -7.36316e-008 4.53345e+006 1.85265e-005 -1.55808e+009 0
25593.7 -256121 -5.80869e-008 4.533e+006 1.52004e-005 -1.72104e+009 0
27772.1 -277723 -4.30388e-008 4.533e+006 1.13132e-005 -1.86825e+009 0
29767.3 -297676 -3.63316e-008 4.533e+006 9.23576e-006 -2.00329e+009 0
31622.4 -316226 -2.54474e-008 4.533e+006 6.66532e-006 -2.12899e+009 0
33363.5 -333635 -2.14415e-008 4.533e+006 5.46155e-006 -2.2471e+009 0
35012.4 -350124 -1.6834e-008 4.533e+006 4.50584e-006 -2.35909e+009 0
36588.7 -365892 -1.53665e-008 4.533e+006 3.78106e-006 -2.46624e+009 0
38103.7 -381034 -1.16103e-008 4.533e+006 3.05716e-006 -2.56931e+009 0
39564.1 -395644 -1.17146e-008 4.533e+006 2.79578e-006 -2.66876e+009 0
40979.6 -409796 -8.02329e-009 4.533e+006 2.1324e-006 -2.76521e+009 0
42357.9 -423579 -6.29351e-009 4.533e+006 1.82494e-006 -2.85919e+009 0
43702.6 -437094 -6.41436e-009 4.533e+006 1.66114e-006 -2.95094e+009 0
45016.3 -450163 -6.80192e-009 4.533e+006 1.65443e-006 -3.04062e+009 0
46301.6 -463016 -4.89955e-009 4.533e+006 1.39768e-006 -3.1284e+009 0
47561.2 -475612 -3.17854e-009 4.533e+006 1.21049e-006 -3.21449e+009 0
48798.5 -487985 -3.38408e-009 4.533e+006 1.20239e-006 -3.29908e+009 0
50015.6 -500155 -2.76082e-009 4.533e+006 8.64452e-007 -3.38233e+009 0
51214.1 -512142 -2.95322e-009 4.533e+006 1.03401e-006 -3.46435e+009 0
52396.2 -523963 -4.55484e-009 4.533e+006 8.90451e-007 -3.54527e+009 0
53563.8 -535641 -3.96269e-009 4.533e+006 8.29328e-007 -3.62523e+009 0
54717.6 -547176 -4.20145e-009 4.533e+006 7.14162e-007 -3.70427e+009 0
55859 -558590 -4.12901e-009 4.533e+006 7.43703e-007 -3.78248e+009 0
56989 -569892 -3.94611e-009 4.533e+006 5.7749e-007 -3.85994e+009 0
58108.6 -581086 -3.51445e-009 4.533e+006 6.3827e-007 -3.9367e+009 0
59218.5 -592185 -1.71818e-009 4.533e+006 4.31845e-007 -4.01282e+009 0
60319.3 -603193 3.11264e-010 4.533e+006 3.84182e-007 -4.08834e+009 0
61411.6 -614116 7.10486e-011 4.533e+006 2.72923e-007 -4.16328e+009 0
62495.8 -624958 -1.26354e-009 4.533e+006 4.07053e-007 -4.23769e+009 0
63572.1 -635721 -3.62665e-009 4.533e+006 5.24187e-007 -4.31158e+009 0
64641.5 -646415 -3.15943e-009 4.533e+006 6.14054e-007 -4.385e+009 0
65704.1 -657041 -1.5163e-009 4.533e+006 2.51743e-007 -4.45797e+009 0
66760.4 -667604 -4.84284e-009 4.533e+006 5.99086e-007 -4.53053e+009 0
67810.3 -678103 -8.20902e-010 4.533e+006 2.85057e-007 -4.60266e+009 0
68854.3 -688543 -2.00021e-009 4.533e+006 2.96863e-007 -4.67439e+009 0
69891.7 -698917 1.05269e-009 4.533e+006 1.59676e-007 -4.74568e+009 0
70922.4 -709224 -9.62393e-010 4.533e+006 3.66269e-007 -4.81653e+009 0
71945.4 -719454 -6.1425e-010 4.533e+006 4.11998e-007 -4.88687e+009 0
72959.9 -729599 7.03923e-010 4.533e+006 3.55646e-007 -4.95664e+009 0
73964.3 -739643 -5.1694e-009 4.533e+006 7.10244e-007 -5.02574e+009 0
74957.1 -749571 -2.97103e-009 4.533e+006 7.74708e-007 -5.09406e+009 0
75935.7 -759357 -2.45234e-009 4.533e+006 8.17306e-007 -5.16144e+009 0
76897.4 -768974 7.84342e-011 4.533e+006 8.87008e-007 -5.2277e+009 0
77839.7 -778396 -4.9295e-009 4.533e+006 1.06874e-006 -5.29267e+009 0
78760.3 -787595 -6.42663e-009 4.533e+006 1.22719e-006 -5.35619e+009 0
79657 -796622 -4.49656e-009 4.533e+006 1.457e-006 -5.41813e+009 0
80528.3 -805287 -7.21004e-009 4.533e+006 1.40712e-006 -5.47837e+009 0
81373.4 -813740 -4.87671e-009 4.533e+006 1.34172e-006 -5.53687e+009 0
82191.9 -821919 -2.53594e-009 4.533e+006 1.25934e-006 -5.5936e+009 0
82984 -829840 -8.34093e-009 4.533e+006 1.52369e-006 -5.64857e+009 0
83749.2 -837493 -3.55401e-009 4.533e+006 1.25116e-006 -5.70176e+009 0
84488.5 -844885 -4.15099e-009 4.533e+006 1.34397e-006 -5.75322e+009 0
85201.7 -852017 -2.53489e-009 4.53301e+006 1.33157e-006 -5.80294e+009 0
85888.9 -858885 -3.66722e-009 4.533e+006 1.07016e-006 -5.85093e+009 0
86550.6 -865546 -7.76999e-009 4.533e+006 1.45128e-006 -5.89722e+009 0
87187.5 -871876 -9.60666e-009 4.533e+006 1.61863e-006 -5.94187e+009 0
87801.1 -878011 -2.5475e-009 4.533e+006 1.05965e-006 -5.98497e+009 0
88391.9 -883933 -4.85701e-009 4.533e+006 1.38784e-006 -6.02654e+009 0
88961.5 -889612 -3.26333e-009 4.533e+006 1.08116e-006 -6.06672e+009 0
89510.4 -895104 -1.10073e-009 4.533e+006 8.92633e-007 -6.1055e+009 0
90040.3 -900403 1.90912e-009 4.533e+006 7.45616e-007 -6.14303e+009 0
90551.9 -905519 -5.70713e-009 4.533e+006 1.1505e-006 -6.17934e+009 0
91046 -910461 -1.83298e-009 4.533e+006 9.0406e-007 -6.21448e+009 0
91523.2 -915232 -9.97809e-011 4.533e+006 6.40837e-007 -6.2485e+009 0
91983.9 -919840 -2.64592e-009 4.533e+006 7.70157e-007 -6.28143e+009 0
92428 -924281 2.04481e-009 4.533e+006 7.16295e-007 -6.31324e+009 0
92857.2 -928569 -6.42709e-009 4.533e+006 9.56876e-007 -6.34406e+009 0
93271.2 -932712 -4.96767e-009 4.533e+006 9.06877e-007 -6.37388e+009 0
93670.8 -936712 2.91355e-009 4.533e+006 4.77087e-007 -6.40273e+009 0
94057.3 -940611 -1.08162e-008 4.533e+006 1.35065e-006 -6.43072e+009 0
94431.3 -944313 -7.49813e-010 4.533e+006 8.47612e-007 -6.45787e+009 0
94793.6 -947936 -6.30425e-009 4.533e+006 7.53172e-007 -6.48424e+009 0
95144.1 -951441 -6.74824e-010 4.533e+006 4.19859e-007 -6.50983e+009 0
95483.6 -954836 -1.34683e-008 4.533e+006 1.17977e-006 -6.53469e+009 0
95811.1 -958112 3.81663e-009 4.533e+006 3.32354e-007 -6.55875e+009 0
96127.2 -961273 -4.31479e-009 4.533e+006 4.50505e-007 -6.58205e+009 0
96432.8 -964328 -5.88628e-009 4.533e+006 7.37407e-007 -6.60465e+009 0
96729.1 -967291 -8.28723e-009 4.533e+006 9.15257e-007 -6.62663e+009 0
97016.2 -970162 -3.53204e-009 4.533e+006 4.56466e-007 -6.648e+009 0
97294.2 -972943 -6.48383e-009 4.533e+006 6.54749e-007 -6.66877e+009 0
97563.7 -975637 -1.12718e-009 4.533e+006 4.07407e-007 -6.68896e+009 0
97824.5 -978245 -3.05551e-010 4.533e+006 1.84667e-007 -6.70858e+009 0
98078.1 -980781 -3.1145e-010 4.533e+006 3.35513e-007 -6.72773e+009 0
98323.6 -983236 -2.61366e-009 4.533e+006 5.75776e-007 -6.74632e+009 0
98559.8 -985599 -4.62714e-009 4.533e+006 4.45664e-007 -6.76431e+009 0
98788 -987881 3.43322e-009 4.533e+006 3.81715e-008 -6.78176e+009 0
99009 -990090 4.45915e-009 4.533e+006 1.05642e-007 -6.79873e+009 0
99223.4 -992233 -3.48309e-009 4.533e+006 6.6037e-007 -6.81527e+009 0
99431.9 -994319 -6.33381e-009 4.533e+006 4.64906e-007 -6.83141e+009 0
99634 -996396 -7.03363e-009 4.533e+006 6.65065e-007 -6.84712e+009 0
99829.8 -998297 1.12436e-009 4.533e+006 1.83908e-007 -6.86241e+009 0
100020 -1.0002e+006 -9.51499e-010 4.533e+006 3.5903e-007 -6.87736e+009 0
100206 -1.00206e+006 1.87546e-009 4.533e+006 1.20603e-007 -6.892e+009 0
100388 -1.00388e+006 1.72306e-009 4.533e+006 -8.14197e-008 -6.90635e+009 0
100565 -1.00561e+006 -6.35659e-010 4.533e+006 2.71241e-007 -6.92042e+009 0
100737 -1.00404e+006 -4.65655e-009 4.53281e+006 3.49046e-007 -6.93382e+009 0
100903 -1.009e+006 1.20785e-009 4.53264e+006 2.31214e-007 -6.9472e+009 0
101064 -1.00455e+006 1.85935e-009 4.53234e+006 4.48638e-007 -6.95967e+009 0
101219 -1.01971e+006 -1.6475e-009 4.53136e+006 5.51654e-007 -6.97227e+009 0
101370 -1.0143e+006 -1.21242e-009 4.53129e+006 7.75034e-007 -6.98418e+009 0
101518 -1.01514e+006 2.45058e-010 4.53127e+006 4.72815e-007 -6.9962e+009 0
101661 -1.01653e+006 -1.82763e-009 4.53126e+006 7.39647e-007 -7.00803e+009 0
101802 -1.017e+006 -2.64869e-009 4.53122e+006 7.90001e-007 -7.01959e+009 0
101800 678526 -4.62064e-008 3.67069e+006 1.44912e-005 -6.34105e+009 0
56594.6 -2.17736e+006 -3.43742e-008 4.23558e+006 3.75657e-005 -4.04851e+009 0
56530.8 -616312 -8.82059e-008 4.49941e+006 2.79115e-005 -4.01617e+009 0
56690.6 -568460 -2.10177e-008 4.53057e+006 2.98927e-006 -4.02812e+009 0
56852 -569380 3.03771e-008 4.53264e+006 -2.21374e-006 -4.0412e+009 0
57013.8 -570450 4.20135e-008 4.53284e+006 -2.80976e-006 -4.05424e+009 0
