3501.67 5.53097e-005
7003.23 0.000112844
10504.8 0.000170378
14006.4 0.000227913
17402.7 0.000286101
20470.7 0.000346683
23181.7 0.000409686
25593.7 0.000474233
27772.1 0.00053973
29767.3 0.000605783
31622.4 0.000672141
33363.5 0.000738637
35012.4 0.000805168
36588.7 0.000871599
38103.7 0.000937913
39564.1 0.00100408
40979.6 0.00107004
42357.9 0.00113575
43702.6 0.00120126
45016.3 0.00126657
46301.6 0.00133165
47561.2 0.0013965
48798.5 0.00146114
50015.6 0.00152559
51214.1 0.00158987
52396.2 0.001654
53563.8 0.00171793
54717.6 0.00178168
55859 0.00184524
56989 0.00190863
58108.6 0.00197187
59218.5 0.00203499
60319.3 0.00209797
61411.6 0.00216082
62495.8 0.00222354
63572.1 0.0022861
64641.5 0.00234852
65704.1 0.00241078
66760.4 0.00247292
67810.3 0.00253491
68854.3 0.0025968
69891.7 0.00265858
70922.4 0.00272027
71945.4 0.00278188
72959.9 0.00284345
73964.3 0.00290501
74957.1 0.00296661
75935.7 0.00302829
76897.4 0.0030901
77839.7 0.0031521
78760.3 0.00321435
79657 0.00327688
80528.3 0.00333977
81373.4 0.00340302
82191.9 0.00346666
82984 0.00353072
83749.2 0.00359521
84488.5 0.00366012
85201.7 0.00372549
85888.9 0.00379129
86550.6 0.00385755
87187.5 0.00392424
87801.1 0.00399137
88391.9 0.0040589
88961.5 0.00412685
89510.4 0.00419519
90040.3 0.0042639
90551.9 0.00433297
91046 0.00440238
91523.2 0.00447214
91983.9 0.00454222
92428 0.00461263
92857.2 0.00468335
93271.2 0.00475437
93670.8 0.00482567
94057.3 0.00489723
94431.3 0.00496905
94793.6 0.00504112
95144.1 0.00511343
95483.6 0.00518596
95811.1 0.00525872
96127.2 0.0053317
96432.8 0.00540489
96729.1 0.00547826
97016.2 0.00555182
97294.2 0.00562555
97563.7 0.00569946
97824.5 0.00577353
98078.1 0.00584775
98323.6 0.00592212
98559.8 0.00599664
98788 0.00607129
99009 0.00614608
99223.4 0.00622099
99431.9 0.00629601
99634 0.00637115
99829.8 0.0064464
100020 0.00652175
100206 0.0065972
100388 0.00667274
100565 0.00674837
100737 0.0068241
100903 0.0068999
101064 0.0069758
101219 0.00705177
101370 0.00712781
101518 0.00720391
101661 0.00728008
101802 0.00735631
101800 0.00743205
56594.6 0.00811828
56530.8 0.00819412
56690.6 0.00826756
56852 0.00834099
57013.8 0.00841441
