2247.59 5.15957e-005
4495.1 0.000109108
6742.65 0.00016662
8990.21 0.000224132
11237.8 0.000281645
13485.3 0.000339157
15720 0.000396781
17874.6 0.000455208
19906.2 0.000515051
21806.7 0.000576415
23585.7 0.000638908
25260.2 0.000702172
26843.1 0.000765998
28349.4 0.000830166
29788.5 0.000894552
31166.7 0.000959131
32492.4 0.00102379
33773.5 0.00108848
35014.3 0.00115321
36219.6 0.00121793
37393.4 0.00128261
38539.6 0.00134722
39662 0.00141178
40763.3 0.00147628
41846 0.00154064
42911.4 0.00160484
43960.7 0.0016689
44995.6 0.0017328
46017.2 0.00179655
47026.9 0.00186015
48026 0.0019236
49015.5 0.00198687
49996.3 0.00204996
50969 0.00211288
51934.4 0.00217563
52892.8 0.0022382
53844.7 0.00230061
54790.5 0.00236285
55730.4 0.00242496
56664.1 0.00248694
57592.1 0.00254881
58514.4 0.00261057
59431.4 0.00267222
60343.3 0.00273376
61250.4 0.0027952
62152.6 0.00285653
63050 0.00291778
63942.5 0.00297894
64830 0.00304004
65711.9 0.00310108
66587.8 0.0031621
67456.8 0.00322311
68318 0.00328415
69170.3 0.00334524
70012.5 0.00340642
70843.1 0.00346773
71660.6 0.0035292
72463.6 0.00359088
73250.4 0.0036528
74020.1 0.00371501
74771.8 0.00377751
75504.7 0.00384036
76218.2 0.00390355
76911.7 0.00396713
77585 0.00403109
78238 0.00409546
78870 0.00416024
79481.4 0.00422544
80071.8 0.00429106
80642.7 0.00435709
81193.5 0.00442354
81724.9 0.0044904
82237.6 0.00455767
82731.3 0.00462536
83207.5 0.00469341
83666.3 0.00476185
84108.3 0.00483066
84534.3 0.00489984
84943.8 0.00496937
85338 0.00503924
85718.1 0.00510943
86083.9 0.00517995
86436.6 0.00525075
86777 0.00532184
87105.3 0.00539319
87421.8 0.00546482
87727.3 0.0055367
88022.3 0.00560882
88307.4 0.00568116
88583.5 0.00575372
88850.4 0.00582649
89108.2 0.00589946
89357.3 0.00597263
89598.3 0.00604597
89831.4 0.0061195
90056.5 0.0061932
90273.6 0.00626706
90483.5 0.00634108
90686.8 0.00641525
90884.3 0.00648954
91076.6 0.00656397
91263.5 0.00663852
91445.1 0.00671321
91622 0.00678801
91794.4 0.00686292
91962.7 0.00693794
92127.3 0.00701306
92288.2 0.00708827
92445 0.00716358
92597.3 0.00723899
92745.7 0.00731449
92890.1 0.00739008
93030.3 0.00746576
93166.3 0.0075415
93298.2 0.00761732
93425.9 0.00769321
93550 0.00776916
93671.1 0.00784518
93789.3 0.00792127
93787.9 0.00799698
55360.2 0.0086777
55376.7 0.00875255
55534.9 0.00882547
55691.6 0.00889841
55849.4 0.00897131
56003.8 0.00904426
56039.2 0.00911885
55977.1 0.00919477
56084.6 0.00926839
56161.5 0.00934249
