2247.59 -22475.9 2.26926e-009 4.533e+006 -8.59103e-006 -1.51523e+008 0
4495.1 -44951 1.90032e-010 4.533e+006 2.40948e-008 -3.03341e+008 0
6742.65 -67426.5 5.83945e-010 4.533e+006 -1.54721e-007 -4.5516e+008 0
8990.21 -89902.1 1.88007e-009 4.533e+006 -9.4868e-008 -6.06978e+008 0
11237.8 -112378 1.80017e-012 4.533e+006 -6.31042e-011 -7.58797e+008 0
13485.3 -134853 2.18646e-009 4.533e+006 -4.41566e-008 -9.10616e+008 0
15720 -156032 -2.49653e-009 4.53304e+006 1.34508e-006 -1.06149e+009 0
17874.6 -179716 -1.85357e-009 4.53304e+006 4.67527e-006 -1.20724e+009 0
19906.2 -198216 2.16828e-010 4.53303e+006 5.78985e-006 -1.3446e+009 0
21806.7 -217242 -2.34932e-009 4.53304e+006 6.0502e-006 -1.47333e+009 0
23585.7 -235848 -1.77314e-009 4.53299e+006 5.64093e-006 -1.59403e+009 0
25260.2 -252595 -1.05835e-009 4.53299e+006 4.56951e-006 -1.70772e+009 0
26843.1 -268431 -2.59425e-009 4.533e+006 4.03868e-006 -1.81532e+009 0
28349.4 -283521 2.51834e-009 4.533e+006 3.18809e-006 -1.91781e+009 0
29788.5 -297888 -5.24427e-010 4.533e+006 3.18431e-006 -2.01583e+009 0
31166.7 -311667 -1.31493e-009 4.533e+006 2.75111e-006 -2.10981e+009 0
32492.4 -324924 9.40626e-010 4.533e+006 2.13535e-006 -2.20029e+009 0
33773.5 -337735 4.07965e-010 4.533e+006 1.99539e-006 -2.28779e+009 0
35014.3 -350068 5.34944e-010 4.53301e+006 1.73706e-006 -2.37262e+009 0
36219.6 -362196 6.3531e-011 4.533e+006 1.44556e-006 -2.45509e+009 0
37393.4 -373934 1.04436e-009 4.533e+006 1.32874e-006 -2.53546e+009 0
38539.6 -385397 -2.65789e-009 4.533e+006 1.33067e-006 -2.614e+009 0
39662 -396622 -2.78616e-010 4.533e+006 9.87597e-007 -2.69095e+009 0
40763.3 -407633 -1.26112e-010 4.533e+006 9.00942e-007 -2.76649e+009 0
41846 -418460 -1.30471e-009 4.533e+006 9.25376e-007 -2.84081e+009 0
42911.4 -429114 -1.13224e-009 4.533e+006 8.71602e-007 -2.91396e+009 0
43960.7 -439613 8.8683e-010 4.533e+006 6.27187e-007 -2.98605e+009 0
44995.6 -449956 -6.61839e-010 4.533e+006 7.75834e-007 -3.05718e+009 0
46017.2 -460172 3.02951e-010 4.533e+006 4.97883e-007 -3.12742e+009 0
47026.9 -470270 -9.08313e-011 4.533e+006 5.82962e-007 -3.19688e+009 0
48026 -480260 -2.29006e-009 4.533e+006 7.54584e-007 -3.26562e+009 0
49015.5 -490155 -1.74362e-009 4.533e+006 4.40274e-007 -3.33373e+009 0
49996.3 -499963 -1.87152e-009 4.533e+006 3.87294e-007 -3.40126e+009 0
50969 -509690 9.96969e-010 4.533e+006 2.41489e-007 -3.46825e+009 0
51934.4 -519344 1.04462e-009 4.533e+006 2.87316e-007 -3.53475e+009 0
52892.8 -528928 -2.00323e-009 4.533e+006 3.36874e-007 -3.60079e+009 0
53844.7 -538447 1.2587e-009 4.533e+006 1.11288e-007 -3.6664e+009 0
54790.5 -547905 2.93338e-010 4.533e+006 2.2212e-007 -3.7316e+009 0
55730.4 -557304 2.0502e-009 4.533e+006 2.74192e-007 -3.7964e+009 0
56664.1 -566641 9.32847e-011 4.533e+006 3.61462e-007 -3.8608e+009 0
57592.1 -575921 -2.30836e-009 4.533e+006 3.69908e-007 -3.92481e+009 0
58514.4 -585144 -1.77871e-011 4.533e+006 1.80436e-007 -3.98845e+009 0
59431.4 -594314 1.53007e-009 4.533e+006 1.20115e-007 -4.05173e+009 0
60343.3 -603433 6.55983e-010 4.533e+006 2.06356e-007 -4.11468e+009 0
61250.4 -612504 1.28047e-009 4.533e+006 1.22103e-007 -4.1773e+009 0
62152.6 -621526 3.61217e-009 4.533e+006 -4.20775e-008 -4.2396e+009 0
63050 -630500 -2.22009e-009 4.533e+006 2.60159e-007 -4.30158e+009 0
63942.5 -639425 -1.70064e-009 4.533e+006 1.86198e-007 -4.36324e+009 0
64830 -648300 4.56264e-009 4.533e+006 3.90773e-008 -4.42455e+009 0
65711.9 -657120 -3.249e-009 4.533e+006 3.76316e-007 -4.4855e+009 0
66587.8 -665877 1.54946e-009 4.533e+006 1.41042e-007 -4.54605e+009 0
67456.8 -674568 -2.90353e-009 4.533e+006 4.7312e-007 -4.60614e+009 0
68318 -683184 -8.93903e-010 4.533e+006 3.19392e-007 -4.66571e+009 0
69170.3 -691701 -5.58458e-010 4.533e+006 3.75438e-007 -4.72469e+009 0
70012.5 -700129 -3.05818e-009 4.533e+006 5.24189e-007 -4.783e+009 0
70843.1 -708430 -2.72515e-009 4.533e+006 6.00207e-007 -4.84053e+009 0
71660.6 -716627 -2.33596e-009 4.533e+006 8.14595e-007 -4.89719e+009 0
72463.6 -724637 -3.81363e-009 4.533e+006 6.93954e-007 -4.95289e+009 0
73250.4 -732502 -1.29262e-009 4.533e+006 8.12568e-007 -5.00751e+009 0
74020.1 -740205 1.28167e-009 4.533e+006 8.07263e-007 -5.061e+009 0
74771.8 -747719 -1.69262e-009 4.533e+006 8.07248e-007 -5.11328e+009 0
75504.7 -755069 -1.93935e-009 4.533e+006 9.75169e-007 -5.16431e+009 0
76218.2 -762181 7.26612e-011 4.533e+006 9.73399e-007 -5.21405e+009 0
76911.7 -769117 3.59121e-009 4.533e+006 7.18827e-007 -5.26247e+009 0
77585 -775849 -1.73131e-009 4.533e+006 1.07865e-006 -5.30954e+009 0
78238 -782380 5.25723e-009 4.533e+006 5.30472e-007 -5.35525e+009 0
78870 -788699 -3.30528e-010 4.533e+006 9.70197e-007 -5.39957e+009 0
79481.4 -794815 -1.33269e-010 4.533e+006 7.86625e-007 -5.44252e+009 0
80071.8 -800748 8.18362e-010 4.533e+006 1.00977e-006 -5.48408e+009 0
80642.7 -806415 4.01152e-009 4.533e+006 7.21401e-007 -5.52433e+009 0
81193.5 -811933 2.22007e-009 4.533e+006 7.96385e-007 -5.56324e+009 0
81724.9 -817251 -1.04006e-009 4.533e+006 7.71314e-007 -5.60087e+009 0
82237.6 -822375 -4.29073e-009 4.533e+006 1.12263e-006 -5.63725e+009 0
82731.3 -827313 2.34287e-009 4.533e+006 7.15173e-007 -5.67237e+009 0
83207.5 -832076 -1.31177e-009 4.533e+006 6.58786e-007 -5.70632e+009 0
83666.3 -836663 8.96803e-010 4.533e+006 7.59443e-007 -5.73911e+009 0
84108.3 -841082 2.87971e-009 4.533e+006 4.91159e-007 -5.77079e+009 0
84534.3 -845315 -2.17093e-009 4.533e+006 7.17179e-007 -5.8014e+009 0
84943.8 -849441 1.92339e-009 4.533e+006 5.94555e-007 -5.83092e+009 0
85338 -853381 -1.33625e-009 4.533e+006 5.07286e-007 -5.85942e+009 0
85718.1 -857181 -2.32683e-009 4.533e+006 7.48089e-007 -5.88698e+009 0
86083.9 -860821 6.00514e-010 4.533e+006 5.40955e-007 -5.91358e+009 0
86436.6 -864366 -3.93159e-009 4.533e+006 6.90358e-007 -5.93932e+009 0
86777 -867771 2.79738e-009 4.533e+006 3.53694e-007 -5.96424e+009 0
87105.3 -871053 -8.39458e-010 4.533e+006 5.97493e-007 -5.98834e+009 0
87421.8 -874218 5.49373e-009 4.533e+006 2.611e-007 -6.01167e+009 0
87727.3 -877276 3.37657e-009 4.533e+006 2.7868e-007 -6.03427e+009 0
88022.3 -880223 -3.14604e-009 4.533e+006 5.9586e-007 -6.05616e+009 0
88307.4 -883049 -2.59522e-009 4.533e+006 5.6953e-007 -6.0774e+009 0
88583.5 -885835 -2.41966e-010 4.533e+006 2.95165e-007 -6.09804e+009 0
88850.4 -888468 -2.99327e-009 4.533e+006 6.00275e-007 -6.11806e+009 0
89108.2 -891084 2.21279e-009 4.533e+006 4.38391e-007 -6.13748e+009 0
89357.3 -893583 9.88073e-010 4.533e+006 3.92432e-007 -6.15633e+009 0
89598.3 -896028 2.31621e-009 4.533e+006 1.75676e-007 -6.17463e+009 0
89831.4 -898283 3.07419e-009 4.533e+006 2.16329e-007 -6.1924e+009 0
90056.5 -900565 -2.0118e-009 4.533e+006 4.21548e-007 -6.20965e+009 0
90273.6 -902736 5.34447e-010 4.533e+006 4.40962e-007 -6.22636e+009 0
90483.5 -904835 6.18022e-010 4.533e+006 3.65225e-007 -6.24259e+009 0
90686.8 -906869 -1.20473e-010 4.533e+006 1.51923e-007 -6.25839e+009 0
90884.3 -908843 -3.32917e-009 4.533e+006 4.22948e-007 -6.2738e+009 0
91076.6 -910766 -1.18218e-009 4.533e+006 3.04184e-007 -6.28886e+009 0
91263.5 -912635 -4.98613e-009 4.533e+006 3.53907e-007 -6.30356e+009 0
91445.1 -914451 2.83751e-009 4.533e+006 6.02753e-008 -6.31791e+009 0
91622 -916220 -2.24191e-010 4.533e+006 1.68624e-007 -6.33195e+009 0
91794.4 -917942 1.06281e-009 4.533e+006 1.36136e-007 -6.34569e+009 0
91962.7 -919627 -2.57289e-009 4.533e+006 3.20187e-007 -6.35915e+009 0
92127.3 -921273 -8.80556e-011 4.533e+006 2.40016e-007 -6.37237e+009 0
92288.2 -922882 -2.22246e-009 4.533e+006 3.31099e-007 -6.38535e+009 0
92445 -924450 -3.95653e-009 4.533e+006 3.36455e-007 -6.39804e+009 0
92597.3 -925974 -4.0227e-009 4.533e+006 2.82216e-007 -6.41045e+009 0
92745.7 -927457 1.77828e-009 4.533e+006 -1.30904e-007 -6.42258e+009 0
92890.1 -928902 2.75458e-009 4.533e+006 1.64735e-007 -6.43446e+009 0
93030.3 -929443 4.55288e-009 4.53297e+006 9.71226e-008 -6.44599e+009 0
93166.3 -930145 -9.34581e-010 4.53291e+006 3.68795e-007 -6.45723e+009 0
93298.2 -932372 -4.21096e-009 4.53282e+006 5.92374e-007 -6.46826e+009 0
93425.9 -931155 -2.96037e-009 4.53257e+006 5.66241e-007 -6.47873e+009 0
93550 -935031 7.43588e-010 4.53238e+006 5.71976e-007 -6.48925e+009 0
93671.1 -936419 2.57787e-009 4.53234e+006 4.58729e-007 -6.49956e+009 0
93789.3 -128065 1.69039e-009 4.51311e+006 2.90089e-007 -6.45572e+009 0
93787.9 3.48365e+006 4.26433e-008 3.8719e+006 9.12487e-006 -5.83892e+009 0
55360.2 -1.66263e+006 -7.54307e-009 4.37097e+006 2.44104e-005 -3.98349e+009 0
55376.7 -1.13936e+006 1.91828e-008 4.50054e+006 1.38961e-005 -3.98041e+009 0
55534.9 -778092 2.16087e-010 4.51959e+006 1.26858e-006 -3.98109e+009 0
55691.6 -651340 2.52437e-008 4.52919e+006 -1.51344e-006 -3.98959e+009 0
55849.4 -594740 2.65646e-008 4.53156e+006 -1.62815e-006 -4.00044e+009 0
56003.8 -580423 3.30373e-008 4.53224e+006 -1.82567e-006 -4.01245e+009 0
56039.2 -954461 4.45552e-008 4.45053e+006 7.48612e-006 -4.02405e+009 0
55977.1 -935049 4.12711e-008 4.49174e+006 2.00973e-005 -4.02397e+009 0
56084.6 -1.46074e+006 1.97549e-009 4.51124e+006 4.91742e-006 -4.05385e+009 0
56161.5 -3.13486e+006 4.18905e-009 4.46148e+006 5.64036e-006 -4.11686e+009 0
