3501.54 -2.79276 -0.00012365
7002.98 -3.33058 -0.000147462
10504.5 -3.86841 -0.000171274
14005.9 -4.40615 -0.000195083
17402.1 -4.97511 -0.000220274
20470.1 -5.56679 -0.000246471
23181.1 -6.15588 -0.000272552
25593.1 -6.7326 -0.000298087
27771.5 -7.28788 -0.000322672
29766.8 -7.82353 -0.000346388
31621.8 -8.33697 -0.000369121
33362.9 -8.83393 -0.000391123
35011.8 -9.31256 -0.000412315
36588.1 -9.7742 -0.000432754
38103 -10.2243 -0.000452682
39563.5 -10.6623 -0.000472074
40978.9 -11.0879 -0.000490919
42357.2 -11.4621 -0.000509404
43701.9 -11.7919 -0.000527749
45015.6 -12.1178 -0.000545873
46300.8 -12.4377 -0.000563664
47560.5 -12.7533 -0.000581219
48797.7 -13.0652 -0.000598565
50014.8 -13.3741 -0.000615747
51213.3 -13.6809 -0.000632812
52395.4 -13.9844 -0.000649694
53562.9 -14.284 -0.000666353
54716.7 -14.5804 -0.000682843
55858 -14.8742 -0.000699181
56988.1 -15.1655 -0.000715381
58107.6 -15.4544 -0.000731454
59217.5 -15.7417 -0.000747429
60318.3 -16.0274 -0.000763323
61410.5 -16.3109 -0.000779087
62494.7 -16.592 -0.000794726
63571 -16.8712 -0.000810255
64640.4 -17.1492 -0.000825713
65702.9 -17.4257 -0.000841095
66759.2 -17.7011 -0.000856411
67809.2 -17.9757 -0.000871683
68853.1 -18.2501 -0.000886946
69890.5 -18.5257 -0.000902272
70921.1 -18.8029 -0.000917693
71944.1 -19.0829 -0.000933266
72958.6 -19.3668 -0.000949053
73963 -19.656 -0.000965139
74955.8 -19.9522 -0.000981616
75934.4 -20.2572 -0.00099858
76896.1 -20.5019 -0.00101629
77838.4 -20.751 -0.00103481
78759 -21.0105 -0.0010541
79655.7 -21.278 -0.00107399
80527.1 -21.5577 -0.00109478
81372.2 -21.8458 -0.0011162
82190.7 -22.1409 -0.00113814
82982.8 -22.4419 -0.00116052
83748.1 -22.7504 -0.00118346
84487.4 -23.065 -0.00120684
85200.6 -23.382 -0.00123041
85887.9 -23.7047 -0.0012544
86549.6 -24.032 -0.00127873
87186.5 -24.3656 -0.00130353
87800.2 -24.7017 -0.00132852
88391 -25.0401 -0.00135368
88960.7 -25.3825 -0.00137914
89509.6 -25.7287 -0.00140488
90039.5 -26.0768 -0.00143075
90551.1 -26.425 -0.00145664
91045.3 -26.7716 -0.00148241
91522.5 -27.0907 -0.00150843
91983.3 -27.3484 -0.00153479
92427.4 -27.6116 -0.00156171
92856.6 -27.8784 -0.001589
93270.6 -28.1485 -0.00161663
93670.2 -28.4203 -0.00164443
94056.8 -28.6953 -0.00167255
94430.9 -28.971 -0.00170075
94793.2 -29.2469 -0.00172897
95143.7 -29.524 -0.00175731
95483.3 -29.8045 -0.00178599
95810.8 -30.0891 -0.0018151
96126.9 -30.383 -0.00184516
96432.5 -30.6809 -0.00187563
96728.9 -30.9815 -0.00190638
97016 -31.2811 -0.00193702
97294.1 -31.5794 -0.00196753
97563.5 -31.8778 -0.00199805
97824.4 -32.116 -0.00202927
98078.1 -32.3507 -0.00206062
98323.5 -32.5887 -0.00209242
98559.8 -32.831 -0.00212479
98788 -33.08 -0.00215804
99009.1 -33.3312 -0.0021916
99223.5 -33.5855 -0.00222558
99432.1 -33.8442 -0.00226014
99634.2 -34.1024 -0.00229463
99830 -34.3589 -0.00232889
100021 -34.6134 -0.00236289
100207 -34.8648 -0.00239647
100388 -35.113 -0.00242963
100566 -35.3584 -0.0024624
100737 -35.6101 -0.00249603
100904 -35.6101 -0.00253095
101065 -35.6101 -0.00256639
101220 -35.6101 -0.00260386
101371 -35.6101 -0.0026425
101518 -35.6101 -0.00268131
101662 -35.6101 -0.00272034
101803 -35.6101 -0.00275952
101800 0 -0.00285137
56594.8 0 -0.0106879
56531.1 0 -0.010955
56690.8 0 -0.0111112
56852.2 0 -0.011263
57014.1 0 -0.0114146
