3501.54 -16.0132 -8.00658e-005
7002.98 -11.7584 -5.87921e-005
10504.5 -7.50366 -3.75183e-005
14005.9 -3.24898 -1.62449e-005
17402.1 1.64898 8.2449e-006
20470.1 7.47451 3.73726e-005
23181.1 14.0025 7.00127e-005
25593.1 21.0791 0.000105395
27771.5 28.4117 0.000142058
29766.8 35.9756 0.000179878
31621.8 43.5652 0.000217826
33362.9 51.3096 0.000256548
35011.8 59.0093 0.000295046
36588.1 66.5855 0.000332928
38103 74.2852 0.000371426
39563.5 82.0062 0.000410031
40978.9 89.5725 0.000447862
42357.2 97.0289 0.000485145
43701.9 104.503 0.000522516
45015.6 112.023 0.000560114
46300.8 119.589 0.000597945
47560.5 127.073 0.000635364
48797.7 134.494 0.000672472
50014.8 141.867 0.000709337
51213.3 149.203 0.000746018
52395.4 156.456 0.00078228
53562.9 163.667 0.000818336
54716.7 170.872 0.000854364
55858 178.022 0.000890115
56988.1 185.139 0.000925708
58107.6 192.231 0.000961186
59217.5 199.269 0.0009964
60318.3 206.282 0.00103151
61410.5 213.313 0.00106675
62494.7 220.32 0.00110193
63571 227.29 0.00113702
64640.4 234.216 0.00117205
65702.9 241.061 0.00120694
66759.2 247.813 0.00124179
67809.2 254.445 0.00127666
68853.1 260.901 0.00131159
69890.5 267.131 0.0013468
70921.1 273.065 0.00138255
71944.1 278.572 0.00141894
72958.6 283.536 0.00145626
73963 287.848 0.00149485
74955.8 291.438 0.00153521
75934.4 294.281 0.00157772
76896.1 296.43 0.00162305
77838.4 297.98 0.00167154
78759 299.048 0.00172306
79655.7 299.777 0.00177796
80527.1 300.279 0.00183644
81372.2 300.635 0.00189775
82190.7 300.905 0.00196165
82982.8 301.127 0.00202812
83748.1 301.326 0.00209742
84487.4 301.512 0.00216911
85200.6 301.696 0.0022436
85887.9 301.882 0.00232179
86549.6 302.073 0.00240313
87186.5 302.269 0.00248758
87800.2 302.468 0.00257359
88391 302.671 0.00266158
88960.7 302.878 0.00275151
89509.6 303.089 0.00284305
90039.5 303.303 0.00293593
90551.1 303.518 0.00302959
91045.3 303.736 0.00312447
91522.5 303.96 0.00322189
91983.3 304.19 0.00332172
92427.4 304.428 0.00342503
92856.6 304.67 0.00353047
93270.6 304.92 0.0036391
93670.2 305.173 0.00374892
94056.8 305.429 0.00386037
94430.9 305.687 0.00397263
94793.2 305.946 0.00408515
95143.7 306.207 0.00419848
95483.3 306.471 0.00431361
95810.8 306.748 0.00443375
96126.9 307.035 0.00455879
96432.5 307.33 0.00468676
96728.9 307.628 0.00481652
97016 307.928 0.00494707
97294.1 308.228 0.00507732
97563.5 308.53 0.00520885
97824.4 308.837 0.00534212
98078.1 309.145 0.00547617
98323.5 309.46 0.00561313
98559.8 309.79 0.00575664
98788 310.134 0.00590604
99009.1 310.482 0.00605745
99223.5 310.836 0.00621114
99432.1 311.194 0.00636699
99634.2 311.556 0.00652443
99830 311.916 0.00668081
100021 312.271 0.00683535
100207 312.622 0.00698789
100388 312.968 0.00713844
100566 313.312 0.00728762
100737 313.663 0.0074404
100904 314.021 0.0075963
101065 314.386 0.00775491
101220 314.766 0.0079199
101371 315.155 0.00808891
101518 315.548 0.00825987
101662 315.945 0.00843272
101803 316.346 0.00860701
101800 317.727 0.00920723
56594.8 321.449 0.0108255
56531.1 321.669 0.0109211
56690.8 321.987 0.0110594
56852.2 322.34 0.0112129
57014.1 322.694 0.011367
