3501.54 5.53076e-005
7002.98 0.00011284
10504.5 0.000170372
14005.9 0.000227904
17402.1 0.00028609
20470.1 0.000346669
23181.1 0.000409671
25593.1 0.000474215
27771.5 0.000539711
29766.8 0.000605762
31621.8 0.000672119
33362.9 0.000738613
35011.8 0.000805142
36588.1 0.000871571
38103 0.000937884
39563.5 0.00100405
40978.9 0.00107
42357.2 0.00113572
43701.9 0.00120122
45015.6 0.00126653
46300.8 0.00133161
47560.5 0.00139646
48797.7 0.0014611
50014.8 0.00152554
51213.3 0.00158982
52395.4 0.00165395
53562.9 0.00171788
54716.7 0.00178163
55858 0.00184518
56988.1 0.00190857
58107.6 0.00197182
59217.5 0.00203493
60318.3 0.00209791
61410.5 0.00216076
62494.7 0.00222347
63571 0.00228603
64640.4 0.00234845
65702.9 0.00241071
66759.2 0.00247284
67809.2 0.00253484
68853.1 0.00259672
69890.5 0.0026585
70921.1 0.00272019
71944.1 0.0027818
72958.6 0.00284337
73963 0.00290493
74955.8 0.00296652
75934.4 0.0030282
76896.1 0.00309001
77838.4 0.003152
78759 0.00321425
79655.7 0.00327678
80527.1 0.00333967
81372.2 0.00340291
82190.7 0.00346655
82982.8 0.00353061
83748.1 0.0035951
84487.4 0.00366001
85200.6 0.00372538
85887.9 0.00379118
86549.6 0.00385743
87186.5 0.00392412
87800.2 0.00399124
88391 0.00405878
88960.7 0.00412672
89509.6 0.00419507
90039.5 0.00426377
90551.1 0.00433283
91045.3 0.00440224
91522.5 0.004472
91983.3 0.00454208
92427.4 0.00461249
92856.6 0.00468321
93270.6 0.00475422
93670.2 0.00482552
94056.8 0.00489708
94430.9 0.0049689
94793.2 0.00504096
95143.7 0.00511327
95483.3 0.0051858
95810.8 0.00525856
96126.9 0.00533154
96432.5 0.00540472
96728.9 0.0054781
97016 0.00555165
97294.1 0.00562538
97563.5 0.00569929
97824.4 0.00577336
98078.1 0.00584758
98323.5 0.00592194
98559.8 0.00599646
98788 0.00607111
99009.1 0.00614589
99223.5 0.0062208
99432.1 0.00629582
99634.2 0.00637096
99830 0.00644621
100021 0.00652156
100207 0.00659701
100388 0.00667255
100566 0.00674818
100737 0.0068239
100904 0.00689971
101065 0.0069756
101220 0.00705157
101371 0.00712761
101518 0.00720372
101662 0.00727988
101803 0.00735611
101800 0.00743185
56594.8 0.00811812
56531.1 0.00819395
56690.8 0.00826739
56852.2 0.00834082
57014.1 0.00841424
