3501.54 -35015.4 2.85537e-007 4.533e+006 1.07325e-007 -2.35144e+008 0
7002.98 -70029.8 -1.26258e-009 4.533e+006 2.821e-008 -4.704e+008 0
10504.5 -105045 5.85369e-010 4.533e+006 1.05245e-008 -7.05655e+008 0
14005.9 -140059 1.40655e-009 4.533e+006 -2.14811e-007 -9.40908e+008 0
17402.1 -171285 -2.28477e-007 4.53316e+006 1.19055e-007 -1.16893e+009 0
20470.1 -202346 -3.98967e-007 4.53314e+006 -1.89373e-007 -1.37536e+009 0
23181.1 -231082 -3.72938e-007 4.53345e+006 -7.16516e-008 -1.55804e+009 0
25593.1 -256113 -3.05386e-007 4.533e+006 -2.11708e-007 -1.721e+009 0
27771.5 -277717 -2.29054e-007 4.533e+006 -1.29646e-007 -1.86822e+009 0
29766.8 -297670 -1.87046e-007 4.533e+006 -8.4867e-009 -2.00325e+009 0
31621.8 -316220 -1.3595e-007 4.533e+006 -7.88924e-008 -2.12895e+009 0
33362.9 -333629 -1.14626e-007 4.533e+006 6.61812e-008 -2.24706e+009 0
35011.8 -350118 -9.44372e-008 4.533e+006 -4.62886e-008 -2.35905e+009 0
36588.1 -365886 -7.52843e-008 4.533e+006 -2.54936e-008 -2.4662e+009 0
38103 -381028 -5.98312e-008 4.533e+006 -1.38543e-007 -2.56927e+009 0
39563.5 -395637 -5.69419e-008 4.533e+006 2.9139e-008 -2.66872e+009 0
40978.9 -409789 -4.60177e-008 4.533e+006 1.351e-007 -2.76517e+009 0
42357.2 -423572 -3.66911e-008 4.533e+006 -1.92085e-007 -2.85914e+009 0
43701.9 -437093 -3.4469e-008 4.533e+006 6.36116e-008 -2.95089e+009 0
45015.6 -450156 -3.31559e-008 4.533e+006 3.93187e-008 -3.04057e+009 0
46300.8 -463008 -2.85741e-008 4.533e+006 -2.25578e-008 -3.12835e+009 0
47560.5 -475605 -2.3613e-008 4.533e+006 -5.84276e-008 -3.21443e+009 0
48797.7 -487977 -2.42957e-008 4.533e+006 5.21128e-008 -3.29903e+009 0
50014.8 -500147 -2.06539e-008 4.533e+006 3.69127e-008 -3.38228e+009 0
51213.3 -512133 -2.01105e-008 4.533e+006 -1.85889e-008 -3.46429e+009 0
52395.4 -523954 -1.56117e-008 4.533e+006 9.3578e-008 -3.54521e+009 0
53562.9 -535632 -1.71115e-008 4.533e+006 1.16885e-007 -3.62517e+009 0
54716.7 -547166 -1.28314e-008 4.533e+006 -1.63362e-007 -3.70421e+009 0
55858 -558580 -1.33702e-008 4.533e+006 -1.25817e-007 -3.78242e+009 0
56988.1 -569883 -1.22902e-008 4.533e+006 7.38397e-008 -3.85988e+009 0
58107.6 -581076 -1.36987e-008 4.533e+006 1.64096e-007 -3.93664e+009 0
59217.5 -592175 -1.23413e-008 4.533e+006 4.01808e-008 -4.01275e+009 0
60318.3 -603183 -9.91415e-009 4.533e+006 1.75222e-008 -4.08827e+009 0
61410.5 -614105 -6.27638e-009 4.533e+006 -1.1976e-007 -4.16321e+009 0
62494.7 -624947 -9.54114e-009 4.533e+006 3.44589e-008 -4.23762e+009 0
63571 -635710 -1.0046e-008 4.533e+006 -2.48198e-008 -4.31151e+009 0
64640.4 -646404 -1.27111e-008 4.533e+006 2.52326e-007 -4.38493e+009 0
65702.9 -657029 -6.24417e-009 4.533e+006 5.43922e-009 -4.4579e+009 0
66759.2 -667592 -8.14401e-009 4.533e+006 8.58381e-008 -4.53045e+009 0
67809.2 -678092 -8.25569e-009 4.533e+006 -2.6487e-008 -4.60258e+009 0
68853.1 -688531 -8.01732e-009 4.533e+006 4.34338e-008 -4.67431e+009 0
69890.5 -698905 -1.03288e-008 4.533e+006 1.45277e-007 -4.7456e+009 0
70921.1 -709212 -4.89429e-009 4.533e+006 -1.48266e-007 -4.81645e+009 0
71944.1 -719441 -1.01199e-008 4.533e+006 1.5295e-007 -4.88678e+009 0
72958.6 -729586 -1.20804e-008 4.533e+006 5.16272e-008 -4.95655e+009 0
73963 -739630 -1.28896e-008 4.533e+006 -3.26172e-008 -5.02566e+009 0
74955.8 -749558 -1.12459e-008 4.533e+006 -1.3048e-007 -5.09398e+009 0
75934.4 -759344 -1.43328e-008 4.533e+006 -1.49935e-007 -5.16136e+009 0
76896.1 -768961 -1.93e-008 4.533e+006 1.04562e-007 -5.22762e+009 0
77838.4 -778383 -1.89771e-008 4.533e+006 -7.80099e-008 -5.29258e+009 0
78759 -787582 -2.33769e-008 4.533e+006 3.35017e-008 -5.35611e+009 0
79655.7 -796609 -2.78566e-008 4.533e+006 1.33803e-007 -5.41804e+009 0
80527.1 -805275 -2.8146e-008 4.533e+006 6.26227e-008 -5.47829e+009 0
81372.2 -813728 -2.80489e-008 4.533e+006 -1.22606e-007 -5.53679e+009 0
82190.7 -821907 -3.05144e-008 4.533e+006 3.48022e-009 -5.59352e+009 0
82982.8 -829828 -2.95489e-008 4.533e+006 -7.24262e-008 -5.64849e+009 0
83748.1 -837482 -3.03592e-008 4.533e+006 -7.59638e-008 -5.70168e+009 0
84487.4 -844875 -2.72175e-008 4.533e+006 1.93082e-008 -5.75314e+009 0
85200.6 -852006 -2.82894e-008 4.53301e+006 1.79397e-008 -5.80287e+009 0
85887.9 -858875 -2.85597e-008 4.533e+006 1.13672e-007 -5.85086e+009 0
86549.6 -865536 -2.93165e-008 4.533e+006 -8.2786e-008 -5.89716e+009 0
87186.5 -871866 -2.3088e-008 4.533e+006 -1.6339e-007 -5.94181e+009 0
87800.2 -878002 -2.40904e-008 4.533e+006 -1.43194e-007 -5.98491e+009 0
88391 -883925 -1.92897e-008 4.533e+006 -3.07071e-007 -6.02649e+009 0
88960.7 -889603 -2.19145e-008 4.533e+006 2.06307e-008 -6.06666e+009 0
89509.6 -895096 -2.33231e-008 4.533e+006 -1.02335e-008 -6.10545e+009 0
90039.5 -900396 -1.56051e-008 4.533e+006 -1.74325e-007 -6.14298e+009 0
90551.1 -905512 -2.43954e-008 4.533e+006 4.28834e-007 -6.17929e+009 0
91045.3 -910454 -2.41216e-008 4.533e+006 4.8124e-007 -6.21444e+009 0
91522.5 -915225 -1.60899e-008 4.533e+006 1.53037e-007 -6.24846e+009 0
91983.3 -919833 -1.23154e-008 4.533e+006 -3.40759e-007 -6.28138e+009 0
92427.4 -924275 -1.86516e-008 4.533e+006 7.2056e-008 -6.3132e+009 0
92856.6 -928563 -1.63959e-008 4.533e+006 2.34195e-007 -6.34402e+009 0
93270.6 -932707 -1.8556e-008 4.533e+006 7.54936e-008 -6.37384e+009 0
93670.2 -936707 -1.38523e-008 4.533e+006 -6.20148e-008 -6.4027e+009 0
94056.8 -940606 -1.79998e-008 4.533e+006 1.03042e-007 -6.43069e+009 0
94430.9 -944309 -8.83781e-009 4.533e+006 -3.57469e-007 -6.45784e+009 0
94793.2 -947932 -1.3691e-008 4.533e+006 1.99995e-007 -6.48422e+009 0
95143.7 -951437 -6.32584e-009 4.533e+006 -3.94469e-007 -6.50981e+009 0
95483.3 -954833 -1.19679e-008 4.533e+006 -8.20678e-009 -6.53467e+009 0
95810.8 -958108 -1.61135e-008 4.533e+006 3.22921e-007 -6.55873e+009 0
96126.9 -961270 -1.15376e-008 4.533e+006 -2.14143e-007 -6.58203e+009 0
96432.5 -964325 -1.30951e-008 4.533e+006 5.84208e-008 -6.60463e+009 0
96728.9 -967289 -1.13944e-008 4.533e+006 1.28354e-007 -6.62662e+009 0
97016 -970160 -7.62468e-009 4.533e+006 -1.73645e-007 -6.64799e+009 0
97294.1 -972941 -9.46321e-009 4.533e+006 8.43581e-008 -6.66876e+009 0
97563.5 -975635 -7.74311e-009 4.533e+006 -2.4048e-007 -6.68895e+009 0
97824.4 -978244 -3.20312e-009 4.533e+006 -1.74636e-007 -6.70858e+009 0
98078.1 -980780 -1.11439e-008 4.533e+006 3.10183e-007 -6.72772e+009 0
98323.5 -983235 -1.18156e-008 4.533e+006 1.38069e-007 -6.74632e+009 0
98559.8 -985599 -4.94396e-009 4.533e+006 -2.9393e-007 -6.76431e+009 0
98788 -987881 -1.27188e-008 4.533e+006 3.44199e-007 -6.78177e+009 0
99009.1 -990091 -1.59653e-010 4.533e+006 -2.97531e-007 -6.79874e+009 0
99223.5 -992234 -4.86045e-009 4.533e+006 -1.76305e-007 -6.81528e+009 0
99432.1 -994321 -7.63668e-009 4.533e+006 2.24408e-007 -6.83142e+009 0
99634.2 -996400 -1.00576e-008 4.533e+006 1.50009e-007 -6.84713e+009 0
99830 -998300 -3.69812e-009 4.533e+006 -3.88952e-008 -6.86243e+009 0
100021 -1.00021e+006 -3.49122e-009 4.533e+006 -2.82766e-007 -6.87737e+009 0
100207 -1.00207e+006 -9.69336e-009 4.533e+006 2.88515e-007 -6.89202e+009 0
100388 -1.00388e+006 -4.94708e-011 4.533e+006 -4.22799e-007 -6.90637e+009 0
100566 -1.00562e+006 -5.11108e-009 4.533e+006 1.14717e-007 -6.92045e+009 0
100737 -1.0041e+006 -6.14568e-009 4.53281e+006 -9.77129e-008 -6.93385e+009 0
100904 -1.00899e+006 -8.38269e-009 4.53264e+006 -1.16242e-007 -6.94723e+009 0
101065 -1.00454e+006 -1.84309e-008 4.53234e+006 3.06993e-007 -6.9597e+009 0
101220 -1.01971e+006 -1.44189e-008 4.53136e+006 -8.08981e-008 -6.9723e+009 0
101371 -1.01431e+006 -1.42594e-008 4.53129e+006 2.0363e-007 -6.98422e+009 0
101518 -1.01514e+006 -1.59191e-008 4.53127e+006 2.17458e-007 -6.99624e+009 0
101662 -1.01653e+006 -1.18811e-008 4.53126e+006 -2.4742e-007 -7.00807e+009 0
101803 -1.01708e+006 -1.30113e-008 4.53122e+006 2.33047e-008 -7.01963e+009 0
101800 678707 -3.27742e-007 3.67056e+006 4.08393e-007 -6.34099e+009 0
56594.8 -2.17665e+006 -1.09306e-006 4.23547e+006 6.1586e-006 -4.04851e+009 0
56531.1 -615483 -6.69939e-007 4.49935e+006 2.69574e-006 -4.01616e+009 0
56690.8 -568457 -1.16335e-007 4.53057e+006 2.22901e-006 -4.02814e+009 0
56852.2 -569387 -2.84497e-008 4.53263e+006 1.54328e-006 -4.04122e+009 0
57014.1 -570452 -2.8512e-008 4.53284e+006 1.81796e-006 -4.05425e+009 0
