2247.24 -28.5444 -0.000142722
4494.41 -24.2989 -0.000121495
6741.61 -20.0534 -0.000100267
8988.81 -15.8079 -7.90397e-005
11236 -11.5625 -5.78123e-005
13483.2 -7.31696 -3.65848e-005
15717.5 -2.86439 -1.4322e-005
17871.8 2.14106 1.07053e-005
19903.1 7.63425 3.81712e-005
21803.4 13.5131 6.75653e-005
23582.1 19.7371 9.86856e-005
25256.5 26.1195 0.000130598
26839.2 32.7009 0.000163504
28345.3 39.3014 0.000196507
29784.1 46.1252 0.000230626
31162.1 52.9837 0.000264919
32487.5 59.8518 0.000299259
33768.2 66.6729 0.000333365
35008.5 73.591 0.000367955
36213.4 80.4874 0.000402437
37386.7 87.3821 0.000436911
38532.4 94.2023 0.000471012
39654.2 100.961 0.000504803
40754.9 107.661 0.000538304
41837 114.317 0.000571584
42901.7 121.007 0.000605034
43950.4 127.699 0.000638497
44984.6 134.373 0.000671864
46005.5 141.004 0.000705023
47014.6 147.587 0.000737937
48013 154.106 0.000770531
49001.7 160.572 0.000802861
49981.8 166.996 0.000834985
50953.8 173.392 0.000866966
51918.4 179.766 0.000898846
52876.1 186.128 0.000930666
53827.3 192.478 0.000962432
54772.3 198.811 0.000994129
55711.4 205.158 0.00102592
56644.4 211.535 0.00105789
57571.6 217.911 0.00108991
58493 224.248 0.00112182
59409.1 230.551 0.00115369
60320.1 236.798 0.00118547
61226.2 242.988 0.00121725
62127.4 249.108 0.00124912
63023.8 255.113 0.00128103
63915.2 260.96 0.00131303
64801.6 266.622 0.00134534
65682.4 272.025 0.00137805
66557 277.096 0.00141134
67424.8 281.755 0.00144547
68284.7 285.909 0.00148063
69135.7 289.482 0.00151702
69976.5 292.441 0.0015549
70805.8 294.799 0.00159455
71621.9 296.607 0.00163623
72423.5 297.954 0.00168032
73208.8 298.928 0.00172685
73977.1 299.624 0.00177582
74727.3 300.122 0.00182712
75458.7 300.486 0.00188062
76170.6 300.768 0.00193677
76862.5 300.996 0.00199527
77534.2 301.194 0.00205618
78185.3 301.374 0.00211963
78815.4 301.548 0.00218621
79424.9 301.721 0.00225579
80013.3 301.894 0.00232805
80581.9 302.07 0.0024026
81130.3 302.249 0.00247928
81659.2 302.433 0.00255882
82169.3 302.622 0.0026407
82660 302.818 0.00272535
83133.2 303.018 0.00281241
83588.9 303.223 0.00290141
84027.5 303.433 0.00299271
84449.9 303.65 0.00308694
84855.7 303.875 0.0031846
85245.8 304.107 0.0032856
85621.6 304.344 0.00338867
85983.2 304.586 0.00349404
86331 304.832 0.00360093
86666.2 305.083 0.00371002
86989.5 305.338 0.00382108
87300.7 305.598 0.00393394
87600.3 305.863 0.00404912
87889.1 306.134 0.00416704
88168.4 306.408 0.00428621
88438.7 306.682 0.00440513
88699 306.959 0.00452565
88949.3 307.245 0.00464997
89190.7 307.539 0.00477777
89424.2 307.84 0.0049086
89649.5 308.151 0.00504392
89865.5 308.474 0.0051845
90072.9 308.806 0.00532865
90273.2 309.142 0.0054747
90467.3 309.481 0.00562196
90655.8 309.821 0.00576994
90838.3 310.161 0.00591803
91014.6 310.501 0.00606553
91185.1 310.837 0.00621184
91350.5 311.172 0.00635719
91511.6 311.503 0.00650152
91668.4 311.835 0.00664586
91820.7 312.171 0.00679154
91968.6 312.509 0.00693866
92111.9 312.85 0.00708695
92249.9 313.199 0.00723877
92382.9 313.56 0.00739571
92510.7 313.937 0.0075597
92633.6 314.331 0.00773099
92752.7 314.734 0.0079063
92848.1 315.255 0.00813268
92554 318.624 0.00959738
55064 321.272 0.0107486
54986 321.988 0.0110601
55118.3 324.274 0.012054
45530.8 332.422 0.0155965
45842.5 333.286 0.0159722
46165.4 334.176 0.0163592
46462.6 335.124 0.0167714
46708.4 336.102 0.0171963
46960.4 337.086 0.0176245
47116.5 338.036 0.0180375
47314.1 339.011 0.0184613
47385 339.893 0.0188449
47498 340.777 0.0192291
47490.2 341.631 0.0196003
