2247.24 5.15917e-005
4494.41 0.000109104
6741.61 0.000166616
8988.81 0.000224128
11236 0.000281641
13483.2 0.000339153
15717.5 0.000396777
17871.8 0.000455204
19903.1 0.000515047
21803.4 0.00057641
23582.1 0.000638902
25256.5 0.000702166
26839.2 0.000765991
28345.3 0.000830159
29784.1 0.000894545
31162.1 0.000959124
32487.5 0.00102379
33768.2 0.00108848
35008.5 0.00115321
36213.4 0.00121793
37386.7 0.00128262
38532.4 0.00134724
39654.2 0.00141181
40754.9 0.00147632
41837 0.00154068
42901.7 0.0016049
43950.4 0.00166896
44984.6 0.00173287
46005.5 0.00179664
47014.6 0.00186025
48013 0.00192371
49001.7 0.00198699
49981.8 0.00205009
50953.8 0.00211302
51918.4 0.00217578
52876.1 0.00223836
53827.3 0.00230077
54772.3 0.00236303
55711.4 0.00242515
56644.4 0.00248714
57571.6 0.00254901
58493 0.00261078
59409.1 0.00267244
60320.1 0.00273399
61226.2 0.00279545
62127.4 0.00285679
63023.8 0.00291805
63915.2 0.00297923
64801.6 0.00304034
65682.4 0.0031014
66557 0.00316243
67424.8 0.00322346
68284.7 0.00328451
69135.7 0.00334562
69976.5 0.00340682
70805.8 0.00346815
71621.9 0.00352964
72423.5 0.00359135
73208.8 0.00365329
73977.1 0.00371552
74727.3 0.00377805
75458.7 0.00384092
76170.6 0.00390414
76862.5 0.00396774
77534.2 0.00403174
78185.3 0.00409613
78815.4 0.00416095
79424.9 0.00422619
80013.3 0.00429184
80581.9 0.00435791
81130.3 0.00442441
81659.2 0.00449131
82169.3 0.00455863
82660 0.00462636
83133.2 0.00469447
83588.9 0.00476296
84027.5 0.00483183
84449.9 0.00490106
84855.7 0.00497065
85245.8 0.00504059
85621.6 0.00511085
85983.2 0.00518143
86331 0.00525231
86666.2 0.00532347
86989.5 0.0053949
87300.7 0.0054666
87600.3 0.00553856
87889.1 0.00561076
88168.4 0.00568319
88438.7 0.00575582
88699 0.00582867
88949.3 0.00590174
89190.7 0.00597499
89424.2 0.00604842
89649.5 0.00612202
89865.5 0.00619581
90072.9 0.00626977
90273.2 0.00634389
90467.3 0.00641813
90655.8 0.00649251
90838.3 0.006567
91014.6 0.00664164
91185.1 0.0067164
91350.5 0.00679128
91511.6 0.00686627
91668.4 0.00694136
91820.7 0.00701654
91968.6 0.00709181
92111.9 0.00716718
92249.9 0.00724264
92382.9 0.00731819
92510.7 0.00739383
92633.6 0.00746954
92752.7 0.00754531
92848.1 0.00762111
92554 0.00769627
55064 0.00836498
54986 0.00844127
55118.3 0.00851522
45530.8 0.00871405
45842.5 0.00878575
46165.4 0.0088573
46462.6 0.00892914
46708.4 0.00900158
46960.4 0.00907392
47116.5 0.00914741
47314.1 0.00922039
47385 0.0092949
47498 0.00936888
47490.2 0.00944435
