3500.59
7001.06
10501.6
14002.1
17397.5
20464.6
23175.1
25586.6
27764.6
29759.6
31614.4
33355.2
35003.9
36580
38094.7
39555
40970.2
42348.3
43692.8
45006.2
46291.1
47550.3
48787.1
50003.7
51201.7
52383.1
53550
54703.2
55843.7
56973.1
58091.8
59200.9
60300.9
61392.2
62475.5
63550.9
64619.4
65681
66736.4
67785.4
68828.3
69864.7
70894.4
71916.4
72929.9
73933.3
74925
75902.5
76863.3
77804.4
78723.9
79619.5
80489.6
81333.3
82150.4
82941.2
83704.9
84442.6
85154.3
85839.9
86500.1
87135.3
87747.2
88336.2
88904
89450.9
89978.9
90488.5
90980.7
91455.7
91914.1
92355.7
92782.2
93193.5
93590
93973.4
94344.3
94703.1
95049.8
95385.6
95709.3
96021.2
96322.6
96614.6
96897.7
97171
97435
97690.5
97937.7
98177.2
98407.7
98628.9
98842
99048.1
99248.3
99442.8
99631.4
99814.3
99992
100163
100329
100490
100646
100797
100945
101088
101226
101049
56234
56204.9
56349.8
56537.4
56696
56834.1
56957.9
