3500.59 5.53067e-005
7001.06 0.000112841
10501.6 0.000170375
14002.1 0.00022791
17397.5 0.000286097
20464.6 0.000346678
23175.1 0.000409679
25586.6 0.000474224
27764.6 0.00053972
29759.6 0.000605771
31614.4 0.000672127
33355.2 0.000738621
35003.9 0.000805151
36580 0.00087158
38094.7 0.000937892
39555 0.00100406
40970.2 0.00107001
42348.3 0.00113573
43692.8 0.00120124
45006.2 0.00126655
46291.1 0.00133163
47550.3 0.00139648
48787.1 0.00146112
50003.7 0.00152557
51201.7 0.00158986
52383.1 0.00165399
53550 0.00171794
54703.2 0.0017817
55843.7 0.00184526
56973.1 0.00190866
58091.8 0.00197192
59200.9 0.00203505
60300.9 0.00209805
61392.2 0.00216091
62475.5 0.00222364
63550.9 0.00228622
64619.4 0.00234865
65681 0.00241093
66736.4 0.00247309
67785.4 0.00253509
68828.3 0.002597
69864.7 0.00265879
70894.4 0.0027205
71916.4 0.00278212
72929.9 0.00284371
73933.3 0.00290529
74925 0.0029669
75902.5 0.00302859
76863.3 0.00309041
77804.4 0.00315242
78723.9 0.00321469
79619.5 0.00327724
80489.6 0.00334013
81333.3 0.0034034
82150.4 0.00346706
82941.2 0.00353114
83704.9 0.00359565
84442.6 0.00366058
85154.3 0.00372596
85839.9 0.00379179
86500.1 0.00385807
87135.3 0.00392478
87747.2 0.00399193
88336.2 0.00405949
88904 0.00412746
89450.9 0.00419583
89978.9 0.00426456
90488.5 0.00433365
90980.7 0.00440309
91455.7 0.00447288
91914.1 0.00454299
92355.7 0.00461343
92782.2 0.00468418
93193.5 0.00475523
93590 0.00482657
93973.4 0.00489817
94344.3 0.00497003
94703.1 0.00504213
95049.8 0.00511448
95385.6 0.00518706
95709.3 0.00525985
96021.2 0.00533288
96322.6 0.0054061
96614.6 0.00547952
96897.7 0.00555311
97171 0.00562689
97435 0.00570084
97690.5 0.00577495
97937.7 0.00584922
98177.2 0.00592363
98407.7 0.00599818
98628.9 0.00607288
98842 0.0061477
99048.1 0.00622265
99248.3 0.00629772
99442.8 0.00637288
99631.4 0.00644816
99814.3 0.00652354
99992 0.00659902
100163 0.00667459
100329 0.00675025
100490 0.00682599
100646 0.00690181
100797 0.0069777
100945 0.00705367
101088 0.00712971
101226 0.00720582
101049 0.00728103
56234 0.00796247
56204.9 0.0080378
56349.8 0.00811139
56537.4 0.00818454
56696 0.008258
56834.1 0.00833167
56957.9 0.00840549
