2247.84 -2.37543 -0.000183672
4495.61 -2.68339 -0.000207485
6743.42 -2.99136 -0.000231298
8991.22 -3.29932 -0.00025511
11239 -3.60729 -0.000278923
13486.8 -3.91526 -0.000302735
15721.8 -4.22951 -0.000327034
17876.6 -4.55649 -0.000352317
19908.4 -4.88898 -0.000378025
21809.1 -5.22059 -0.000403666
23588.2 -5.54916 -0.000429072
25263 -5.87022 -0.000453897
26846 -6.18535 -0.000478263
28352.4 -6.48613 -0.000501982
29791.6 -6.7207 -0.000525632
31170 -6.95127 -0.000548878
32496 -7.17816 -0.000571753
33777.3 -7.40207 -0.000594327
35018.5 -7.62267 -0.000616569
36224.2 -7.8395 -0.00063843
37398.3 -8.05322 -0.000659978
38545 -8.2641 -0.000681239
39667.9 -8.47167 -0.000702167
40769.6 -8.67579 -0.000722746
41852.9 -8.8783 -0.000743163
42918.7 -9.07825 -0.000763322
43968.6 -9.27543 -0.000783202
45004 -9.4703 -0.000802849
46026.1 -9.66315 -0.000822293
47036.4 -9.85418 -0.000841552
48036 -10.0433 -0.00086062
49026 -10.2311 -0.000879559
50007.4 -10.4175 -0.000898352
50980.7 -10.6029 -0.00091704
51946.7 -10.787 -0.000935604
52905.7 -10.9699 -0.000954041
53858.1 -11.1515 -0.00097235
54804.5 -11.3318 -0.000990531
55745 -11.4889 -0.00100866
56679.3 -11.6213 -0.00102682
57608 -11.7535 -0.00104494
58531 -11.8852 -0.001063
59448.6 -12.0171 -0.00108109
60361.3 -12.1485 -0.00109911
61269.2 -12.2792 -0.00111703
62172.1 -12.4101 -0.00113499
63070.4 -12.5412 -0.00115297
63963.7 -12.6725 -0.00117097
64852.1 -12.8045 -0.00118908
65734.9 -12.9376 -0.00120733
66611.7 -13.0716 -0.0012257
67481.7 -13.2076 -0.00124435
68344 -13.3462 -0.00126335
69197.3 -13.4875 -0.00128273
70040.6 -13.6319 -0.00130253
70872.3 -13.7799 -0.00132283
71690.9 -13.9321 -0.0013437
72495 -14.0892 -0.00136525
73283 -14.2507 -0.00138739
74053.8 -14.4168 -0.00141017
74806.7 -14.588 -0.00143365
75540.8 -14.7632 -0.00145767
76255.5 -14.9427 -0.00148228
76950.3 -15.1122 -0.00150755
77625 -15.2516 -0.00153366
78279.3 -15.3948 -0.00156049
78912.7 -15.5408 -0.00158784
79525.7 -15.6912 -0.00161599
80117.8 -15.8454 -0.00164487
80690.4 -16.0029 -0.00167438
81242.9 -16.1635 -0.00170446
81776.3 -16.3287 -0.0017354
82290.9 -16.4981 -0.00176712
82786.8 -16.6712 -0.00179954
83265.3 -16.8489 -0.00183283
83726.4 -17.0303 -0.0018668
84171 -17.2159 -0.00190156
84599.6 -17.405 -0.00193698
85011.8 -17.5986 -0.00197323
85409.1 -17.7844 -0.00201041
85792.2 -17.9396 -0.00204807
86160.9 -18.0972 -0.00208632
86517 -18.2552 -0.00212466
86861.1 -18.4145 -0.00216332
87192.8 -18.5765 -0.00220263
87512.9 -18.7401 -0.00224232
87822.5 -18.9055 -0.00228245
88121.6 -19.0718 -0.00232282
88410.6 -19.2401 -0.00236365
88690.6 -19.4076 -0.0024043
88961.5 -19.5744 -0.00244478
89223.9 -19.7419 -0.00248544
89477.9 -19.8972 -0.0025263
89723.6 -20.0464 -0.00256753
89961.3 -20.1996 -0.00260985
90191.5 -20.3542 -0.00265255
90414.4 -20.5107 -0.0026958
90630.1 -20.6694 -0.00273962
90838.9 -20.8295 -0.00278385
91041.7 -20.9896 -0.00282809
91239.3 -21.1487 -0.00287202
91431.8 -21.3057 -0.00291541
91619.4 -21.4606 -0.0029582
91802.5 -21.6135 -0.00300041
91980.9 -21.7696 -0.00304193
92155.2 -21.9238 -0.0030829
92325.8 -22.0764 -0.00312346
92492.6 -22.2271 -0.00316354
92655.5 -22.3775 -0.00320351
92814.5 -22.5282 -0.00324357
92969.9 -22.6782 -0.00328346
93121.3 -22.8291 -0.00332356
93269.2 -22.981 -0.00336394
93413.6 -23.1338 -0.00340457
93554 -23.2895 -0.00344594
93690.6 -23.4501 -0.00348865
93823.5 -23.4501 -0.00353316
93952.1 -23.4501 -0.00357887
94077.2 -23.4501 -0.00362613
94199.2 -23.4501 -0.0036745
94319 -23.4501 -0.00372226
94326.7 -23.4501 -0.0038142
55674.5 0 -0.0116672
55601.3 0 -0.0119591
55763.4 0 -0.012144
55924 0 -0.012302
56082.2 0 -0.0124535
56174.4 0 -0.0126478
56240.8 0 -0.0129272
56271.4 0 -0.0132083
