2247.84 -28.5248 -0.000142624
4495.61 -24.2787 -0.000121394
6743.42 -20.0326 -0.000100163
8991.22 -15.7865 -7.89325e-005
11239 -11.5404 -5.7702e-005
13486.8 -7.2943 -3.64715e-005
15721.8 -2.84108 -1.42054e-005
17876.6 2.16517 1.08258e-005
19908.4 7.65923 3.82961e-005
21809.1 13.539 6.76951e-005
23588.2 19.7656 9.88279e-005
25263 26.1478 0.000130739
26846 32.7303 0.000163651
28352.4 39.3315 0.000196657
29791.6 46.1548 0.000230774
31170 53.0125 0.000265063
32496 59.879 0.000299395
33777.3 66.6982 0.000333491
35018.5 73.6151 0.000368075
36224.2 80.5106 0.000402553
37398.3 87.4038 0.000437019
38545 94.2233 0.000471117
39667.9 100.981 0.000504903
40769.6 107.681 0.000538403
41852.9 114.337 0.000571686
42918.7 121.028 0.000605139
43968.6 127.723 0.000638614
45004 134.397 0.000671986
46026.1 141.03 0.00070515
47036.4 147.614 0.000738069
48036 154.133 0.000770668
49026 160.6 0.000803004
50007.4 167.027 0.000835139
50980.7 173.424 0.000867126
51946.7 179.801 0.000899019
52905.7 186.167 0.000930858
53858.1 192.52 0.000962645
54804.5 198.858 0.000994365
55745 205.206 0.00102616
56679.3 211.585 0.00105814
57608 217.961 0.00109016
58531 224.295 0.00112206
59448.6 230.596 0.00115392
60361.3 236.841 0.00118569
61269.2 243.033 0.00121749
62172.1 249.15 0.00124934
63070.4 255.152 0.00128124
63963.7 260.997 0.00131323
64852.1 266.655 0.00134554
65734.9 272.055 0.00137824
66611.7 277.125 0.00141153
67481.7 281.778 0.00144565
68344 285.926 0.00148078
69197.3 289.495 0.00151715
70040.6 292.45 0.00155502
70872.3 294.805 0.00159467
71690.9 296.612 0.00163635
72495 297.956 0.00168042
73283 298.93 0.00172696
74053.8 299.625 0.00177589
74806.7 300.122 0.00182713
75540.8 300.487 0.00188066
76255.5 300.768 0.00193675
76950.3 300.995 0.00199502
77625 301.192 0.00205571
78279.3 301.372 0.00211893
78912.7 301.546 0.00218539
79525.7 301.718 0.0022545
80117.8 301.89 0.00232636
80690.4 302.065 0.00240031
81242.9 302.242 0.00247634
81776.3 302.424 0.002555
82290.9 302.612 0.00263597
82786.8 302.804 0.00271963
83265.3 303.002 0.00280532
83726.4 303.203 0.00289278
84171 303.41 0.00298264
84599.6 303.623 0.00307514
85011.8 303.843 0.00317082
85409.1 304.069 0.0032691
85792.2 304.299 0.00336931
86160.9 304.536 0.00347212
86517 304.774 0.00357561
86861.1 305.015 0.00368036
87192.8 305.26 0.00378689
87512.9 305.509 0.00389529
87822.5 305.763 0.00400587
88121.6 306.022 0.00411828
88410.6 306.283 0.00423187
88690.6 306.545 0.00434573
88961.5 306.811 0.00446146
89223.9 307.081 0.00457877
89477.9 307.354 0.00469729
89723.6 307.632 0.00481847
89961.3 307.919 0.00494295
90191.5 308.21 0.00506942
90414.4 308.506 0.00519838
90630.1 308.809 0.00532999
90838.9 309.117 0.00546386
91041.7 309.426 0.00559811
91239.3 309.733 0.00573157
91431.8 310.036 0.00586352
91619.4 310.336 0.0059938
91802.5 310.631 0.00612227
91980.9 310.922 0.00624875
92155.2 311.209 0.00637366
92325.8 311.494 0.00649742
92492.6 311.778 0.00662088
92655.5 312.064 0.00674518
92814.5 312.352 0.00687043
92969.9 312.642 0.00699659
93121.3 312.936 0.00712438
93269.2 313.234 0.00725408
93413.6 313.538 0.00738601
93554 313.851 0.00752201
93690.6 314.172 0.00766193
93823.5 314.503 0.00780582
93952.1 314.846 0.00795467
94077.2 315.197 0.00810756
94199.2 315.554 0.00826263
94319 315.907 0.00841613
94326.7 316.975 0.00888056
55674.5 320.239 0.0102996
55601.3 320.315 0.0103328
55763.4 320.625 0.0104673
55924 320.936 0.0106025
56082.2 321.242 0.0107356
56174.4 321.526 0.010859
56240.8 321.895 0.0110195
56271.4 322.179 0.0111429
