2247.84 -22478.4 4.95395e-009 4.533e+006 -1.16376e-005 -1.5154e+008 0
4495.61 -44956.1 -2.28595e-010 4.533e+006 6.86938e-008 -3.03375e+008 0
6743.42 -67434.2 2.94645e-010 4.533e+006 6.56404e-008 -4.55211e+008 0
8991.22 -89912.2 -1.52525e-009 4.533e+006 1.11727e-007 -6.07046e+008 0
11239 -112390 -8.18104e-011 4.533e+006 -1.23666e-007 -7.58882e+008 0
13486.8 -134868 -1.86465e-010 4.533e+006 -6.21077e-008 -9.10717e+008 0
15721.8 -156046 -5.47232e-010 4.53304e+006 1.6226e-006 -1.06161e+009 0
17876.6 -179741 -1.84294e-009 4.53304e+006 6.42954e-006 -1.20737e+009 0
19908.4 -198225 1.65494e-010 4.53303e+006 7.85904e-006 -1.34475e+009 0
21809.1 -217254 9.96354e-010 4.53304e+006 8.01542e-006 -1.47349e+009 0
23588.2 -235878 -4.73378e-009 4.53299e+006 7.81364e-006 -1.5942e+009 0
25263 -252622 -2.61234e-009 4.53299e+006 6.27399e-006 -1.7079e+009 0
26846 -268460 -1.49922e-009 4.533e+006 5.46574e-006 -1.81551e+009 0
28352.4 -283546 -9.77234e-010 4.533e+006 4.37043e-006 -1.91801e+009 0
29791.6 -297920 -1.10723e-009 4.533e+006 4.164e-006 -2.01604e+009 0
31170 -311701 -1.57887e-009 4.533e+006 3.61488e-006 -2.11003e+009 0
32496 -324960 -8.9388e-010 4.533e+006 3.08953e-006 -2.20053e+009 0
33777.3 -337774 -2.01202e-010 4.533e+006 2.75249e-006 -2.28805e+009 0
35018.5 -350104 5.49914e-010 4.53301e+006 2.42449e-006 -2.3729e+009 0
36224.2 -362242 -1.98375e-009 4.533e+006 2.1333e-006 -2.4554e+009 0
37398.3 -373990 -2.28573e-009 4.533e+006 2.02836e-006 -2.53579e+009 0
38545 -385451 -1.76199e-010 4.533e+006 1.54536e-006 -2.61436e+009 0
39667.9 -396679 1.21488e-009 4.533e+006 1.25444e-006 -2.69134e+009 0
40769.6 -407696 -2.08563e-009 4.533e+006 1.31283e-006 -2.76692e+009 0
41852.9 -418528 1.69615e-009 4.533e+006 1.07788e-006 -2.84126e+009 0
42918.7 -429187 -6.66543e-010 4.533e+006 1.09087e-006 -2.91445e+009 0
43968.6 -439689 -6.48137e-010 4.533e+006 9.28121e-007 -2.98657e+009 0
45004 -450040 1.7564e-009 4.533e+006 7.28296e-007 -3.05774e+009 0
46026.1 -460261 1.29463e-010 4.533e+006 7.42891e-007 -3.12801e+009 0
47036.4 -470364 -2.58068e-009 4.533e+006 8.55685e-007 -3.19751e+009 0
48036 -480360 1.40743e-009 4.533e+006 6.00345e-007 -3.26629e+009 0
49026 -490260 -1.09612e-009 4.533e+006 5.57909e-007 -3.33443e+009 0
50007.4 -500074 8.85867e-010 4.533e+006 5.51996e-007 -3.40199e+009 0
50980.7 -509807 2.711e-010 4.533e+006 5.6955e-007 -3.46903e+009 0
51946.7 -519467 8.18122e-010 4.533e+006 5.34683e-007 -3.53557e+009 0
52905.7 -529057 -1.38384e-010 4.533e+006 4.12971e-007 -3.60165e+009 0
53858.1 -538581 -2.51767e-009 4.533e+006 5.46403e-007 -3.66729e+009 0
54804.5 -548045 4.34571e-009 4.533e+006 2.25129e-007 -3.73253e+009 0
55745 -557450 1.70604e-009 4.533e+006 2.625e-007 -3.79737e+009 0
56679.3 -566794 -2.83658e-009 4.533e+006 4.22844e-007 -3.86181e+009 0
57608 -576080 9.34454e-010 4.533e+006 3.37977e-007 -3.92587e+009 0
58531 -585309 -1.08606e-010 4.533e+006 4.33507e-007 -3.98955e+009 0
59448.6 -594486 8.77027e-010 4.533e+006 3.28654e-007 -4.05288e+009 0
60361.3 -603613 2.93498e-010 4.533e+006 2.4053e-007 -4.11588e+009 0
61269.2 -612691 1.08004e-009 4.533e+006 9.42701e-008 -4.17855e+009 0
62172.1 -621721 -2.15696e-009 4.533e+006 5.35388e-007 -4.2409e+009 0
63070.4 -630704 1.14189e-009 4.533e+006 2.643e-007 -4.30294e+009 0
63963.7 -639637 1.70967e-009 4.533e+006 2.05028e-007 -4.36465e+009 0
64852.1 -648521 9.16073e-010 4.533e+006 2.78968e-007 -4.42602e+009 0
65734.9 -657350 1.14596e-009 4.533e+006 3.67207e-007 -4.48704e+009 0
66611.7 -666115 3.79404e-010 4.533e+006 3.70644e-007 -4.54765e+009 0
67481.7 -674817 2.25173e-009 4.533e+006 2.84123e-007 -4.6078e+009 0
68344 -683440 -1.93069e-009 4.533e+006 5.88625e-007 -4.66744e+009 0
69197.3 -691971 2.2205e-010 4.533e+006 6.24162e-007 -4.72649e+009 0
70040.6 -700395 -2.97934e-009 4.533e+006 8.72061e-007 -4.78486e+009 0
70872.3 -708723 -1.78825e-010 4.533e+006 7.2231e-007 -4.84248e+009 0
71690.9 -716915 1.436e-009 4.533e+006 7.24291e-007 -4.89921e+009 0
72495 -724951 -2.46155e-009 4.533e+006 9.92669e-007 -4.95498e+009 0
73283 -732826 7.92206e-010 4.533e+006 8.63668e-007 -5.00968e+009 0
74053.8 -740539 2.60198e-009 4.533e+006 1.00235e-006 -5.06324e+009 0
74806.7 -748066 -7.38304e-010 4.533e+006 1.04929e-006 -5.1156e+009 0
75540.8 -755405 -3.32717e-009 4.533e+006 1.19642e-006 -5.16671e+009 0
76255.5 -762555 -2.00517e-009 4.533e+006 1.34753e-006 -5.21653e+009 0
76950.3 -769499 -1.20445e-009 4.533e+006 1.2284e-006 -5.26503e+009 0
77625 -776264 2.50251e-009 4.533e+006 1.07282e-006 -5.3122e+009 0
78279.3 -782793 3.79317e-010 4.533e+006 1.24985e-006 -5.358e+009 0
78912.7 -789128 1.59607e-009 4.533e+006 1.24382e-006 -5.40242e+009 0
79525.7 -795259 1.44604e-009 4.533e+006 1.26798e-006 -5.44547e+009 0
80117.8 -801179 4.50619e-009 4.533e+006 8.98801e-007 -5.48713e+009 0
80690.4 -806898 -1.45763e-009 4.533e+006 1.13356e-006 -5.5275e+009 0
81242.9 -812443 -8.43316e-010 4.533e+006 1.39272e-006 -5.56653e+009 0
81776.3 -817764 1.86978e-009 4.533e+006 9.37115e-007 -5.60429e+009 0
82290.9 -822908 -1.38401e-009 4.533e+006 1.30803e-006 -5.6408e+009 0
82786.8 -827869 1.92619e-009 4.533e+006 1.09234e-006 -5.67606e+009 0
83265.3 -832654 2.56982e-009 4.533e+006 1.00683e-006 -5.71017e+009 0
83726.4 -837264 -1.05247e-009 4.533e+006 1.03832e-006 -5.74312e+009 0
84171 -841711 -2.36272e-009 4.533e+006 1.14617e-006 -5.77497e+009 0
84599.6 -845996 3.75885e-009 4.533e+006 9.25008e-007 -5.80575e+009 0
85011.8 -850135 2.21344e-009 4.533e+006 7.71405e-007 -5.83544e+009 0
85409.1 -854092 -6.19758e-010 4.533e+006 1.02185e-006 -5.86414e+009 0
85792.2 -857921 -2.25975e-009 4.533e+006 9.13322e-007 -5.8919e+009 0
86160.9 -861597 8.73339e-010 4.533e+006 9.14617e-007 -5.9187e+009 0
86517 -865170 -1.05816e-009 4.533e+006 6.10902e-007 -5.94467e+009 0
86861.1 -868614 6.89724e-011 4.533e+006 8.70155e-007 -5.96983e+009 0
87192.8 -871928 -2.24153e-009 4.533e+006 9.06241e-007 -5.99417e+009 0
87512.9 -875167 7.48482e-010 4.533e+006 7.84608e-007 -6.01773e+009 0
87822.5 -878221 1.60188e-009 4.533e+006 5.44383e-007 -6.0406e+009 0
88121.6 -881202 4.51396e-009 4.533e+006 3.7801e-007 -6.06277e+009 0
88410.6 -884107 4.11054e-009 4.533e+006 5.97082e-007 -6.08427e+009 0
88690.6 -886906 1.77177e-009 4.533e+006 3.8167e-007 -6.10516e+009 0
88961.5 -889632 2.82523e-010 4.533e+006 5.03227e-007 -6.12546e+009 0
89223.9 -892240 2.15982e-009 4.533e+006 5.17012e-007 -6.14518e+009 0
89477.9 -894779 -3.54582e-009 4.533e+006 4.996e-007 -6.16435e+009 0
89723.6 -897208 -9.19107e-010 4.533e+006 5.56526e-007 -6.18296e+009 0
89961.3 -899614 -8.68953e-010 4.533e+006 5.84059e-007 -6.20105e+009 0
90191.5 -901916 -3.13367e-009 4.533e+006 6.59037e-007 -6.21863e+009 0
90414.4 -904144 3.77864e-009 4.533e+006 2.58067e-007 -6.23573e+009 0
90630.1 -906301 -2.98755e-009 4.533e+006 6.669e-007 -6.25235e+009 0
90838.9 -908389 3.98752e-009 4.533e+006 2.65877e-007 -6.26851e+009 0
91041.7 -910418 6.17146e-009 4.533e+006 -1.01122e-007 -6.28427e+009 0
91239.3 -912393 -9.2082e-010 4.533e+006 2.25748e-007 -6.29968e+009 0
91431.8 -914318 2.88797e-009 4.533e+006 2.73013e-007 -6.31476e+009 0
91619.4 -916194 -2.53018e-009 4.533e+006 3.67123e-007 -6.32951e+009 0
91802.5 -918025 3.99954e-009 4.533e+006 -1.17431e-007 -6.34396e+009 0
91980.9 -919809 6.26738e-009 4.533e+006 5.13151e-008 -6.3581e+009 0
92155.2 -921552 1.49805e-009 4.533e+006 1.85917e-007 -6.37196e+009 0
92325.8 -923258 6.0439e-009 4.533e+006 -6.92865e-008 -6.38558e+009 0
92492.6 -924926 2.26379e-009 4.533e+006 8.41101e-008 -6.39894e+009 0
92655.5 -926555 -2.42762e-009 4.533e+006 3.15606e-007 -6.41205e+009 0
92814.5 -928146 -1.91006e-009 4.533e+006 1.24291e-007 -6.4249e+009 0
92969.9 -929699 -1.76218e-009 4.533e+006 4.86332e-007 -6.4375e+009 0
93121.3 -931214 4.42539e-009 4.533e+006 -6.31959e-008 -6.44985e+009 0
93269.2 -932692 -6.56566e-009 4.533e+006 6.77598e-007 -6.46195e+009 0
93413.6 -934124 3.49371e-009 4.533e+006 1.81944e-008 -6.47383e+009 0
93554 -934363 -2.35456e-009 4.53296e+006 5.15718e-007 -6.48535e+009 0
93690.6 -934916 -5.12422e-009 4.53288e+006 7.15533e-007 -6.49661e+009 0
93823.5 -937290 1.59813e-009 4.53276e+006 5.34274e-007 -6.50768e+009 0
93952.1 -934069 -1.77992e-009 4.53237e+006 7.02858e-007 -6.51802e+009 0
94077.2 -945209 -9.12752e-010 4.532e+006 9.51656e-007 -6.52884e+009 0
94199.2 -942437 6.12223e-009 4.532e+006 5.57222e-007 -6.53905e+009 0
94319 -943266 -5.55769e-009 4.53199e+006 7.80621e-007 -6.54926e+009 0
94326.7 4.04924e+006 5.01247e-008 4.05325e+006 1.16157e-005 -5.97438e+009 0
55674.5 -1.67407e+006 2.73015e-008 4.26751e+006 8.1185e-005 -4.00132e+009 0
55601.3 -1.07781e+006 5.16569e-008 4.49299e+006 2.51207e-005 -3.99749e+009 0
55763.4 -731910 4.75431e-008 4.52458e+006 2.44553e-006 -3.99922e+009 0
55924 -611633 1.30034e-008 4.53027e+006 -3.78043e-007 -4.00817e+009 0
56082.2 -574963 2.66041e-009 4.53222e+006 -1.4172e-007 -4.01972e+009 0
56174.4 -1.45875e+006 6.54626e-009 4.42532e+006 4.73234e-006 -4.05092e+009 0
56240.8 -637845 3.75483e-008 4.52293e+006 7.1562e-006 -4.03656e+009 0
56271.4 -927195 4.8839e-008 4.44045e+006 1.11894e-005 -4.0449e+009 0
