2247.84 5.15986e-005
4495.61 0.000109111
6743.42 0.000166623
8991.22 0.000224135
11239 0.000281647
13486.8 0.00033916
15721.8 0.000396784
17876.6 0.000455211
19908.4 0.000515054
21809.1 0.000576418
23588.2 0.000638911
25263 0.000702176
26846 0.000766002
28352.4 0.000830171
29791.6 0.000894557
31170 0.000959136
32496 0.00102379
33777.3 0.00108848
35018.5 0.00115321
36224.2 0.00121792
37398.3 0.0012826
38545 0.00134721
39667.9 0.00141176
40769.6 0.00147626
41852.9 0.0015406
42918.7 0.0016048
43968.6 0.00166885
45004 0.00173274
46026.1 0.00179648
47036.4 0.00186007
48036 0.00192352
49026 0.00198678
50007.4 0.00204986
50980.7 0.00211277
51946.7 0.00217551
52905.7 0.00223807
53858.1 0.00230047
54804.5 0.00236271
55745 0.00242481
56679.3 0.00248678
57608 0.00254865
58531 0.00261039
59448.6 0.00267204
60361.3 0.00273357
61269.2 0.002795
62172.1 0.00285633
63070.4 0.00291757
63963.7 0.00297872
64852.1 0.0030398
65734.9 0.00310083
66611.7 0.00316183
67481.7 0.00322283
68344 0.00328385
69197.3 0.00334493
70040.6 0.0034061
70872.3 0.00346739
71690.9 0.00352884
72495 0.00359051
73283 0.00365241
74053.8 0.00371459
74806.7 0.00377708
75540.8 0.0038399
76255.5 0.00390308
76950.3 0.00396663
77625 0.00403057
78279.3 0.00409491
78912.7 0.00415967
79525.7 0.00422484
80117.8 0.00429043
80690.4 0.00435643
81242.9 0.00442285
81776.3 0.00448968
82290.9 0.00455692
82786.8 0.00462456
83265.3 0.00469258
83726.4 0.00476098
84171 0.00482975
84599.6 0.00489888
85011.8 0.00496837
85409.1 0.00503819
85792.2 0.00510834
86160.9 0.0051788
86517 0.00524956
86861.1 0.00532058
87192.8 0.00539189
87512.9 0.00546347
87822.5 0.00553529
88121.6 0.00560735
88410.6 0.00567965
88690.6 0.00575215
88961.5 0.00582487
89223.9 0.00589778
89477.9 0.00597088
89723.6 0.00604418
89961.3 0.00611765
90191.5 0.0061913
90414.4 0.0062651
90630.1 0.00633906
90838.9 0.00641317
91041.7 0.00648742
91239.3 0.0065618
91431.8 0.00663631
91619.4 0.00671094
91802.5 0.00678569
91980.9 0.00686055
92155.2 0.00693553
92325.8 0.00701061
92492.6 0.00708578
92655.5 0.00716106
92814.5 0.00723643
92969.9 0.0073119
93121.3 0.00738745
93269.2 0.0074631
93413.6 0.00753882
93554 0.00761462
93690.6 0.00769049
93823.5 0.00776643
93952.1 0.00784245
94077.2 0.00791853
94199.2 0.00799467
94319 0.00807088
94326.7 0.00814665
55674.5 0.00883253
55601.3 0.00890854
55763.4 0.0089814
55924 0.00905427
56082.2 0.00912716
56174.4 0.00920096
56240.8 0.00927513
56271.4 0.00934979
