3500.85 -2.79238 -0.000123702
7001.59 -3.32999 -0.000147517
10502.4 -3.8676 -0.000171333
14003.1 -4.40512 -0.000195145
17398.8 -4.97386 -0.00022034
20466.1 -5.56528 -0.00024654
23176.7 -6.15411 -0.000272625
25588.3 -6.73057 -0.000298162
27766.4 -7.28561 -0.00032275
29761.5 -7.82104 -0.000346469
31616.3 -8.33427 -0.000369205
33357.2 -8.83102 -0.000391211
35005.9 -9.30948 -0.000412406
36582.1 -9.77093 -0.000432849
38096.9 -10.2208 -0.000452779
39557.2 -10.6587 -0.000472175
40972.5 -11.0842 -0.000491024
42350.6 -11.457 -0.000509516
43695.2 -11.7853 -0.000527871
45008.6 -12.1097 -0.000546006
46293.6 -12.4281 -0.000563809
47552.9 -12.7423 -0.000581376
48789.9 -13.0529 -0.000598739
50006.6 -13.3605 -0.000615938
51204.7 -13.6661 -0.000633021
52386.3 -13.9683 -0.00064992
53553.3 -14.2666 -0.000666595
54706.6 -14.5619 -0.000683104
55847.4 -14.8544 -0.000699458
56976.9 -15.1445 -0.000715678
58095.8 -15.4323 -0.000731768
59205.1 -15.7184 -0.000747761
60305.3 -16.0031 -0.000763678
61396.9 -16.2854 -0.000779461
62480.4 -16.5654 -0.000795118
63556 -16.8436 -0.000810669
64624.7 -17.1204 -0.000826145
65686.5 -17.3959 -0.000841545
66742.1 -17.6701 -0.000856879
67791.3 -17.9436 -0.000872168
68834.5 -18.2169 -0.000887449
69871.2 -18.4915 -0.000902799
70901.1 -18.7677 -0.000918242
71923.3 -19.0466 -0.000933834
72937 -19.3293 -0.000949639
73940.7 -19.6174 -0.000965745
74932.6 -19.9124 -0.000982241
75910.4 -20.2163 -0.000999228
76871.4 -20.4525 -0.00101698
77812.8 -20.6958 -0.00103555
78732.6 -20.9492 -0.00105489
79628.4 -21.2106 -0.00107484
80498.8 -21.484 -0.00109571
81342.8 -21.7656 -0.0011172
82160.3 -22.054 -0.00113922
82951.3 -22.3483 -0.00116168
83715.4 -22.6502 -0.00118473
84453.5 -22.958 -0.00120822
85165.6 -23.2681 -0.00123189
85851.6 -23.584 -0.00125601
86512.1 -23.9044 -0.00128046
87147.6 -24.2312 -0.0013054
87760 -24.5604 -0.00133054
88349.4 -24.8922 -0.00135586
88917.7 -25.2281 -0.0013815
89465 -25.5677 -0.00140742
89993.4 -25.909 -0.00143347
90503.5 -26.2505 -0.00145954
90996.2 -26.5904 -0.00148548
91471.7 -26.8852 -0.00151178
91930.7 -27.1218 -0.00153844
92372.9 -27.3641 -0.00156574
92800 -27.6102 -0.00159346
93212 -27.8588 -0.00162147
93609.3 -28.1104 -0.00164981
93993.4 -28.3646 -0.00167845
94365.1 -28.6197 -0.00170718
94724.8 -28.8751 -0.00173595
95072.4 -29.132 -0.0017649
95409.2 -29.393 -0.0017943
95733.9 -29.6571 -0.00182406
96046.8 -29.9317 -0.00185499
96349.3 -30.209 -0.00188623
96642.3 -30.489 -0.00191777
96926.5 -30.7679 -0.00194919
97201.1 -31.0464 -0.00198057
97466.5 -31.2897 -0.00201247
97723.4 -31.4739 -0.00204493
97972.4 -31.6609 -0.00207788
98213.5 -31.8527 -0.00211169
98445.6 -32.0461 -0.00214577
98668.8 -32.2451 -0.00218083
98884.2 -32.4479 -0.00221658
99092.6 -32.6573 -0.00225348
99295.2 -32.8672 -0.00229047
99491.8 -33.0764 -0.00232734
99682.5 -33.2861 -0.0023643
99867.4 -33.4925 -0.00240065
100048 -33.6957 -0.00243647
100222 -33.8974 -0.00247202
100391 -33.8974 -0.00250906
100555 -33.8974 -0.00254693
100714 -33.8974 -0.00258567
100868 -33.8974 -0.00262572
101017 -33.8974 -0.00266608
101162 -33.8974 -0.0027066
101303 -33.8974 -0.00274735
101419 -33.8974 -0.00279127
101106 0 -0.00328134
50044.8 0 -0.0339809
49876.4 0 -0.0348573
49665.4 0 -0.0358317
44164.2 0 -0.0414072
44819 0 -0.0417649
45328.3 0 -0.0421907
