3500.85 -16.0235 -8.01177e-005
7001.59 -11.7691 -5.88457e-005
10502.4 -7.51476 -3.75738e-005
14003.1 -3.26044 -1.63022e-005
17398.8 1.63712 8.18561e-006
20466.1 7.46187 3.73094e-005
23176.7 13.9891 6.99457e-005
25588.3 21.0645 0.000105322
27766.4 28.3961 0.00014198
29761.5 35.9592 0.000179796
31616.3 43.5478 0.000217739
33357.2 51.2911 0.000256456
35005.9 58.9905 0.000294953
36582.1 66.5657 0.000332829
38096.9 74.2642 0.000371321
39557.2 81.9848 0.000409924
40972.5 89.5511 0.000447756
42350.6 97.0079 0.000485039
43695.2 104.483 0.000522414
45008.6 112.002 0.000560011
46293.6 119.57 0.00059785
47552.9 127.055 0.000635273
48789.9 134.478 0.000672391
50006.6 141.852 0.000709262
51204.7 149.19 0.000745952
52386.3 156.444 0.000782222
53553.3 163.656 0.00081828
54706.6 170.862 0.000854312
55847.4 178.012 0.000890068
56976.9 185.129 0.000925661
58095.8 192.223 0.000961143
59205.1 199.261 0.000996359
60305.3 206.274 0.00103147
61396.9 213.303 0.0010667
62480.4 220.311 0.00110188
63556 227.28 0.00113697
64624.7 234.205 0.001172
65686.5 241.05 0.00120689
66742.1 247.802 0.00124173
67791.3 254.434 0.0012766
68834.5 260.89 0.00131153
69871.2 267.119 0.00134673
70901.1 273.053 0.00138248
71923.3 278.561 0.00141886
72937 283.526 0.00145618
73940.7 287.839 0.00149477
74932.6 291.43 0.00153511
75910.4 294.274 0.00157761
76871.4 296.426 0.00162294
77812.8 297.977 0.00167146
78732.6 299.047 0.001723
79628.4 299.776 0.0017779
80498.8 300.279 0.00183645
81342.8 300.635 0.00189783
82160.3 300.905 0.0019618
82951.3 301.128 0.00202834
83715.4 301.326 0.00209773
84453.5 301.513 0.00216954
85165.6 301.697 0.00224403
85851.6 301.883 0.00232231
86512.1 302.074 0.00240372
87147.6 302.271 0.00248834
87760 302.47 0.00257455
88349.4 302.674 0.00266271
88917.7 302.881 0.00275291
89465 303.093 0.00284472
89993.4 303.307 0.00293788
90503.5 303.523 0.00303182
90996.2 303.742 0.00312682
91471.7 303.967 0.00322469
91930.7 304.198 0.00332503
92372.9 304.437 0.00342905
92800 304.681 0.0035353
93212 304.933 0.00364463
93609.3 305.188 0.00375567
93993.4 305.447 0.00386807
94365.1 305.708 0.00398156
94724.8 305.969 0.00409537
95072.4 306.233 0.0042101
95409.2 306.501 0.0043267
95733.9 306.781 0.00444805
96046.8 307.073 0.00457515
96349.3 307.371 0.00470465
96642.3 307.673 0.00483625
96926.5 307.978 0.00496848
97201.1 308.282 0.00510083
97466.5 308.592 0.00523555
97723.4 308.906 0.00537203
97972.4 309.225 0.00551072
98213.5 309.551 0.00565269
98445.6 309.89 0.00579996
98668.8 310.245 0.00595414
98884.2 310.608 0.00611219
99092.6 310.98 0.00627382
99295.2 311.353 0.00643606
99491.8 311.729 0.00659966
99682.5 312.106 0.00676336
99867.4 312.476 0.00692433
100048 312.841 0.00708285
100222 313.204 0.00724107
100391 313.577 0.00740309
100555 313.954 0.00756696
100714 314.34 0.00773482
100868 314.735 0.00790651
101017 315.134 0.0080799
101162 315.536 0.00825492
101303 315.944 0.00843196
101419 316.495 0.00867178
101106 320.62 0.0104653
50044.8 352.313 0.0242448
49876.4 352.674 0.0244018
49665.4 353.3 0.0246739
44164.2 353.642 0.0248228
44819 354.055 0.0250023
45328.3 354.468 0.0251818
