2247.37 -2.37506 -0.000183746
4494.66 -2.68289 -0.000207561
6741.99 -2.99072 -0.000231376
8989.32 -3.29854 -0.000255191
11236.7 -3.60637 -0.000279006
13484 -3.9142 -0.000302821
15718.4 -4.22831 -0.000327122
17872.8 -4.55514 -0.000352407
19904.2 -4.88747 -0.000378117
21804.6 -5.21892 -0.00040376
23583.4 -5.54732 -0.000429166
25257.8 -5.86825 -0.000453995
26840.7 -6.18324 -0.000478364
28346.8 -6.48346 -0.000502086
29785.7 -6.71666 -0.000525748
31163.7 -6.94591 -0.000549008
32489.3 -7.17154 -0.000571901
33770.1 -7.39426 -0.000594499
35010.6 -7.61368 -0.000616762
36215.6 -7.82936 -0.000638646
37389.1 -8.04199 -0.00066022
38535 -8.25178 -0.000681505
39657 -8.45829 -0.000702459
40757.9 -8.66136 -0.000723062
41840.3 -8.86287 -0.000743508
42905.2 -9.0618 -0.000763693
43954.1 -9.25797 -0.000783596
44988.6 -9.45185 -0.000803269
46009.7 -9.64374 -0.000822737
47019 -9.83379 -0.000842021
48017.7 -10.022 -0.000861112
49006.7 -10.2089 -0.000880078
49987 -10.3943 -0.000898896
50959.3 -10.5788 -0.000917611
51924.2 -10.762 -0.000936201
52882.1 -10.944 -0.000954664
53833.5 -11.1247 -0.000972997
54778.9 -11.3041 -0.000991201
55718.2 -11.457 -0.00100937
56651.5 -11.5856 -0.00102757
57578.9 -11.714 -0.00104573
58500.7 -11.842 -0.00106385
59417.1 -11.9702 -0.00108199
60328.4 -12.0979 -0.00110006
61234.9 -12.2249 -0.00111803
62136.4 -12.3522 -0.00113605
63033.2 -12.4797 -0.00115409
63925 -12.6074 -0.00117215
64811.7 -12.7358 -0.00119033
65692.9 -12.8653 -0.00120865
66568 -12.9957 -0.0012271
67436.2 -13.128 -0.00124583
68296.6 -13.263 -0.00126493
69148.1 -13.4005 -0.00128438
69989.4 -13.541 -0.00130427
70819.1 -13.6851 -0.00132466
71635.7 -13.8333 -0.00134564
72437.8 -13.9864 -0.00136729
73223.7 -14.1436 -0.00138954
73992.4 -14.3055 -0.00141245
74743.2 -14.4723 -0.00143606
75475.1 -14.643 -0.00146021
76187.6 -14.818 -0.00148497
76880.1 -14.9749 -0.00151048
77552.3 -15.1024 -0.00153686
78204.1 -15.2336 -0.00156399
78834.9 -15.3672 -0.00159162
79445 -15.5054 -0.0016202
80034.2 -15.647 -0.00164948
80603.6 -15.7918 -0.00167942
81152.9 -15.9395 -0.00170997
81682.7 -16.092 -0.0017415
82193.7 -16.2484 -0.00177385
82685.5 -16.4085 -0.00180696
83159.8 -16.5734 -0.00184106
83616.5 -16.7421 -0.00187596
84056.4 -16.9143 -0.00191157
84480.2 -17.0906 -0.00194803
84887.3 -17.2715 -0.00198542
85278.9 -17.4195 -0.00202396
85656.4 -17.5465 -0.0020632
86019.5 -17.6749 -0.00210286
86369.1 -17.8039 -0.00214271
86706.3 -17.9355 -0.00218339
87031.4 -18.0694 -0.00222475
87344.6 -18.2044 -0.00226647
87646.4 -18.3408 -0.0023086
87937.6 -18.4794 -0.00235144
88219.1 -18.6198 -0.00239481
88491.6 -18.7592 -0.00243788
88754.5 -18.8979 -0.00248071
89007.7 -19.0154 -0.00252442
89252.1 -19.116 -0.00256906
89488.6 -19.2188 -0.00261467
89717.1 -19.3231 -0.00266093
89936.8 -19.43 -0.00270835
90148 -19.5397 -0.00275699
90352.1 -19.6505 -0.00280617
90549.9 -19.7616 -0.00285541
90742.1 -19.8725 -0.00290462
90928.7 -19.9826 -0.00295345
91109.5 -20.0912 -0.00300198
91284.7 -20.1797 -0.00305018
91454.9 -20.2676 -0.00309808
91620.7 -20.355 -0.00314564
91782.5 -20.4418 -0.00319288
91940.4 -20.5282 -0.00323994
92094.1 -20.6152 -0.0032873
92243.2 -20.7028 -0.00333503
92387.8 -20.7909 -0.00338299
92528 -20.8801 -0.00343157
92663 -20.9724 -0.00348181
92793.2 -20.9724 -0.00353432
92919.2 -20.9724 -0.00358869
93041.3 -20.9724 -0.0036449
93160.3 -20.9724 -0.00370174
93150.7 -20.9724 -0.0038191
55265.4 0 -0.0117212
55283.4 0 -0.0120037
55439.8 0 -0.0122005
55595.8 0 -0.0123723
55752.2 0 -0.012531
55852.3 0 -0.0127607
55868.4 0 -0.0131094
55844.8 0 -0.01345
55907.2 0 -0.0140685
55864.4 0 -0.0155185
46237.3 0 -0.0260093
46463.5 0 -0.0267323
46721.5 0 -0.0274254
