2247.37 -28.5403 -0.000142701
4494.66 -24.2947 -0.000121473
6741.99 -20.049 -0.000100245
8989.32 -15.8034 -7.9017e-005
11236.7 -11.5578 -5.77889e-005
13484 -7.31216 -3.65608e-005
15718.4 -2.85946 -1.42973e-005
17872.8 2.14616 1.07308e-005
19904.2 7.63953 3.81977e-005
21804.6 13.5185 6.75927e-005
23583.4 19.7428 9.87141e-005
25257.8 26.1255 0.000130628
26840.7 32.7071 0.000163535
28346.8 39.3078 0.000196539
29785.7 46.1315 0.000230657
31163.7 52.9899 0.000264949
32489.3 59.8576 0.000299288
33770.1 66.6784 0.000333392
35010.6 73.5962 0.000367981
36215.6 80.4925 0.000402463
37389.1 87.3869 0.000436935
38535 94.207 0.000471035
39657 100.965 0.000504825
40757.9 107.665 0.000538326
41840.3 114.321 0.000571607
42905.2 121.012 0.000605058
43954.1 127.705 0.000638523
44988.6 134.378 0.000671891
46009.7 141.01 0.000705051
47019 147.593 0.000737967
48017.7 154.112 0.000770561
49006.7 160.578 0.000802893
49987 167.003 0.000835018
50959.3 173.399 0.000867001
51924.2 179.774 0.000898884
52882.1 186.137 0.000930708
53833.5 192.487 0.000962478
54778.9 198.821 0.000994179
55718.2 205.168 0.00102597
56651.5 211.545 0.00105794
57578.9 217.922 0.00108996
58500.7 224.258 0.00112187
59417.1 230.561 0.00115374
60328.4 236.807 0.00118552
61234.9 242.997 0.0012173
62136.4 249.117 0.00124917
63033.2 255.122 0.00128108
63925 260.968 0.00131307
64811.7 266.629 0.00134538
65692.9 272.032 0.00137809
66568 277.102 0.00141138
67436.2 281.76 0.00144551
68296.6 285.913 0.00148067
69148.1 289.485 0.00151705
69989.4 292.444 0.00155493
70819.1 294.8 0.00159458
71635.7 296.608 0.00163627
72437.8 297.954 0.00168035
73223.7 298.929 0.00172688
73992.4 299.624 0.00177584
74743.2 300.122 0.00182714
75475.1 300.487 0.00188064
76187.6 300.768 0.00193678
76880.1 300.996 0.00199523
77552.3 301.193 0.0020561
78204.1 301.374 0.00211949
78834.9 301.548 0.00218605
79445 301.72 0.00225552
80034.2 301.894 0.0023277
80603.6 302.069 0.00240213
81152.9 302.247 0.00247865
81682.7 302.431 0.00255802
82193.7 302.62 0.00263969
82685.5 302.815 0.00272414
83159.8 303.015 0.0028109
83616.5 303.219 0.00289957
84056.4 303.428 0.00299054
84480.2 303.644 0.0030844
84887.3 303.868 0.00318159
85278.9 304.099 0.003282
85656.4 304.334 0.00338435
86019.5 304.575 0.00348916
86369.1 304.819 0.0035952
86706.3 305.068 0.00370327
87031.4 305.321 0.00381327
87344.6 305.578 0.00392505
87646.4 305.84 0.00403909
87937.6 306.108 0.00415557
88219.1 306.379 0.0042735
88491.6 306.65 0.0043911
88754.5 306.923 0.00451005
89007.7 307.205 0.00463244
89252.1 307.492 0.00475745
89488.6 307.787 0.00488579
89717.1 308.091 0.00501793
89936.8 308.405 0.00515428
90148 308.727 0.00529424
90352.1 309.053 0.0054363
90549.9 309.384 0.00557982
90742.1 309.715 0.00572397
90928.7 310.045 0.00586736
91109.5 310.372 0.00600965
91284.7 310.696 0.00615053
91454.9 311.017 0.00629007
91620.7 311.336 0.00642848
91782.5 311.652 0.00656594
91940.4 311.967 0.00670315
92094.1 312.285 0.00684114
92243.2 312.605 0.00698056
92387.8 312.93 0.00712179
92528 313.262 0.0072659
92663 313.607 0.00741609
92793.2 313.968 0.00757316
92919.2 314.343 0.00773599
93041.3 314.729 0.007904
93160.3 315.121 0.00807421
93150.7 316.311 0.00859191
55265.4 319.221 0.00985677
55283.4 319.48 0.00996977
55439.8 319.829 0.0101213
55595.8 320.143 0.0102578
55752.2 320.447 0.0103902
55852.3 320.775 0.0105327
55868.4 321.131 0.0106873
55844.8 321.389 0.0107997
55907.2 322.247 0.0111727
55864.4 324.205 0.0120239
46237.3 334.033 0.0162968
46463.5 334.979 0.0167083
46721.5 335.95 0.0171305
