2247.37 5.15932e-005
4494.66 0.000109105
6741.99 0.000166618
8989.32 0.00022413
11236.7 0.000281642
13484 0.000339154
15718.4 0.000396779
17872.8 0.000455206
19904.2 0.000515048
21804.6 0.000576412
23583.4 0.000638904
25257.8 0.000702168
26840.7 0.000765994
28346.8 0.000830161
29785.7 0.000894547
31163.7 0.000959127
32489.3 0.00102379
33770.1 0.00108848
35010.6 0.00115321
36215.6 0.00121793
37389.1 0.00128261
38535 0.00134723
39657 0.0014118
40757.9 0.00147631
41840.3 0.00154066
42905.2 0.00160488
43954.1 0.00166894
44988.6 0.00173285
46009.7 0.00179661
47019 0.00186021
48017.7 0.00192367
49006.7 0.00198695
49987 0.00205005
50959.3 0.00211297
51924.2 0.00217573
52882.1 0.0022383
53833.5 0.00230071
54778.9 0.00236297
55718.2 0.00242508
56651.5 0.00248707
57578.9 0.00254894
58500.7 0.0026107
59417.1 0.00267236
60328.4 0.00273391
61234.9 0.00279536
62136.4 0.0028567
63033.2 0.00291796
63925 0.00297913
64811.7 0.00304023
65692.9 0.00310129
66568 0.00316231
67436.2 0.00322333
68296.6 0.00328438
69148.1 0.00334549
69989.4 0.00340668
70819.1 0.003468
71635.7 0.00352949
72437.8 0.00359118
73223.7 0.00365312
73992.4 0.00371534
74743.2 0.00377786
75475.1 0.00384072
76187.6 0.00390393
76880.1 0.00396753
77552.3 0.00403151
78204.1 0.00409589
78834.9 0.0041607
79445 0.00422592
80034.2 0.00429156
80603.6 0.00435762
81152.9 0.0044241
81682.7 0.00449099
82193.7 0.00455829
82685.5 0.004626
83159.8 0.00469409
83616.5 0.00476256
84056.4 0.00483141
84480.2 0.00490062
84887.3 0.00497019
85278.9 0.00504011
85656.4 0.00511034
86019.5 0.0051809
86369.1 0.00525175
86706.3 0.00532288
87031.4 0.00539428
87344.6 0.00546596
87646.4 0.00553789
87937.6 0.00561006
88219.1 0.00568245
88491.6 0.00575506
88754.5 0.00582788
89007.7 0.00590091
89252.1 0.00597412
89488.6 0.00604752
89717.1 0.00612109
89936.8 0.00619485
90148 0.00626877
90352.1 0.00634285
90549.9 0.00641706
90742.1 0.00649141
90928.7 0.00656588
91109.5 0.00664048
91284.7 0.00671521
91454.9 0.00679006
91620.7 0.00686502
91782.5 0.00694008
91940.4 0.00701523
92094.1 0.00709048
92243.2 0.00716583
92387.8 0.00724127
92528 0.00731681
92663 0.00739243
92793.2 0.00746812
92919.2 0.00754389
93041.3 0.00761972
93160.3 0.00769561
93150.7 0.00777126
55265.4 0.00844218
55283.4 0.00851701
55439.8 0.00858997
55595.8 0.00866291
55752.2 0.00873584
55852.3 0.00880955
55868.4 0.00888444
55844.8 0.00895984
55907.2 0.00903424
55864.4 0.00911043
46237.3 0.00931193
46463.5 0.00938459
46721.5 0.00945687
