2247.37 -22473.6 -1.24188e-007 4.533e+006 7.0414e-006 -1.51508e+008 0
4494.66 -44946.6 2.32359e-009 4.533e+006 -2.04469e-007 -3.03312e+008 0
6741.99 -67419.9 -1.47981e-009 4.533e+006 1.94088e-007 -4.55116e+008 0
8989.32 -89893.2 -8.61708e-010 4.533e+006 -1.36813e-008 -6.06919e+008 0
11236.7 -112367 1.58173e-010 4.533e+006 -8.91028e-008 -7.58723e+008 0
13484 -134840 1.34927e-010 4.533e+006 -3.33814e-008 -9.10527e+008 0
15718.4 -156019 1.74522e-008 4.53304e+006 -9.19597e-007 -1.06139e+009 0
17872.8 -179694 6.58023e-008 4.53304e+006 -3.68747e-006 -1.20712e+009 0
19904.2 -198208 8.66452e-008 4.53302e+006 -5.00899e-006 -1.34447e+009 0
21804.6 -217231 8.57993e-008 4.53304e+006 -4.9792e-006 -1.47319e+009 0
23583.4 -235823 8.18126e-008 4.53304e+006 -4.63216e-006 -1.59386e+009 0
25257.8 -252580 6.71337e-008 4.53299e+006 -3.76868e-006 -1.70756e+009 0
26840.7 -268406 6.0481e-008 4.533e+006 -3.45349e-006 -1.81515e+009 0
28346.8 -283500 4.74543e-008 4.533e+006 -2.7646e-006 -1.91764e+009 0
29785.7 -297860 4.48624e-008 4.533e+006 -2.58062e-006 -2.01565e+009 0
31163.7 -311638 3.83864e-008 4.533e+006 -2.16819e-006 -2.10961e+009 0
32489.3 -324893 3.15723e-008 4.533e+006 -1.79262e-006 -2.20008e+009 0
33770.1 -337701 2.99814e-008 4.533e+006 -1.69454e-006 -2.28757e+009 0
35010.6 -350038 2.58318e-008 4.53301e+006 -1.44897e-006 -2.37238e+009 0
36215.6 -362157 2.07418e-008 4.533e+006 -1.25018e-006 -2.45483e+009 0
37389.1 -373891 2.00441e-008 4.533e+006 -1.14614e-006 -2.53518e+009 0
38535 -385350 1.80648e-008 4.533e+006 -1.02078e-006 -2.61369e+009 0
39657 -396576 1.35269e-008 4.533e+006 -8.59759e-007 -2.69062e+009 0
40757.9 -407584 1.25094e-008 4.533e+006 -7.99395e-007 -2.76614e+009 0
41840.3 -418403 1.10928e-008 4.533e+006 -6.31258e-007 -2.84042e+009 0
42905.2 -429052 1.08708e-008 4.533e+006 -6.63475e-007 -2.91355e+009 0
43954.1 -439546 1.16427e-008 4.533e+006 -6.95596e-007 -2.98561e+009 0
44988.6 -449886 1.10634e-008 4.533e+006 -7.03785e-007 -3.05671e+009 0
46009.7 -460097 7.76152e-009 4.533e+006 -4.10131e-007 -3.12692e+009 0
47019 -470190 8.09689e-009 4.533e+006 -4.88118e-007 -3.19635e+009 0
48017.7 -480177 7.93203e-009 4.533e+006 -4.90029e-007 -3.26507e+009 0
49006.7 -490067 4.99781e-009 4.533e+006 -2.26421e-007 -3.33314e+009 0
49987 -499870 3.06455e-009 4.533e+006 -2.08525e-007 -3.40064e+009 0
50959.3 -509593 3.03355e-009 4.533e+006 -2.21938e-007 -3.4676e+009 0
51924.2 -519242 1.39301e-009 4.533e+006 -1.44787e-007 -3.53407e+009 0
52882.1 -528821 1.01442e-009 4.533e+006 -5.32192e-008 -3.60008e+009 0
53833.5 -538335 7.30293e-009 4.533e+006 -4.47447e-007 -3.66565e+009 0
54778.9 -547789 4.79656e-009 4.533e+006 -2.33353e-007 -3.73082e+009 0
55718.2 -557182 4.06357e-009 4.533e+006 -2.11895e-007 -3.79559e+009 0
56651.5 -566515 4.11881e-009 4.533e+006 -2.67007e-007 -3.85996e+009 0
57578.9 -575789 1.23543e-009 4.533e+006 -1.10182e-008 -3.92394e+009 0
58500.7 -585007 4.79579e-009 4.533e+006 -3.50385e-007 -3.98754e+009 0
59417.1 -594171 5.30141e-009 4.533e+006 -3.69604e-007 -4.05078e+009 0
60328.4 -603284 4.63479e-009 4.533e+006 -2.07391e-007 -4.11369e+009 0
61234.9 -612349 1.20795e-009 4.533e+006 2.00224e-008 -4.17627e+009 0
62136.4 -621364 8.21859e-010 4.533e+006 -1.01721e-008 -4.23852e+009 0
63033.2 -630332 2.36179e-010 4.533e+006 1.28859e-009 -4.30046e+009 0
63925 -639250 -3.22323e-010 4.533e+006 8.04956e-008 -4.36207e+009 0
64811.7 -648117 2.33349e-009 4.533e+006 -2.05292e-007 -4.42334e+009 0
65692.9 -656930 4.74977e-009 4.533e+006 -2.71085e-007 -4.48424e+009 0
66568 -665680 3.13223e-009 4.533e+006 -1.00848e-007 -4.54474e+009 0
67436.2 -674362 1.42261e-009 4.533e+006 1.72174e-008 -4.60477e+009 0
68296.6 -682969 5.75024e-009 4.533e+006 -3.151e-007 -4.66429e+009 0
69148.1 -691474 5.57115e-009 4.533e+006 -3.45344e-007 -4.72321e+009 0
69989.4 -699897 7.90859e-009 4.533e+006 -4.88462e-007 -4.78146e+009 0
70819.1 -708188 8.28787e-009 4.533e+006 -6.2121e-007 -4.83894e+009 0
71635.7 -716362 8.22193e-009 4.533e+006 -4.80199e-007 -4.89554e+009 0
72437.8 -724379 5.5629e-009 4.533e+006 -2.24675e-007 -4.95118e+009 0
73223.7 -732237 1.08323e-008 4.533e+006 -5.15824e-007 -5.00574e+009 0
73992.4 -739932 9.84161e-009 4.533e+006 -4.9672e-007 -5.05915e+009 0
74743.2 -747435 1.20358e-008 4.533e+006 -7.84508e-007 -5.11138e+009 0
75475.1 -754750 1.36217e-008 4.533e+006 -7.48222e-007 -5.16234e+009 0
76187.6 -761882 1.31048e-008 4.533e+006 -8.24607e-007 -5.21202e+009 0
76880.1 -768801 1.5714e-008 4.533e+006 -8.50078e-007 -5.26036e+009 0
77552.3 -775523 1.49605e-008 4.533e+006 -9.9942e-007 -5.30736e+009 0
78204.1 -782023 1.00673e-008 4.53301e+006 -5.99698e-007 -5.353e+009 0
78834.9 -788345 1.56242e-008 4.533e+006 -8.55415e-007 -5.39723e+009 0
79445 -794451 1.02208e-008 4.533e+006 -6.16483e-007 -5.4401e+009 0
80034.2 -800356 1.31882e-008 4.533e+006 -7.1599e-007 -5.48157e+009 0
80603.6 -806036 7.2289e-009 4.533e+006 -5.74388e-007 -5.52172e+009 0
81152.9 -811547 1.26226e-008 4.533e+006 -7.08594e-007 -5.56054e+009 0
81682.7 -816817 1.07452e-008 4.533e+006 -5.61757e-007 -5.59806e+009 0
82193.7 -821933 1.68753e-008 4.533e+006 -8.5397e-007 -5.63433e+009 0
82685.5 -826852 1.09007e-008 4.533e+006 -6.14983e-007 -5.66932e+009 0
83159.8 -831598 1.02253e-008 4.533e+006 -6.47767e-007 -5.70315e+009 0
83616.5 -836166 9.471e-009 4.533e+006 -6.26357e-007 -5.73581e+009 0
84056.4 -840564 9.03561e-009 4.533e+006 -4.65664e-007 -5.76734e+009 0
84480.2 -844794 5.41441e-009 4.533e+006 -2.61529e-007 -5.7978e+009 0
84887.3 -848872 1.42259e-008 4.533e+006 -6.61219e-007 -5.82716e+009 0
85278.9 -852790 8.6244e-009 4.533e+006 -5.51634e-007 -5.85548e+009 0
85656.4 -856556 5.33985e-009 4.533e+006 -2.52363e-007 -5.88287e+009 0
86019.5 -860211 1.15905e-008 4.533e+006 -5.1016e-007 -5.90929e+009 0
86369.1 -863674 1.28007e-008 4.533e+006 -7.33926e-007 -5.93482e+009 0
86706.3 -867063 4.61374e-009 4.533e+006 -3.60554e-007 -5.95953e+009 0
87031.4 -870310 6.016e-009 4.533e+006 -2.57738e-007 -5.98342e+009 0
87344.6 -873446 5.89706e-009 4.533e+006 -2.946e-007 -6.00653e+009 0
87646.4 -876465 7.69645e-009 4.533e+006 -4.07137e-007 -6.02888e+009 0
87937.6 -879400 9.36136e-009 4.533e+006 -6.73866e-007 -6.05053e+009 0
88219.1 -882191 7.77439e-009 4.533e+006 -2.92176e-007 -6.07152e+009 0
88491.6 -884920 4.57059e-009 4.533e+006 -2.37858e-007 -6.09192e+009 0
88754.5 -887546 5.47493e-009 4.533e+006 -4.26283e-007 -6.11168e+009 0
89007.7 -890046 4.3909e-009 4.533e+006 -2.54164e-007 -6.13079e+009 0
89252.1 -892522 5.79731e-009 4.533e+006 -5.85662e-007 -6.14933e+009 0
89488.6 -894886 3.97252e-009 4.533e+006 -1.19024e-007 -6.16733e+009 0
89717.1 -897174 4.69261e-009 4.533e+006 -3.52853e-007 -6.1848e+009 0
89936.8 -899368 4.26932e-009 4.533e+006 -3.43702e-007 -6.20168e+009 0
90148 -901481 3.55213e-009 4.533e+006 -2.12029e-007 -6.21801e+009 0
90352.1 -903517 5.58069e-009 4.533e+006 -2.86315e-007 -6.23385e+009 0
90549.9 -905499 5.189e-009 4.533e+006 -2.10776e-007 -6.24928e+009 0
90742.1 -907421 3.426e-009 4.533e+006 -3.85498e-007 -6.26433e+009 0
90928.7 -909287 1.72639e-009 4.533e+006 -1.14344e-007 -6.27902e+009 0
91109.5 -911095 5.95556e-009 4.533e+006 -4.33619e-007 -6.29332e+009 0
91284.7 -912847 6.75165e-009 4.533e+006 -2.92404e-007 -6.30724e+009 0
91454.9 -914549 3.13975e-009 4.533e+006 -4.28533e-007 -6.32083e+009 0
91620.7 -916207 2.5807e-010 4.533e+006 -2.01881e-008 -6.33413e+009 0
91782.5 -917825 -1.14274e-009 4.533e+006 -1.19929e-007 -6.34716e+009 0
91940.4 -919404 -1.92331e-009 4.533e+006 -7.6006e-008 -6.35993e+009 0
92094.1 -920941 7.49074e-009 4.533e+006 -3.87358e-007 -6.37243e+009 0
92243.2 -922433 1.95765e-009 4.533e+006 -2.00349e-007 -6.38462e+009 0
92387.8 -923878 -2.16789e-010 4.533e+006 8.13834e-009 -6.3965e+009 0
92528 -925255 8.17814e-009 4.533e+006 -3.795e-007 -6.4081e+009 0
92663 -925801 9.1107e-010 4.53295e+006 5.20338e-009 -6.41927e+009 0
92793.2 -926321 3.01106e-009 4.53285e+006 -1.56119e-007 -6.4301e+009 0
92919.2 -927093 1.01334e-008 4.53274e+006 -4.34615e-007 -6.44065e+009 0
93041.3 -930231 9.53352e-009 4.53266e+006 -5.54762e-007 -6.45107e+009 0
93160.3 -931769 1.16779e-008 4.53264e+006 -5.05568e-007 -6.46127e+009 0
93150.7 3.41889e+006 1.80084e-007 4.11437e+006 -1.01716e-005 -5.95787e+009 0
55265.4 -1.66031e+006 3.11796e-007 4.37948e+006 -1.76761e-005 -3.97093e+009 0
55283.4 -1.15619e+006 2.11146e-007 4.50352e+006 -1.17557e-005 -3.96806e+009 0
55439.8 -793089 1.31698e-008 4.52032e+006 -4.80483e-007 -3.96857e+009 0
55595.8 -652905 -6.3157e-009 4.52969e+006 7.57601e-007 -3.97651e+009 0
55752.2 -597140 -8.76498e-009 4.53167e+006 6.74763e-007 -3.98728e+009 0
55852.3 -760997 5.60964e-008 4.46508e+006 -3.03202e-006 -3.99704e+009 0
55868.4 -714736 1.46131e-007 4.35896e+006 -8.40068e-006 -3.99124e+009 0
55844.8 -2.16397e+006 2.12928e-007 4.48333e+006 -1.28097e-005 -4.05212e+009 0
55907.2 -4.95304e+006 8.64001e-008 4.3871e+006 -4.59415e-006 -4.14897e+009 0
55864.4 -3.54648e+006 4.75932e-007 4.0921e+006 -3.27307e-005 -3.85418e+009 0
46237.3 -448698 7.22734e-007 4.48768e+006 -4.07032e-005 -3.36688e+009 0
46463.5 -449572 1.75144e-007 4.51432e+006 -8.52497e-006 -3.38352e+009 0
46721.5 -462987 4.42004e-008 4.53147e+006 -1.91661e-006 -3.40309e+009 0
