2247.29 -2.37501 -0.000183757
4494.51 -2.68282 -0.000207572
6741.77 -2.99062 -0.000231387
8989.02 -3.29843 -0.000255202
11236.3 -3.60623 -0.000279017
13483.5 -3.91404 -0.000302832
15717.9 -4.22813 -0.000327134
17872.2 -4.55494 -0.000352419
19903.6 -4.88724 -0.00037813
21803.9 -5.21867 -0.000403773
23582.7 -5.54704 -0.00042918
25257 -5.86795 -0.000454008
26839.8 -6.18292 -0.000478378
28345.9 -6.48307 -0.0005021
29784.8 -6.71609 -0.000525763
31162.8 -6.94516 -0.000549026
32488.3 -7.17062 -0.000571921
33769 -7.39318 -0.000594521
35009.4 -7.61245 -0.000616788
36214.4 -7.82797 -0.000638675
37387.7 -8.04046 -0.000660252
38533.5 -8.2501 -0.000681541
39655.4 -8.45647 -0.000702498
40756.2 -8.6594 -0.000723105
41838.4 -8.86077 -0.000743554
42903.3 -9.05957 -0.000763742
43952 -9.2556 -0.000783648
44986.4 -9.44935 -0.000803324
46007.4 -9.64111 -0.000822796
47016.6 -9.83103 -0.000842083
48015.1 -10.0191 -0.000861178
49003.9 -10.2059 -0.000880147
49984.1 -10.3912 -0.000898968
50956.2 -10.5755 -0.000917687
51921 -10.7586 -0.00093628
52878.8 -10.9405 -0.000954746
53830.1 -11.121 -0.000973082
54775.2 -11.3003 -0.000991289
55714.5 -11.4527 -0.00100946
56647.5 -11.5808 -0.00102767
57574.9 -11.7087 -0.00104584
58496.4 -11.8362 -0.00106396
59412.7 -11.9639 -0.00108211
60323.8 -12.0911 -0.00110018
61230.1 -12.2176 -0.00111816
62131.4 -12.3445 -0.00113619
63028 -12.4715 -0.00115424
63919.6 -12.5987 -0.00117231
64806.1 -12.7267 -0.00119049
65687.1 -12.8557 -0.00120883
66562 -12.9856 -0.00122728
67429.9 -13.1174 -0.00124603
68290.1 -13.2519 -0.00126513
69141.3 -13.3889 -0.0012846
69982.3 -13.529 -0.0013045
70811.8 -13.6725 -0.0013249
71628.1 -13.8202 -0.00134589
72429.9 -13.9727 -0.00136756
73215.5 -14.1294 -0.00138982
73984 -14.2907 -0.00141275
74734.5 -14.457 -0.00143637
75466.1 -14.6271 -0.00146055
76178.3 -14.8014 -0.00148532
76870.4 -14.9565 -0.00151087
77542.4 -15.0823 -0.00153728
78193.8 -15.2118 -0.00156445
78824.2 -15.3437 -0.00159213
79434 -15.4801 -0.00162076
80022.7 -15.6199 -0.00165009
80591.7 -15.7628 -0.0016801
81140.6 -15.9088 -0.00171072
81669.9 -16.0594 -0.00174233
82180.4 -16.2139 -0.00177476
82671.6 -16.3722 -0.00180797
83145.3 -16.5352 -0.0018422
83601.5 -16.7021 -0.00187723
84040.7 -16.8724 -0.00191296
84463.8 -17.0468 -0.00194957
84870.2 -17.2259 -0.00198714
85261 -17.3674 -0.00202588
85637.6 -17.4898 -0.00206537
85999.9 -17.6134 -0.00210524
86348.5 -17.7378 -0.00214535
86684.6 -17.865 -0.00218636
87008.8 -17.9942 -0.00222804
87321 -18.1245 -0.00227007
87621.6 -18.2562 -0.00231254
87911.5 -18.3904 -0.00235583
88191.8 -18.5261 -0.00239958
88463.2 -18.6609 -0.00244306
88724.8 -18.7951 -0.00248636
88976.5 -18.8994 -0.00253064
89219.3 -18.9913 -0.00257611
89454.2 -19.0849 -0.00262242
89681.1 -19.1799 -0.00266944
89898.9 -19.2779 -0.0027179
90108.1 -19.3783 -0.00276758
90310.2 -19.4798 -0.00281777
90506.1 -19.5812 -0.00286796
90696.4 -19.6826 -0.00291811
90881 -19.7834 -0.00296797
91059.5 -19.8743 -0.0030178
91232.2 -19.9473 -0.00306732
91400 -20.02 -0.00311663
91563.4 -20.092 -0.00316554
91722.8 -20.1638 -0.00321427
91877.9 -20.2358 -0.00326311
92028.7 -20.3089 -0.00331272
92174.9 -20.3823 -0.00336257
92316.5 -20.456 -0.00341256
92453 -20.5312 -0.0034636
92584.4 -20.5312 -0.00351711
92710.9 -20.5312 -0.00357285
92833.2 -20.5312 -0.00363076
92952.1 -20.5312 -0.00368939
93047.8 -20.5312 -0.00375021
92765.2 0 -0.00417242
55188.1 0 -0.0121959
55159.9 0 -0.0125454
55324.5 0 -0.012878
55479.4 0 -0.0133025
55504.8 0 -0.0140857
55303.1 0 -0.0160781
45909.1 0 -0.025824
46212.2 0 -0.0264712
46500.6 0 -0.0271352
46763.7 0 -0.027822
47036.8 0 -0.0284936
47198 0 -0.029262
47394.5 0 -0.0299912
