2247.29 5.15922e-005
4494.51 0.000109104
6741.77 0.000166616
8989.02 0.000224128
11236.3 0.00028164
13483.5 0.000339152
15717.9 0.000396777
17872.2 0.000455204
19903.6 0.000515046
21803.9 0.000576409
23582.7 0.000638901
25257 0.000702165
26839.8 0.00076599
28345.9 0.000830157
29784.8 0.000894543
31162.8 0.000959123
32488.3 0.00102378
33769 0.00108847
35009.4 0.00115321
36214.4 0.00121793
37387.7 0.00128261
38533.5 0.00134723
39655.4 0.0014118
40756.2 0.00147631
41838.4 0.00154067
42903.3 0.00160488
43952 0.00166895
44986.4 0.00173286
46007.4 0.00179662
47016.6 0.00186023
48015.1 0.00192369
49003.9 0.00198696
49984.1 0.00205007
50956.2 0.00211299
51921 0.00217575
52878.8 0.00223832
53830.1 0.00230074
54775.2 0.00236299
55714.5 0.00242511
56647.5 0.0024871
57574.9 0.00254897
58496.4 0.00261074
59412.7 0.0026724
60323.8 0.00273395
61230.1 0.0027954
62131.4 0.00285674
63028 0.002918
63919.6 0.00297917
64806.1 0.00304028
65687.1 0.00310134
66562 0.00316237
67429.9 0.00322339
68290.1 0.00328444
69141.3 0.00334555
69982.3 0.00340675
70811.8 0.00346807
71628.1 0.00352956
72429.9 0.00359126
73215.5 0.0036532
73984 0.00371542
74734.5 0.00377795
75466.1 0.00384081
76178.3 0.00390403
76870.4 0.00396763
77542.4 0.00403162
78193.8 0.00409601
78824.2 0.00416082
79434 0.00422604
80022.7 0.00429169
80591.7 0.00435776
81140.6 0.00442424
81669.9 0.00449114
82180.4 0.00455845
82671.6 0.00462617
83145.3 0.00469427
83601.5 0.00476275
84040.7 0.00483161
84463.8 0.00490083
84870.2 0.00497042
85261 0.00504034
85637.6 0.00511059
85999.9 0.00518115
86348.5 0.00525202
86684.6 0.00532317
87008.8 0.00539459
87321 0.00546628
87621.6 0.00553822
87911.5 0.00561041
88191.8 0.00568282
88463.2 0.00575544
88724.8 0.00582827
88976.5 0.00590132
89219.3 0.00597456
89454.2 0.00604797
89681.1 0.00612156
89898.9 0.00619533
90108.1 0.00626927
90310.2 0.00634337
90506.1 0.0064176
90696.4 0.00649196
90881 0.00656644
91059.5 0.00664106
91232.2 0.00671581
91400 0.00679068
91563.4 0.00686565
91722.8 0.00694072
91877.9 0.00701589
92028.7 0.00709115
92174.9 0.00716651
92316.5 0.00724196
92453 0.0073175
92584.4 0.00739313
92710.9 0.00746884
92833.2 0.00754461
92952.1 0.00762044
93047.8 0.00769629
92765.2 0.00777136
55188.1 0.00844183
55159.9 0.0085173
55324.5 0.00859021
55479.4 0.00866329
55504.8 0.00873824
55303.1 0.00881683
45909.1 0.00901389
46212.2 0.00908567
46500.6 0.00915761
46763.7 0.00922984
47036.8 0.00930192
47198 0.00937535
47394.5 0.00944834
