2247.29 -22472.9 1.40676e-007 4.533e+006 -1.97237e-006 -1.51503e+008 0
4494.51 -44945.1 8.2555e-011 4.533e+006 -6.6017e-008 -3.03302e+008 0
6741.77 -67417.7 9.93972e-010 4.533e+006 -1.39257e-007 -4.55101e+008 0
8989.02 -89890.2 -6.29031e-011 4.533e+006 4.43386e-008 -6.06899e+008 0
11236.3 -112363 -1.93162e-009 4.533e+006 2.03386e-008 -7.58698e+008 0
13483.5 -134835 7.36225e-010 4.533e+006 -3.82926e-008 -9.10497e+008 0
15717.9 -156016 -1.93264e-008 4.53304e+006 2.15055e-007 -1.06136e+009 0
17872.2 -179686 -7.80301e-008 4.53304e+006 1.17692e-006 -1.20708e+009 0
19903.6 -198206 -9.87232e-008 4.53302e+006 1.48715e-006 -1.34443e+009 0
21803.9 -217228 -9.94261e-008 4.53304e+006 1.38473e-006 -1.47314e+009 0
23582.7 -235815 -9.1806e-008 4.53304e+006 1.27848e-006 -1.59381e+009 0
25257 -252572 -7.49626e-008 4.53299e+006 1.07641e-006 -1.70751e+009 0
26839.8 -268398 -6.60957e-008 4.533e+006 9.68679e-007 -1.8151e+009 0
28345.9 -283493 -5.38399e-008 4.533e+006 7.90052e-007 -1.91758e+009 0
29784.8 -297851 -5.30118e-008 4.533e+006 8.87502e-007 -2.01559e+009 0
31162.8 -311628 -4.39756e-008 4.533e+006 6.25908e-007 -2.10955e+009 0
32488.3 -324883 -3.60579e-008 4.533e+006 5.19076e-007 -2.20001e+009 0
33769 -337690 -3.37674e-008 4.533e+006 4.44243e-007 -2.2875e+009 0
35009.4 -350028 -3.2842e-008 4.53301e+006 5.88056e-007 -2.3723e+009 0
36214.4 -362144 -2.66145e-008 4.533e+006 4.38811e-007 -2.45475e+009 0
37387.7 -373877 -2.58505e-008 4.533e+006 4.83908e-007 -2.53509e+009 0
38533.5 -385335 -2.01487e-008 4.533e+006 2.90723e-007 -2.61359e+009 0
39655.4 -396555 -1.82504e-008 4.533e+006 3.19627e-007 -2.69051e+009 0
40756.2 -407563 -1.67259e-008 4.533e+006 2.47706e-007 -2.76602e+009 0
41838.4 -418384 -1.35868e-008 4.533e+006 1.81984e-007 -2.8403e+009 0
42903.3 -429033 -1.70383e-008 4.533e+006 3.65248e-007 -2.91342e+009 0
43952 -439526 -1.15408e-008 4.533e+006 2.36803e-007 -2.98547e+009 0
44986.4 -449864 -1.09328e-008 4.533e+006 2.02614e-007 -3.05656e+009 0
46007.4 -460074 -9.57194e-009 4.533e+006 7.76293e-008 -3.12677e+009 0
47016.6 -470166 -1.00393e-008 4.533e+006 2.4616e-007 -3.19619e+009 0
48015.1 -480151 -8.67731e-009 4.533e+006 9.35254e-008 -3.26489e+009 0
49003.9 -490039 -6.70661e-009 4.533e+006 2.43246e-007 -3.33296e+009 0
49984.1 -499841 -5.55067e-009 4.533e+006 7.22641e-008 -3.40045e+009 0
50956.2 -509562 -7.41873e-009 4.533e+006 8.24998e-008 -3.4674e+009 0
51921 -519210 -4.35539e-009 4.533e+006 2.35313e-010 -3.53386e+009 0
52878.8 -528788 -4.67596e-009 4.533e+006 1.36492e-007 -3.59986e+009 0
53830.1 -538301 -4.11161e-009 4.533e+006 4.44713e-008 -3.66542e+009 0
54775.2 -547752 -8.21534e-009 4.533e+006 3.34233e-007 -3.73058e+009 0
55714.5 -557145 -3.61572e-009 4.533e+006 -8.28376e-009 -3.79534e+009 0
56647.5 -566476 -7.06912e-009 4.533e+006 2.52138e-007 -3.8597e+009 0
57574.9 -575749 -4.46009e-009 4.533e+006 6.33435e-008 -3.92367e+009 0
58496.4 -584964 -5.00998e-009 4.533e+006 1.22522e-007 -3.98725e+009 0
59412.7 -594127 -4.14333e-009 4.533e+006 1.04354e-007 -4.05049e+009 0
60323.8 -603238 -3.17035e-009 4.533e+006 4.30974e-008 -4.11338e+009 0
61230.1 -612301 -3.0787e-009 4.533e+006 5.90516e-008 -4.17595e+009 0
62131.4 -621314 -3.57109e-009 4.533e+006 3.17922e-008 -4.23819e+009 0
63028 -630280 -3.78374e-010 4.533e+006 -8.61656e-008 -4.30012e+009 0
63919.6 -639196 -2.77431e-009 4.533e+006 4.9109e-008 -4.36171e+009 0
64806.1 -648061 -3.85521e-009 4.533e+006 1.04138e-008 -4.42297e+009 0
65687.1 -656871 -3.70255e-009 4.533e+006 9.607e-008 -4.48385e+009 0
66562 -665619 -2.88009e-009 4.533e+006 9.96545e-008 -4.54433e+009 0
67429.9 -674299 -4.37912e-009 4.533e+006 7.94546e-008 -4.60435e+009 0
68290.1 -682904 -4.61996e-009 4.533e+006 3.21859e-008 -4.66385e+009 0
69141.3 -691406 -4.13218e-009 4.533e+006 -2.03911e-008 -4.72276e+009 0
69982.3 -699826 -1.01452e-008 4.533e+006 1.62424e-007 -4.78099e+009 0
70811.8 -708114 -6.24099e-009 4.533e+006 -9.45099e-008 -4.83845e+009 0
71628.1 -716285 -9.70661e-009 4.533e+006 3.01547e-009 -4.89503e+009 0
72429.9 -724300 -8.21256e-009 4.533e+006 5.13713e-008 -4.95065e+009 0
73215.5 -732156 -1.57699e-008 4.533e+006 3.41938e-007 -5.00519e+009 0
73984 -739847 -1.27592e-008 4.533e+006 1.44546e-007 -5.05859e+009 0
74734.5 -747347 -1.14306e-008 4.533e+006 9.1627e-008 -5.1108e+009 0
75466.1 -754668 -1.40754e-008 4.533e+006 1.81926e-007 -5.16174e+009 0
76178.3 -761789 -1.45078e-008 4.533e+006 3.65333e-007 -5.2114e+009 0
76870.4 -768706 -1.23702e-008 4.533e+006 1.26477e-007 -5.25972e+009 0
77542.4 -775423 -1.65614e-008 4.533e+006 1.48687e-007 -5.3067e+009 0
78193.8 -781942 -1.28022e-008 4.533e+006 1.83155e-007 -5.35231e+009 0
78824.2 -788228 -1.48904e-008 4.533e+006 6.2374e-008 -5.39653e+009 0
79434 -794333 -1.79353e-008 4.533e+006 4.43699e-007 -5.43937e+009 0
80022.7 -800239 -1.68777e-008 4.533e+006 2.69969e-007 -5.48081e+009 0
80591.7 -805917 -1.40994e-008 4.533e+006 1.3923e-007 -5.52093e+009 0
81140.6 -811403 -1.68348e-008 4.533e+006 1.99983e-007 -5.55972e+009 0
81669.9 -816695 -2.20751e-008 4.533e+006 6.07329e-007 -5.59721e+009 0
82180.4 -821810 -1.39344e-008 4.533e+006 3.77625e-008 -5.63344e+009 0
82671.6 -826715 -1.22144e-008 4.533e+006 6.8036e-008 -5.6684e+009 0
83145.3 -831454 -1.25852e-008 4.533e+006 1.93019e-007 -5.70218e+009 0
83601.5 -836016 -1.4161e-008 4.533e+006 3.37981e-007 -5.7348e+009 0
84040.7 -840406 -1.30774e-008 4.533e+006 1.85193e-007 -5.76629e+009 0
84463.8 -844637 -1.19917e-008 4.533e+006 2.83064e-007 -5.79671e+009 0
84870.2 -848701 -1.41475e-008 4.533e+006 3.49595e-007 -5.82602e+009 0
85261 -852610 -1.52131e-008 4.533e+006 3.2225e-007 -5.85429e+009 0
85637.6 -856376 -7.37027e-009 4.533e+006 2.92615e-008 -5.88162e+009 0
85999.9 -860018 -1.24053e-008 4.533e+006 3.50568e-007 -5.90799e+009 0
86348.5 -863484 -8.61421e-009 4.533e+006 6.92839e-008 -5.93346e+009 0
86684.6 -866847 -8.35196e-009 4.533e+006 -7.97672e-008 -5.95809e+009 0
87008.8 -870086 -1.00192e-008 4.533e+006 2.26628e-007 -5.98192e+009 0
87321 -873210 -6.84289e-009 4.533e+006 -1.19766e-007 -6.00496e+009 0
87621.6 -876216 -9.24862e-009 4.533e+006 1.3665e-007 -6.02723e+009 0
87911.5 -879116 -6.52481e-009 4.533e+006 1.44371e-007 -6.04879e+009 0
88191.8 -881920 -8.44336e-009 4.533e+006 3.30482e-007 -6.06971e+009 0
88463.2 -884641 -7.58996e-009 4.533e+006 5.25898e-008 -6.09004e+009 0
88724.8 -887323 -6.92685e-009 4.53299e+006 1.24001e-007 -6.10971e+009 0
88976.5 -889765 -5.52583e-009 4.533e+006 7.17786e-008 -6.12872e+009 0
89219.3 -892215 -6.03765e-009 4.533e+006 1.1729e-007 -6.14714e+009 0
89454.2 -894543 -3.63873e-009 4.533e+006 -2.91155e-008 -6.16504e+009 0
89681.1 -896813 -4.046e-009 4.533e+006 -1.6847e-009 -6.1824e+009 0
89898.9 -898997 -8.6219e-009 4.533e+006 2.09157e-007 -6.19916e+009 0
90108.1 -901081 -5.97197e-009 4.533e+006 2.4549e-007 -6.21535e+009 0
90310.2 -903076 -5.15439e-009 4.533e+006 6.56069e-008 -6.23106e+009 0
90506.1 -905057 -1.14217e-008 4.533e+006 5.12101e-007 -6.24636e+009 0
90696.4 -906964 -3.35245e-009 4.533e+006 -7.37259e-009 -6.26129e+009 0
90881 -908810 -5.3977e-009 4.533e+006 4.18954e-009 -6.27584e+009 0
91059.5 -910594 -7.41458e-009 4.533e+006 2.62708e-007 -6.28998e+009 0
91232.2 -912322 -5.82098e-009 4.533e+006 8.88927e-008 -6.30375e+009 0
91400 -914000 -2.14459e-009 4.533e+006 -9.78348e-008 -6.31718e+009 0
91563.4 -915634 1.59856e-009 4.533e+006 -2.9711e-007 -6.33032e+009 0
91722.8 -917228 -6.43624e-009 4.533e+006 1.85234e-007 -6.34319e+009 0
91877.9 -918779 -1.84627e-009 4.533e+006 -9.55195e-008 -6.35578e+009 0
92028.7 -920287 -2.20567e-009 4.533e+006 -1.66243e-007 -6.36808e+009 0
92174.9 -921749 -2.98108e-009 4.533e+006 1.17995e-007 -6.38007e+009 0
92316.5 -923165 -2.40162e-009 4.533e+006 -4.93399e-008 -6.39176e+009 0
92453 -924145 -6.41572e-010 4.53299e+006 -1.16472e-007 -6.40308e+009 0
92584.4 -925260 -7.42807e-009 4.53292e+006 3.68896e-007 -6.41404e+009 0
92710.9 -925573 -9.14006e-009 4.53282e+006 2.2478e-007 -6.4246e+009 0
92833.2 -928318 -1.10489e-008 4.53275e+006 4.05399e-007 -6.43504e+009 0
92952.1 -929428 -6.53434e-009 4.53276e+006 8.78356e-008 -6.44521e+009 0
93047.8 1.76832e+006 -4.20565e-008 4.43298e+006 7.88588e-007 -6.24925e+009 0
92765.2 1.06203e+006 -5.74119e-007 3.6916e+006 8.45624e-006 -5.78192e+009 0
55188.1 -2.31926e+006 -4.39696e-007 4.3075e+006 7.13103e-006 -3.98363e+009 0
55159.9 -2.7223e+006 -3.31219e-007 4.44844e+006 5.52112e-006 -4.01196e+009 0
55324.5 -3.491e+006 -4.27819e-008 4.41507e+006 2.74079e-007 -4.05085e+009 0
55479.4 -4.72243e+006 -1.66973e-008 4.28516e+006 4.67228e-007 -4.09521e+009 0
55504.8 -6.90194e+006 -1.55346e-007 4.20226e+006 -1.59223e-007 -4.16722e+009 0
55303.1 1.76628e+006 -4.91476e-007 4.14687e+006 -5.46919e-006 -3.43718e+009 0
45909.1 -457099 -1.70557e-007 4.52645e+006 1.75266e-006 -3.33554e+009 0
46212.2 -461527 -4.74526e-008 4.53253e+006 1.09395e-006 -3.35796e+009 0
46500.6 -464810 -5.02454e-008 4.53278e+006 1.57894e-006 -3.37943e+009 0
46763.7 -467145 -6.15633e-008 4.53282e+006 1.27904e-006 -3.39919e+009 0
47036.8 -470244 -2.48644e-008 4.53291e+006 6.05113e-007 -3.41964e+009 0
47198 -466088 -1.5517e-007 4.53043e+006 1.9108e-006 -3.4325e+009 0
47394.5 -444106 -1.18668e-007 4.51635e+006 2.45188e-006 -3.44699e+009 0
