2247.63 -2.37526 -0.000183706
4495.18 -2.68317 -0.000207519
6742.77 -2.99107 -0.000231333
8990.36 -3.29897 -0.000255147
11238 -3.60687 -0.00027896
13485.5 -3.91478 -0.000302774
15720.3 -4.22897 -0.000327074
17874.9 -4.55588 -0.000352358
19906.5 -4.8883 -0.000378067
21807.1 -5.21983 -0.000403708
23586 -5.54834 -0.000429116
25260.6 -5.86933 -0.000453941
26843.6 -6.1844 -0.000478309
28349.9 -6.48492 -0.000502029
29788.9 -6.71885 -0.000525684
31167.2 -6.9488 -0.000548937
32493 -7.1751 -0.000571821
33774.1 -7.39844 -0.000594406
35014.9 -7.61849 -0.000616658
36220.3 -7.83478 -0.000638529
37394.1 -8.04799 -0.000660089
38540.4 -8.25835 -0.000681362
39662.9 -8.46543 -0.000702302
40764.2 -8.66905 -0.000722892
41847.1 -8.87109 -0.000743323
42912.5 -9.07057 -0.000763494
43961.9 -9.26727 -0.000783385
44996.9 -9.46168 -0.000803044
46018.5 -9.65407 -0.0008225
47028.4 -9.84464 -0.00084177
48027.6 -10.0333 -0.000860849
49017.1 -10.2207 -0.0008798
49997.9 -10.4067 -0.000898605
50970.8 -10.5916 -0.000917306
51936.2 -10.7753 -0.000935882
52894.8 -10.9578 -0.000954331
53846.7 -11.1389 -0.000972652
54792.6 -11.3188 -0.000990843
55732.6 -11.474 -0.00100899
56666.4 -11.6046 -0.00102717
57594.5 -11.735 -0.00104531
58516.9 -11.865 -0.0010634
59434 -11.9951 -0.00108151
60346 -12.1247 -0.00109955
61253.2 -12.2537 -0.0011175
62155.5 -12.383 -0.00113548
63053.1 -12.5124 -0.00115349
63945.7 -12.6419 -0.00117152
64833.3 -12.7723 -0.00118966
65715.4 -12.9037 -0.00120795
66591.4 -13.036 -0.00122636
67460.5 -13.1702 -0.00124504
68321.9 -13.3071 -0.00126409
69174.3 -13.4466 -0.0012835
70016.7 -13.5892 -0.00130335
70847.5 -13.7354 -0.00132369
71665.1 -13.8857 -0.00134461
72468.3 -14.0409 -0.0013662
73255.3 -14.2004 -0.0013884
74025.2 -14.3645 -0.00141124
74777 -14.5337 -0.00143478
75510.1 -14.7067 -0.00145886
76223.7 -14.8841 -0.00148354
76917.4 -15.0479 -0.00150892
77591 -15.1819 -0.00153515
78244.1 -15.3197 -0.00156212
78876.3 -15.46 -0.0015896
79488 -15.6049 -0.00161795
80078.7 -15.7533 -0.00164701
80649.8 -15.9051 -0.00167672
81200.9 -16.0599 -0.00170701
81732.6 -16.2193 -0.00173822
82245.6 -16.3827 -0.00177022
82739.6 -16.55 -0.00180295
83216.1 -16.7219 -0.00183661
83675.3 -16.8976 -0.001871
84117.7 -17.0771 -0.00190615
84544.1 -17.2604 -0.00194203
84954 -17.4482 -0.00197878
85348.7 -17.6184 -0.00201657
85729.3 -17.7615 -0.00205491
86095.5 -17.9066 -0.00209378
86448.7 -18.0521 -0.00213276
86789.7 -18.1995 -0.00217226
87118.5 -18.3495 -0.00221247
87435.6 -18.501 -0.00225306
87741.8 -18.6539 -0.00229401
88037.4 -18.8083 -0.00233539
88323.1 -18.9649 -0.00237736
88599.8 -19.1204 -0.00241902
88867.4 -19.2749 -0.00246041
89125.9 -19.4295 -0.00250227
89375.8 -19.5583 -0.00254455
89617.5 -19.6894 -0.0025876
89851.4 -19.8232 -0.00263154
90077.3 -19.9585 -0.00267598
90295.4 -20.0965 -0.00272129
90506.2 -20.2365 -0.00276727
90710.4 -20.3772 -0.00281347
90908.8 -20.5181 -0.00285977
91101.9 -20.6577 -0.00290561
91289.8 -20.7955 -0.00295084
91472.4 -20.9315 -0.00299553
91650.3 -21.0636 -0.00303967
91823.7 -21.1939 -0.00308328
91993.1 -21.323 -0.00312651
92158.6 -21.4511 -0.00316938
92320.6 -21.5783 -0.00321197
92478.4 -21.7045 -0.00325422
92631.9 -21.8314 -0.00329668
92781.4 -21.9593 -0.0033395
92927.1 -22.0884 -0.00338271
93069.1 -22.2188 -0.00342639
93206.2 -22.3539 -0.0034716
93339.6 -22.3539 -0.00351856
93469 -22.3539 -0.00356711
93594.4 -22.3539 -0.00361789
93716.7 -22.3539 -0.00366911
93836 -22.3539 -0.00371991
93836.9 -22.3539 -0.00381896
55467.3 0 -0.0117392
55386.8 0 -0.0120577
55545.2 0 -0.0122666
55702.7 0 -0.0124329
55860.8 0 -0.0125888
56012.5 0 -0.0127435
56065.1 0 -0.013017
56089.9 0 -0.013306
56098 0 -0.0135942
56177.3 0 -0.0138974
