2247.63 -28.5318 -0.000142659
4495.18 -24.2859 -0.00012143
6742.77 -20.04 -0.0001002
8990.36 -15.7942 -7.89708e-005
11238 -11.5483 -5.77413e-005
13485.5 -7.30238 -3.65119e-005
15720.3 -2.84939 -1.4247e-005
17874.9 2.15657 1.07829e-005
19906.5 7.65032 3.82516e-005
21807.1 13.5298 6.76488e-005
23586 19.756 9.87798e-005
25260.6 26.1377 0.000130689
26843.6 32.7198 0.000163599
28349.9 39.3207 0.000196604
29788.9 46.1443 0.000230721
31167.2 53.0023 0.000265012
32493 59.8694 0.000299347
33774.1 66.6893 0.000333447
35014.9 73.6067 0.000368034
36220.3 80.5026 0.000402513
37394.1 87.3964 0.000436982
38540.4 94.2162 0.000471081
39662.9 100.974 0.000504869
40764.2 107.674 0.00053837
41847.1 114.33 0.000571652
42912.5 121.021 0.000605104
43961.9 127.715 0.000638574
44996.9 134.389 0.000671945
46018.5 141.021 0.000705106
47028.4 147.605 0.000738025
48027.6 154.124 0.000770621
49017.1 160.591 0.000802955
49997.9 167.016 0.000835086
50970.8 173.413 0.000867071
51936.2 179.789 0.000898959
52894.8 186.153 0.000930791
53846.7 192.505 0.00096257
54792.6 198.841 0.000994281
55732.6 205.189 0.00102607
56666.4 211.567 0.00105805
57594.5 217.943 0.00109007
58516.9 224.278 0.00112197
59434 230.58 0.00115384
60346 236.826 0.00118561
61253.2 243.017 0.0012174
62155.5 249.135 0.00124926
63053.1 255.139 0.00128117
63945.7 260.984 0.00131316
64833.3 266.644 0.00134547
65715.4 272.045 0.00137817
66591.4 277.115 0.00141147
67460.5 281.77 0.00144559
68321.9 285.92 0.00148073
69174.3 289.49 0.00151711
70016.7 292.447 0.00155498
70847.5 294.803 0.00159463
71665.1 296.61 0.00163632
72468.3 297.956 0.00168039
73255.3 298.93 0.00172693
74025.2 299.625 0.00177588
74777 300.122 0.00182714
75510.1 300.487 0.00188066
76223.7 300.768 0.00193677
76917.4 300.996 0.00199513
77591 301.193 0.00205589
78244.1 301.373 0.00211919
78876.3 301.547 0.00218569
79488 301.719 0.00225497
80078.7 301.892 0.00232697
80649.8 302.067 0.00240114
81200.9 302.245 0.00247739
81732.6 302.428 0.00255637
82245.6 302.615 0.00263764
82739.6 302.809 0.00272167
83216.1 303.008 0.00280784
83675.3 303.21 0.00289584
84117.7 303.418 0.0029862
84544.1 303.632 0.0030793
84954 303.854 0.00317562
85348.7 304.082 0.00327484
85729.3 304.315 0.00337596
86095.5 304.553 0.00347963
86448.7 304.794 0.00358418
86789.7 305.038 0.00369032
87118.5 305.286 0.00379837
87435.6 305.539 0.00390821
87741.8 305.796 0.00402018
88037.4 306.059 0.00413427
88323.1 306.324 0.00424976
88599.8 306.59 0.00436516
88867.4 306.858 0.00448195
89125.9 307.133 0.00460123
89375.8 307.411 0.00472213
89617.5 307.696 0.00484613
89851.4 307.99 0.00497371
90077.3 308.289 0.00510378
90295.4 308.595 0.00523693
90506.2 308.907 0.00537268
90710.4 309.224 0.0055103
90908.8 309.542 0.00564858
91101.9 309.857 0.0057858
91289.8 310.169 0.0059214
91472.4 310.477 0.00605532
91650.3 310.781 0.00618752
91823.7 311.082 0.00631808
91993.1 311.379 0.00644734
92158.6 311.674 0.00657567
92320.6 311.968 0.00670369
92478.4 312.264 0.00683229
92631.9 312.564 0.00696241
92781.4 312.867 0.00709436
92927.1 313.175 0.00722837
93069.1 313.489 0.00736486
93206.2 313.817 0.00750747
93339.6 314.157 0.00765528
93469 314.509 0.00780809
93594.4 314.872 0.00796601
93716.7 315.238 0.00812504
93836 315.603 0.00828404
93836.9 316.717 0.00876823
55467.3 319.829 0.0101214
55386.8 319.943 0.0101707
55545.2 320.285 0.0103197
55702.7 320.597 0.0104554
55860.8 320.901 0.0105874
56012.5 321.211 0.0107222
56065.1 321.532 0.0108618
56089.9 321.806 0.0109809
56098 322.041 0.0110831
56177.3 322.456 0.0112635
