2247.63 5.15961e-005
4495.18 0.000109108
6742.77 0.000166621
8990.36 0.000224133
11238 0.000281645
13485.5 0.000339157
15720.3 0.000396782
17874.9 0.000455209
19906.5 0.000515052
21807.1 0.000576416
23586 0.000638908
25260.6 0.000702173
26843.6 0.000765998
28349.9 0.000830166
29788.9 0.000894553
31167.2 0.000959132
32493 0.00102379
33774.1 0.00108848
35014.9 0.00115321
36220.3 0.00121793
37394.1 0.00128261
38540.4 0.00134722
39662.9 0.00141178
40764.2 0.00147628
41847.1 0.00154063
42912.5 0.00160483
43961.9 0.00166889
44996.9 0.00173279
46018.5 0.00179654
47028.4 0.00186014
48027.6 0.00192359
49017.1 0.00198686
49997.9 0.00204995
50970.8 0.00211287
51936.2 0.00217561
52894.8 0.00223818
53846.7 0.00230059
54792.6 0.00236283
55732.6 0.00242494
56666.4 0.00248692
57594.5 0.00254879
58516.9 0.00261054
59434 0.00267219
60346 0.00273373
61253.2 0.00279517
62155.5 0.0028565
63053.1 0.00291775
63945.7 0.00297891
64833.3 0.00304
65715.4 0.00310105
66591.4 0.00316206
67460.5 0.00322307
68321.9 0.0032841
69174.3 0.00334519
70016.7 0.00340637
70847.5 0.00346768
71665.1 0.00352915
72468.3 0.00359083
73255.3 0.00365274
74025.2 0.00371494
74777 0.00377745
75510.1 0.00384029
76223.7 0.00390348
76917.4 0.00396705
77591 0.00403102
78244.1 0.00409537
78876.3 0.00416016
79488 0.00422535
80078.7 0.00429096
80649.8 0.00435699
81200.9 0.00442344
81732.6 0.0044903
82245.6 0.00455756
82739.6 0.00462524
83216.1 0.00469329
83675.3 0.00476172
84117.7 0.00483053
84544.1 0.00489969
84954 0.00496922
85348.7 0.00503908
85729.3 0.00510927
86095.5 0.00517977
86448.7 0.00525057
86789.7 0.00532165
87118.5 0.005393
87435.6 0.00546462
87741.8 0.00553649
88037.4 0.0056086
88323.1 0.00568093
88599.8 0.00575348
88867.4 0.00582625
89125.9 0.00589921
89375.8 0.00597236
89617.5 0.0060457
89851.4 0.00611922
90077.3 0.00619291
90295.4 0.00626676
90506.2 0.00634077
90710.4 0.00641493
90908.8 0.00648921
91101.9 0.00656363
91289.8 0.00663818
91472.4 0.00671286
91650.3 0.00678765
91823.7 0.00686256
91993.1 0.00693757
92158.6 0.00701268
92320.6 0.00708788
92478.4 0.00716319
92631.9 0.0072386
92781.4 0.00731409
92927.1 0.00738968
93069.1 0.00746534
93206.2 0.00754109
93339.6 0.00761691
93469 0.00769279
93594.4 0.00776874
93716.7 0.00784476
93836 0.00792085
93836.9 0.00799656
55467.3 0.0086767
55386.8 0.00875284
55545.2 0.00882576
55702.7 0.00889868
55860.8 0.00897159
56012.5 0.00904457
56065.1 0.00911893
56089.9 0.00919367
56098 0.00926863
56177.3 0.00934264
