2247.63 -22476.2 -4.30289e-008 4.533e+006 1.10201e-005 -1.51525e+008 0
4495.18 -44951.8 -3.74465e-010 4.533e+006 7.33907e-008 -3.03346e+008 0
6742.77 -67427.7 -1.09589e-009 4.533e+006 -6.05679e-009 -4.55168e+008 0
8990.36 -89903.6 5.51523e-010 4.533e+006 -1.09337e-007 -6.06989e+008 0
11238 -112380 1.40929e-009 4.533e+006 -1.46749e-007 -7.5881e+008 0
13485.5 -134855 -9.58673e-010 4.533e+006 1.71911e-007 -9.10631e+008 0
15720.3 -156034 2.73313e-009 4.53304e+006 -1.393e-006 -1.06151e+009 0
17874.9 -179720 2.22702e-008 4.53304e+006 -6.01287e-006 -1.20726e+009 0
19906.5 -198217 2.68008e-008 4.53303e+006 -7.45549e-006 -1.34462e+009 0
21807.1 -217244 2.72321e-008 4.53304e+006 -7.59406e-006 -1.47335e+009 0
23586 -235852 2.7822e-008 4.53299e+006 -7.31601e-006 -1.59406e+009 0
25260.6 -252599 2.06528e-008 4.53299e+006 -5.80584e-006 -1.70775e+009 0
26843.6 -268436 2.12496e-008 4.533e+006 -5.35144e-006 -1.81535e+009 0
28349.9 -283525 1.23767e-008 4.533e+006 -3.93371e-006 -1.91784e+009 0
29788.9 -297893 1.52227e-008 4.533e+006 -4.01456e-006 -2.01586e+009 0
31167.2 -311672 1.28346e-008 4.533e+006 -3.40288e-006 -2.10984e+009 0
32493 -324930 8.62243e-009 4.533e+006 -2.80537e-006 -2.20033e+009 0
33774.1 -337741 9.52318e-009 4.533e+006 -2.54313e-006 -2.28783e+009 0
35014.9 -350074 5.24414e-009 4.53301e+006 -2.23375e-006 -2.37266e+009 0
36220.3 -362203 6.83583e-009 4.533e+006 -1.94797e-006 -2.45514e+009 0
37394.1 -373942 5.52829e-009 4.533e+006 -1.68534e-006 -2.53551e+009 0
38540.4 -385405 5.76698e-009 4.533e+006 -1.59209e-006 -2.61405e+009 0
39662.9 -396630 6.37476e-009 4.533e+006 -1.37056e-006 -2.69101e+009 0
40764.2 -407642 3.62778e-009 4.533e+006 -1.14452e-006 -2.76656e+009 0
41847.1 -418471 6.84487e-009 4.533e+006 -1.25452e-006 -2.84088e+009 0
42912.5 -429125 3.11168e-009 4.533e+006 -9.46678e-007 -2.91404e+009 0
43961.9 -439624 2.34907e-009 4.533e+006 -7.79338e-007 -2.98613e+009 0
44996.9 -449969 6.82792e-009 4.533e+006 -9.25744e-007 -3.05726e+009 0
46018.5 -460185 1.84055e-009 4.533e+006 -6.22892e-007 -3.12751e+009 0
47028.4 -470284 1.25775e-009 4.533e+006 -6.03251e-007 -3.19697e+009 0
48027.6 -480275 3.57448e-009 4.533e+006 -6.70206e-007 -3.26572e+009 0
49017.1 -490171 2.54219e-009 4.533e+006 -5.54946e-007 -3.33383e+009 0
49997.9 -499979 2.29513e-009 4.533e+006 -4.73424e-007 -3.40137e+009 0
50970.8 -509708 2.49536e-009 4.533e+006 -5.00158e-007 -3.46837e+009 0
51936.2 -519362 -9.68315e-011 4.533e+006 -3.75425e-007 -3.53487e+009 0
52894.8 -528948 1.24121e-009 4.533e+006 -4.26511e-007 -3.60092e+009 0
53846.7 -538467 1.98909e-009 4.533e+006 -4.40485e-007 -3.66653e+009 0
54792.6 -547926 8.88307e-011 4.533e+006 -3.00986e-007 -3.73174e+009 0
55732.6 -557326 1.72918e-009 4.533e+006 -3.99624e-007 -3.79655e+009 0
56666.4 -566664 -3.9296e-010 4.533e+006 -2.65339e-007 -3.86095e+009 0
57594.5 -575945 -2.42141e-010 4.533e+006 -3.33563e-007 -3.92497e+009 0
58516.9 -585169 4.43135e-010 4.533e+006 -3.22422e-007 -3.98861e+009 0
59434 -594340 2.02649e-009 4.533e+006 -2.63052e-007 -4.0519e+009 0
60346 -603460 4.05317e-010 4.533e+006 -2.18723e-007 -4.11486e+009 0
61253.2 -612532 -6.52041e-010 4.533e+006 -3.02061e-007 -4.17749e+009 0
62155.5 -621555 2.40513e-009 4.533e+006 -3.77832e-007 -4.23979e+009 0
63053.1 -630531 2.60394e-009 4.533e+006 -3.48051e-007 -4.30179e+009 0
63945.7 -639457 4.5756e-010 4.533e+006 -3.49783e-007 -4.36345e+009 0
64833.3 -648333 -1.5932e-009 4.533e+006 -2.48292e-007 -4.42477e+009 0
65715.4 -657154 -1.8655e-010 4.533e+006 -3.55309e-007 -4.48573e+009 0
66591.4 -665912 1.42946e-009 4.533e+006 -3.47713e-007 -4.54629e+009 0
67460.5 -674605 5.6979e-009 4.533e+006 -5.09863e-007 -4.60639e+009 0
68321.9 -683223 1.87152e-009 4.533e+006 -4.73638e-007 -4.66597e+009 0
69174.3 -691741 4.09302e-009 4.533e+006 -6.53632e-007 -4.72496e+009 0
70016.7 -700171 5.00663e-009 4.533e+006 -6.74472e-007 -4.78327e+009 0
70847.5 -708474 5.3064e-009 4.533e+006 -8.01848e-007 -4.84082e+009 0
71665.1 -716656 1.98717e-010 4.533e+006 -5.58787e-007 -4.89749e+009 0
72468.3 -724684 5.86952e-009 4.533e+006 -9.42105e-007 -4.9532e+009 0
73255.3 -732549 2.60297e-009 4.533e+006 -1.04044e-006 -5.00784e+009 0
74025.2 -740262 2.58656e-009 4.533e+006 -9.08919e-007 -5.06133e+009 0
74777 -747771 6.1073e-009 4.533e+006 -1.06938e-006 -5.11363e+009 0
75510.1 -755097 9.82016e-010 4.533e+006 -9.07913e-007 -5.16467e+009 0
76223.7 -762237 3.01667e-009 4.533e+006 -1.05397e-006 -5.21442e+009 0
76917.4 -769174 4.22084e-009 4.533e+006 -1.31046e-006 -5.26285e+009 0
77591 -775909 3.96914e-009 4.533e+006 -1.12054e-006 -5.30993e+009 0
78244.1 -782442 3.85653e-009 4.533e+006 -1.1221e-006 -5.35566e+009 0
78876.3 -788763 4.62166e-009 4.533e+006 -1.19095e-006 -5.39999e+009 0
79488 -794882 4.05841e-009 4.533e+006 -1.19377e-006 -5.44296e+009 0
80078.7 -800820 3.22926e-009 4.533e+006 -1.15105e-006 -5.48453e+009 0
80649.8 -806498 9.8174e-009 4.533e+006 -1.30901e-006 -5.5248e+009 0
81200.9 -812012 1.66279e-010 4.533e+006 -1.05357e-006 -5.56373e+009 0
81732.6 -817327 -1.49026e-010 4.533e+006 -8.76699e-007 -5.60138e+009 0
82245.6 -822455 3.29309e-009 4.533e+006 -1.14217e-006 -5.63778e+009 0
82739.6 -827396 2.41049e-009 4.533e+006 -1.08594e-006 -5.67292e+009 0
83216.1 -832162 2.35348e-009 4.533e+006 -9.40079e-007 -5.7069e+009 0
83675.3 -836753 5.56659e-010 4.533e+006 -1.01944e-006 -5.73971e+009 0
84117.7 -841178 1.53464e-009 4.533e+006 -9.5177e-007 -5.77142e+009 0
84544.1 -845441 3.76196e-009 4.533e+006 -9.89376e-007 -5.80206e+009 0
84954 -849540 7.57386e-010 4.533e+006 -9.33634e-007 -5.8316e+009 0
85348.7 -853488 3.08499e-009 4.533e+006 -8.79658e-007 -5.86013e+009 0
85729.3 -857293 7.07525e-009 4.533e+006 -8.39448e-007 -5.88772e+009 0
86095.5 -860930 5.59171e-009 4.533e+006 -9.16563e-007 -5.91435e+009 0
86448.7 -864487 7.2266e-010 4.533e+006 -6.02376e-007 -5.94012e+009 0
86789.7 -867897 8.44743e-010 4.533e+006 -5.83011e-007 -5.96508e+009 0
87118.5 -871185 2.47104e-009 4.533e+006 -7.76176e-007 -5.98922e+009 0
87435.6 -874356 -4.87212e-010 4.533e+006 -4.89277e-007 -6.01259e+009 0
87741.8 -877423 7.29691e-009 4.533e+006 -7.89459e-007 -6.03523e+009 0
88037.4 -880373 -8.86102e-010 4.533e+006 -5.33138e-007 -6.05716e+009 0
88323.1 -883226 5.77685e-010 4.533e+006 -5.2403e-007 -6.07844e+009 0
88599.8 -885998 4.18196e-009 4.533e+006 -5.39926e-007 -6.09912e+009 0
88867.4 -888669 6.90425e-009 4.533e+006 -8.21527e-007 -6.11919e+009 0
89125.9 -891259 -1.94923e-009 4.533e+006 -3.5142e-007 -6.13866e+009 0
89375.8 -893785 5.56658e-009 4.533e+006 -7.01062e-007 -6.15756e+009 0
89617.5 -896176 -3.06944e-009 4.533e+006 -1.5476e-007 -6.17591e+009 0
89851.4 -898506 1.36063e-009 4.533e+006 -4.00571e-007 -6.19373e+009 0
90077.3 -900774 9.27305e-010 4.533e+006 -4.52243e-007 -6.21104e+009 0
90295.4 -902954 -6.53714e-010 4.533e+006 -1.87021e-007 -6.22781e+009 0
90506.2 -905062 4.72209e-009 4.533e+006 -5.3219e-007 -6.24411e+009 0
90710.4 -907105 4.15205e-009 4.533e+006 -6.54615e-007 -6.25996e+009 0
90908.8 -909088 1.07517e-009 4.533e+006 -5.01691e-007 -6.27543e+009 0
91101.9 -911019 2.85539e-009 4.533e+006 -3.03885e-007 -6.29054e+009 0
91289.8 -912898 2.0971e-009 4.533e+006 -3.43489e-007 -6.30531e+009 0
91472.4 -914724 1.12222e-009 4.533e+006 -3.09304e-007 -6.31973e+009 0
91650.3 -916503 8.98439e-010 4.533e+006 -3.4374e-007 -6.33383e+009 0
91823.7 -918237 -1.4047e-009 4.533e+006 -1.36123e-007 -6.34764e+009 0
91993.1 -919931 -1.02989e-009 4.533e+006 -2.13796e-007 -6.36117e+009 0
92158.6 -921587 2.56278e-009 4.533e+006 -2.92032e-007 -6.37446e+009 0
92320.6 -923206 -1.78496e-009 4.533e+006 -1.63916e-007 -6.3875e+009 0
92478.4 -924784 -2.75159e-009 4.533e+006 6.7853e-008 -6.40027e+009 0
92631.9 -926319 -4.70507e-010 4.533e+006 -1.15773e-007 -6.41275e+009 0
92781.4 -927815 -8.48374e-011 4.533e+006 -1.04127e-007 -6.42496e+009 0
92927.1 -929271 -1.38069e-009 4.533e+006 -5.82835e-008 -6.43692e+009 0
93069.1 -930652 -4.0264e-010 4.533e+006 -8.26098e-008 -6.44863e+009 0
93206.2 -930476 4.26291e-009 4.53291e+006 -5.38384e-007 -6.45988e+009 0
93339.6 -937899 7.53295e-009 4.53273e+006 -7.35467e-007 -6.4712e+009 0
93469 -931853 -1.52094e-009 4.53269e+006 -4.09258e-007 -6.48169e+009 0
93594.4 -934961 5.26037e-009 4.53238e+006 -8.26338e-007 -6.49218e+009 0
93716.7 -936830 4.97753e-009 4.53231e+006 -8.37952e-007 -6.50256e+009 0
93836 -938175 2.76634e-009 4.53228e+006 -5.71582e-007 -6.51276e+009 0
93836.9 3.70296e+006 7.35184e-009 4.07779e+006 -1.2275e-005 -5.97146e+009 0
55467.3 -1.88033e+006 1.20521e-007 4.26789e+006 -3.91398e-005 -3.99026e+009 0
55386.8 -1.28353e+006 7.24764e-008 4.48667e+006 -2.66114e-005 -3.98562e+009 0
55545.2 -802280 -2.56857e-009 4.52024e+006 -2.41838e-006 -3.98261e+009 0
55702.7 -658125 -2.94689e-008 4.52882e+006 1.80906e-006 -3.99055e+009 0
55860.8 -595716 -2.90908e-008 4.53149e+006 2.08386e-006 -4.00122e+009 0
56012.5 -584574 -3.13182e-008 4.53207e+006 1.48945e-006 -4.01316e+009 0
56065.1 -881411 -1.79035e-008 4.43362e+006 -6.95981e-006 -4.02201e+009 0
56089.9 -649865 -3.75142e-010 4.3882e+006 -1.11326e-005 -4.01453e+009 0
56098 -664720 6.64385e-009 4.52687e+006 -1.40156e-005 -4.02798e+009 0
56177.3 -2.30093e+006 2.74253e-008 4.48719e+006 -7.81611e-006 -4.09018e+009 0
