3500.82 5.53069e-005
7001.52 0.000112841
10502.3 0.000170374
14003 0.000227908
17398.6 0.000286095
20465.9 0.000346676
23176.6 0.000409677
25588.1 0.000474222
27766.3 0.000539718
29761.3 0.000605769
31616.2 0.000672125
33357 0.000738619
35005.8 0.000805149
36581.9 0.000871578
38096.7 0.00093789
39557 0.00100406
40972.3 0.00107001
42350.4 0.00113572
43695 0.00120123
45008.4 0.00126654
46293.4 0.00133162
47552.7 0.00139648
48789.7 0.00146112
50006.3 0.00152557
51204.5 0.00158985
52386.1 0.00165398
53553.1 0.00171793
54706.4 0.00178168
55847.1 0.00184524
56976.6 0.00190864
58095.6 0.0019719
59204.8 0.00203503
60305 0.00209802
61396.6 0.00216088
62480.1 0.0022236
63555.7 0.00228618
64624.4 0.00234861
65686.2 0.00241088
66741.8 0.00247303
67791 0.00253503
68834.2 0.00259693
69870.9 0.00265872
70900.7 0.00272042
71922.9 0.00278205
72936.7 0.00284363
73940.3 0.0029052
74932.3 0.00296681
75910.1 0.0030285
76871 0.00309032
77812.4 0.00315232
78732.2 0.00321458
79628 0.00327713
80498.5 0.00334002
81342.5 0.00340329
82160 0.00346694
82951 0.00353101
83715.1 0.00359552
84453.2 0.00366045
85165.3 0.00372583
85851.3 0.00379165
86511.8 0.00385792
87147.4 0.00392463
87759.7 0.00399177
88349.1 0.00405932
88917.4 0.00412729
89464.8 0.00419565
89993.2 0.00426437
90503.3 0.00433346
90995.9 0.00440289
91471.5 0.00447267
91930.5 0.00454278
92372.7 0.00461321
92799.8 0.00468395
93211.8 0.00475499
93609.1 0.00482632
93993.2 0.00489791
94364.9 0.00496976
94724.6 0.00504185
95072.3 0.00511419
95409 0.00518676
95733.7 0.00525955
96046.6 0.00533256
96349.1 0.00540577
96642.2 0.00547918
96926.3 0.00555276
97200.9 0.00562653
97466.3 0.00570046
97723.2 0.00577457
97972.2 0.00584882
98213.3 0.00592322
98445.4 0.00599776
98668.6 0.00607245
98884 0.00614726
99092.5 0.0062222
99295 0.00629725
99491.7 0.00637241
99682.3 0.00644768
99867.3 0.00652306
100047 0.00659853
100222 0.00667409
100391 0.00674974
100555 0.00682548
100714 0.0069013
100867 0.00697719
101017 0.00705316
101162 0.0071292
101303 0.00720531
101419 0.00728141
101106 0.00735617
50044.8 0.00811137
49876.4 0.00818833
49665.4 0.00826572
44164.2 0.00838811
44819 0.00845813
45328.3 0.00852934
