2247.42 -2.37511 -0.000183737
4494.78 -2.68295 -0.000207552
6742.16 -2.99079 -0.000231366
8989.55 -3.29864 -0.000255181
11236.9 -3.60648 -0.000278996
13484.3 -3.91432 -0.00030281
15718.8 -4.22846 -0.000327111
17873.3 -4.5553 -0.000352396
19904.7 -4.88765 -0.000378106
21805.1 -5.21912 -0.000403749
23584 -5.54753 -0.000429155
25258.5 -5.86848 -0.000453983
26841.3 -6.18349 -0.000478352
28347.5 -6.48378 -0.000502074
29786.4 -6.71714 -0.000525734
31164.5 -6.94654 -0.000548993
32490.1 -7.17231 -0.000571884
33771 -7.39516 -0.000594478
35011.6 -7.61472 -0.00061674
36216.7 -7.83053 -0.000638621
37390.2 -8.04328 -0.000660191
38536.2 -8.25319 -0.000681474
39658.3 -8.45983 -0.000702425
40759.3 -8.66301 -0.000723025
41841.7 -8.86463 -0.000743468
42906.8 -9.06368 -0.00076365
43955.8 -9.25996 -0.000783551
44990.4 -9.45396 -0.00080322
46011.6 -9.64595 -0.000822686
47021.1 -9.83612 -0.000841967
48019.8 -10.0244 -0.000861056
49008.9 -10.2114 -0.000880018
49989.3 -10.397 -0.000898833
50961.8 -10.5815 -0.000917545
51926.8 -10.7649 -0.000936132
52884.9 -10.9469 -0.000954592
53836.4 -11.1277 -0.000972923
54781.8 -11.3072 -0.000991124
55721.3 -11.4607 -0.00100929
56654.7 -11.5897 -0.00102749
57582.3 -11.7185 -0.00104564
58504.2 -11.8469 -0.00106375
59420.7 -11.9755 -0.00108189
60332.2 -12.1036 -0.00109995
61238.9 -12.2311 -0.00111792
62140.5 -12.3588 -0.00113593
63037.5 -12.4867 -0.00115396
63929.5 -12.6147 -0.00117202
64816.4 -12.7436 -0.00119019
65697.8 -12.8735 -0.0012085
66573 -13.0043 -0.00122694
67441.4 -13.137 -0.00124566
68302.1 -13.2724 -0.00126475
69153.7 -13.4103 -0.00128419
69995.2 -13.5513 -0.00130408
70825.2 -13.6959 -0.00132445
71642 -13.8445 -0.00134542
72444.4 -13.998 -0.00136706
73230.5 -14.1557 -0.00138929
73999.5 -14.3181 -0.00141219
74750.5 -14.4854 -0.00143578
75482.6 -14.6566 -0.00145992
76195.3 -14.8321 -0.00148466
76888.1 -14.9905 -0.00151015
77560.6 -15.1195 -0.00153649
78212.7 -15.2521 -0.00156359
78843.8 -15.3872 -0.00159119
79454.3 -15.5268 -0.00161972
80043.7 -15.6699 -0.00164894
80613.5 -15.8162 -0.00167884
81163.2 -15.9655 -0.00170933
81693.4 -16.1195 -0.00174079
82204.8 -16.2775 -0.00177306
82697.1 -16.4391 -0.00180609
83171.9 -16.6056 -0.0018401
83629.2 -16.7759 -0.00187488
84069.6 -16.9496 -0.00191039
84493.9 -17.1275 -0.00194672
84901.7 -17.3098 -0.00198397
85294 -17.4631 -0.00202234
85672.1 -17.5938 -0.00206138
86035.9 -17.726 -0.00210086
86386.3 -17.8588 -0.00214051
86724.4 -17.9941 -0.00218092
87050.3 -18.1317 -0.00222201
87364.4 -18.2705 -0.00226347
87667.2 -18.4107 -0.00230533
87959.4 -18.553 -0.00234781
88241.8 -18.6972 -0.00239088
88515.3 -18.8403 -0.00243362
88779.3 -18.9825 -0.0024761
89033.7 -19.1097 -0.00251933
89279.4 -19.2172 -0.00256336
89517.1 -19.3271 -0.00260841
89746.9 -19.4385 -0.00265409
89968.1 -19.5524 -0.00270075
90180.9 -19.669 -0.00274854
90386.6 -19.7871 -0.00279696
90585.9 -19.9055 -0.00284547
90779.5 -20.0238 -0.00289396
90967.8 -20.141 -0.00294202
91150.3 -20.2573 -0.00298967
91327.3 -20.3606 -0.00303693
91499.3 -20.4598 -0.00308376
91667.1 -20.5583 -0.00313033
91830.7 -20.656 -0.0031765
91990.6 -20.7533 -0.00322245
92146.4 -20.8504 -0.00326834
92297.8 -20.948 -0.00331444
92444.6 -21.0464 -0.00336096
92587.2 -21.1461 -0.00340807
92725.3 -21.2471 -0.00345577
92858.5 -21.2471 -0.00350617
92987.5 -21.2471 -0.0035579
93112 -21.2471 -0.00361219
93233.3 -21.2471 -0.00366747
93351.6 -21.2471 -0.00372312
93344.5 0 -0.00383576
55512.9 0 -0.0115669
55416.7 0 -0.0118944
55573.1 0 -0.0120985
55729.8 0 -0.0122667
55780.6 0 -0.01252
55930.7 0 -0.0127076
55966.1 0 -0.0130197
55875.9 0 -0.0134475
55934.5 0 -0.014095
55900.3 0 -0.0153659
46249.6 0 -0.0260586
46475.9 0 -0.0267819
