2247.42 -28.5384 -0.000142692
4494.78 -24.2927 -0.000121464
6742.16 -20.0471 -0.000100235
8989.55 -15.8014 -7.90069e-005
11236.9 -11.5557 -5.77785e-005
13484.3 -7.31002 -3.65501e-005
15718.8 -2.85725 -1.42862e-005
17873.3 2.14845 1.07422e-005
19904.7 7.6419 3.82095e-005
21805.1 13.521 6.7605e-005
23584 19.7454 9.87269e-005
25258.5 26.1282 0.000130641
26841.3 32.7099 0.000163549
28347.5 39.3106 0.000196553
29786.4 46.1343 0.000230671
31164.5 52.9926 0.000264963
32490.1 59.8602 0.000299301
33771 66.6808 0.000333404
35011.6 73.5986 0.000367993
36216.7 80.4948 0.000402474
37390.2 87.389 0.000436945
38536.2 94.2091 0.000471045
39658.3 100.967 0.000504835
40759.3 107.667 0.000538336
41841.7 114.323 0.000571617
42906.8 121.014 0.000605068
43955.8 127.707 0.000638534
44990.4 134.381 0.000671903
46011.6 141.013 0.000705063
47021.1 147.596 0.00073798
48019.8 154.115 0.000770575
49008.9 160.581 0.000802907
49989.3 167.006 0.000835034
50961.8 173.402 0.000867017
51926.8 179.777 0.000898901
52884.9 186.14 0.000930726
53836.4 192.491 0.000962498
54781.8 198.825 0.000994202
55721.3 205.173 0.00102599
56654.7 211.55 0.00105797
57582.3 217.926 0.00108999
58504.2 224.262 0.00112189
59420.7 230.565 0.00115376
60332.2 236.812 0.00118554
61238.9 243.002 0.00121733
62140.5 249.121 0.00124919
63037.5 255.125 0.0012811
63929.5 260.972 0.00131309
64816.4 266.632 0.0013454
65697.8 272.035 0.00137811
66573 277.105 0.0014114
67441.4 281.763 0.00144553
68302.1 285.915 0.00148068
69153.7 289.486 0.00151706
69995.2 292.444 0.00155494
70825.2 294.801 0.00159459
71642 296.609 0.00163628
72444.4 297.955 0.00168036
73230.5 298.929 0.00172689
73999.5 299.624 0.00177585
74750.5 300.122 0.00182714
75482.6 300.487 0.00188064
76195.3 300.768 0.00193678
76888.1 300.996 0.00199521
77560.6 301.193 0.00205605
78212.7 301.374 0.00211943
78843.8 301.548 0.00218597
79454.3 301.72 0.0022554
80043.7 301.893 0.00232754
80613.5 302.069 0.00240191
81163.2 302.247 0.00247838
81693.4 302.431 0.00255766
82204.8 302.619 0.00263924
82697.1 302.814 0.0027236
83171.9 303.013 0.00281023
83629.2 303.217 0.00289875
84069.6 303.426 0.00298959
84493.9 303.641 0.00308328
84901.7 303.865 0.00318026
85294 304.095 0.0032804
85672.1 304.33 0.00338246
86035.9 304.57 0.00348702
86386.3 304.813 0.00359272
86724.4 305.061 0.00370034
87050.3 305.313 0.00380989
87364.4 305.569 0.00392121
87667.2 305.83 0.00403477
87959.4 306.097 0.00415068
88241.8 306.367 0.00426806
88515.3 306.636 0.00438512
88779.3 306.908 0.00450353
89033.7 307.188 0.0046251
89279.4 307.473 0.00474905
89517.1 307.766 0.00487637
89746.9 308.067 0.00500736
89968.1 308.377 0.00514211
90180.9 308.695 0.00528036
90386.6 309.018 0.00542088
90585.9 309.345 0.00556294
90779.5 309.673 0.00570566
90967.8 309.999 0.0058474
91150.3 310.322 0.00598791
91327.3 310.642 0.0061269
91499.3 310.958 0.00626437
91667.1 311.272 0.00640072
91830.7 311.583 0.00653594
91990.6 311.893 0.00667067
92146.4 312.203 0.00680559
92297.8 312.516 0.00694184
92444.6 312.834 0.00708003
92587.2 313.158 0.00722078
92725.3 313.49 0.00736533
92858.5 313.839 0.00751705
92987.5 314.2 0.00767394
93112 314.577 0.00783787
93233.3 314.961 0.00800497
93351.6 315.348 0.00817296
93344.5 316.519 0.00868201
55512.9 319.562 0.010005
55416.7 319.663 0.0100492
55573.1 320 0.0101957
55729.8 320.311 0.010331
55780.6 320.584 0.0104498
55930.7 320.924 0.0105974
55966.1 321.262 0.0107442
55875.9 321.513 0.0108533
55934.5 322.43 0.011252
55900.3 324.143 0.0119969
46249.6 334.262 0.0163964
46475.9 335.211 0.0168092
