2247.42 -22474.2 2.49535e-008 4.533e+006 1.02286e-005 -1.51512e+008 0
4494.78 -44947.8 2.93781e-009 4.533e+006 -1.91934e-007 -3.03319e+008 0
6742.16 -67421.6 -2.82816e-009 4.533e+006 6.23733e-008 -4.55127e+008 0
8989.55 -89895.5 2.16227e-010 4.533e+006 4.91634e-008 -6.06935e+008 0
11236.9 -112369 -9.0842e-010 4.533e+006 6.3273e-008 -7.58742e+008 0
13484.3 -134843 -2.68216e-009 4.533e+006 8.85232e-008 -9.1055e+008 0
15718.8 -156022 -4.2085e-009 4.53304e+006 -1.37963e-006 -1.06142e+009 0
17873.3 -179699 -1.40355e-008 4.53304e+006 -5.50272e-006 -1.20715e+009 0
19904.7 -198210 -1.82103e-008 4.53303e+006 -6.85471e-006 -1.34451e+009 0
21805.1 -217234 -2.05111e-008 4.53304e+006 -6.99551e-006 -1.47323e+009 0
23584 -235829 -1.44397e-008 4.53304e+006 -6.92425e-006 -1.5939e+009 0
25258.5 -252587 -1.46812e-008 4.53299e+006 -5.42334e-006 -1.70761e+009 0
26841.3 -268413 -1.24713e-008 4.533e+006 -4.84678e-006 -1.8152e+009 0
28347.5 -283505 -8.63674e-009 4.533e+006 -3.9159e-006 -1.91768e+009 0
29786.4 -297868 -9.94116e-009 4.533e+006 -3.6321e-006 -2.0157e+009 0
31164.5 -311645 -8.42008e-009 4.533e+006 -3.13058e-006 -2.10966e+009 0
32490.1 -324901 -8.94285e-009 4.533e+006 -2.547e-006 -2.20014e+009 0
33771 -337710 -6.96544e-009 4.533e+006 -2.23857e-006 -2.28763e+009 0
35011.6 -350045 -6.40951e-009 4.53301e+006 -2.09081e-006 -2.37244e+009 0
36216.7 -362167 -5.57614e-009 4.533e+006 -1.8121e-006 -2.4549e+009 0
37390.2 -373902 -3.25884e-009 4.533e+006 -1.7602e-006 -2.53525e+009 0
38536.2 -385362 -4.45505e-009 4.533e+006 -1.34007e-006 -2.61377e+009 0
39658.3 -396587 -2.25855e-009 4.533e+006 -1.24645e-006 -2.6907e+009 0
40759.3 -407604 -2.74693e-009 4.533e+006 -1.15926e-006 -2.76623e+009 0
41841.7 -418417 -4.12038e-009 4.533e+006 -9.10051e-007 -2.84052e+009 0
42906.8 -429068 -1.26767e-009 4.533e+006 -9.77468e-007 -2.91366e+009 0
43955.8 -439563 -2.6934e-009 4.533e+006 -8.24573e-007 -2.98572e+009 0
44990.4 -449904 -3.0067e-009 4.533e+006 -7.6313e-007 -3.05683e+009 0
46011.6 -460116 -7.52603e-010 4.533e+006 -7.19811e-007 -3.12705e+009 0
47021.1 -470211 -3.46142e-009 4.533e+006 -4.81779e-007 -3.19649e+009 0
48019.8 -480198 -3.43069e-010 4.533e+006 -6.87484e-007 -3.26521e+009 0
49008.9 -490089 -1.11859e-009 4.533e+006 -4.47681e-007 -3.33329e+009 0
49989.3 -499893 1.03522e-009 4.533e+006 -5.46056e-007 -3.4008e+009 0
50961.8 -509618 -2.38715e-011 4.533e+006 -5.17575e-007 -3.46777e+009 0
51926.8 -519268 -2.02173e-010 4.533e+006 -4.4856e-007 -3.53424e+009 0
52884.9 -528849 1.88999e-009 4.533e+006 -4.84587e-007 -3.60026e+009 0
53836.4 -538364 1.56854e-009 4.533e+006 -4.87594e-007 -3.66584e+009 0
54781.8 -547818 -2.20747e-009 4.533e+006 -3.5192e-007 -3.73102e+009 0
55721.3 -557213 -3.03014e-010 4.533e+006 -3.29993e-007 -3.7958e+009 0
56654.7 -566547 -2.30491e-010 4.533e+006 -3.69382e-007 -3.86017e+009 0
57582.3 -575823 -6.61784e-010 4.533e+006 -2.52482e-007 -3.92416e+009 0
58504.2 -585041 6.87117e-010 4.533e+006 -3.94849e-007 -3.98777e+009 0
59420.7 -594207 1.20214e-010 4.533e+006 -3.43026e-007 -4.05102e+009 0
60332.2 -603322 1.98046e-009 4.533e+006 -4.1843e-007 -4.11394e+009 0
61238.9 -612389 9.57402e-011 4.533e+006 -2.69995e-007 -4.17653e+009 0
62140.5 -621405 -4.71042e-010 4.533e+006 -3.96716e-007 -4.2388e+009 0
63037.5 -630375 -8.09253e-010 4.533e+006 -2.09884e-007 -4.30075e+009 0
63929.5 -639294 -1.20323e-009 4.533e+006 -2.28415e-007 -4.36237e+009 0
64816.4 -648163 -5.10264e-009 4.533e+006 -3.84016e-008 -4.42365e+009 0
65697.8 -656978 -6.28971e-010 4.533e+006 -3.24296e-007 -4.48456e+009 0
66573 -665730 -6.68689e-011 4.533e+006 -4.04232e-007 -4.54507e+009 0
67441.4 -674414 -2.61072e-009 4.533e+006 -2.97106e-007 -4.60512e+009 0
68302.1 -683024 -4.78633e-010 4.533e+006 -5.18125e-007 -4.66465e+009 0
69153.7 -691530 -3.47039e-009 4.533e+006 -4.84001e-007 -4.72359e+009 0
69995.2 -699956 1.01602e-010 4.533e+006 -6.23199e-007 -4.78185e+009 0
70825.2 -708248 -3.66778e-009 4.533e+006 -5.83594e-007 -4.83934e+009 0
71642 -716424 -2.74207e-009 4.533e+006 -7.66814e-007 -4.89596e+009 0
72444.4 -724445 -9.3247e-010 4.533e+006 -7.71634e-007 -4.95161e+009 0
73230.5 -732305 -2.19867e-009 4.533e+006 -9.58804e-007 -5.00619e+009 0
73999.5 -740003 -4.54907e-009 4.533e+006 -8.45671e-007 -5.05962e+009 0
74750.5 -747507 -1.28307e-009 4.533e+006 -1.02181e-006 -5.11186e+009 0
75482.6 -754825 -1.11858e-009 4.533e+006 -1.09099e-006 -5.16284e+009 0
76195.3 -761960 9.73679e-011 4.533e+006 -1.26435e-006 -5.21253e+009 0
76888.1 -768896 -9.86383e-010 4.533e+006 -1.20553e-006 -5.2609e+009 0
77560.6 -775604 -3.25154e-009 4.533e+006 -1.07243e-006 -5.30791e+009 0
78212.7 -782132 -3.39422e-009 4.533e+006 -1.09014e-006 -5.35357e+009 0
78843.8 -788434 -4.95062e-009 4.533e+006 -1.05175e-006 -5.39783e+009 0
79454.3 -794532 -4.41573e-009 4.533e+006 -9.08604e-007 -5.44071e+009 0
80043.7 -800452 -5.0222e-009 4.533e+006 -1.06385e-006 -5.4822e+009 0
80613.5 -806135 -4.48489e-009 4.533e+006 -7.90431e-007 -5.52238e+009 0
81163.2 -811632 -4.20959e-009 4.533e+006 -1.03866e-006 -5.56123e+009 0
81693.4 -816935 -4.64703e-009 4.533e+006 -1.04398e-006 -5.59877e+009 0
82204.8 -822048 -2.14255e-009 4.533e+006 -1.09476e-006 -5.63507e+009 0
82697.1 -826972 -3.84131e-009 4.533e+006 -9.59776e-007 -5.67009e+009 0
83171.9 -831721 -5.37009e-009 4.533e+006 -9.88138e-007 -5.70395e+009 0
83629.2 -836292 -4.00553e-009 4.533e+006 -1.03467e-006 -5.73665e+009 0
84069.6 -840694 -4.96301e-009 4.533e+006 -6.80154e-007 -5.76822e+009 0
84493.9 -844954 -3.74869e-009 4.533e+006 -7.00079e-007 -5.79872e+009 0
84901.7 -849016 -1.22451e-009 4.533e+006 -1.00863e-006 -5.82812e+009 0
85294 -852938 -4.04395e-009 4.533e+006 -6.05185e-007 -5.85649e+009 0
85672.1 -856723 -6.04808e-010 4.533e+006 -9.03306e-007 -5.88391e+009 0
86035.9 -860359 -3.94759e-009 4.533e+006 -5.1882e-007 -5.91039e+009 0
86386.3 -863859 1.17171e-009 4.533e+006 -9.52218e-007 -5.93597e+009 0
86724.4 -867239 -4.06016e-009 4.533e+006 -5.82681e-007 -5.96073e+009 0
87050.3 -870503 -2.48141e-009 4.533e+006 -5.90349e-007 -5.98468e+009 0
87364.4 -873644 -1.53289e-009 4.533e+006 -5.55973e-007 -6.00785e+009 0
87667.2 -876677 -4.21058e-009 4.533e+006 -4.1504e-007 -6.03027e+009 0
87959.4 -879594 -4.24552e-009 4.533e+006 -3.11995e-007 -6.05197e+009 0
88241.8 -882418 -7.68492e-009 4.533e+006 -3.00202e-007 -6.07303e+009 0
88515.3 -885164 -3.7248e-009 4.533e+006 -3.10298e-007 -6.0935e+009 0
88779.3 -887794 -6.58879e-009 4.533e+006 -3.07865e-007 -6.11333e+009 0
89033.7 -890313 -4.13035e-009 4.533e+006 -3.32243e-007 -6.13253e+009 0
89279.4 -892793 -3.99762e-009 4.533e+006 -4.17784e-007 -6.15114e+009 0
89517.1 -895171 -4.35499e-009 4.533e+006 -3.56671e-007 -6.16922e+009 0
89746.9 -897494 -2.15877e-009 4.533e+006 -5.48058e-007 -6.18678e+009 0
89968.1 -899669 -1.07748e-009 4.533e+006 -4.6922e-007 -6.20377e+009 0
90180.9 -901797 1.75779e-009 4.533e+006 -5.03685e-007 -6.22019e+009 0
90386.6 -903866 2.54212e-009 4.533e+006 -5.71803e-007 -6.23614e+009 0
90585.9 -905859 -2.91638e-009 4.533e+006 -3.2809e-007 -6.25167e+009 0
90779.5 -907795 -2.47045e-009 4.533e+006 -4.09152e-007 -6.26682e+009 0
90967.8 -909678 -6.44631e-009 4.533e+006 5.03413e-008 -6.28162e+009 0
91150.3 -911503 -5.18111e-009 4.533e+006 1.39354e-007 -6.29603e+009 0
91327.3 -913273 2.70865e-009 4.533e+006 -5.42181e-007 -6.31007e+009 0
91499.3 -914991 -2.49057e-009 4.533e+006 -2.75482e-007 -6.32379e+009 0
91667.1 -916671 -3.2679e-009 4.533e+006 -5.61387e-009 -6.33721e+009 0
91830.7 -918307 -2.26699e-009 4.533e+006 -2.52989e-007 -6.35037e+009 0
91990.6 -919906 -3.25558e-009 4.533e+006 -7.39056e-008 -6.36327e+009 0
92146.4 -921464 -3.86237e-010 4.533e+006 -2.06996e-007 -6.37591e+009 0
92297.8 -922978 -3.47687e-009 4.533e+006 -3.51866e-007 -6.38825e+009 0
92444.6 -924447 -7.86848e-010 4.533e+006 -2.65094e-007 -6.40029e+009 0
92587.2 -925873 4.37872e-010 4.533e+006 -3.29054e-007 -6.41204e+009 0
92725.3 -926629 1.46036e-009 4.53298e+006 -4.10302e-007 -6.42345e+009 0
92858.5 -928239 1.03624e-009 4.53291e+006 -3.03982e-007 -6.43454e+009 0
92987.5 -927811 -6.87917e-009 4.53281e+006 -1.07734e-007 -6.44523e+009 0
93112 -930218 -4.54074e-010 4.53261e+006 -4.81527e-007 -6.45571e+009 0
93233.3 -932256 5.06173e-009 4.53257e+006 -9.05574e-007 -6.46606e+009 0
93351.6 -933631 -5.40224e-009 4.53257e+006 -3.65867e-007 -6.47621e+009 0
93344.5 3.32752e+006 -8.2765e-008 3.90469e+006 -1.17441e-005 -5.8342e+009 0
55512.9 -1.90228e+006 -3.05801e-007 4.26355e+006 -6.03627e-005 -3.98852e+009 0
55416.7 -1.2552e+006 -1.68103e-007 4.4904e+006 -2.19386e-005 -3.98201e+009 0
55573.1 -804066 -3.92124e-008 4.51992e+006 -3.08227e-006 -3.98e+009 0
55729.8 -651373 -3.80654e-008 4.50291e+006 1.94277e-006 -3.98546e+009 0
55780.6 -992767 -4.84862e-008 4.51261e+006 -9.65017e-006 -4.00434e+009 0
55930.7 -738406 -3.09166e-008 4.5268e+006 4.04146e-007 -4.00831e+009 0
55966.1 -965527 -6.57895e-008 4.45228e+006 -9.92668e-006 -4.01529e+009 0
55875.9 -2.2876e+006 -7.46508e-008 4.48385e+006 -2.78943e-005 -4.05979e+009 0
55934.5 -4.90993e+006 -2.35733e-007 4.38652e+006 2.18066e-006 -4.15111e+009 0
55900.3 -5.97235e+006 1.31026e-006 4.04952e+006 -0.000150356 -4.02968e+009 0
46249.6 -451021 -9.83309e-008 4.4861e+006 -7.32289e-005 -3.37021e+009 0
46475.9 -453272 -2.28219e-007 4.52811e+006 -5.97204e-006 -3.38666e+009 0
