2247.42 5.15938e-005
4494.78 0.000109106
6742.16 0.000166618
8989.55 0.00022413
11236.9 0.000281643
13484.3 0.000339155
15718.8 0.000396779
17873.3 0.000455206
19904.7 0.000515049
21805.1 0.000576413
23584 0.000638905
25258.5 0.000702169
26841.3 0.000765995
28347.5 0.000830162
29786.4 0.000894549
31164.5 0.000959128
32490.1 0.00102379
33771 0.00108848
35011.6 0.00115321
36216.7 0.00121793
37390.2 0.00128261
38536.2 0.00134723
39658.3 0.00141179
40759.3 0.0014763
41841.7 0.00154066
42906.8 0.00160487
43955.8 0.00166893
44990.4 0.00173284
46011.6 0.00179659
47021.1 0.0018602
48019.8 0.00192365
49008.9 0.00198693
49989.3 0.00205003
50961.8 0.00211295
51926.8 0.0021757
52884.9 0.00223828
53836.4 0.00230069
54781.8 0.00236294
55721.3 0.00242505
56654.7 0.00248703
57582.3 0.00254891
58504.2 0.00261067
59420.7 0.00267233
60332.2 0.00273387
61238.9 0.00279532
62140.5 0.00285666
63037.5 0.00291791
63929.5 0.00297908
64816.4 0.00304018
65697.8 0.00310124
66573 0.00316226
67441.4 0.00322328
68302.1 0.00328432
69153.7 0.00334542
69995.2 0.00340661
70825.2 0.00346793
71642 0.00352941
72444.4 0.00359111
73230.5 0.00365304
73999.5 0.00371525
74750.5 0.00377777
75482.6 0.00384063
76195.3 0.00390383
76888.1 0.00396743
77560.6 0.00403141
78212.7 0.00409578
78843.8 0.00416059
79454.3 0.0042258
80043.7 0.00429144
80613.5 0.00435749
81163.2 0.00442396
81693.4 0.00449084
82204.8 0.00455813
82697.1 0.00462584
83171.9 0.00469392
83629.2 0.00476238
84069.6 0.00483122
84493.9 0.00490042
84901.7 0.00496998
85294 0.00503989
85672.1 0.00511011
86035.9 0.00518065
86386.3 0.0052515
86724.4 0.00532261
87050.3 0.00539401
87364.4 0.00546567
87667.2 0.00553759
87959.4 0.00560974
88241.8 0.00568212
88515.3 0.00575472
88779.3 0.00582752
89033.7 0.00590053
89279.4 0.00597374
89517.1 0.00604712
89746.9 0.00612068
89968.1 0.00619442
90180.9 0.00626833
90386.6 0.00634239
90585.9 0.00641659
90779.5 0.00649092
90967.8 0.00656538
91150.3 0.00663997
91327.3 0.00671469
91499.3 0.00678953
91667.1 0.00686447
91830.7 0.00693952
91990.6 0.00701466
92146.4 0.0070899
92297.8 0.00716524
92444.6 0.00724067
92587.2 0.0073162
92725.3 0.00739182
92858.5 0.00746751
92987.5 0.00754327
93112 0.00761909
93233.3 0.00769499
93351.6 0.00777094
93344.5 0.00784661
55512.9 0.00851757
55416.7 0.00859391
55573.1 0.00866685
55729.8 0.00873979
55780.6 0.00881416
55930.7 0.00888719
55966.1 0.00896179
55875.9 0.00903813
55934.5 0.00911259
55900.3 0.00918858
46249.6 0.00939056
46475.9 0.0094632
