2247.3 -2.37501 -0.000183757
4494.52 -2.68282 -0.000207572
6741.79 -2.99063 -0.000231387
8989.05 -3.29843 -0.000255202
11236.3 -3.60624 -0.000279018
13483.6 -3.91404 -0.000302833
15718 -4.22814 -0.000327135
17872.3 -4.55494 -0.00035242
19903.6 -4.88725 -0.000378131
21803.9 -5.21868 -0.000403774
23582.7 -5.54706 -0.00042918
25257.1 -5.86796 -0.000454009
26839.9 -6.18293 -0.000478379
28346 -6.48308 -0.000502101
29784.8 -6.7161 -0.000525764
31162.8 -6.94517 -0.000549027
32488.4 -7.17063 -0.000571922
33769.1 -7.39319 -0.000594523
35009.5 -7.61246 -0.000616789
36214.4 -7.82799 -0.000638676
37387.8 -8.04047 -0.000660253
38533.6 -8.25011 -0.000681542
39655.5 -8.45648 -0.000702499
40756.3 -8.65941 -0.000723106
41838.5 -8.86078 -0.000743555
42903.3 -9.05958 -0.000763743
43952.1 -9.25561 -0.00078365
44986.5 -9.44937 -0.000803326
46007.5 -9.64112 -0.000822798
47016.7 -9.83105 -0.000842085
48015.2 -10.0191 -0.000861179
49004 -10.2059 -0.000880149
49984.2 -10.3912 -0.000898969
50956.3 -10.5756 -0.000917689
51921.1 -10.7586 -0.000936281
52878.9 -10.9405 -0.000954748
53830.2 -11.1211 -0.000973084
54775.3 -11.3004 -0.000991291
55714.6 -11.4527 -0.00100946
56647.7 -11.5809 -0.00102767
57575 -11.7087 -0.00104584
58496.5 -11.8362 -0.00106397
59412.8 -11.9639 -0.00108211
60323.9 -12.0911 -0.00110018
61230.3 -12.2177 -0.00111817
62131.5 -12.3445 -0.00113619
63028.2 -12.4715 -0.00115424
63919.7 -12.5987 -0.00117231
64806.3 -12.7267 -0.0011905
65687.3 -12.8557 -0.00120883
66562.1 -12.9856 -0.00122729
67430.1 -13.1175 -0.00124603
68290.2 -13.2519 -0.00126514
69141.4 -13.3889 -0.0012846
69982.5 -13.529 -0.00130451
70812 -13.6725 -0.00132491
71628.3 -13.8202 -0.0013459
72430.1 -13.9727 -0.00136756
73215.7 -14.1294 -0.00138983
73984.2 -14.2907 -0.00141276
74734.7 -14.457 -0.00143638
75466.3 -14.6271 -0.00146055
76178.5 -14.8015 -0.00148533
76870.6 -14.9565 -0.00151087
77542.5 -15.0824 -0.00153729
78194 -15.2118 -0.00156446
78824.4 -15.3437 -0.00159213
79434.2 -15.4802 -0.00162077
80022.9 -15.6199 -0.0016501
80591.9 -15.7629 -0.00168011
81140.8 -15.9088 -0.00171073
81670 -16.0594 -0.00174234
82180.5 -16.214 -0.00177477
82671.8 -16.3722 -0.00180799
83145.5 -16.5353 -0.00184221
83601.7 -16.7022 -0.00187724
84040.8 -16.8725 -0.00191297
84463.9 -17.0469 -0.00194958
84870.3 -17.2259 -0.00198716
85261.1 -17.3674 -0.0020259
85637.7 -17.4899 -0.00206539
86000 -17.6135 -0.00210526
86348.7 -17.7378 -0.00214537
86684.8 -17.865 -0.00218638
87008.9 -17.9942 -0.00222806
87321.1 -18.1246 -0.00227009
87621.7 -18.2562 -0.00231256
87911.7 -18.3905 -0.00235585
88192 -18.5261 -0.0023996
88463.4 -18.6609 -0.00244307
88724.9 -18.7952 -0.00248637
88976.6 -18.8994 -0.00253066
89219.4 -18.9913 -0.00257613
89454.3 -19.0849 -0.00262244
89681.2 -19.18 -0.00266946
89899 -19.2779 -0.00271792
90108.2 -19.3783 -0.0027676
90310.3 -19.4798 -0.0028178
90506.2 -19.5813 -0.00286798
90696.5 -19.6826 -0.00291813
90881.1 -19.7834 -0.00296799
91059.6 -19.8744 -0.00301782
91232.3 -19.9473 -0.00306734
91400.1 -20.02 -0.00311665
91563.5 -20.0921 -0.00316556
91722.9 -20.1639 -0.0032143
91878 -20.2358 -0.00326313
92028.8 -20.3089 -0.00331274
92175 -20.3824 -0.00336259
92316.5 -20.456 -0.00341258
92453.1 -20.5312 -0.00346362
92584.5 -20.5312 -0.00351714
92711 -20.5312 -0.00357288
92833.3 -20.5312 -0.00363079
92952.2 -20.5312 -0.00368942
93047.9 -20.5312 -0.00375023
92765.3 0 -0.00417245
55188.1 0 -0.0121959
55159.9 0 -0.0125455
55324.5 0 -0.0128781
55479.4 0 -0.0133025
55504.8 0 -0.0140858
55303.1 0 -0.0160781
45909.1 0 -0.025824
46212.2 0 -0.0264713
46500.6 0 -0.0271352
46763.7 0 -0.027822
47036.8 0 -0.0284936
47198 0 -0.029262
47394.5 0 -0.0299912
