2247.3 5.15924e-005
4494.52 0.000109105
6741.79 0.000166617
8989.05 0.000224129
11236.3 0.000281641
13483.6 0.000339153
15718 0.000396778
17872.3 0.000455205
19903.6 0.000515047
21803.9 0.000576411
23582.7 0.000638903
25257.1 0.000702167
26839.9 0.000765992
28346 0.00083016
29784.8 0.000894546
31162.8 0.000959126
32488.4 0.00102379
33769.1 0.00108848
35009.5 0.00115321
36214.4 0.00121793
37387.8 0.00128262
38533.6 0.00134724
39655.5 0.0014118
40756.3 0.00147631
41838.5 0.00154067
42903.3 0.00160489
43952.1 0.00166895
44986.5 0.00173286
46007.5 0.00179662
47016.7 0.00186023
48015.2 0.00192369
49004 0.00198697
49984.2 0.00205007
50956.3 0.002113
51921.1 0.00217575
52878.9 0.00223833
53830.2 0.00230074
54775.3 0.002363
55714.6 0.00242512
56647.7 0.0024871
57575 0.00254898
58496.5 0.00261074
59412.8 0.0026724
60323.9 0.00273396
61230.3 0.0027954
62131.5 0.00285675
63028.2 0.00291801
63919.7 0.00297918
64806.3 0.00304029
65687.3 0.00310135
66562.1 0.00316238
67430.1 0.0032234
68290.2 0.00328445
69141.4 0.00334556
69982.5 0.00340676
70812 0.00346808
71628.3 0.00352957
72430.1 0.00359127
73215.7 0.00365321
73984.2 0.00371544
74734.7 0.00377796
75466.3 0.00384083
76178.5 0.00390404
76870.6 0.00396764
77542.5 0.00403164
78194 0.00409602
78824.4 0.00416084
79434.2 0.00422606
80022.9 0.00429171
80591.9 0.00435778
81140.8 0.00442426
81670 0.00449116
82180.5 0.00455847
82671.8 0.0046262
83145.5 0.00469429
83601.7 0.00476277
84040.8 0.00483164
84463.9 0.00490086
84870.3 0.00497044
85261.1 0.00504037
85637.7 0.00511061
86000 0.00518118
86348.7 0.00525205
86684.8 0.0053232
87008.9 0.00539461
87321.1 0.0054663
87621.7 0.00553825
87911.7 0.00561044
88192 0.00568285
88463.4 0.00575547
88724.9 0.0058283
88976.6 0.00590135
89219.4 0.00597459
89454.3 0.006048
89681.2 0.00612159
89899 0.00619536
90108.2 0.00626931
90310.3 0.0063434
90506.2 0.00641763
90696.5 0.00649199
90881.1 0.00656648
91059.6 0.0066411
91232.3 0.00671584
91400.1 0.00679071
91563.5 0.00686568
91722.9 0.00694076
91878 0.00701592
92028.8 0.00709119
92175 0.00716654
92316.5 0.007242
92453.1 0.00731754
92584.5 0.00739317
92711 0.00746887
92833.3 0.00754464
92952.2 0.00762048
93047.9 0.00769633
92765.3 0.0077714
55188.1 0.00844186
55159.9 0.00851733
55324.5 0.00859024
55479.4 0.00866332
55504.8 0.00873827
55303.1 0.00881686
45909.1 0.00901392
46212.2 0.0090857
46500.6 0.00915764
46763.7 0.00922986
47036.8 0.00930195
47198 0.00937538
47394.5 0.00944837
