3500.65 -16.026 -8.01298e-005
7001.19 -11.7717 -5.88586e-005
10501.8 -7.51746 -3.75873e-005
14002.3 -3.26327 -1.63164e-005
17397.8 1.63408 8.17039e-006
20465 7.45858 3.72929e-005
23175.5 13.9856 6.9928e-005
25587 21.0605 0.000105303
27765.1 28.3918 0.000141959
29760.1 35.9547 0.000179773
31614.9 43.543 0.000217715
33355.7 51.286 0.00025643
35004.4 58.9853 0.000294927
36580.5 66.5602 0.000332801
38095.2 74.2583 0.000371292
39555.5 81.9788 0.000409894
40970.8 89.5451 0.000447725
42348.9 97.0018 0.000485009
43693.4 104.477 0.000522384
45006.8 111.996 0.000559981
46291.7 119.564 0.000597821
47551 127.049 0.000635245
48787.8 134.473 0.000672365
50004.4 141.847 0.000709236
51202.4 149.186 0.000745929
52383.9 156.44 0.0007822
53550.9 163.651 0.000818258
54704 170.857 0.00085429
55844.7 178.008 0.000890047
56974 185.125 0.00092564
58092.8 192.219 0.000961123
59201.9 199.257 0.000996339
60302 206.27 0.00103145
61393.4 213.299 0.00106668
62476.8 220.306 0.00110185
63552.3 227.275 0.00113694
64620.8 234.201 0.00117198
65682.5 241.046 0.00120687
66737.9 247.797 0.0012417
67786.9 254.429 0.00127657
68829.9 260.885 0.0013115
69866.4 267.114 0.0013467
70896.1 273.048 0.00138245
71918.2 278.556 0.00141883
72931.7 283.521 0.00145614
73935.2 287.835 0.00149473
74926.9 291.427 0.00153507
75904.6 294.271 0.00157756
76865.4 296.424 0.00162289
77806.6 297.976 0.00167142
78726.2 299.047 0.00172297
79621.8 299.776 0.00177786
80492 300.279 0.00183642
81335.8 300.635 0.00189782
82153 300.905 0.0019618
82943.8 301.128 0.00202836
83707.7 301.327 0.00209777
84445.5 301.513 0.0021696
85157.3 301.697 0.00224409
85843 301.883 0.00232239
86503.3 302.074 0.0024038
87138.5 302.271 0.00248846
87750.6 302.471 0.00257471
88339.7 302.674 0.00266291
88907.7 302.882 0.00275317
89454.7 303.093 0.00284504
89982.8 303.308 0.00293826
90492.5 303.524 0.00303227
90984.8 303.743 0.0031273
91460 303.968 0.00322527
91918.6 304.199 0.00332574
92360.4 304.439 0.00342994
92787 304.684 0.00353639
93198.5 304.936 0.00364589
93595.2 305.192 0.00375724
93978.8 305.451 0.00386987
94349.9 305.712 0.00398367
94708.9 305.975 0.0040978
95055.9 306.24 0.00421288
95391.9 306.509 0.00432987
95716 306.789 0.00445155
96028.1 307.082 0.00457915
96329.8 307.381 0.00470905
96622.1 307.685 0.00484113
96905.5 307.99 0.00497378
97179.2 308.296 0.00510677
97443.6 308.607 0.00524238
97699.5 308.924 0.0053798
97947.2 309.246 0.00551996
98187.1 309.576 0.00566337
98418.1 309.917 0.00581184
98639.9 310.275 0.00596753
98853.7 310.644 0.00612782
99060.4 311.021 0.00629178
99261.3 311.399 0.00645606
99456.4 311.78 0.00662167
99645.6 312.161 0.00678745
99829.1 312.536 0.0069504
100007 312.905 0.00711071
100180 313.272 0.00727058
100346 313.657 0.00743777
100508 314.042 0.00760517
100664 314.438 0.00777726
100816 314.839 0.0079517
100964 315.242 0.00812716
101108 315.65 0.00830415
101247 316.063 0.00848374
101073 318.861 0.00970064
56521.3 322.038 0.0110816
56398.2 322.212 0.0111574
56571.5 322.497 0.0112813
56743.9 322.816 0.0114198
56910.6 323.157 0.0115683
57070.2 323.508 0.0117211
57231.2 323.862 0.0118749
