3500.65 -2.79229 -0.000123713
7001.19 -3.32985 -0.00014753
10501.8 -3.8674 -0.000171346
14002.3 -4.40486 -0.000195159
17397.8 -4.97353 -0.000220354
20465 -5.56489 -0.000246554
23175.5 -6.15366 -0.00027264
25587 -6.73006 -0.000298177
27765.1 -7.28504 -0.000322766
29760.1 -7.82042 -0.000346486
31614.9 -8.3336 -0.000369222
33355.7 -8.8303 -0.000391229
35004.4 -9.30871 -0.000412425
36580.5 -9.77012 -0.000432868
38095.2 -10.22 -0.000452799
39555.5 -10.6578 -0.000472195
40970.8 -11.0832 -0.000491045
42348.9 -11.4558 -0.000509538
43693.4 -11.7837 -0.000527896
45006.8 -12.1078 -0.000546034
46291.7 -12.4259 -0.000563839
47551 -12.7398 -0.000581409
48787.8 -13.0501 -0.000598776
50004.4 -13.3574 -0.000615977
51202.4 -13.6627 -0.000633065
52383.9 -13.9646 -0.000649967
53550.9 -14.2626 -0.000666646
54704 -14.5576 -0.000683159
55844.7 -14.8499 -0.000699517
56974 -15.1397 -0.000715741
58092.8 -15.4273 -0.000731834
59201.9 -15.7131 -0.000747831
60302 -15.9975 -0.000763753
61393.4 -16.2796 -0.000779541
62476.8 -16.5594 -0.000795202
63552.3 -16.8373 -0.000810758
64620.8 -17.1139 -0.000826237
65682.5 -17.3891 -0.000841642
66737.9 -17.6631 -0.000856979
67786.9 -17.9363 -0.000872272
68829.9 -18.2094 -0.000887557
69866.4 -18.4837 -0.000902913
70896.1 -18.7597 -0.00091836
71918.2 -19.0384 -0.000933956
72931.7 -19.3208 -0.000949765
73935.2 -19.6086 -0.000965875
74926.9 -19.9034 -0.000982375
75904.6 -20.207 -0.000999367
76865.4 -20.4413 -0.00101712
77806.6 -20.6833 -0.00103571
78726.2 -20.9353 -0.00105506
79621.8 -21.1953 -0.00107502
80492 -21.4673 -0.00109591
81335.8 -21.7475 -0.00111742
82153 -22.0344 -0.00113945
82943.8 -22.3271 -0.00116193
83707.7 -22.6276 -0.00118501
84445.5 -22.9338 -0.00120852
85157.3 -23.2424 -0.00123221
85843 -23.5568 -0.00125635
86503.3 -23.8757 -0.00128084
87138.5 -24.2009 -0.00130581
87750.6 -24.5286 -0.00133098
88339.7 -24.8589 -0.00135634
88907.7 -25.1933 -0.00138202
89454.7 -25.5314 -0.00140798
89982.8 -25.8712 -0.00143407
90492.5 -26.2112 -0.00146018
90984.8 -26.5495 -0.00148616
91460 -26.8383 -0.00151253
91918.6 -27.0697 -0.00153926
92360.4 -27.3068 -0.00156665
92787 -27.5477 -0.00159447
93198.5 -27.791 -0.00162258
93595.2 -28.0375 -0.00165105
93978.8 -28.2865 -0.00167981
94349.9 -28.5365 -0.00170868
94708.9 -28.7867 -0.00173759
95055.9 -29.0386 -0.00176669
95391.9 -29.2946 -0.00179625
95716 -29.5538 -0.00182619
96028.1 -29.8234 -0.00185734
96329.8 -30.0956 -0.00188877
96622.1 -30.3703 -0.00192051
96905.5 -30.6441 -0.00195213
97179.2 -30.9178 -0.00198375
97443.6 -31.1414 -0.00201604
97699.5 -31.311 -0.00204883
97947.2 -31.484 -0.0020823
98187.1 -31.6617 -0.00211666
98418.1 -31.8406 -0.00215127
98639.9 -32.0247 -0.00218686
98853.7 -32.2132 -0.00222334
99060.4 -32.4084 -0.00226109
99261.3 -32.6035 -0.00229882
99456.4 -32.7982 -0.00233647
99645.6 -32.993 -0.00237416
99829.1 -33.1846 -0.00241122
100007 -33.3732 -0.0024477
100180 -33.5603 -0.00248387
100346 -33.5603 -0.00252265
100508 -33.5603 -0.00256138
100664 -33.5603 -0.00260174
100816 -33.5603 -0.0026428
100964 -33.5603 -0.00268382
101108 -33.5603 -0.00272495
101247 -33.5603 -0.00276637
101073 0 -0.0030421
56521.3 0 -0.0107614
56398.2 0 -0.0110536
56571.5 0 -0.0112098
56743.9 0 -0.0113562
56910.6 0 -0.0115057
57070.2 0 -0.0116579
57231.2 0 -0.01181
