3501.03 -16.0212 -8.01062e-005
7001.95 -11.7667 -5.88337e-005
10502.9 -7.51223 -3.75612e-005
14003.9 -3.2578 -1.6289e-005
17399.7 1.63995 8.19975e-006
20467.1 7.46492 3.73246e-005
23177.8 13.9924 6.99621e-005
25589.5 21.0681 0.000105341
27767.7 28.4 0.000142
29762.7 35.9633 0.000179816
31617.7 43.5522 0.000217761
33358.5 51.2958 0.000256479
35007.3 58.9953 0.000294976
36583.5 66.5707 0.000332854
38098.3 74.2695 0.000371348
39558.7 81.9903 0.000409951
40974.1 89.5566 0.000447783
42352.2 97.0133 0.000485067
43696.8 104.488 0.000522441
45010.3 112.008 0.000560039
46295.3 119.575 0.000597876
47554.8 127.06 0.000635299
48791.8 134.483 0.000672414
50008.5 141.857 0.000709284
51206.7 149.195 0.000745973
52388.5 156.448 0.000782241
53555.6 163.659 0.000818299
54709 170.865 0.00085433
55849.9 178.016 0.000890086
56979.5 185.133 0.000925679
58098.6 192.226 0.00096116
59208 199.264 0.000996376
60308.4 206.277 0.00103149
61400.1 213.307 0.00106672
62483.7 220.315 0.0011019
63559.5 227.284 0.00113699
64628.4 234.209 0.00117202
65690.4 241.054 0.00120691
66746.1 247.807 0.00124175
67795.5 254.438 0.00127662
68838.8 260.894 0.00131156
69875.6 267.124 0.00134676
70905.7 273.057 0.00138251
71928.1 278.565 0.00141889
72942 283.529 0.0014562
73945.8 287.842 0.0014948
74937.9 291.433 0.00153515
75915.9 294.276 0.00157765
76877 296.427 0.00162298
77818.6 297.978 0.00167149
78738.6 299.048 0.00172303
79634.6 299.777 0.00177794
80505.2 300.279 0.00183647
81349.5 300.635 0.00189784
82167.1 300.905 0.00196179
82958.4 301.128 0.00202832
83722.8 301.326 0.00209769
84461.1 301.513 0.00216948
85173.4 301.696 0.00224397
85859.6 301.883 0.00232223
86520.4 302.074 0.00240362
87156.3 302.271 0.00248821
87768.9 302.47 0.00257437
88358.6 302.673 0.0026625
88927.2 302.881 0.00275264
89474.9 303.092 0.0028444
90003.6 303.306 0.0029375
90514 303.522 0.00303138
91007 303.741 0.00312635
91482.9 303.965 0.00322412
91942.2 304.196 0.00332434
92384.9 304.435 0.00342821
92812.4 304.679 0.00353428
93224.9 304.93 0.00364345
93622.6 305.185 0.0037542
94007.3 305.443 0.00386638
94379.5 305.703 0.00397959
94739.8 305.964 0.00409311
95088.1 306.227 0.00420752
95425.4 306.495 0.00432377
95750.8 306.773 0.00444482
96064.4 307.064 0.00457147
96367.6 307.361 0.0047006
96661.4 307.663 0.00483177
96946.2 307.966 0.00496362
97221.7 308.269 0.0050954
97488 308.577 0.00522934
97745.8 308.89 0.00536502
97996 309.206 0.00550249
98238.1 309.529 0.00564322
98471.1 309.866 0.00578951
98695.6 310.218 0.00594245
98912.4 310.577 0.00609863
99122.3 310.944 0.00625829
99326.3 311.313 0.0064189
99524.3 311.686 0.0065808
99716.2 312.058 0.00674271
99902.5 312.425 0.00690202
100084 312.786 0.00705903
100261 313.142 0.00721411
100432 313.506 0.00737207
100598 313.876 0.0075332
100759 314.253 0.00769691
100914 314.643 0.00786648
101065 315.038 0.00803813
101211 315.436 0.00821151
101354 315.84 0.00838688
101493 316.248 0.00856451
101324 319.005 0.00976292
56564 322.26 0.0111783
56432.4 322.406 0.0112418
56608.1 322.69 0.011365
56781 323.009 0.0115037
56946.9 323.353 0.0116536
57107 323.706 0.0118068
