3501.03 -2.79247 -0.00012369
7001.95 -3.33013 -0.000147506
10502.9 -3.86779 -0.000171321
14003.9 -4.40536 -0.000195132
17399.7 -4.97416 -0.000220327
20467.1 -5.56564 -0.000246526
23177.8 -6.15452 -0.00027261
25589.5 -6.73105 -0.000298147
27767.7 -7.28614 -0.000322734
29762.7 -7.82162 -0.000346453
31617.7 -8.3349 -0.000369188
33358.5 -8.8317 -0.000391194
35007.3 -9.31019 -0.000412388
36583.5 -9.77169 -0.00043283
38098.3 -10.2216 -0.00045276
39558.7 -10.6595 -0.000472154
40974.1 -11.085 -0.000491003
42352.2 -11.4581 -0.000509493
43696.8 -11.7868 -0.000527846
45010.3 -12.1115 -0.00054598
46295.3 -12.4302 -0.00056378
47554.8 -12.7447 -0.000581345
48791.8 -13.0556 -0.000598704
50008.5 -13.3635 -0.000615899
51206.7 -13.6693 -0.000632978
52388.5 -13.9718 -0.000649874
53555.6 -14.2704 -0.000666546
54709 -14.5659 -0.00068305
55849.9 -14.8587 -0.000699401
56979.5 -15.1491 -0.000715617
58098.6 -15.4371 -0.000731703
59208 -15.7234 -0.000747692
60308.4 -16.0084 -0.000763605
61400.1 -16.2909 -0.000779384
62483.7 -16.5712 -0.000795037
63559.5 -16.8496 -0.000810584
64628.4 -17.1266 -0.000826055
65690.4 -17.4023 -0.000841452
66746.1 -17.6768 -0.000856782
67795.5 -17.9506 -0.000872068
68838.8 -18.2241 -0.000887345
69875.6 -18.4989 -0.00090269
70905.7 -18.7753 -0.000918128
71928.1 -19.0545 -0.000933716
72942 -19.3374 -0.000949518
73945.8 -19.6257 -0.00096562
74937.9 -19.921 -0.000982112
75915.9 -20.2251 -0.000999094
76877 -20.4632 -0.00101684
77818.6 -20.7077 -0.0010354
78738.6 -20.9624 -0.00105473
79634.6 -21.2251 -0.00107466
80505.2 -21.4999 -0.00109552
81349.5 -21.7829 -0.001117
82167.1 -22.0728 -0.001139
82958.4 -22.3685 -0.00116144
83722.8 -22.6719 -0.00118447
84461.1 -22.981 -0.00120793
85173.4 -23.2926 -0.00123158
85859.6 -23.61 -0.00125567
86520.4 -23.9319 -0.0012801
87156.3 -24.2601 -0.00130501
87768.9 -24.5909 -0.00133011
88358.6 -24.9241 -0.0013554
88927.2 -25.2613 -0.001381
89474.9 -25.6024 -0.00140688
90003.6 -25.9452 -0.0014329
90514 -26.2881 -0.00145893
91007 -26.6294 -0.00148483
91482.9 -26.9298 -0.00151107
91942.2 -27.1713 -0.00153766
92384.9 -27.4183 -0.00156487
92812.4 -27.6691 -0.00159249
93224.9 -27.9227 -0.00162042
93622.6 -28.1789 -0.00164864
94007.3 -28.4378 -0.00167716
94379.5 -28.6977 -0.00170577
94739.8 -28.9577 -0.00173442
95088.1 -29.2193 -0.00176323
95425.4 -29.4848 -0.00179246
95750.8 -29.7535 -0.00182206
96064.4 -30.0327 -0.0018528
96367.6 -30.3147 -0.00188386
96661.4 -30.5995 -0.00191523
96946.2 -30.8831 -0.00194646
97221.7 -31.166 -0.00197762
97488 -31.4253 -0.00200918
97745.8 -31.6221 -0.00204136
97996 -31.8209 -0.00207387
98238.1 -32.0247 -0.0021072
98471.1 -32.2305 -0.00214085
98695.6 -32.442 -0.00217544
98912.4 -32.657 -0.00221059
99122.3 -32.8781 -0.00224675
99326.3 -33.1008 -0.00228316
99524.3 -33.3221 -0.00231937
99716.2 -33.5442 -0.00235568
99902.5 -33.7629 -0.00239144
100084 -33.9785 -0.00242669
100261 -34.1911 -0.00246146
100432 -34.4079 -0.00249691
100598 -34.4079 -0.0025337
100759 -34.4079 -0.00257106
100914 -34.4079 -0.00261043
101065 -34.4079 -0.00265023
101211 -34.4079 -0.00269024
101354 -34.4079 -0.00273049
101493 -34.4079 -0.00277095
101324 0 -0.00303798
56564 0 -0.0108061
56432.4 0 -0.0111021
56608.1 0 -0.0112569
56781 0 -0.0114027
56946.9 0 -0.0115525
57107 0 -0.0117044
