3501.03 -35010.2 -1.57033e-007 4.533e+006 9.37662e-007 -2.3511e+008 0
7001.95 -70019.5 -4.62748e-010 4.533e+006 -4.69133e-008 -4.70331e+008 0
10502.9 -105029 -3.68359e-009 4.533e+006 2.42574e-007 -7.05552e+008 0
14003.9 -140039 1.38521e-009 4.533e+006 -2.21849e-008 -9.40771e+008 0
17399.7 -171267 1.21096e-007 4.53316e+006 -6.43744e-007 -1.16877e+009 0
20467.1 -202320 2.17508e-007 4.53314e+006 -1.07752e-006 -1.37516e+009 0
23177.8 -231036 2.0644e-007 4.53344e+006 -1.28935e-006 -1.55782e+009 0
25589.5 -256073 1.70501e-007 4.533e+006 -1.01541e-006 -1.72076e+009 0
27767.7 -277679 1.27112e-007 4.533e+006 -8.01716e-007 -1.86796e+009 0
29762.7 -297630 1.01914e-007 4.533e+006 -6.07342e-007 -2.00298e+009 0
31617.7 -316178 7.54524e-008 4.533e+006 -5.07074e-007 -2.12867e+009 0
33358.5 -333586 5.8969e-008 4.533e+006 -2.10926e-007 -2.24678e+009 0
35007.3 -350074 5.228e-008 4.533e+006 -3.45578e-007 -2.35875e+009 0
36583.5 -365843 4.18611e-008 4.533e+006 -3.03215e-007 -2.4659e+009 0
38098.3 -380981 3.53805e-008 4.533e+006 -2.75146e-007 -2.56896e+009 0
39558.7 -395589 3.24802e-008 4.533e+006 -2.24873e-007 -2.6684e+009 0
40974.1 -409741 2.38924e-008 4.533e+006 -1.18696e-007 -2.76484e+009 0
42352.2 -423522 2.33883e-008 4.533e+006 -3.20358e-007 -2.85881e+009 0
43696.8 -436987 1.70363e-008 4.533e+006 -2.77815e-008 -2.95055e+009 0
45010.3 -450103 1.76659e-008 4.533e+006 -6.13934e-008 -3.04022e+009 0
46295.3 -462955 1.51725e-008 4.533e+006 -2.23621e-008 -3.12799e+009 0
47554.8 -475548 1.60056e-008 4.533e+006 -1.91104e-007 -3.21406e+009 0
48791.8 -487917 1.49146e-008 4.533e+006 -5.85915e-008 -3.29863e+009 0
50008.5 -500085 1.15951e-008 4.533e+006 -1.28606e-007 -3.38186e+009 0
51206.7 -512068 1.18904e-008 4.533e+006 -7.20861e-008 -3.46386e+009 0
52388.5 -523885 8.6384e-009 4.533e+006 -7.45276e-008 -3.54475e+009 0
53555.6 -535559 8.81017e-009 4.533e+006 -7.63127e-008 -3.62468e+009 0
54709 -547090 9.91204e-009 4.533e+006 -1.35467e-007 -3.7037e+009 0
55849.9 -558499 8.92641e-009 4.533e+006 -1.47712e-007 -3.78188e+009 0
56979.5 -569797 7.1552e-009 4.533e+006 -1.45996e-007 -3.85931e+009 0
58098.6 -580986 7.40576e-009 4.533e+006 -1.32351e-007 -3.93604e+009 0
59208 -592079 6.2398e-009 4.533e+006 -6.75639e-008 -4.01212e+009 0
60308.4 -603084 3.98644e-009 4.533e+006 1.91154e-009 -4.08761e+009 0
61400.1 -613999 3.49089e-009 4.533e+006 5.08994e-008 -4.16252e+009 0
62483.7 -624837 1.74276e-009 4.533e+006 1.20749e-007 -4.23689e+009 0
63559.5 -635597 3.78196e-009 4.533e+006 -1.04615e-008 -4.31074e+009 0
64628.4 -646284 2.50868e-009 4.533e+006 -4.08092e-008 -4.38413e+009 0
65690.4 -656904 5.62722e-009 4.533e+006 -7.94734e-008 -4.45706e+009 0
66746.1 -667461 3.82723e-009 4.533e+006 -1.83373e-008 -4.52957e+009 0
67795.5 -677955 2.46498e-009 4.533e+006 -2.96183e-008 -4.60166e+009 0
68838.8 -688388 2.13895e-009 4.533e+006 -8.26303e-008 -4.67336e+009 0
69875.6 -698756 5.10215e-009 4.533e+006 -1.24694e-008 -4.74461e+009 0
70905.7 -709057 8.61645e-009 4.533e+006 -2.44167e-007 -4.81542e+009 0
71928.1 -719283 3.2912e-009 4.533e+006 -8.48393e-008 -4.88572e+009 0
72942 -729419 2.18008e-009 4.533e+006 1.23036e-007 -4.95545e+009 0
73945.8 -739458 9.7397e-009 4.533e+006 -2.24458e-007 -5.02451e+009 0
74937.9 -749379 8.99109e-009 4.533e+006 -4.99081e-008 -5.09279e+009 0
75915.9 -759148 9.08852e-009 4.533e+006 -2.0368e-007 -5.16013e+009 0
76877 -768772 1.21068e-008 4.533e+006 -1.05507e-007 -5.22635e+009 0
77818.6 -778188 1.13406e-008 4.533e+006 2.06982e-009 -5.29127e+009 0
78738.6 -787365 1.04167e-008 4.533e+006 7.21955e-008 -5.35475e+009 0
79634.6 -796388 1.72772e-008 4.533e+006 -1.34007e-007 -5.41664e+009 0
80505.2 -805056 1.13749e-008 4.533e+006 6.96742e-008 -5.47683e+009 0
81349.5 -813497 1.46986e-008 4.533e+006 -2.30548e-011 -5.53528e+009 0
82167.1 -821672 1.84779e-008 4.533e+006 -1.81235e-007 -5.59195e+009 0
82958.4 -829584 2.00167e-008 4.533e+006 -3.06389e-007 -5.64687e+009 0
83722.8 -837229 1.53721e-008 4.533e+006 -8.15355e-008 -5.7e+009 0
84461.1 -844611 1.80823e-008 4.533e+006 -2.49544e-007 -5.75139e+009 0
85173.4 -851734 1.63119e-008 4.533e+006 1.04191e-008 -5.80105e+009 0
85859.6 -858579 1.60911e-008 4.53301e+006 -1.56952e-007 -5.84898e+009 0
86520.4 -865230 1.62388e-008 4.533e+006 -1.31374e-007 -5.89522e+009 0
87156.3 -871555 1.59188e-008 4.533e+006 -1.21717e-007 -5.93979e+009 0
87768.9 -877689 1.76245e-008 4.533e+006 -3.24793e-007 -5.98282e+009 0
88358.6 -883590 1.17719e-008 4.533e+006 -1.23077e-007 -6.02433e+009 0
88927.2 -889272 1.09724e-008 4.533e+006 2.1464e-007 -6.06443e+009 0
89474.9 -894749 1.50182e-008 4.533e+006 -6.25672e-008 -6.10314e+009 0
90003.6 -900036 1.40351e-008 4.533e+006 -4.51715e-008 -6.14059e+009 0
90514 -905140 8.99057e-009 4.533e+006 2.1168e-008 -6.17682e+009 0
91007 -910126 1.17399e-008 4.533e+006 -6.0687e-008 -6.21189e+009 0
91482.9 -914829 1.2076e-008 4.533e+006 -1.99395e-007 -6.24582e+009 0
91942.2 -919415 9.66408e-009 4.533e+006 1.42516e-007 -6.27865e+009 0
92384.9 -923851 1.01671e-008 4.533e+006 -3.16694e-008 -6.31037e+009 0
92812.4 -928124 9.54784e-009 4.533e+006 -5.40774e-008 -6.34109e+009 0
93224.9 -932137 1.34508e-008 4.53299e+006 -9.11719e-008 -6.37079e+009 0
93622.6 -936226 1.31055e-008 4.533e+006 -1.99598e-007 -6.39953e+009 0
94007.3 -940073 1.06546e-008 4.533e+006 -1.9003e-007 -6.42739e+009 0
94379.5 -943795 1.03498e-008 4.533e+006 -2.82568e-007 -6.45443e+009 0
94739.8 -947398 5.4026e-009 4.533e+006 1.38736e-007 -6.48066e+009 0
95088.1 -950881 5.52994e-009 4.533e+006 4.19866e-008 -6.50611e+009 0
95425.4 -954255 7.84433e-009 4.533e+006 -7.75116e-008 -6.53082e+009 0
95750.8 -957497 1.42425e-008 4.533e+006 -4.29563e-007 -6.55473e+009 0
96064.4 -960646 9.81739e-009 4.533e+006 -2.5978e-007 -6.57787e+009 0
96367.6 -963676 1.00804e-008 4.533e+006 -3.61225e-007 -6.60031e+009 0
96661.4 -966614 7.66225e-009 4.533e+006 -2.84013e-007 -6.62213e+009 0
96946.2 -969463 4.75635e-009 4.533e+006 -6.86818e-008 -6.64334e+009 0
97221.7 -972217 2.20259e-009 4.533e+006 4.64717e-008 -6.66394e+009 0
97488 -974880 2.84401e-009 4.533e+006 6.81254e-008 -6.68393e+009 0
97745.8 -977440 9.18019e-009 4.533e+006 -2.78494e-007 -6.70335e+009 0
97996 -979958 8.99501e-009 4.533e+006 -4.77539e-007 -6.72226e+009 0
98238.1 -982381 7.57433e-009 4.533e+006 -1.20999e-007 -6.74064e+009 0
98471.1 -984712 4.5513e-009 4.533e+006 -3.57063e-008 -6.75841e+009 0
98695.6 -986956 5.48554e-009 4.533e+006 -1.67836e-007 -6.77561e+009 0
98912.4 -989123 -2.62676e-010 4.533e+006 2.5401e-007 -6.79231e+009 0
99122.3 -991223 -2.8321e-009 4.533e+006 3.17508e-007 -6.80854e+009 0
99326.3 -993263 -3.94256e-009 4.533e+006 2.82538e-007 -6.82438e+009 0
99524.3 -995244 5.19905e-009 4.533e+006 -5.20514e-008 -6.83982e+009 0
99716.2 -997162 3.08841e-009 4.533e+006 2.20919e-008 -6.85486e+009 0
99902.5 -999025 -3.84537e-009 4.533e+006 2.84641e-007 -6.86952e+009 0
100084 -1.00084e+006 -3.66391e-009 4.533e+006 4.16456e-007 -6.88387e+009 0
100261 -1.0026e+006 1.98407e-009 4.533e+006 1.36072e-007 -6.8979e+009 0
100432 -1.00213e+006 -8.12258e-010 4.53287e+006 3.40096e-007 -6.91135e+009 0
100598 -1.00589e+006 4.08661e-009 4.53273e+006 -4.7208e-008 -6.92467e+009 0
100759 -1.00273e+006 4.48918e-009 4.53252e+006 -6.21343e-008 -6.93726e+009 0
100914 -1.00877e+006 7.80022e-009 4.53196e+006 -1.82022e-007 -6.94968e+009 0
101065 -1.01059e+006 6.29092e-009 4.53185e+006 7.95323e-008 -6.96191e+009 0
101211 -1.01206e+006 9.21356e-009 4.53181e+006 -3.59435e-008 -6.9739e+009 0
101354 -1.0134e+006 8.39601e-009 4.53178e+006 2.05695e-008 -6.98565e+009 0
101493 -986326 1.00062e-008 4.53062e+006 9.73761e-008 -6.99499e+009 0
101324 -440453 3.59432e-007 3.45831e+006 -2.74498e-006 -6.22144e+009 0
56564 -2.225e+006 9.30307e-007 4.14895e+006 -1.1688e-005 -4.03929e+009 0
56432.4 -653718 5.4251e-007 4.48562e+006 -7.86472e-006 -4.0089e+009 0
56608.1 -529609 1.04829e-007 4.52758e+006 -2.12013e-006 -4.01901e+009 0
56781 -562056 1.56534e-008 4.5324e+006 -8.19229e-007 -4.03399e+009 0
56946.9 -569665 1.92199e-008 4.53296e+006 -7.59815e-007 -4.04752e+009 0
57107 -571366 1.02316e-008 4.53278e+006 -4.59633e-007 -4.06043e+009 0
