3500.85 -35008.4 5.09396e-007 4.533e+006 -1.76656e-005 -2.35098e+008 0
7001.59 -70015.9 -1.89088e-009 4.533e+006 6.29169e-008 -4.70307e+008 0
10502.4 -105024 1.61224e-010 4.533e+006 -1.03506e-007 -7.05516e+008 0
14003.1 -140031 1.46899e-009 4.533e+006 -9.10411e-008 -9.40723e+008 0
17398.8 -171263 -3.97261e-007 4.53316e+006 1.37586e-005 -1.16871e+009 0
20466.1 -202312 -7.12889e-007 4.53314e+006 2.46742e-005 -1.3751e+009 0
23176.7 -231019 -6.6499e-007 4.53344e+006 2.32126e-005 -1.55774e+009 0
25588.3 -256060 -5.42861e-007 4.533e+006 1.88204e-005 -1.72068e+009 0
27766.4 -277667 -4.05539e-007 4.533e+006 1.40249e-005 -1.86788e+009 0
29761.5 -297617 -3.29995e-007 4.533e+006 1.14521e-005 -2.00289e+009 0
31616.3 -316164 -2.4552e-007 4.533e+006 8.50705e-006 -2.12858e+009 0
33357.2 -333578 -1.9952e-007 4.533e+006 6.95312e-006 -2.24668e+009 0
35005.9 -350059 -1.6638e-007 4.533e+006 5.80863e-006 -2.35866e+009 0
36582.1 -365828 -1.32312e-007 4.533e+006 4.5553e-006 -2.4658e+009 0
38096.9 -380966 -1.09828e-007 4.533e+006 3.75561e-006 -2.56886e+009 0
39557.2 -395574 -1.0009e-007 4.533e+006 3.40295e-006 -2.6683e+009 0
40972.5 -409725 -7.95498e-008 4.533e+006 2.79823e-006 -2.76474e+009 0
42350.6 -423506 -6.85278e-008 4.533e+006 2.35813e-006 -2.85871e+009 0
43695.2 -436957 -6.04706e-008 4.533e+006 2.15801e-006 -2.95044e+009 0
45008.6 -450086 -5.5756e-008 4.533e+006 1.90117e-006 -3.0401e+009 0
46293.6 -462937 -5.26991e-008 4.533e+006 1.83658e-006 -3.12787e+009 0
47552.9 -475535 -4.30241e-008 4.533e+006 1.36198e-006 -3.21393e+009 0
48789.9 -487898 -4.34894e-008 4.533e+006 1.44897e-006 -3.29851e+009 0
50006.6 -500065 -3.44103e-008 4.533e+006 1.21486e-006 -3.38173e+009 0
51204.7 -512047 -3.53398e-008 4.533e+006 1.1702e-006 -3.46372e+009 0
52386.3 -523863 -3.15634e-008 4.533e+006 1.21456e-006 -3.54461e+009 0
53553.3 -535536 -2.69565e-008 4.533e+006 9.2908e-007 -3.62453e+009 0
54706.6 -547066 -2.6552e-008 4.533e+006 9.0018e-007 -3.70354e+009 0
55847.4 -558474 -2.20639e-008 4.533e+006 7.83283e-007 -3.78171e+009 0
56976.9 -569771 -2.38806e-008 4.533e+006 8.32501e-007 -3.85913e+009 0
58095.8 -580958 -1.99348e-008 4.533e+006 5.92521e-007 -3.93585e+009 0
59205.1 -592051 -1.68474e-008 4.533e+006 5.34511e-007 -4.01193e+009 0
60305.3 -603053 -1.55855e-008 4.533e+006 5.58829e-007 -4.0874e+009 0
61396.9 -613967 -1.34371e-008 4.533e+006 3.0205e-007 -4.1623e+009 0
62480.4 -624804 -1.36562e-008 4.533e+006 3.83481e-007 -4.23667e+009 0
63556 -635562 -1.24813e-008 4.533e+006 3.2092e-007 -4.31051e+009 0
64624.7 -646247 -1.22137e-008 4.533e+006 4.68276e-007 -4.38388e+009 0
65686.5 -656865 -1.26932e-008 4.533e+006 4.81973e-007 -4.45681e+009 0
66742.1 -667421 -8.0368e-009 4.533e+006 1.47296e-007 -4.52931e+009 0
67791.3 -677913 -1.16857e-008 4.533e+006 4.69614e-007 -4.60139e+009 0
68834.5 -688345 -1.4003e-008 4.533e+006 4.03422e-007 -4.67307e+009 0
69871.2 -698712 -1.44215e-008 4.533e+006 4.94513e-007 -4.74432e+009 0
70901.1 -709011 -1.09365e-008 4.533e+006 3.22264e-007 -4.81511e+009 0
71923.3 -719235 -1.61586e-008 4.533e+006 5.66751e-007 -4.8854e+009 0
72937 -729369 -1.62439e-008 4.533e+006 4.17456e-007 -4.95512e+009 0
73940.7 -739406 -2.80446e-008 4.533e+006 1.08047e-006 -5.02417e+009 0
74932.6 -749326 -2.37592e-008 4.533e+006 7.41315e-007 -5.09243e+009 0
75910.4 -759094 -2.73371e-008 4.533e+006 9.25444e-007 -5.15976e+009 0
76871.4 -768716 -3.52759e-008 4.533e+006 1.34753e-006 -5.22597e+009 0
77812.8 -778130 -3.66596e-008 4.533e+006 1.21946e-006 -5.29088e+009 0
78732.6 -787320 -4.27114e-008 4.533e+006 1.37563e-006 -5.35435e+009 0
79628.4 -796357 -4.98142e-008 4.533e+006 1.92856e-006 -5.41623e+009 0
80498.8 -804992 -4.69396e-008 4.533e+006 1.58107e-006 -5.47641e+009 0
81342.8 -813430 -5.00688e-008 4.533e+006 1.69458e-006 -5.53484e+009 0
82160.3 -821600 -5.29306e-008 4.533e+006 1.91093e-006 -5.5915e+009 0
82951.3 -829513 -5.04843e-008 4.533e+006 1.70468e-006 -5.6464e+009 0
83715.4 -837155 -5.32648e-008 4.533e+006 1.75352e-006 -5.69951e+009 0
84453.5 -844480 -4.91715e-008 4.53301e+006 1.7113e-006 -5.75089e+009 0
85165.6 -851656 -4.92984e-008 4.533e+006 1.69248e-006 -5.80053e+009 0
85851.6 -858500 -5.17953e-008 4.533e+006 1.79557e-006 -5.84844e+009 0
86512.1 -865143 -5.24724e-008 4.533e+006 1.84988e-006 -5.89466e+009 0
87147.6 -871470 -4.69164e-008 4.533e+006 1.57221e-006 -5.93922e+009 0
87760 -877600 -4.55485e-008 4.533e+006 1.55654e-006 -5.98223e+009 0
88349.4 -883496 -4.56673e-008 4.533e+006 1.59708e-006 -6.02372e+009 0
88917.7 -889189 -3.71091e-008 4.533e+006 1.27037e-006 -6.0638e+009 0
89465 -894651 -3.99198e-008 4.533e+006 1.52656e-006 -6.10249e+009 0
89993.4 -899934 -3.68023e-008 4.533e+006 1.31323e-006 -6.13991e+009 0
90503.5 -905035 -3.3129e-008 4.533e+006 1.21333e-006 -6.17612e+009 0
90996.2 -909962 -2.76757e-008 4.533e+006 9.54985e-007 -6.21117e+009 0
91471.7 -914717 -3.3494e-008 4.533e+006 1.16783e-006 -6.24507e+009 0
91930.7 -919303 -3.39565e-008 4.533e+006 1.21385e-006 -6.27788e+009 0
92372.9 -923730 -3.24974e-008 4.533e+006 1.21389e-006 -6.30957e+009 0
92800 -928014 -2.99839e-008 4.533e+006 1.05166e-006 -6.34026e+009 0
93212 -932027 -2.52648e-008 4.53299e+006 7.6911e-007 -6.36993e+009 0
93609.3 -936092 -2.96072e-008 4.533e+006 1.13248e-006 -6.39864e+009 0
93993.4 -939934 -2.42755e-008 4.533e+006 1.00868e-006 -6.42647e+009 0
94365.1 -943651 -2.83853e-008 4.533e+006 1.04179e-006 -6.45347e+009 0
94724.8 -947254 -2.38116e-008 4.533e+006 8.1398e-007 -6.47966e+009 0
95072.4 -950724 -2.01755e-008 4.533e+006 5.85752e-007 -6.50506e+009 0
95409.2 -954092 -2.24336e-008 4.533e+006 7.22816e-007 -6.52974e+009 0
95733.9 -957275 -2.68751e-008 4.533e+006 1.11052e-006 -6.5536e+009 0
96046.8 -960470 -2.44759e-008 4.533e+006 8.46162e-007 -6.5767e+009 0
96349.3 -963493 -1.77064e-008 4.533e+006 5.07281e-007 -6.59909e+009 0
96642.3 -966423 -1.33403e-008 4.533e+006 4.81467e-007 -6.62086e+009 0
96926.5 -969265 -1.73779e-008 4.533e+006 6.00456e-007 -6.64203e+009 0
97201.1 -972011 -1.35475e-008 4.533e+006 1.28719e-007 -6.66257e+009 0
97466.5 -974665 -1.56462e-008 4.533e+006 6.57135e-007 -6.6825e+009 0
97723.4 -977234 -1.92583e-008 4.533e+006 6.49501e-007 -6.70186e+009 0
97972.4 -979724 -1.40659e-008 4.533e+006 4.35333e-007 -6.72069e+009 0
98213.5 -982135 -1.0799e-008 4.533e+006 3.64604e-007 -6.739e+009 0
98445.6 -984457 -1.40476e-008 4.533e+006 2.35151e-007 -6.75671e+009 0
98668.8 -986689 -1.85282e-008 4.533e+006 7.83841e-007 -6.77383e+009 0
98884.2 -988840 -1.75666e-008 4.533e+006 8.43596e-007 -6.79043e+009 0
99092.6 -990927 -1.12294e-008 4.533e+006 3.18049e-007 -6.80656e+009 0
99295.2 -992952 -6.99414e-009 4.533e+006 3.96604e-007 -6.82231e+009 0
99491.8 -994918 -1.73754e-008 4.533e+006 4.14664e-007 -6.83766e+009 0
99682.5 -996824 -4.67491e-009 4.533e+006 8.38224e-008 -6.85261e+009 0
99867.4 -998674 -7.9699e-009 4.533e+006 1.69853e-007 -6.86719e+009 0
100048 -1.00048e+006 -9.37271e-009 4.533e+006 2.1473e-007 -6.88144e+009 0
100222 -1.00121e+006 -1.57138e-008 4.53297e+006 4.10309e-007 -6.89525e+009 0
100391 -1.01056e+006 -1.71587e-008 4.53261e+006 6.17251e-007 -6.90888e+009 0
100555 -1.00592e+006 -2.42168e-008 4.53274e+006 1.083e-006 -6.92185e+009 0
100714 -1.00203e+006 -1.90729e-008 4.53233e+006 5.98531e-007 -6.93412e+009 0
100868 -1.00831e+006 -2.26496e-008 4.53203e+006 6.80951e-007 -6.94664e+009 0
101017 -1.0101e+006 -2.80267e-008 4.53196e+006 1.07937e-006 -6.95881e+009 0
101162 -1.01152e+006 -2.36769e-008 4.53193e+006 7.31733e-007 -6.97071e+009 0
101303 -1.01276e+006 -2.80253e-008 4.5319e+006 1.06667e-006 -6.98235e+009 0
101419 3.47152e+006 -1.11497e-007 4.15538e+006 3.89871e-006 -6.50409e+009 0
101106 -3.5445e+006 -1.51935e-006 3.19384e+006 5.24441e-005 -6.19691e+009 0
50044.8 -403950 -1.16318e-006 4.07352e+006 3.75656e-005 -3.58384e+009 0
49876.4 -549617 -9.74532e-007 4.47251e+006 3.68112e-005 -3.56609e+009 0
49665.4 -330047 -1.69852e-006 4.25334e+006 5.69175e-005 -3.5552e+009 0
44164.2 -536683 2.65691e-006 4.62085e+006 -8.48663e-005 -3.19163e+009 0
44819 -330951 1.76629e-007 4.56503e+006 -8.7031e-006 -3.23195e+009 0
45328.3 -453362 -1.49671e-007 4.53301e+006 5.59223e-006 -3.27669e+009 0
