3500.85 5.53074e-005
7001.59 0.000112842
10502.4 0.000170376
14003.1 0.00022791
17398.8 0.000286098
20466.1 0.000346679
23176.7 0.000409681
25588.3 0.000474226
27766.4 0.000539723
29761.5 0.000605774
31616.3 0.000672131
33357.2 0.000738625
35005.9 0.000805155
36582.1 0.000871585
38096.9 0.000937897
39557.2 0.00100406
40972.5 0.00107002
42350.6 0.00113573
43695.2 0.00120124
45008.6 0.00126655
46293.6 0.00133163
47552.9 0.00139649
48789.9 0.00146113
50006.6 0.00152558
51204.7 0.00158986
52386.3 0.00165399
53553.3 0.00171794
54706.6 0.00178169
55847.4 0.00184526
56976.9 0.00190865
58095.8 0.00197191
59205.1 0.00203504
60305.3 0.00209803
61396.9 0.00216089
62480.4 0.00222362
63556 0.00228619
64624.7 0.00234862
65686.5 0.0024109
66742.1 0.00247305
67791.3 0.00253505
68834.5 0.00259695
69871.2 0.00265874
70901.1 0.00272044
71923.3 0.00278207
72937 0.00284365
73940.7 0.00290522
74932.6 0.00296683
75910.4 0.00302852
76871.4 0.00309034
77812.8 0.00315235
78732.6 0.00321461
79628.4 0.00327715
80498.8 0.00334005
81342.8 0.00340331
82160.3 0.00346697
82951.3 0.00353104
83715.4 0.00359554
84453.5 0.00366047
85165.6 0.00372585
85851.6 0.00379167
86512.1 0.00385795
87147.6 0.00392465
87760 0.00399179
88349.4 0.00405935
88917.7 0.00412732
89465 0.00419568
89993.4 0.00426441
90503.5 0.00433349
90996.2 0.00440292
91471.7 0.0044727
91930.7 0.00454281
92372.9 0.00461324
92800 0.00468399
93212 0.00475503
93609.3 0.00482636
93993.4 0.00489795
94365.1 0.00496979
94724.8 0.00504189
95072.4 0.00511423
95409.2 0.00518679
95733.9 0.00525958
96046.8 0.00533259
96349.3 0.00540581
96642.3 0.00547922
96926.5 0.0055528
97201.1 0.00562657
97466.5 0.0057005
97723.4 0.00577461
97972.4 0.00584886
98213.5 0.00592326
98445.6 0.00599781
98668.8 0.00607249
98884.2 0.0061473
99092.6 0.00622224
99295.2 0.0062973
99491.8 0.00637245
99682.5 0.00644772
99867.4 0.0065231
100048 0.00659857
100222 0.00667413
100391 0.00674979
100555 0.00682552
100714 0.00690134
100868 0.00697723
101017 0.0070532
101162 0.00712925
101303 0.00720536
101419 0.00728146
101106 0.00735621
50044.8 0.00811141
49876.4 0.00818837
49665.4 0.00826576
44164.2 0.00838814
44819 0.00845817
45328.3 0.00852937
