3500.66 -16.026 -8.01298e-005
7001.21 -11.7717 -5.88585e-005
10501.8 -7.51743 -3.75871e-005
14002.4 -3.26323 -1.63162e-005
17397.8 1.63414 8.17071e-006
20465 7.45866 3.72933e-005
23175.5 13.9857 6.99285e-005
25587 21.0607 0.000105303
27765.1 28.392 0.00014196
29760.1 35.9549 0.000179774
31614.9 43.5432 0.000217716
33355.7 51.2862 0.000256431
35004.4 58.9855 0.000294928
36580.5 66.5604 0.000332802
38095.3 74.2586 0.000371293
39555.6 81.979 0.000409895
40970.9 89.5453 0.000447727
42348.9 97.0021 0.000485011
43693.4 104.477 0.000522385
45006.8 111.997 0.000559983
46291.7 119.564 0.000597822
47551 127.049 0.000635247
48787.9 134.473 0.000672366
50004.5 141.848 0.000709238
51202.5 149.186 0.000745931
52384 156.44 0.000782202
53550.9 163.652 0.00081826
54704.1 170.858 0.000854292
55844.7 178.008 0.000890049
56974.1 185.126 0.000925642
58092.9 192.219 0.000961125
59202 199.257 0.000996342
60302.1 206.271 0.00103145
61393.5 213.299 0.00106668
62476.8 220.307 0.00110186
63552.3 227.276 0.00113694
64620.8 234.201 0.00117198
65682.5 241.046 0.00120687
66737.9 247.798 0.00124171
67787 254.43 0.00127657
68830 260.885 0.00131151
69866.5 267.114 0.00134671
70896.2 273.048 0.00138245
71918.2 278.556 0.00141884
72931.8 283.522 0.00145614
73935.3 287.836 0.00149473
74927 291.427 0.00153507
75904.7 294.271 0.00157757
76865.5 296.424 0.00162289
77806.7 297.976 0.00167142
78726.3 299.047 0.00172297
79621.9 299.776 0.00177787
80492.1 300.279 0.00183643
81335.9 300.635 0.00189782
82153.1 300.905 0.00196181
82943.9 301.128 0.00202836
83707.8 301.327 0.00209777
84445.6 301.513 0.00216961
85157.4 301.697 0.0022441
85843.1 301.884 0.0023224
86503.3 302.074 0.00240381
87138.6 302.271 0.00248847
87750.7 302.471 0.00257472
88339.8 302.674 0.00266292
88907.7 302.882 0.00275318
89454.8 303.093 0.00284505
89982.8 303.308 0.00293827
90492.6 303.524 0.00303229
90984.9 303.743 0.00312731
91460.1 303.968 0.00322528
91918.6 304.199 0.00332576
92360.4 304.439 0.00342996
92787.1 304.684 0.0035364
93198.6 304.936 0.00364591
93595.3 305.192 0.00375725
93978.8 305.451 0.00386989
94349.9 305.712 0.00398369
94709 305.975 0.00409782
95056 306.24 0.0042129
95392 306.509 0.00432988
95716 306.789 0.00445157
96028.2 307.082 0.00457917
96329.9 307.381 0.00470907
96622.2 307.685 0.00484115
96905.5 307.99 0.0049738
97179.3 308.296 0.00510679
97443.6 308.608 0.0052424
97699.5 308.924 0.00537982
97947.2 309.246 0.00551998
98187.2 309.576 0.00566339
98418.2 309.917 0.00581186
98639.9 310.275 0.00596755
98853.7 310.644 0.00612785
99060.5 311.021 0.00629181
99261.3 311.399 0.00645609
99456.4 311.78 0.00662169
99645.6 312.161 0.00678747
99829.1 312.536 0.00695043
100007 312.905 0.00711073
100180 313.272 0.00727061
100346 313.657 0.00743779
100508 314.042 0.00760519
100664 314.438 0.00777728
100816 314.839 0.00795173
100964 315.243 0.00812719
101108 315.65 0.00830418
101247 316.063 0.00848377
101073 318.862 0.00970067
56521.3 322.038 0.0110816
56398.2 322.212 0.0111574
56571.5 322.497 0.0112813
56743.9 322.816 0.0114198
56910.6 323.157 0.0115683
57070.2 323.509 0.0117211
57231.2 323.862 0.0118749
