3500.66 -35006.5 -2.52756e-007 4.533e+006 1.37851e-005 -2.35085e+008 0
7001.21 -70012.1 1.98923e-009 4.533e+006 -9.62126e-008 -4.70282e+008 0
10501.8 -105018 1.26071e-009 4.533e+006 -1.42702e-007 -7.05478e+008 0
14002.4 -140024 5.00322e-010 4.533e+006 -5.7633e-008 -9.40672e+008 0
17397.8 -171260 1.96114e-007 4.53316e+006 -1.06195e-005 -1.16865e+009 0
20465 -202304 3.50519e-007 4.53314e+006 -1.90717e-005 -1.37503e+009 0
23175.5 -231001 3.27849e-007 4.53344e+006 -1.77415e-005 -1.55767e+009 0
25587 -256046 2.6824e-007 4.533e+006 -1.45768e-005 -1.7206e+009 0
27765.1 -277654 2.02587e-007 4.533e+006 -1.10466e-005 -1.86779e+009 0
29760.1 -297603 1.65923e-007 4.533e+006 -8.87599e-006 -2.0028e+009 0
31614.9 -316150 1.19566e-007 4.533e+006 -6.45803e-006 -2.12849e+009 0
33355.7 -333563 9.81766e-008 4.533e+006 -5.31968e-006 -2.24659e+009 0
35004.4 -350044 8.20537e-008 4.533e+006 -4.37415e-006 -2.35856e+009 0
36580.5 -365812 6.558e-008 4.533e+006 -3.55501e-006 -2.4657e+009 0
38095.3 -380951 5.27659e-008 4.533e+006 -2.88719e-006 -2.56876e+009 0
39555.6 -395558 5.00241e-008 4.533e+006 -2.71638e-006 -2.66819e+009 0
40970.9 -409709 4.00101e-008 4.533e+006 -2.13121e-006 -2.76463e+009 0
42348.9 -423489 3.33741e-008 4.533e+006 -1.82917e-006 -2.85859e+009 0
43693.4 -436935 2.75198e-008 4.533e+006 -1.43434e-006 -2.95032e+009 0
45006.8 -450069 2.66609e-008 4.533e+006 -1.43611e-006 -3.03998e+009 0
46291.7 -462919 2.68057e-008 4.533e+006 -1.54484e-006 -3.12775e+009 0
47551 -475515 2.03919e-008 4.533e+006 -1.11484e-006 -3.21381e+009 0
48787.9 -487878 2.02186e-008 4.533e+006 -1.00224e-006 -3.29837e+009 0
50004.5 -500044 1.80693e-008 4.533e+006 -1.0818e-006 -3.38159e+009 0
51202.5 -512025 1.65846e-008 4.533e+006 -8.76239e-007 -3.46357e+009 0
52384 -523840 1.621e-008 4.533e+006 -8.97653e-007 -3.54446e+009 0
53550.9 -535511 8.73773e-009 4.533e+006 -6.21105e-007 -3.62437e+009 0
54704.1 -547037 1.19982e-008 4.533e+006 -6.12292e-007 -3.70337e+009 0
55844.7 -558447 9.17049e-009 4.533e+006 -5.12431e-007 -3.78153e+009 0
56974.1 -569743 1.19093e-008 4.533e+006 -6.18167e-007 -3.85895e+009 0
58092.9 -580929 7.96337e-009 4.533e+006 -3.76111e-007 -3.93566e+009 0
59202 -592020 4.77967e-009 4.533e+006 -2.45144e-007 -4.01173e+009 0
60302.1 -603021 9.41014e-009 4.533e+006 -4.96773e-007 -4.08719e+009 0
61393.5 -613933 1.03781e-008 4.533e+006 -4.25117e-007 -4.16208e+009 0
62476.8 -624768 1.17228e-008 4.533e+006 -6.2507e-007 -4.23643e+009 0
63552.3 -635525 6.78213e-009 4.533e+006 -3.75076e-007 -4.31026e+009 0
64620.8 -646208 5.04307e-009 4.533e+006 -3.22746e-007 -4.38363e+009 0
65682.5 -656825 2.74977e-009 4.533e+006 -2.58323e-008 -4.45654e+009 0
66737.9 -667379 4.9236e-009 4.533e+006 -3.24113e-007 -4.52903e+009 0
67787 -677870 3.08023e-009 4.533e+006 -7.85894e-008 -4.6011e+009 0
68830 -688300 4.72521e-009 4.533e+006 -2.29987e-007 -4.67277e+009 0
69866.5 -698665 2.77747e-009 4.533e+006 -1.3674e-007 -4.74401e+009 0
70896.2 -708962 3.07288e-009 4.533e+006 -1.51252e-007 -4.81479e+009 0
71918.2 -719185 3.29586e-009 4.533e+006 -3.00566e-007 -4.88506e+009 0
72931.8 -729317 8.55766e-009 4.533e+006 -5.66299e-007 -4.95477e+009 0
73935.3 -739353 9.85654e-009 4.533e+006 -5.47754e-007 -5.02381e+009 0
74927 -749271 1.54303e-008 4.533e+006 -8.20429e-007 -5.09206e+009 0
75904.7 -759038 1.10475e-008 4.533e+006 -5.98756e-007 -5.15938e+009 0
76865.5 -768658 1.6115e-008 4.533e+006 -9.74953e-007 -5.22558e+009 0
77806.7 -778070 1.92088e-008 4.533e+006 -9.75174e-007 -5.29047e+009 0
78726.3 -787257 2.2099e-008 4.533e+006 -1.20835e-006 -5.35393e+009 0
79621.9 -796280 2.38511e-008 4.533e+006 -1.15965e-006 -5.41579e+009 0
80492.1 -804919 2.37979e-008 4.533e+006 -1.14075e-006 -5.47596e+009 0
81335.9 -813360 2.64738e-008 4.533e+006 -1.4864e-006 -5.53438e+009 0
82153.1 -821529 2.70358e-008 4.533e+006 -1.45304e-006 -5.59102e+009 0
82943.9 -829439 2.38811e-008 4.533e+006 -1.41883e-006 -5.6459e+009 0
83707.8 -837079 2.61813e-008 4.533e+006 -1.46484e-006 -5.699e+009 0
84445.6 -844452 2.28667e-008 4.533e+006 -1.29301e-006 -5.75036e+009 0
85157.4 -851574 2.34663e-008 4.533e+006 -1.2509e-006 -5.79999e+009 0
85843.1 -858417 2.58101e-008 4.533e+006 -1.20828e-006 -5.84788e+009 0
86503.3 -865053 2.79052e-008 4.533e+006 -1.47818e-006 -5.89408e+009 0
87138.6 -871351 1.88671e-008 4.533e+006 -1.16549e-006 -5.93862e+009 0
87750.7 -877507 2.24163e-008 4.533e+006 -1.22887e-006 -5.98161e+009 0
88339.8 -883399 2.63927e-008 4.533e+006 -1.32246e-006 -6.02308e+009 0
88907.7 -889088 1.84769e-008 4.533e+006 -9.02359e-007 -6.06314e+009 0
89454.8 -894544 2.30041e-008 4.533e+006 -1.33717e-006 -6.1018e+009 0
89982.8 -899828 2.12641e-008 4.533e+006 -1.25054e-006 -6.13921e+009 0
90492.6 -904926 1.40918e-008 4.533e+006 -7.28498e-007 -6.17539e+009 0
90984.9 -909849 1.44493e-008 4.533e+006 -6.60492e-007 -6.21042e+009 0
91460.1 -914601 1.33501e-008 4.533e+006 -8.55351e-007 -6.2443e+009 0
91918.6 -919164 1.39027e-008 4.533e+006 -5.20126e-007 -6.27708e+009 0
92360.4 -923580 2.0497e-008 4.533e+006 -1.16804e-006 -6.30874e+009 0
92787.1 -927875 1.28054e-008 4.533e+006 -5.45044e-007 -6.3394e+009 0
93198.6 -931912 1.5964e-008 4.533e+006 -7.98855e-007 -6.36904e+009 0
93595.3 -935953 1.41365e-008 4.533e+006 -8.13972e-007 -6.39771e+009 0
93978.8 -939788 5.88803e-009 4.533e+006 -6.18894e-007 -6.4255e+009 0
94349.9 -943499 1.81453e-008 4.533e+006 -9.49165e-007 -6.45246e+009 0
94709 -947092 1.299e-008 4.533e+006 -6.14733e-007 -6.47861e+009 0
95056 -950560 9.19254e-009 4.533e+006 -4.72278e-007 -6.50397e+009 0
95392 -953920 1.27756e-008 4.533e+006 -7.99689e-007 -6.52859e+009 0
95716 -957135 9.1235e-009 4.53299e+006 -4.5446e-007 -6.55242e+009 0
96028.2 -960284 1.25259e-008 4.533e+006 -5.93171e-007 -6.57546e+009 0
96329.9 -963299 7.08832e-009 4.533e+006 -3.45615e-007 -6.5978e+009 0
96622.2 -966222 5.26788e-009 4.533e+006 -2.3645e-007 -6.61951e+009 0
96905.5 -969056 1.43062e-008 4.533e+006 -5.6589e-007 -6.64064e+009 0
97179.3 -971792 8.63541e-009 4.533e+006 -4.56749e-007 -6.66112e+009 0
97443.6 -974437 6.7983e-009 4.533e+006 -3.81143e-007 -6.68098e+009 0
97699.5 -976995 3.14387e-009 4.533e+006 -9.69156e-008 -6.70027e+009 0
97947.2 -979472 5.82295e-009 4.533e+006 -4.52274e-007 -6.71902e+009 0
98187.2 -981872 6.02655e-009 4.533e+006 -3.48727e-007 -6.73725e+009 0
98418.2 -984182 6.04739e-009 4.533e+006 -5.14433e-007 -6.75489e+009 0
98639.9 -986400 1.02766e-008 4.533e+006 -5.77446e-007 -6.77191e+009 0
98853.7 -988536 3.5443e-009 4.533e+006 -2.29496e-007 -6.7884e+009 0
99060.5 -990605 2.76146e-009 4.533e+006 -7.48564e-008 -6.80443e+009 0
99261.3 -992613 1.02354e-008 4.533e+006 -3.48147e-007 -6.82006e+009 0
99456.4 -994564 5.38234e-009 4.533e+006 -4.57669e-007 -6.8353e+009 0
99645.6 -996456 4.1247e-009 4.533e+006 -2.80719e-007 -6.85016e+009 0
99829.1 -998291 6.62926e-009 4.533e+006 -3.16698e-007 -6.86464e+009 0
100007 -1.00007e+006 9.47405e-009 4.533e+006 -3.94294e-007 -6.87877e+009 0
100180 -1.00085e+006 2.50351e-009 4.5318e+006 -8.63655e-008 -6.89165e+009 0
100346 -1.00338e+006 9.32047e-009 4.53273e+006 -4.30515e-007 -6.90566e+009 0
100508 -1.00159e+006 9.76201e-009 4.53261e+006 -3.23378e-007 -6.91843e+009 0
100664 -1.01234e+006 1.94268e-009 4.53205e+006 -1.1072e-007 -6.93118e+009 0
100816 -1.00846e+006 1.48681e-008 4.53211e+006 -7.74285e-007 -6.94332e+009 0
100964 -1.00955e+006 1.6731e-008 4.5321e+006 -9.94769e-007 -6.9554e+009 0
101108 -1.01083e+006 1.24162e-008 4.53207e+006 -6.96502e-007 -6.9672e+009 0
101247 -987361 8.86501e-009 4.53108e+006 -6.1989e-007 -6.97684e+009 0
101073 -473016 5.6327e-007 3.49151e+006 -3.06347e-005 -6.22675e+009 0
56521.3 -2.21074e+006 1.0128e-006 4.17342e+006 -5.11375e-005 -4.03493e+009 0
56398.2 -674428 6.7329e-007 4.4856e+006 -3.35733e-005 -4.00499e+009 0
56571.5 -536241 1.36215e-007 4.52755e+006 -5.80085e-006 -4.01456e+009 0
56743.9 -560973 -2.89337e-009 4.53249e+006 6.73046e-007 -4.02923e+009 0
56910.6 -569283 3.86773e-010 4.53296e+006 3.43934e-007 -4.04284e+009 0
57070.2 -570926 -1.15289e-008 4.53283e+006 1.0634e-006 -4.05572e+009 0
57231.2 -572465 -1.15947e-008 4.53289e+006 9.09622e-007 -4.0687e+009 0
