3500.72 -2.79233 -0.000123708
7001.34 -3.32991 -0.000147524
10502 -3.86748 -0.00017134
14002.6 -4.40497 -0.000195152
17398.2 -4.97366 -0.000220347
20465.4 -5.56505 -0.000246547
23176 -6.15384 -0.000272632
25587.5 -6.73027 -0.00029817
27765.6 -7.28527 -0.000322758
29760.6 -7.82068 -0.000346478
31615.4 -8.33388 -0.000369214
33356.3 -8.8306 -0.00039122
35005 -9.30903 -0.000412416
36581.1 -9.77046 -0.000432859
38095.9 -10.2203 -0.000452789
39556.2 -10.6581 -0.000472185
40971.5 -11.0836 -0.000491035
42349.6 -11.4563 -0.000509527
43694.1 -11.7844 -0.000527884
45007.5 -12.1086 -0.00054602
46292.4 -12.4268 -0.000563825
47551.8 -12.7409 -0.000581393
48788.6 -13.0513 -0.000598758
50005.3 -13.3587 -0.000615959
51203.3 -13.6641 -0.000633044
52384.9 -13.9662 -0.000649945
53551.9 -14.2644 -0.000666622
54705.1 -14.5595 -0.000683133
55845.8 -14.8519 -0.000699489
56975.2 -15.1418 -0.000715711
58094.1 -15.4295 -0.000731803
59203.2 -15.7154 -0.000747798
60303.3 -15.9999 -0.000763718
61394.8 -16.2821 -0.000779504
62478.2 -16.562 -0.000795163
63553.8 -16.84 -0.000810717
64622.4 -17.1167 -0.000826194
65684.1 -17.392 -0.000841597
66739.6 -17.6662 -0.000856933
67788.7 -17.9395 -0.000872224
68831.8 -18.2127 -0.000887507
69868.4 -18.4871 -0.000902861
70898.2 -18.7632 -0.000918306
71920.3 -19.0419 -0.0009339
72933.9 -19.3245 -0.000949707
73937.4 -19.6124 -0.000965815
74929.3 -19.9073 -0.000982313
75907 -20.211 -0.000999303
76867.9 -20.4462 -0.00101706
77809.2 -20.6888 -0.00103563
78728.8 -20.9414 -0.00105498
79624.5 -21.202 -0.00107494
80494.9 -21.4746 -0.00109582
81338.8 -21.7554 -0.00111732
82156.1 -22.043 -0.00113935
82947 -22.3364 -0.00116182
83711 -22.6375 -0.00118488
84448.9 -22.9444 -0.00120838
85160.8 -23.2536 -0.00123206
85846.7 -23.5687 -0.0012562
86507 -23.8883 -0.00128067
87142.4 -24.2142 -0.00130563
87754.6 -24.5425 -0.00133078
88343.9 -24.8735 -0.00135613
88912 -25.2085 -0.00138178
89459.1 -25.5473 -0.00140773
89987.3 -25.8878 -0.0014338
90497.3 -26.2285 -0.00145989
90989.7 -26.5674 -0.00148585
91465.1 -26.8589 -0.0015122
91923.8 -27.0927 -0.00153889
92365.8 -27.332 -0.00156624
92792.7 -27.5752 -0.00159402
93204.4 -27.8209 -0.00162208
93601.3 -28.0697 -0.0016505
93985.1 -28.321 -0.0016792
94356.5 -28.5733 -0.00170801
94715.8 -28.8258 -0.00173686
95063.1 -29.08 -0.00176589
95399.5 -29.3382 -0.00179538
95723.8 -29.5996 -0.00182524
96036.3 -29.8714 -0.00185629
96338.3 -30.1458 -0.00188763
96631 -30.4229 -0.00191929
96914.7 -30.699 -0.00195082
97188.8 -30.9749 -0.00198233
97453.6 -31.2075 -0.00201444
97710 -31.3838 -0.00204708
97958.3 -31.5632 -0.00208032
98198.8 -31.7473 -0.00211442
98430.2 -31.9328 -0.00214879
98652.7 -32.1237 -0.00218414
98867.2 -32.3187 -0.00222028
99074.7 -32.5205 -0.00225765
99276.3 -32.7223 -0.00229503
99472.1 -32.9237 -0.00233233
99662 -33.1253 -0.00236969
99846.1 -33.3237 -0.00240643
100025 -33.519 -0.0024426
100199 -33.7127 -0.00247849
100367 -33.7127 -0.00251613
100530 -33.7127 -0.00255422
100688 -33.7127 -0.00259329
100840 -33.7127 -0.00263471
100988 -33.7127 -0.00267551
101133 -33.7127 -0.00271636
101273 -33.7127 -0.00275742
101265 0 -0.00285719
56482.4 0 -0.0106299
56360.1 0 -0.0109192
56520.2 0 -0.0110734
56680.6 0 -0.0112248
56840.9 0 -0.0113773
56957.8 0 -0.0115377
56985.1 0 -0.0117152
