3500.72 -16.0249 -8.01245e-005
7001.34 -11.7706 -5.88531e-005
10502 -7.51632 -3.75816e-005
14002.6 -3.26209 -1.63105e-005
17398.2 1.63532 8.17659e-006
20465.4 7.45989 3.72995e-005
23176 13.987 6.9935e-005
25587.5 21.0621 0.00010531
27765.6 28.3935 0.000141967
29760.6 35.9564 0.000179782
31615.4 43.5448 0.000217724
33356.3 51.288 0.00025644
35005 58.9873 0.000294936
36581.1 66.5623 0.000332812
38095.9 74.2606 0.000371303
39556.2 81.9811 0.000409905
40971.5 89.5474 0.000447737
42349.6 97.0041 0.00048502
43694.1 104.479 0.000522395
45007.5 111.998 0.000559992
46292.4 119.566 0.000597831
47551.8 127.051 0.000635255
48788.6 134.475 0.000672374
50005.3 141.849 0.000709245
51203.3 149.187 0.000745937
52384.9 156.441 0.000782207
53551.9 163.653 0.000818265
54705.1 170.859 0.000854297
55845.8 178.009 0.000890053
56975.2 185.126 0.000925646
58094.1 192.22 0.000961128
59203.2 199.258 0.000996345
60303.3 206.271 0.00103146
61394.8 213.3 0.00106668
62478.2 220.307 0.00110186
63553.8 227.276 0.00113695
64622.4 234.202 0.00117198
65684.1 241.047 0.00120687
66739.6 247.799 0.00124171
67788.7 254.431 0.00127658
68831.8 260.886 0.00131151
69868.4 267.115 0.00134671
70898.2 273.049 0.00138246
71920.3 278.557 0.00141884
72933.9 283.523 0.00145615
73937.4 287.837 0.00149474
74929.3 291.428 0.00153508
75907 294.272 0.00157758
76867.9 296.425 0.0016229
77809.2 297.976 0.00167143
78728.8 299.047 0.00172297
79624.5 299.776 0.00177787
80494.9 300.279 0.00183642
81338.8 300.635 0.00189781
82156.1 300.905 0.00196179
82947 301.128 0.00202834
83711 301.326 0.00209774
84448.9 301.513 0.00216956
85160.8 301.697 0.00224405
85846.7 301.883 0.00232234
86507 302.074 0.00240375
87142.4 302.271 0.00248839
87754.6 302.47 0.00257462
88343.9 302.674 0.0026628
88912 302.882 0.00275304
89459.1 303.093 0.00284488
89987.3 303.307 0.00293807
90497.3 303.524 0.00303206
90989.7 303.742 0.00312707
91465.1 303.967 0.00322499
91923.8 304.198 0.00332541
92365.8 304.438 0.00342953
92792.7 304.683 0.00353588
93204.4 304.934 0.00364531
93601.3 305.19 0.00375652
93985.1 305.449 0.00386905
94356.5 305.71 0.00398271
94715.8 305.972 0.0040967
95063.1 306.237 0.00421162
95399.5 306.505 0.00432843
95723.8 306.785 0.00444996
96036.3 307.078 0.00457734
96338.3 307.376 0.00470706
96631 307.68 0.00483892
96914.7 307.984 0.00497139
97188.8 308.289 0.00510409
97453.6 308.6 0.00523929
97710 308.915 0.00537628
97958.3 309.236 0.00551577
98198.8 309.565 0.00565852
98430.2 309.905 0.00580643
98652.7 310.261 0.00596143
98867.2 310.628 0.00612067
99074.7 311.002 0.00628359
99276.3 311.378 0.00644692
99472.1 311.757 0.00661161
99662 312.136 0.00677645
99846.1 312.509 0.00693849
100025 312.875 0.00709797
100199 313.241 0.0072571
100367 313.618 0.00742068
100530 313.997 0.00758544
100688 314.385 0.00775422
100840 314.787 0.00792928
100988 315.189 0.008104
101133 315.594 0.00828007
101273 316.004 0.00845819
101265 317.418 0.00907284
56482.4 321.052 0.0106529
56360.1 321.186 0.0107114
56520.2 321.486 0.0108416
56680.6 321.831 0.0109916
56840.9 322.181 0.0111441
56957.8 322.464 0.011267
56985.1 322.606 0.0113285
