3500.72 5.53068e-005
7001.34 0.000112841
10502 0.000170375
14002.6 0.000227909
17398.2 0.000286096
20465.4 0.000346676
23176 0.000409678
25587.5 0.000474223
27765.6 0.000539719
29760.6 0.000605769
31615.4 0.000672126
33356.3 0.00073862
35005 0.000805149
36581.1 0.000871579
38095.9 0.000937891
39556.2 0.00100406
40971.5 0.00107001
42349.6 0.00113572
43694.1 0.00120123
45007.5 0.00126654
46292.4 0.00133162
47551.8 0.00139648
48788.6 0.00146112
50005.3 0.00152557
51203.3 0.00158985
52384.9 0.00165399
53551.9 0.00171793
54705.1 0.00178169
55845.8 0.00184525
56975.2 0.00190865
58094.1 0.00197191
59203.2 0.00203504
60303.3 0.00209803
61394.8 0.00216089
62478.2 0.00222362
63553.8 0.00228619
64622.4 0.00234863
65684.1 0.0024109
66739.6 0.00247305
67788.7 0.00253506
68831.8 0.00259696
69868.4 0.00265875
70898.2 0.00272045
71920.3 0.00278208
72933.9 0.00284366
73937.4 0.00290524
74929.3 0.00296685
75907 0.00302854
76867.9 0.00309035
77809.2 0.00315236
78728.8 0.00321463
79624.5 0.00327717
80494.9 0.00334007
81338.8 0.00340333
82156.1 0.00346699
82947 0.00353106
83711 0.00359557
84448.9 0.0036605
85160.8 0.00372588
85846.7 0.0037917
86507 0.00385798
87142.4 0.00392469
87754.6 0.00399183
88343.9 0.00405939
88912 0.00412736
89459.1 0.00419572
89987.3 0.00426445
90497.3 0.00433354
90989.7 0.00440297
91465.1 0.00447275
91923.8 0.00454286
92365.8 0.0046133
92792.7 0.00468405
93204.4 0.00475509
93601.3 0.00482642
93985.1 0.00489802
94356.5 0.00496987
94715.8 0.00504197
95063.1 0.00511431
95399.5 0.00518688
95723.8 0.00525967
96036.3 0.00533269
96338.3 0.00540591
96631 0.00547932
96914.7 0.0055529
97188.8 0.00562667
97453.6 0.00570062
97710 0.00577472
97958.3 0.00584898
98198.8 0.00592338
98430.2 0.00599793
98652.7 0.00607262
98867.2 0.00614744
99074.7 0.00622238
99276.3 0.00629744
99472.1 0.0063726
99662 0.00644787
99846.1 0.00652325
100025 0.00659873
100199 0.00667429
100367 0.00674995
100530 0.00682569
100688 0.0069015
100840 0.0069774
100988 0.00705336
101133 0.00712941
101273 0.00720552
101265 0.00728122
56482.4 0.0079603
56360.1 0.00803675
56520.2 0.00811018
56680.6 0.00818362
56840.9 0.00825706
56957.8 0.00833095
56985.1 0.00840579
