3500.72 -35007.2 -2.02872e-007 4.533e+006 1.40547e-006 -2.35089e+008 0
7001.34 -70013.4 -2.80044e-009 4.533e+006 2.89557e-008 -4.7029e+008 0
10502 -105020 1.78733e-009 4.533e+006 -1.44699e-007 -7.05491e+008 0
14002.6 -140026 6.44183e-010 4.533e+006 4.31401e-008 -9.4069e+008 0
17398.2 -171262 1.6074e-007 4.53316e+006 -1.16315e-006 -1.16867e+009 0
20465.4 -202307 2.84053e-007 4.53314e+006 -2.08213e-006 -1.37505e+009 0
23176 -231007 2.61721e-007 4.53344e+006 -1.7825e-006 -1.5577e+009 0
25587.5 -256051 2.14938e-007 4.533e+006 -1.36192e-006 -1.72063e+009 0
27765.6 -277659 1.60836e-007 4.533e+006 -1.01036e-006 -1.86782e+009 0
29760.6 -297609 1.31659e-007 4.533e+006 -9.42131e-007 -2.00284e+009 0
31615.4 -316156 9.59606e-008 4.533e+006 -6.47303e-007 -2.12852e+009 0
33356.3 -333568 7.84499e-008 4.533e+006 -5.07224e-007 -2.24662e+009 0
35005 -350050 6.30832e-008 4.533e+006 -3.14959e-007 -2.3586e+009 0
36581.1 -365818 5.11617e-008 4.533e+006 -3.29143e-007 -2.46574e+009 0
38095.9 -380957 4.25987e-008 4.533e+006 -2.80819e-007 -2.5688e+009 0
39556.2 -395564 3.81887e-008 4.533e+006 -1.02982e-007 -2.66823e+009 0
40971.5 -409715 3.09446e-008 4.533e+006 -2.11007e-007 -2.76467e+009 0
42349.6 -423496 2.81599e-008 4.533e+006 -2.70176e-007 -2.85864e+009 0
43694.1 -436941 2.52314e-008 4.533e+006 -3.26532e-007 -2.95037e+009 0
45007.5 -450075 2.40324e-008 4.533e+006 -2.62457e-007 -3.04003e+009 0
46292.4 -462926 2.15845e-008 4.533e+006 -1.71378e-007 -3.12779e+009 0
47551.8 -475523 1.8781e-008 4.533e+006 -1.8709e-007 -3.21386e+009 0
48788.6 -487886 1.79554e-008 4.533e+006 -1.66254e-007 -3.29842e+009 0
50005.3 -500052 1.31441e-008 4.533e+006 -9.55303e-008 -3.38164e+009 0
51203.3 -512033 1.26085e-008 4.533e+006 -1.38572e-007 -3.46363e+009 0
52384.9 -523849 9.92831e-009 4.533e+006 -5.4928e-008 -3.54452e+009 0
53551.9 -535521 1.21817e-008 4.533e+006 -2.2162e-007 -3.62443e+009 0
54705.1 -547050 1.19417e-008 4.533e+006 -2.28075e-007 -3.70343e+009 0
55845.8 -558458 1.03021e-008 4.533e+006 -8.69042e-008 -3.7816e+009 0
56975.2 -569754 1.07717e-008 4.533e+006 -2.15452e-007 -3.85902e+009 0
58094.1 -580941 6.7955e-009 4.533e+006 9.42076e-008 -3.93574e+009 0
59203.2 -592032 5.24466e-009 4.533e+006 3.31596e-009 -4.01181e+009 0
60303.3 -603033 1.03753e-008 4.533e+006 -2.16773e-007 -4.08727e+009 0
61394.8 -613946 5.73131e-009 4.533e+006 -1.57732e-008 -4.16217e+009 0
62478.2 -624782 7.10035e-009 4.533e+006 -1.59224e-007 -4.23652e+009 0
63553.8 -635539 6.69308e-009 4.533e+006 2.16305e-008 -4.31036e+009 0
64622.4 -646224 3.95083e-009 4.533e+006 -5.32365e-008 -4.38373e+009 0
65684.1 -656841 4.27647e-009 4.533e+006 -9.47896e-008 -4.45664e+009 0
66739.6 -667396 4.28405e-009 4.533e+006 1.74165e-008 -4.52914e+009 0
67788.7 -677887 3.6412e-009 4.533e+006 -8.64281e-008 -4.60122e+009 0
68831.8 -688318 1.1778e-009 4.533e+006 8.4454e-008 -4.67289e+009 0
69868.4 -698684 5.64492e-009 4.533e+006 -2.32531e-008 -4.74413e+009 0
70898.2 -708982 5.01669e-009 4.533e+006 -8.40948e-009 -4.81492e+009 0
71920.3 -719205 5.35262e-009 4.533e+006 -1.00128e-008 -4.8852e+009 0
72933.9 -729338 8.47525e-009 4.533e+006 -1.74013e-007 -4.95491e+009 0
73937.4 -739374 1.07547e-008 4.533e+006 -1.45876e-007 -5.02395e+009 0
74929.3 -749293 9.18897e-009 4.533e+006 -5.11352e-008 -5.09221e+009 0
75907 -759060 1.39486e-008 4.533e+006 -3.43231e-007 -5.15954e+009 0
76867.9 -768682 1.36484e-008 4.533e+006 -1.43497e-007 -5.22574e+009 0
77809.2 -778094 1.43957e-008 4.533e+006 -4.59145e-008 -5.29064e+009 0
78728.8 -787283 1.54718e-008 4.533e+006 -5.50095e-008 -5.3541e+009 0
79624.5 -796312 1.82037e-008 4.533e+006 -2.00326e-008 -5.41597e+009 0
80494.9 -804953 2.15146e-008 4.533e+006 -2.31086e-007 -5.47614e+009 0
81338.8 -813389 1.66912e-008 4.533e+006 -8.33014e-009 -5.53457e+009 0
82156.1 -821558 1.96651e-008 4.533e+006 1.06042e-007 -5.59122e+009 0
82947 -829470 1.40047e-008 4.533e+006 1.17479e-007 -5.64611e+009 0
83711 -837111 2.43864e-008 4.533e+006 -2.89478e-007 -5.69921e+009 0
84448.9 -844463 2.18682e-008 4.533e+006 -2.17706e-007 -5.75058e+009 0
85160.8 -851608 1.97662e-008 4.533e+006 -2.74933e-007 -5.80022e+009 0
85846.7 -858452 1.7217e-008 4.533e+006 1.2854e-007 -5.84812e+009 0
86507 -865091 1.72215e-008 4.533e+006 -6.87353e-008 -5.89432e+009 0
87142.4 -871388 1.99248e-008 4.533e+006 -2.00618e-007 -5.93887e+009 0
87754.6 -877546 2.09531e-008 4.533e+006 -2.2073e-007 -5.98187e+009 0
88343.9 -883440 1.7435e-008 4.533e+006 -1.38891e-007 -6.02335e+009 0
88912 -889131 2.03637e-008 4.533e+006 -3.11296e-007 -6.06342e+009 0
89459.1 -894592 1.55431e-008 4.533e+006 -1.28803e-007 -6.10209e+009 0
89987.3 -899874 1.66116e-008 4.533e+006 -2.65145e-007 -6.13951e+009 0
90497.3 -904973 1.32656e-008 4.533e+006 -1.8263e-007 -6.1757e+009 0
90989.7 -909898 1.67055e-008 4.533e+006 -2.52817e-007 -6.21074e+009 0
91465.1 -914651 1.7731e-008 4.533e+006 -2.48811e-007 -6.24463e+009 0
91923.8 -919209 9.4171e-009 4.533e+006 4.21362e-008 -6.27742e+009 0
92365.8 -923630 1.41058e-008 4.533e+006 -1.43061e-007 -6.3091e+009 0
92792.7 -927932 8.46832e-009 4.533e+006 1.71598e-007 -6.33977e+009 0
93204.4 -931961 1.59735e-008 4.533e+006 -1.38243e-007 -6.36943e+009 0
93601.3 -936013 1.11491e-008 4.533e+006 -6.34871e-008 -6.39811e+009 0
93985.1 -939852 1.36515e-008 4.533e+006 -3.82114e-007 -6.42592e+009 0
94356.5 -943565 1.18469e-008 4.533e+006 -2.32723e-007 -6.45289e+009 0
94715.8 -947158 6.45264e-009 4.533e+006 -9.14826e-008 -6.47907e+009 0
95063.1 -950631 6.51228e-009 4.533e+006 1.51381e-007 -6.50444e+009 0
95399.5 -953995 9.94549e-009 4.533e+006 -2.31353e-007 -6.52909e+009 0
95723.8 -957196 5.78937e-009 4.533e+006 1.98459e-007 -6.55294e+009 0
96036.3 -960365 4.91157e-009 4.533e+006 -4.90995e-008 -6.576e+009 0
96338.3 -963383 5.2813e-009 4.533e+006 4.1173e-007 -6.59836e+009 0
96631 -966310 6.65101e-009 4.533e+006 -1.99996e-008 -6.6201e+009 0
96914.7 -969147 7.81922e-009 4.533e+006 -3.84323e-007 -6.64125e+009 0
97188.8 -971888 5.48722e-009 4.533e+006 3.82122e-008 -6.66175e+009 0
97453.6 -974537 8.22437e-009 4.533e+006 -7.11825e-008 -6.68164e+009 0
97710 -977100 5.21236e-009 4.533e+006 3.82439e-008 -6.70097e+009 0
97958.3 -979582 6.48675e-009 4.533e+006 -3.12319e-007 -6.71975e+009 0
98198.8 -981988 1.27295e-008 4.533e+006 -4.76953e-007 -6.73802e+009 0
98430.2 -984303 7.80676e-009 4.533e+006 -2.67783e-008 -6.75569e+009 0
98652.7 -986527 4.23438e-009 4.533e+006 2.01277e-007 -6.77276e+009 0
98867.2 -988671 4.48547e-009 4.533e+006 -5.53101e-008 -6.7893e+009 0
99074.7 -990748 3.65786e-009 4.533e+006 -6.03616e-008 -6.80537e+009 0
99276.3 -992763 2.28698e-009 4.533e+006 1.534e-007 -6.82105e+009 0
99472.1 -994721 4.67204e-009 4.533e+006 -2.28203e-008 -6.83635e+009 0
99662 -996620 6.62043e-009 4.533e+006 -9.16084e-008 -6.85125e+009 0
99846.1 -998461 5.71498e-009 4.533e+006 -1.22445e-007 -6.86577e+009 0
100025 -1.00025e+006 4.02535e-009 4.533e+006 -1.29967e-008 -6.87996e+009 0
100199 -1.00106e+006 4.61648e-009 4.53297e+006 -1.43894e-007 -6.89371e+009 0
100367 -1.00334e+006 6.17908e-009 4.53278e+006 -1.41364e-007 -6.90703e+009 0
100530 -1.00483e+006 1.3737e-009 4.53274e+006 2.10281e-007 -6.92012e+009 0
100688 -1.0277e+006 1.33815e-008 4.53144e+006 -3.20312e-007 -6.93305e+009 0
100840 -1.00968e+006 1.43652e-008 4.53198e+006 -5.78585e-007 -6.94484e+009 0
100988 -1.0099e+006 8.28056e-009 4.53203e+006 -1.04034e-007 -6.95696e+009 0
101133 -1.01116e+006 7.93672e-009 4.53201e+006 1.16694e-007 -6.96881e+009 0
101273 -1.00557e+006 3.97003e-009 4.53178e+006 2.94713e-007 -6.97992e+009 0
101265 470098 2.48064e-007 3.728e+006 -2.63155e-006 -6.3494e+009 0
56482.4 -2.30067e+006 6.35283e-007 4.16146e+006 -6.43595e-006 -4.03563e+009 0
56360.1 -581265 5.47964e-007 4.50273e+006 -6.52645e-006 -3.99885e+009 0
56520.2 -531342 1.0878e-007 4.531e+006 -2.3397e-006 -4.01114e+009 0
56680.6 -566867 9.43764e-009 4.53282e+006 -4.01734e-007 -4.02526e+009 0
56840.9 -568454 1.10617e-008 4.53295e+006 -7.52975e-007 -4.0382e+009 0
56957.8 -286755 9.50028e-008 4.37414e+006 -2.48345e-006 -4.02676e+009 0
56985.1 -1.12296e+006 1.9925e-007 4.44854e+006 -1.38118e-006 -4.06555e+009 0
