2247.65 -2.37532 -0.000183692
4495.24 -2.68324 -0.000207505
6742.86 -2.99116 -0.000231317
8990.47 -3.29908 -0.00025513
11238.1 -3.607 -0.000278942
13485.7 -3.91492 -0.000302755
15720.5 -4.22913 -0.000327054
17875.1 -4.55606 -0.000352336
19906.8 -4.88849 -0.000378045
21807.4 -5.22005 -0.000403685
23586.5 -5.54858 -0.000429092
25261.1 -5.86959 -0.000453917
26844.1 -6.18468 -0.000478284
28350.4 -6.48532 -0.000502003
29789.5 -6.7195 -0.000525656
31167.8 -6.94968 -0.000548906
32493.7 -7.1762 -0.000571786
33774.8 -7.39976 -0.000594366
35015.8 -7.62003 -0.000616614
36221.3 -7.83652 -0.000638481
37395.2 -8.04992 -0.000660036
38541.7 -8.26048 -0.000681304
39664.3 -8.46775 -0.000702239
40765.7 -8.67155 -0.000722825
41848.7 -8.87377 -0.00074325
42914.3 -9.07343 -0.000763416
43963.9 -9.27031 -0.000783303
44999 -9.46489 -0.000802957
46020.8 -9.65746 -0.000822407
47030.8 -9.8482 -0.000841673
48030.1 -10.037 -0.000860747
49019.8 -10.2246 -0.000879693
50000.9 -10.4108 -0.000898493
50973.9 -10.5958 -0.000917188
51939.5 -10.7797 -0.00093576
52898.2 -10.9623 -0.000954204
53850.3 -11.1436 -0.00097252
54796.4 -11.3237 -0.000990707
55736.5 -11.4797 -0.00100885
56670.5 -11.611 -0.00102702
57598.8 -11.742 -0.00104515
58521.4 -11.8727 -0.00106323
59438.7 -12.0035 -0.00108133
60351 -12.1338 -0.00109936
61258.4 -12.2634 -0.0011173
62160.9 -12.3933 -0.00113527
63058.8 -12.5234 -0.00115327
63951.6 -12.6536 -0.00117129
64839.4 -12.7846 -0.00118941
65721.8 -12.9166 -0.00120769
66598.1 -13.0496 -0.00122608
67467.5 -13.1845 -0.00124475
68329.2 -13.322 -0.00126378
69181.9 -13.4622 -0.00128317
70024.6 -13.6055 -0.001303
70855.7 -13.7524 -0.00132333
71673.7 -13.9033 -0.00134422
72477.3 -14.0593 -0.0013658
73264.6 -14.2195 -0.00138797
74034.8 -14.3844 -0.00141078
74787.1 -14.5543 -0.0014343
75520.5 -14.7282 -0.00145835
76234.5 -14.9063 -0.00148301
76928.7 -15.0725 -0.00150834
77602.7 -15.2086 -0.00153452
78256.3 -15.3485 -0.00156143
78888.9 -15.4911 -0.00158885
79501.1 -15.6381 -0.00161712
80092.4 -15.7887 -0.00164611
80664.1 -15.9428 -0.00167573
81215.7 -16.0998 -0.00170595
81748.1 -16.2615 -0.00173704
82261.7 -16.4272 -0.00176893
82756.5 -16.5968 -0.00180153
83233.8 -16.771 -0.00183504
83693.8 -16.9489 -0.00186926
84137.1 -17.1308 -0.00190425
84564.3 -17.3164 -0.00193995
84975.2 -17.5064 -0.0019765
85370.9 -17.6831 -0.00201404
85752.5 -17.8311 -0.0020521
86119.7 -17.9812 -0.00209072
86474.2 -18.1317 -0.00212945
86816.4 -18.2839 -0.00216859
87146.4 -18.4388 -0.00220844
87464.6 -18.5951 -0.00224866
87772.2 -18.753 -0.00228929
88069.2 -18.9122 -0.00233024
88356.3 -19.0736 -0.00237175
88634.3 -19.234 -0.00241301
88903.3 -19.3934 -0.00245402
89163.4 -19.5541 -0.00249537
89415 -19.6936 -0.00253704
89658.3 -19.8322 -0.00257932
89893.8 -19.9741 -0.00262261
90121.5 -20.1174 -0.00266632
90341.5 -20.2629 -0.00271072
90554.4 -20.4108 -0.00275581
90760.5 -20.5596 -0.00280121
90960.7 -20.7086 -0.00284664
91155.6 -20.8563 -0.00289171
91345.4 -21.002 -0.00293615
91530.1 -21.1459 -0.00298002
91710.1 -21.2885 -0.00302333
91885.7 -21.4297 -0.00306603
92057.1 -21.5695 -0.00310827
92224.7 -21.708 -0.00315013
92388.7 -21.8452 -0.00319163
92548.7 -21.9817 -0.00323289
92704.6 -22.1185 -0.00327424
92856.5 -22.2557 -0.00331571
93004.7 -22.3939 -0.0033575
93149.2 -22.5338 -0.00339979
93289.5 -22.6751 -0.00344251
93425.9 -22.8214 -0.00348675
93558.4 -22.8214 -0.00353308
93686.7 -22.8214 -0.003581
93811.3 -22.8214 -0.00363061
93933 -22.8214 -0.0036802
94052 -22.8214 -0.00372965
94055.7 0 -0.0038252
55501.3 0 -0.0117647
55418.4 0 -0.0120908
55577.6 0 -0.012301
55735.5 0 -0.012466
55894 0 -0.0126209
56046.3 0 -0.0127748
56099 0 -0.0130436
56123.6 0 -0.0133247
56133 0 -0.0136092
