3502.03 -2.79294 -0.000123629
7003.94 -3.33089 -0.000147441
10505.9 -3.86884 -0.000171253
14007.8 -4.4067 -0.000195061
17404.5 -4.9758 -0.000220252
20472.7 -5.56762 -0.000246449
23183.9 -6.15683 -0.00027253
25596 -6.73369 -0.000298065
27774.5 -7.28907 -0.000322649
29769.9 -7.82482 -0.000346364
31625.1 -8.33837 -0.000369095
33366.2 -8.83542 -0.000391097
35015.2 -9.31414 -0.000412288
36591.6 -9.77587 -0.000432726
38106.6 -10.226 -0.000452653
39567.1 -10.6641 -0.000472043
40982.7 -11.0898 -0.000490888
42361 -11.4645 -0.000509371
43705.9 -11.7951 -0.000527713
45019.7 -12.1216 -0.000545831
46305 -12.4421 -0.000563617
47564.8 -12.7584 -0.000581167
48802.3 -13.0709 -0.000598507
50019.5 -13.3804 -0.000615683
51218.3 -13.6878 -0.000632739
52400.6 -13.9919 -0.000649615
53568.4 -14.292 -0.000666267
54722.5 -14.589 -0.000682749
55864 -14.8833 -0.000699081
56994.4 -15.1751 -0.000715272
58114.2 -15.4646 -0.000731339
59224.4 -15.7524 -0.000747306
60325.6 -16.0386 -0.000763191
61418.1 -16.3225 -0.000778946
62502.6 -16.6042 -0.000794577
63579.3 -16.8839 -0.000810098
64649 -17.1624 -0.000825548
65711.9 -17.4394 -0.000840923
66768.5 -17.7153 -0.000856231
67818.8 -17.9904 -0.000871496
68863.1 -18.2653 -0.000886752
69900.9 -18.5413 -0.000902067
70931.9 -18.8191 -0.000917481
71955.2 -19.0996 -0.000933046
72970.1 -19.3839 -0.000948826
73974.9 -19.6737 -0.000964904
74968 -19.9705 -0.000981374
75946.9 -20.2761 -0.00099833
76909 -20.5242 -0.00101603
77851.7 -20.7759 -0.00103453
78772.7 -21.0381 -0.0010538
79669.8 -21.3084 -0.00107366
80541.6 -21.5909 -0.00109442
81387.1 -21.8819 -0.00111581
82206 -22.1799 -0.00113772
82998.6 -22.484 -0.00116006
83764.4 -22.7954 -0.00118295
84504.2 -23.113 -0.00120629
85217.9 -23.433 -0.00122982
85905.7 -23.7588 -0.00125376
86567.8 -24.0891 -0.00127803
87205.4 -24.4257 -0.00130277
87819.5 -24.7649 -0.0013277
88410.9 -25.1062 -0.00135279
88981.2 -25.4516 -0.00137818
89530.8 -25.8006 -0.00140383
90061.3 -26.1517 -0.00142963
90573.6 -26.5028 -0.00145544
91068.4 -26.8525 -0.00148114
91546.3 -27.1806 -0.00150705
92007.7 -27.4468 -0.00153329
92452.7 -27.7183 -0.00156006
92882.7 -27.9932 -0.00158717
93297.5 -28.2718 -0.00161464
93698.1 -28.5518 -0.00164224
94085.7 -28.8349 -0.00167016
94460.7 -29.1187 -0.00169814
94824 -29.4027 -0.00172614
95175.7 -29.6878 -0.00175425
95516.4 -29.9758 -0.00178265
95845 -30.2687 -0.00181152
96162.4 -30.57 -0.00184123
96469.2 -30.876 -0.0018714
96766.9 -31.1846 -0.00190183
97055.2 -31.4923 -0.00193217
97334.6 -31.7985 -0.00196236
97605.6 -32.1041 -0.00199249
97867.9 -32.3689 -0.00202318
98123.3 -32.62 -0.00205404
98370.3 -32.8733 -0.00208517
98608.1 -33.132 -0.00211696
98838.2 -33.3977 -0.00214961
99061.1 -33.6655 -0.00218252
99277.7 -33.9351 -0.00221565
99488.4 -34.2084 -0.00224923
99692.3 -34.4832 -0.002283
99890 -34.7553 -0.00231643
100083 -35.0249 -0.00234957
100271 -35.2922 -0.00238241
100455 -35.5561 -0.00241485
100634 -35.8171 -0.00244692
100809 -36.0774 -0.0024789
100978 -36.0774 -0.00251299
101142 -36.0774 -0.00254724
101300 -36.0774 -0.00258278
101453 -36.0774 -0.00262013
101602 -36.0774 -0.00265815
101748 -36.0774 -0.00269646
101891 -36.0774 -0.00273499
102030 -36.0774 -0.0027734
101871 0 -0.00302488
56447.8 0 -0.0109674
56515.7 0 -0.0111879
56692.1 0 -0.0113422
56867.4 0 -0.0114887
