3502.03 -16.0085 -8.00426e-005
7003.94 -11.7534 -5.87669e-005
10505.9 -7.49826 -3.74913e-005
14007.8 -3.24318 -1.62159e-005
17404.5 1.65547 8.27735e-006
20472.7 7.48177 3.74088e-005
23183.9 14.0105 7.00527e-005
25596 21.0881 0.000105441
27774.5 28.4215 0.000142107
29769.9 35.986 0.00017993
31625.1 43.5764 0.000217882
33366.2 51.3215 0.000256608
35015.2 59.0215 0.000295108
36591.6 66.5985 0.000332993
38106.6 74.2991 0.000371495
39567.1 82.0206 0.000410103
40982.7 89.5869 0.000447935
42361 97.0436 0.000485218
43705.9 104.518 0.000522591
45019.7 112.038 0.000560189
46305 119.604 0.000598018
47564.8 127.087 0.000635437
48802.3 134.508 0.000672542
50019.5 141.881 0.000709406
51218.3 149.216 0.000746083
52400.6 156.469 0.000782343
53568.4 163.68 0.000818399
54722.5 170.885 0.000854427
55864 178.034 0.000890178
56994.4 185.151 0.000925772
58114.2 192.244 0.000961249
59224.4 199.282 0.000996464
60325.6 206.294 0.00103157
61418.1 213.327 0.00106682
62502.6 220.335 0.001102
63579.3 227.305 0.00113709
64649 234.231 0.00117213
65711.9 241.076 0.00120702
66768.5 247.829 0.00124187
67818.8 254.461 0.00127674
68863.1 260.917 0.00131168
69900.9 267.147 0.0013469
70931.9 273.08 0.00138265
71955.2 278.586 0.00141904
72970.1 283.549 0.00145636
73974.9 287.86 0.00149497
74968 291.448 0.00153534
75946.9 294.288 0.00157786
76909 296.436 0.00162319
77851.7 297.983 0.00167168
78772.7 299.051 0.0017232
79669.8 299.778 0.00177811
80541.6 300.28 0.00183656
81387.1 300.635 0.00189786
82206 300.905 0.00196173
82998.6 301.127 0.00202818
83764.4 301.326 0.00209744
84504.2 301.512 0.00216909
85217.9 301.696 0.00224359
85905.7 301.882 0.00232176
86567.8 302.073 0.00240308
87205.4 302.269 0.00248747
87819.5 302.468 0.00257339
88410.9 302.67 0.00266132
88981.2 302.877 0.00275115
89530.8 303.088 0.00284256
90061.3 303.301 0.00293532
90573.6 303.516 0.00302886
91068.4 303.735 0.00312372
91546.3 303.958 0.00322098
92007.7 304.187 0.00332064
92452.7 304.424 0.00342364
92882.7 304.666 0.00352878
93297.5 304.915 0.00363714
93698.1 305.167 0.00374651
94085.7 305.422 0.00385759
94460.7 305.68 0.00396936
94824 305.937 0.00408139
95175.7 306.197 0.00419419
95516.4 306.46 0.00430876
95845 306.736 0.00442853
96162.4 307.021 0.00455276
96469.2 307.314 0.00468016
96766.9 307.611 0.00480923
97055.2 307.91 0.00493912
97334.6 308.208 0.00506868
97605.6 308.508 0.00519928
97867.9 308.812 0.00533127
98123.3 309.117 0.00546396
98370.3 309.429 0.00559941
98608.1 309.756 0.00574176
98838.2 310.096 0.00588949
99061.1 310.44 0.00603911
99277.7 310.788 0.00619036
99488.4 311.141 0.00634402
99692.3 311.499 0.00649954
99890 311.853 0.00665359
100083 312.204 0.0068059
100271 312.55 0.00695647
100455 312.892 0.00710513
100634 313.23 0.00725219
100809 313.57 0.00740006
100978 313.923 0.00755342
101142 314.277 0.00770738
101300 314.644 0.00786715
101453 315.025 0.00803273
101602 315.413 0.0082014
101748 315.806 0.00837227
101891 316.203 0.00854472
102030 316.602 0.00871831
101871 319.314 0.00989726
56447.8 322.416 0.0112462
56515.7 322.733 0.0113838
56692.1 323.068 0.0115298
56867.4 323.401 0.0116744
