3502.03 -35020.2 5.28793e-007 4.533e+006 -2.39396e-005 -2.35176e+008 0
7003.94 -70039.4 -1.65715e-009 4.533e+006 1.0464e-007 -4.70464e+008 0
10505.9 -105059 -9.57033e-010 4.533e+006 1.27243e-008 -7.05752e+008 0
14007.8 -140078 1.19917e-009 4.533e+006 -1.3428e-007 -9.41037e+008 0
17404.5 -171286 -4.17357e-007 4.53316e+006 1.88781e-005 -1.16909e+009 0
20472.7 -202364 -7.41943e-007 4.53315e+006 3.35286e-005 -1.37553e+009 0
23183.9 -231128 -6.91146e-007 4.53345e+006 3.13765e-005 -1.55822e+009 0
25596 -256147 -5.6965e-007 4.533e+006 2.57687e-005 -1.72119e+009 0
27774.5 -277748 -4.27556e-007 4.533e+006 1.9327e-005 -1.86842e+009 0
29769.9 -297701 -3.46309e-007 4.533e+006 1.56602e-005 -2.00346e+009 0
31625.1 -316252 -2.53292e-007 4.533e+006 1.14905e-005 -2.12916e+009 0
33366.2 -333663 -2.1089e-007 4.533e+006 9.62231e-006 -2.24729e+009 0
35015.2 -350152 -1.7277e-007 4.533e+006 7.7597e-006 -2.35928e+009 0
36591.6 -365921 -1.40156e-007 4.533e+006 6.32523e-006 -2.46644e+009 0
38106.6 -381064 -1.15534e-007 4.533e+006 5.16941e-006 -2.56951e+009 0
39567.1 -395674 -1.05631e-007 4.533e+006 4.7933e-006 -2.66896e+009 0
40982.7 -409827 -8.04457e-008 4.533e+006 3.59587e-006 -2.76542e+009 0
42361 -423610 -7.05209e-008 4.533e+006 3.17758e-006 -2.8594e+009 0
43705.9 -437059 -6.01061e-008 4.533e+006 2.74034e-006 -2.95115e+009 0
45019.7 -450197 -5.99887e-008 4.533e+006 2.66202e-006 -3.04084e+009 0
46305 -463050 -5.48019e-008 4.533e+006 2.47265e-006 -3.12863e+009 0
47564.8 -475649 -4.65274e-008 4.533e+006 2.12417e-006 -3.21473e+009 0
48802.3 -488023 -4.69407e-008 4.533e+006 2.12996e-006 -3.29933e+009 0
50019.5 -500195 -3.78504e-008 4.533e+006 1.70774e-006 -3.38259e+009 0
51218.3 -512183 -3.79413e-008 4.533e+006 1.87158e-006 -3.46463e+009 0
52400.6 -524006 -3.1643e-008 4.533e+006 1.53919e-006 -3.54556e+009 0
53568.4 -535687 -2.73301e-008 4.533e+006 1.24502e-006 -3.62553e+009 0
54722.5 -547224 -2.47942e-008 4.533e+006 1.07528e-006 -3.70459e+009 0
55864 -558640 -2.65013e-008 4.533e+006 1.20022e-006 -3.78282e+009 0
56994.4 -569947 -2.44274e-008 4.533e+006 1.11813e-006 -3.8603e+009 0
58114.2 -581142 -1.89714e-008 4.533e+006 8.17631e-007 -3.93708e+009 0
59224.4 -592244 -1.89044e-008 4.533e+006 8.89512e-007 -4.01322e+009 0
60325.6 -603256 -1.65279e-008 4.533e+006 6.86208e-007 -4.08875e+009 0
61418.1 -614181 -1.88897e-008 4.533e+006 9.39574e-007 -4.16372e+009 0
62502.6 -625026 -2.11759e-008 4.533e+006 9.97014e-007 -4.23815e+009 0
63579.3 -635793 -1.74967e-008 4.533e+006 8.01041e-007 -4.31205e+009 0
64649 -646490 -1.54469e-008 4.533e+006 6.77328e-007 -4.3855e+009 0
65711.9 -657119 -1.63517e-008 4.533e+006 7.93893e-007 -4.45849e+009 0
66768.5 -667685 -1.24507e-008 4.533e+006 5.26911e-007 -4.53106e+009 0
67818.8 -678188 -1.30889e-008 4.533e+006 5.72158e-007 -4.60322e+009 0
68863.1 -688631 -1.06651e-008 4.533e+006 4.11054e-007 -4.67497e+009 0
69900.9 -699009 -1.55306e-008 4.533e+006 7.24555e-007 -4.74629e+009 0
70931.9 -709319 -1.05184e-008 4.533e+006 6.04932e-007 -4.81716e+009 0
71955.2 -719552 -1.79078e-008 4.533e+006 8.8719e-007 -4.88752e+009 0
72970.1 -729701 -1.69377e-008 4.533e+006 7.99263e-007 -4.95732e+009 0
73974.9 -739749 -2.60608e-008 4.533e+006 1.01689e-006 -5.02644e+009 0
74968 -749681 -2.94144e-008 4.533e+006 1.45842e-006 -5.09479e+009 0
75946.9 -759452 -3.26215e-008 4.533e+006 1.45411e-006 -5.16219e+009 0
76909 -769125 -3.10948e-008 4.53301e+006 1.54962e-006 -5.22848e+009 0
77851.7 -778514 -4.1779e-008 4.533e+006 1.86413e-006 -5.29347e+009 0
78772.7 -787717 -4.69254e-008 4.533e+006 2.19406e-006 -5.35702e+009 0
79669.8 -796752 -4.90311e-008 4.533e+006 2.1834e-006 -5.41898e+009 0
80541.6 -805419 -5.01194e-008 4.533e+006 2.36256e-006 -5.47925e+009 0
81387.1 -813878 -5.4855e-008 4.533e+006 2.5068e-006 -5.53778e+009 0
82206 -822061 -5.57029e-008 4.533e+006 2.52149e-006 -5.59454e+009 0
82998.6 -829986 -4.84886e-008 4.533e+006 2.1065e-006 -5.64954e+009 0
83764.4 -837645 -4.87711e-008 4.533e+006 2.10027e-006 -5.70277e+009 0
84504.2 -845042 -5.0521e-008 4.533e+006 2.30072e-006 -5.75426e+009 0
85217.9 -852160 -5.09038e-008 4.53305e+006 2.46086e-006 -5.80402e+009 0
85905.7 -859052 -5.28714e-008 4.533e+006 2.32442e-006 -5.85205e+009 0
86567.8 -865790 -5.2752e-008 4.533e+006 2.21976e-006 -5.89838e+009 0
87205.4 -872054 -5.01526e-008 4.533e+006 2.36484e-006 -5.94306e+009 0
87819.5 -878195 -4.46299e-008 4.533e+006 2.20452e-006 -5.98619e+009 0
88410.9 -884133 -4.41483e-008 4.533e+006 1.84115e-006 -6.02781e+009 0
88981.2 -889811 -4.52946e-008 4.533e+006 1.95939e-006 -6.06802e+009 0
89530.8 -895308 -4.16139e-008 4.533e+006 1.90225e-006 -6.10686e+009 0
90061.3 -900613 -3.61588e-008 4.533e+006 1.64205e-006 -6.14443e+009 0
90573.6 -905736 -3.73401e-008 4.533e+006 1.73886e-006 -6.18078e+009 0
91068.4 -910703 -4.22827e-008 4.533e+006 1.88252e-006 -6.21597e+009 0
91546.3 -915460 -3.06067e-008 4.533e+006 1.26302e-006 -6.25004e+009 0
92007.7 -920078 -2.62935e-008 4.533e+006 1.40783e-006 -6.28301e+009 0
92452.7 -924528 -3.47351e-008 4.533e+006 1.49396e-006 -6.31488e+009 0
92882.7 -928825 -3.13919e-008 4.533e+006 1.45936e-006 -6.34576e+009 0
93297.5 -932975 -2.91088e-008 4.533e+006 1.36537e-006 -6.37563e+009 0
93698.1 -936981 -3.88533e-008 4.533e+006 1.63345e-006 -6.40455e+009 0
94085.7 -940857 -2.86517e-008 4.533e+006 1.05026e-006 -6.43261e+009 0
94460.7 -944607 -2.80719e-008 4.533e+006 1.53303e-006 -6.45983e+009 0
94824 -948240 -2.78614e-008 4.533e+006 1.2851e-006 -6.48627e+009 0
95175.7 -951757 -2.7622e-008 4.533e+006 1.3541e-006 -6.51194e+009 0
95516.4 -955164 -2.82854e-008 4.533e+006 1.35831e-006 -6.53687e+009 0
95845 -958451 -2.43167e-008 4.533e+006 1.15341e-006 -6.561e+009 0
96162.4 -961624 -2.43436e-008 4.533e+006 1.13594e-006 -6.58439e+009 0
96469.2 -964693 -1.48107e-008 4.533e+006 6.3537e-007 -6.60707e+009 0
96766.9 -967669 -1.31458e-008 4.533e+006 5.5703e-007 -6.62915e+009 0
97055.2 -970552 -2.37194e-008 4.533e+006 1.30147e-006 -6.65059e+009 0
97334.6 -973346 -1.38321e-008 4.533e+006 5.41878e-007 -6.67146e+009 0
97605.6 -976056 -1.56838e-008 4.533e+006 4.87192e-007 -6.69175e+009 0
97867.9 -978680 -1.25102e-008 4.533e+006 7.56213e-007 -6.71148e+009 0
98123.3 -981233 -1.93282e-008 4.533e+006 9.43408e-007 -6.73073e+009 0
98370.3 -983702 -1.79474e-008 4.533e+006 8.01876e-007 -6.74943e+009 0
98608.1 -986082 -1.00195e-008 4.533e+006 4.17068e-007 -6.76753e+009 0
98838.2 -988382 -1.43515e-008 4.533e+006 6.52746e-007 -6.7851e+009 0
99061.1 -990613 -2.24425e-008 4.533e+006 7.23067e-007 -6.8022e+009 0
99277.7 -992777 -1.05789e-008 4.533e+006 5.27157e-007 -6.81888e+009 0
99488.4 -994884 -1.16191e-008 4.533e+006 2.50694e-007 -6.83516e+009 0
99692.3 -996862 -1.31932e-008 4.533e+006 7.23196e-007 -6.851e+009 0
99890 -998900 -1.16257e-008 4.533e+006 5.09348e-007 -6.86642e+009 0
100083 -1.00083e+006 -1.46185e-008 4.533e+006 6.48449e-007 -6.8815e+009 0
100271 -1.00271e+006 -9.85043e-009 4.533e+006 2.40734e-007 -6.89629e+009 0
100455 -1.00455e+006 -8.67597e-009 4.533e+006 3.56076e-007 -6.91078e+009 0
100634 -1.00634e+006 -4.76634e-009 4.533e+006 2.69151e-007 -6.92502e+009 0
100809 -1.00622e+006 -1.16516e-008 4.53294e+006 6.02766e-007 -6.93878e+009 0
100978 -1.00939e+006 -1.59201e-008 4.53263e+006 5.45886e-007 -6.95212e+009 0
101142 -1.01108e+006 -1.59209e-008 4.53256e+006 6.6802e-007 -6.96525e+009 0
101300 -1.0036e+006 -2.42538e-008 4.53183e+006 1.22901e-006 -6.97707e+009 0
101453 -1.013e+006 -2.38674e-008 4.53126e+006 9.83571e-007 -6.98953e+009 0
101602 -1.01527e+006 -3.18258e-008 4.53114e+006 1.25904e-006 -7.0017e+009 0
101748 -1.01806e+006 -2.4746e-008 4.53093e+006 1.23291e-006 -7.01364e+009 0
101891 -1.01874e+006 -2.25189e-008 4.53082e+006 1.03078e-006 -7.02533e+009 0
102030 -982536 -3.75648e-008 4.52951e+006 1.63263e-006 -7.03409e+009 0
101871 -92418 -1.07532e-006 3.36468e+006 4.78224e-005 -6.18679e+009 0
56447.8 -1.73221e+006 -1.71969e-006 4.37939e+006 7.54461e-005 -4.03803e+009 0
56515.7 -760557 -6.66968e-007 4.5162e+006 2.80229e-005 -4.02277e+009 0
56692.1 -580512 -5.63393e-008 4.53199e+006 2.10663e-006 -4.03097e+009 0
56867.4 -569250 2.42458e-008 4.53271e+006 -2.14621e-006 -4.04449e+009 0
