3502.03 5.53107e-005
7003.94 0.000112845
10505.9 0.000170379
14007.8 0.000227914
17404.5 0.000286102
20472.7 0.000346684
23183.9 0.000409688
25596 0.000474235
27774.5 0.000539734
29769.9 0.000605787
31625.1 0.000672146
33366.2 0.000738642
35015.2 0.000805174
36591.6 0.000871605
38106.6 0.00093792
39567.1 0.00100409
40982.7 0.00107004
42361 0.00113576
43705.9 0.00120127
45019.7 0.00126658
46305 0.00133166
47564.8 0.00139651
48802.3 0.00146115
50019.5 0.00152559
51218.3 0.00158987
52400.6 0.001654
53568.4 0.00171793
54722.5 0.00178168
55864 0.00184523
56994.4 0.00190861
58114.2 0.00197186
59224.4 0.00203497
60325.6 0.00209795
61418.1 0.00216079
62502.6 0.0022235
63579.3 0.00228606
64649 0.00234847
65711.9 0.00241073
66768.5 0.00247286
67818.8 0.00253485
68863.1 0.00259673
69900.9 0.0026585
70931.9 0.00272019
71955.2 0.00278179
72970.1 0.00284336
73974.9 0.00290492
74968 0.00296651
75946.9 0.00302819
76909 0.00308999
77851.7 0.00315198
78772.7 0.00321423
79669.8 0.00327676
80541.6 0.00333964
81387.1 0.00340288
82206 0.00346652
82998.6 0.00353057
83764.4 0.00359506
84504.2 0.00365996
85217.9 0.00372532
85905.7 0.00379112
86567.8 0.00385737
87205.4 0.00392405
87819.5 0.00399117
88410.9 0.0040587
88981.2 0.00412664
89530.8 0.00419497
90061.3 0.00426367
90573.6 0.00433273
91068.4 0.00440213
91546.3 0.00447188
92007.7 0.00454196
92452.7 0.00461236
92882.7 0.00468306
93297.5 0.00475407
93698.1 0.00482536
94085.7 0.00489691
94460.7 0.00496872
94824 0.00504077
95175.7 0.00511307
95516.4 0.00518559
95845 0.00525834
96162.4 0.00533131
96469.2 0.00540448
96766.9 0.00547784
97055.2 0.00555139
97334.6 0.00562511
97605.6 0.005699
97867.9 0.00577306
98123.3 0.00584727
98370.3 0.00592163
98608.1 0.00599613
98838.2 0.00607077
99061.1 0.00614555
99277.7 0.00622044
99488.4 0.00629546
99692.3 0.00637058
99890 0.00644583
100083 0.00652117
100271 0.00659661
100455 0.00667214
100634 0.00674777
100809 0.00682349
100978 0.00689929
101142 0.00697518
101300 0.00705115
101453 0.00712719
101602 0.00720329
101748 0.00727946
101891 0.00735568
102030 0.00743197
101871 0.0075071
56447.8 0.00819862
56515.7 0.00827306
56692.1 0.00834633
56867.4 0.0084196
