2247.45 5.15941e-005
4494.83 0.000109106
6742.24 0.000166619
8989.66 0.000224131
11237.1 0.000281643
13484.5 0.000339155
15719 0.00039678
17873.5 0.000455207
19905 0.000515049
21805.4 0.000576413
23584.3 0.000638905
25258.7 0.00070217
26841.6 0.000765995
28347.8 0.000830163
29786.7 0.000894549
31164.9 0.000959129
32490.5 0.00102379
33771.4 0.00108848
35012 0.00115321
36217.1 0.00121793
37390.7 0.00128261
38536.8 0.00134723
39658.9 0.00141179
40759.9 0.0014763
41842.4 0.00154065
42907.5 0.00160486
43956.6 0.00166893
44991.2 0.00173283
46012.5 0.00179659
47022 0.00186019
48020.8 0.00192365
49010 0.00198692
49990.5 0.00205002
50962.9 0.00211294
51928 0.00217569
52886.1 0.00223826
53837.7 0.00230067
54783.2 0.00236293
55722.8 0.00242504
56656.2 0.00248702
57583.9 0.00254889
58505.8 0.00261065
59422.4 0.00267231
60334 0.00273385
61240.7 0.0027953
62142.5 0.00285664
63039.5 0.00291789
63931.6 0.00297906
64818.6 0.00304016
65700.1 0.00310121
66575.4 0.00316223
67443.9 0.00322325
68304.7 0.00328429
69156.4 0.00334539
69998 0.00340658
70828.1 0.0034679
71645 0.00352938
72447.5 0.00359107
73233.7 0.003653
74002.8 0.00371521
74753.9 0.00377773
75486.2 0.00384058
76199 0.00390379
76891.9 0.00396738
77564.5 0.00403136
78216.8 0.00409573
78848 0.00416053
79458.6 0.00422574
80048.3 0.00429137
80618.2 0.00435742
81168.1 0.00442389
81698.5 0.00449077
82210.1 0.00455806
82702.6 0.00462576
83177.7 0.00469384
83635.2 0.0047623
84075.9 0.00483113
84500.5 0.00490033
84908.5 0.00496989
85301.1 0.00503978
85679.6 0.00511
86043.7 0.00518054
86394.5 0.00525138
86732.9 0.00532249
87059.2 0.00539387
87373.8 0.00546553
87677 0.00553744
87969.7 0.00560959
88252.5 0.00568197
88526.5 0.00575455
88791 0.00582735
89046 0.00590036
89292.3 0.00597356
89530.5 0.00604693
89760.8 0.00612049
89982.7 0.00619422
90196.3 0.00626812
90402.7 0.00634218
90602.7 0.00641637
90797 0.00649069
90986 0.00656515
91169.3 0.00663973
91347.1 0.00671444
91520 0.00678927
91688.5 0.00686421
91853 0.00693926
92013.7 0.0070144
92170.5 0.00708963
92322.9 0.00716496
92470.7 0.00724039
92614.3 0.00731592
92753.4 0.00739153
92888.1 0.00746721
93018.2 0.00754297
93144.2 0.0076188
93266.6 0.00769469
93385.9 0.00777065
93381.1 0.00784632
55301.3 0.00852075
55318.3 0.00859559
55475 0.00866854
55631.7 0.00874148
55788.7 0.0088144
55940.8 0.00888738
55975.7 0.00896199
55885.4 0.00903832
55951.9 0.00911259
56032.8 0.00918685
46158.6 0.00939187
46404.9 0.0094643
